[ +272 ms] Artifact Instance of 'MaterialFonts' is not required, skipping update.
[   +1 ms] Artifact Instance of 'GradleWrapper' is not required, skipping update.
[        ] Artifact Instance of 'AndroidGenSnapshotArtifacts' is not required, skipping update.
[        ] Artifact Instance of 'AndroidInternalBuildArtifacts' is not required, skipping update.
[        ] Artifact Instance of 'IOSEngineArtifacts' is not required, skipping update.
[        ] Artifact Instance of 'FlutterWebSdk' is not required, skipping update.
[   +1 ms] Artifact Instance of 'LegacyCanvasKitRemover' is not required, skipping update.
[        ] Artifact Instance of 'FlutterSdk' is not required, skipping update.
[        ] Artifact Instance of 'WindowsEngineArtifacts' is not required, skipping update.
[        ] Artifact Instance of 'MacOSEngineArtifacts' is not required, skipping update.
[        ] Artifact Instance of 'LinuxEngineArtifacts' is not required, skipping update.
[        ] Artifact Instance of 'LinuxFuchsiaSDKArtifacts' is not required, skipping update.
[        ] Artifact Instance of 'MacOSFuchsiaSDKArtifacts' is not required, skipping update.
[        ] Artifact Instance of 'FlutterRunnerSDKArtifacts' is not required, skipping update.
[        ] Artifact Instance of 'FlutterRunnerDebugSymbols' is not required, skipping update.
[        ] Artifact Instance of 'IosUsbArtifacts' is not required, skipping update.
[        ] Artifact Instance of 'IosUsbArtifacts' is not required, skipping update.
[        ] Artifact Instance of 'IosUsbArtifacts' is not required, skipping update.
[        ] Artifact Instance of 'IosUsbArtifacts' is not required, skipping update.
[        ] Artifact Instance of 'IosUsbArtifacts' is not required, skipping update.
[        ] Artifact Instance of 'IosUsbArtifacts' is not required, skipping update.
[        ] Artifact Instance of 'FontSubsetArtifacts' is not required, skipping update.
[        ] Artifact Instance of 'PubDependencies' is not required, skipping update.
[   +1 ms] executing: [C:\FlutterVersions\flutter/] git -c log.showSignature=false log HEAD -n 1 --pretty=format:%ad --date=iso
[  +83 ms] Exit code 0 from: git -c log.showSignature=false log HEAD -n 1 --pretty=format:%ad --date=iso
[        ] 2025-12-11 11:50:07 -0500
[  +19 ms] Artifact Instance of 'AndroidGenSnapshotArtifacts' is not required, skipping update.
[        ] Artifact Instance of 'AndroidInternalBuildArtifacts' is not required, skipping update.
[        ] Artifact Instance of 'IOSEngineArtifacts' is not required, skipping update.
[        ] Artifact Instance of 'FlutterWebSdk' is not required, skipping update.
[        ] Artifact Instance of 'FlutterEngineStamp' is not required, skipping update.
[        ] Artifact Instance of 'LegacyCanvasKitRemover' is not required, skipping update.
[   +3 ms] Artifact Instance of 'WindowsEngineArtifacts' is not required, skipping update.
[        ] Artifact Instance of 'MacOSEngineArtifacts' is not required, skipping update.
[        ] Artifact Instance of 'LinuxEngineArtifacts' is not required, skipping update.
[        ] Artifact Instance of 'LinuxFuchsiaSDKArtifacts' is not required, skipping update.
[        ] Artifact Instance of 'MacOSFuchsiaSDKArtifacts' is not required, skipping update.
[        ] Artifact Instance of 'FlutterRunnerSDKArtifacts' is not required, skipping update.
[        ] Artifact Instance of 'FlutterRunnerDebugSymbols' is not required, skipping update.
[  +66 ms] Artifact Instance of 'MaterialFonts' is not required, skipping update.
[        ] Artifact Instance of 'GradleWrapper' is not required, skipping update.
[   +3 ms] Artifact Instance of 'AndroidInternalBuildArtifacts' is not required, skipping update.
[        ] Artifact Instance of 'IOSEngineArtifacts' is not required, skipping update.
[        ] Artifact Instance of 'FlutterWebSdk' is not required, skipping update.
[        ] Artifact Instance of 'FlutterEngineStamp' is not required, skipping update.
[        ] Artifact Instance of 'LegacyCanvasKitRemover' is not required, skipping update.
[        ] Artifact Instance of 'FlutterSdk' is not required, skipping update.
[        ] Artifact Instance of 'WindowsEngineArtifacts' is not required, skipping update.
[        ] Artifact Instance of 'MacOSEngineArtifacts' is not required, skipping update.
[        ] Artifact Instance of 'LinuxEngineArtifacts' is not required, skipping update.
[        ] Artifact Instance of 'LinuxFuchsiaSDKArtifacts' is not required, skipping update.
[        ] Artifact Instance of 'MacOSFuchsiaSDKArtifacts' is not required, skipping update.
[        ] Artifact Instance of 'FlutterRunnerSDKArtifacts' is not required, skipping update.
[        ] Artifact Instance of 'FlutterRunnerDebugSymbols' is not required, skipping update.
[        ] Artifact Instance of 'IosUsbArtifacts' is not required, skipping update.
[        ] Artifact Instance of 'IosUsbArtifacts' is not required, skipping update.
[        ] Artifact Instance of 'IosUsbArtifacts' is not required, skipping update.
[        ] Artifact Instance of 'IosUsbArtifacts' is not required, skipping update.
[        ] Artifact Instance of 'IosUsbArtifacts' is not required, skipping update.
[        ] Artifact Instance of 'IosUsbArtifacts' is not required, skipping update.
[        ] Artifact Instance of 'FontSubsetArtifacts' is not required, skipping update.
[        ] Artifact Instance of 'PubDependencies' is not required, skipping update.
[ +110 ms] executing: [C:\Users\USER\Desktop\giga\flota_mobile/] C:\FlutterVersions\flutter\bin\cache\dart-sdk\bin\dart pub --suppress-analytics --directory . get --example
Resolving dependencies...
Downloading packages...
  _flutterfire_internals 1.3.35 (1.3.66 available)
  characters 1.4.0 (1.4.1 available)
  cloud_firestore 4.17.5 (6.1.2 available)
  cloud_firestore_platform_interface 6.2.5 (7.0.6 available)
  cloud_firestore_web 3.12.5 (5.1.2 available)
  code_assets 0.19.10 (1.0.0 available)
  firebase_auth 4.16.0 (6.1.4 available)
  firebase_auth_platform_interface 7.3.0 (8.1.6 available)
  firebase_auth_web 5.8.13 (6.1.2 available)
  firebase_core 2.32.0 (4.4.0 available)
  firebase_core_platform_interface 5.4.2 (6.0.2 available)
  firebase_core_web 2.24.0 (3.4.0 available)
  firebase_messaging 14.7.10 (16.1.1 available)
  firebase_messaging_platform_interface 4.5.37 (4.7.6 available)
  firebase_messaging_web 3.5.18 (4.1.2 available)
  flutter_local_notifications 17.2.4 (19.5.0 available)
  flutter_local_notifications_linux 4.0.1 (6.0.0 available)
  flutter_local_notifications_platform_interface 7.2.0 (9.1.0 available)
  flutter_riverpod 2.6.1 (3.2.0 available)
  geocoding_platform_interface 3.2.0 (5.0.0 available)
  go_router 7.1.1 (17.0.1 available)
  google_fonts 4.0.4 (7.1.0 available)
  hooks 0.20.5 (1.0.0 available)
  http 0.13.6 (1.6.0 available)
  http_interceptor 1.0.2 (2.0.0 available)
  js 0.6.7 (0.7.2 available)
  matcher 0.12.17 (0.12.18 available)
  material_color_utilities 0.11.1 (0.13.0 available)
  meta 1.17.0 (1.18.0 available)
  native_toolchain_c 0.17.2 (0.17.4 available)
  objective_c 9.2.2 (9.2.3 available)
  riverpod 2.6.1 (3.2.0 available)
  test_api 0.7.7 (0.7.9 available)
  timezone 0.9.4 (0.11.0 available)
Got dependencies!
34 packages have newer versions incompatible with dependency constraints.
Try `flutter pub outdated` for more information.
[+2532 ms] Found plugin google_maps_flutter at C:\Users\USER\AppData\Local\Pub\Cache\hosted\pub.dev\google_maps_flutter-2.14.0\
[   +6 ms] Found plugin google_maps_flutter_web at C:\Users\USER\AppData\Local\Pub\Cache\hosted\pub.dev\google_maps_flutter_web-0.5.14+3\
[  +19 ms] Found plugin google_maps_flutter_ios at C:\Users\USER\AppData\Local\Pub\Cache\hosted\pub.dev\google_maps_flutter_ios-2.16.1\
[   +4 ms] Found plugin google_maps_flutter_android at C:\Users\USER\AppData\Local\Pub\Cache\hosted\pub.dev\google_maps_flutter_android-2.18.9\
[   +3 ms] Found plugin flutter_plugin_android_lifecycle at C:\Users\USER\AppData\Local\Pub\Cache\hosted\pub.dev\flutter_plugin_android_lifecycle-2.0.33\
[   +6 ms] Found plugin path_provider at C:\Users\USER\AppData\Local\Pub\Cache\hosted\pub.dev\path_provider-2.1.5\
[   +3 ms] Found plugin path_provider_windows at C:\Users\USER\AppData\Local\Pub\Cache\hosted\pub.dev\path_provider_windows-2.3.0\
[   +9 ms] Found plugin path_provider_linux at C:\Users\USER\AppData\Local\Pub\Cache\hosted\pub.dev\path_provider_linux-2.2.1\
[   +5 ms] Found plugin path_provider_foundation at C:\Users\USER\AppData\Local\Pub\Cache\hosted\pub.dev\path_provider_foundation-2.6.0\
[  +26 ms] Found plugin path_provider_android at C:\Users\USER\AppData\Local\Pub\Cache\hosted\pub.dev\path_provider_android-2.2.22\
[   +4 ms] Found plugin geolocator at C:\Users\USER\AppData\Local\Pub\Cache\hosted\pub.dev\geolocator-14.0.2\
[   +2 ms] Found plugin geolocator_windows at C:\Users\USER\AppData\Local\Pub\Cache\hosted\pub.dev\geolocator_windows-0.2.5\
[   +3 ms] Found plugin geolocator_web at C:\Users\USER\AppData\Local\Pub\Cache\hosted\pub.dev\geolocator_web-4.1.3\
[   +4 ms] Found plugin geolocator_linux at C:\Users\USER\AppData\Local\Pub\Cache\hosted\pub.dev\geolocator_linux-0.2.4\
[   +4 ms] Found plugin package_info_plus at C:\Users\USER\AppData\Local\Pub\Cache\hosted\pub.dev\package_info_plus-9.0.0\
[  +27 ms] Found plugin geolocator_apple at C:\Users\USER\AppData\Local\Pub\Cache\hosted\pub.dev\geolocator_apple-2.3.13\
[   +6 ms] Found plugin geolocator_android at C:\Users\USER\AppData\Local\Pub\Cache\hosted\pub.dev\geolocator_android-5.0.2\
[   +7 ms] Found plugin geocoding at C:\Users\USER\AppData\Local\Pub\Cache\hosted\pub.dev\geocoding-4.0.0\
[   +4 ms] Found plugin geocoding_ios at C:\Users\USER\AppData\Local\Pub\Cache\hosted\pub.dev\geocoding_ios-3.1.0\
[   +2 ms] Found plugin geocoding_android at C:\Users\USER\AppData\Local\Pub\Cache\hosted\pub.dev\geocoding_android-4.0.1\
[   +2 ms] Found plugin flutter_secure_storage at C:\Users\USER\AppData\Local\Pub\Cache\hosted\pub.dev\flutter_secure_storage-10.0.0\
[   +2 ms] Found plugin flutter_secure_storage_windows at C:\Users\USER\AppData\Local\Pub\Cache\hosted\pub.dev\flutter_secure_storage_windows-4.1.0\
[   +3 ms] Found plugin flutter_secure_storage_web at C:\Users\USER\AppData\Local\Pub\Cache\hosted\pub.dev\flutter_secure_storage_web-2.1.0\
[   +2 ms] Found plugin flutter_secure_storage_linux at C:\Users\USER\AppData\Local\Pub\Cache\hosted\pub.dev\flutter_secure_storage_linux-3.0.0\
[   +2 ms] Found plugin flutter_secure_storage_darwin at C:\Users\USER\AppData\Local\Pub\Cache\hosted\pub.dev\flutter_secure_storage_darwin-0.2.0\
[   +7 ms] Found plugin flutter_local_notifications at C:\Users\USER\AppData\Local\Pub\Cache\hosted\pub.dev\flutter_local_notifications-17.2.4\
[   +7 ms] Found plugin flutter_local_notifications_linux at C:\Users\USER\AppData\Local\Pub\Cache\hosted\pub.dev\flutter_local_notifications_linux-4.0.1\
[   +2 ms] Found plugin firebase_messaging at C:\Users\USER\AppData\Local\Pub\Cache\hosted\pub.dev\firebase_messaging-14.7.10\
[   +3 ms] Found plugin firebase_messaging_web at C:\Users\USER\AppData\Local\Pub\Cache\hosted\pub.dev\firebase_messaging_web-3.5.18\
[   +5 ms] Found plugin firebase_core at C:\Users\USER\AppData\Local\Pub\Cache\hosted\pub.dev\firebase_core-2.32.0\
[   +3 ms] Found plugin firebase_core_web at C:\Users\USER\AppData\Local\Pub\Cache\hosted\pub.dev\firebase_core_web-2.24.0\
[   +7 ms] Found plugin firebase_auth at C:\Users\USER\AppData\Local\Pub\Cache\hosted\pub.dev\firebase_auth-4.16.0\
[   +2 ms] Found plugin firebase_auth_web at C:\Users\USER\AppData\Local\Pub\Cache\hosted\pub.dev\firebase_auth_web-5.8.13\
[   +8 ms] Found plugin cloud_firestore at C:\Users\USER\AppData\Local\Pub\Cache\hosted\pub.dev\cloud_firestore-4.17.5\
[   +2 ms] Found plugin cloud_firestore_web at C:\Users\USER\AppData\Local\Pub\Cache\hosted\pub.dev\cloud_firestore_web-3.12.5\
[ +137 ms] Found plugin google_maps_flutter at C:\Users\USER\AppData\Local\Pub\Cache\hosted\pub.dev\google_maps_flutter-2.14.0\
[   +1 ms] Found plugin google_maps_flutter_web at C:\Users\USER\AppData\Local\Pub\Cache\hosted\pub.dev\google_maps_flutter_web-0.5.14+3\
[  +10 ms] Found plugin google_maps_flutter_ios at C:\Users\USER\AppData\Local\Pub\Cache\hosted\pub.dev\google_maps_flutter_ios-2.16.1\
[   +2 ms] Found plugin google_maps_flutter_android at C:\Users\USER\AppData\Local\Pub\Cache\hosted\pub.dev\google_maps_flutter_android-2.18.9\
[   +1 ms] Found plugin flutter_plugin_android_lifecycle at C:\Users\USER\AppData\Local\Pub\Cache\hosted\pub.dev\flutter_plugin_android_lifecycle-2.0.33\
[   +2 ms] Found plugin path_provider at C:\Users\USER\AppData\Local\Pub\Cache\hosted\pub.dev\path_provider-2.1.5\
[   +1 ms] Found plugin path_provider_windows at C:\Users\USER\AppData\Local\Pub\Cache\hosted\pub.dev\path_provider_windows-2.3.0\
[   +5 ms] Found plugin path_provider_linux at C:\Users\USER\AppData\Local\Pub\Cache\hosted\pub.dev\path_provider_linux-2.2.1\
[   +3 ms] Found plugin path_provider_foundation at C:\Users\USER\AppData\Local\Pub\Cache\hosted\pub.dev\path_provider_foundation-2.6.0\
[  +12 ms] Found plugin path_provider_android at C:\Users\USER\AppData\Local\Pub\Cache\hosted\pub.dev\path_provider_android-2.2.22\
[   +3 ms] Found plugin geolocator at C:\Users\USER\AppData\Local\Pub\Cache\hosted\pub.dev\geolocator-14.0.2\
[   +1 ms] Found plugin geolocator_windows at C:\Users\USER\AppData\Local\Pub\Cache\hosted\pub.dev\geolocator_windows-0.2.5\
[   +2 ms] Found plugin geolocator_web at C:\Users\USER\AppData\Local\Pub\Cache\hosted\pub.dev\geolocator_web-4.1.3\
[   +1 ms] Found plugin geolocator_linux at C:\Users\USER\AppData\Local\Pub\Cache\hosted\pub.dev\geolocator_linux-0.2.4\
[   +1 ms] Found plugin package_info_plus at C:\Users\USER\AppData\Local\Pub\Cache\hosted\pub.dev\package_info_plus-9.0.0\
[  +10 ms] Found plugin geolocator_apple at C:\Users\USER\AppData\Local\Pub\Cache\hosted\pub.dev\geolocator_apple-2.3.13\
[   +1 ms] Found plugin geolocator_android at C:\Users\USER\AppData\Local\Pub\Cache\hosted\pub.dev\geolocator_android-5.0.2\
[   +3 ms] Found plugin geocoding at C:\Users\USER\AppData\Local\Pub\Cache\hosted\pub.dev\geocoding-4.0.0\
[   +2 ms] Found plugin geocoding_ios at C:\Users\USER\AppData\Local\Pub\Cache\hosted\pub.dev\geocoding_ios-3.1.0\
[   +1 ms] Found plugin geocoding_android at C:\Users\USER\AppData\Local\Pub\Cache\hosted\pub.dev\geocoding_android-4.0.1\
[   +1 ms] Found plugin flutter_secure_storage at C:\Users\USER\AppData\Local\Pub\Cache\hosted\pub.dev\flutter_secure_storage-10.0.0\
[   +1 ms] Found plugin flutter_secure_storage_windows at C:\Users\USER\AppData\Local\Pub\Cache\hosted\pub.dev\flutter_secure_storage_windows-4.1.0\
[   +3 ms] Found plugin flutter_secure_storage_web at C:\Users\USER\AppData\Local\Pub\Cache\hosted\pub.dev\flutter_secure_storage_web-2.1.0\
[   +1 ms] Found plugin flutter_secure_storage_linux at C:\Users\USER\AppData\Local\Pub\Cache\hosted\pub.dev\flutter_secure_storage_linux-3.0.0\
[   +1 ms] Found plugin flutter_secure_storage_darwin at C:\Users\USER\AppData\Local\Pub\Cache\hosted\pub.dev\flutter_secure_storage_darwin-0.2.0\
[   +4 ms] Found plugin flutter_local_notifications at C:\Users\USER\AppData\Local\Pub\Cache\hosted\pub.dev\flutter_local_notifications-17.2.4\
[   +4 ms] Found plugin flutter_local_notifications_linux at C:\Users\USER\AppData\Local\Pub\Cache\hosted\pub.dev\flutter_local_notifications_linux-4.0.1\
[   +2 ms] Found plugin firebase_messaging at C:\Users\USER\AppData\Local\Pub\Cache\hosted\pub.dev\firebase_messaging-14.7.10\
[   +2 ms] Found plugin firebase_messaging_web at C:\Users\USER\AppData\Local\Pub\Cache\hosted\pub.dev\firebase_messaging_web-3.5.18\
[   +3 ms] Found plugin firebase_core at C:\Users\USER\AppData\Local\Pub\Cache\hosted\pub.dev\firebase_core-2.32.0\
[   +1 ms] Found plugin firebase_core_web at C:\Users\USER\AppData\Local\Pub\Cache\hosted\pub.dev\firebase_core_web-2.24.0\
[   +3 ms] Found plugin firebase_auth at C:\Users\USER\AppData\Local\Pub\Cache\hosted\pub.dev\firebase_auth-4.16.0\
[   +1 ms] Found plugin firebase_auth_web at C:\Users\USER\AppData\Local\Pub\Cache\hosted\pub.dev\firebase_auth_web-5.8.13\
[   +7 ms] Found plugin cloud_firestore at C:\Users\USER\AppData\Local\Pub\Cache\hosted\pub.dev\cloud_firestore-4.17.5\
[   +1 ms] Found plugin cloud_firestore_web at C:\Users\USER\AppData\Local\Pub\Cache\hosted\pub.dev\cloud_firestore_web-3.12.5\
[  +55 ms] Found plugin google_maps_flutter at C:\Users\USER\AppData\Local\Pub\Cache\hosted\pub.dev\google_maps_flutter-2.14.0\
[   +1 ms] Found plugin google_maps_flutter_web at C:\Users\USER\AppData\Local\Pub\Cache\hosted\pub.dev\google_maps_flutter_web-0.5.14+3\
[   +9 ms] Found plugin google_maps_flutter_ios at C:\Users\USER\AppData\Local\Pub\Cache\hosted\pub.dev\google_maps_flutter_ios-2.16.1\
[   +1 ms] Found plugin google_maps_flutter_android at C:\Users\USER\AppData\Local\Pub\Cache\hosted\pub.dev\google_maps_flutter_android-2.18.9\
[   +1 ms] Found plugin flutter_plugin_android_lifecycle at C:\Users\USER\AppData\Local\Pub\Cache\hosted\pub.dev\flutter_plugin_android_lifecycle-2.0.33\
[   +4 ms] Found plugin path_provider at C:\Users\USER\AppData\Local\Pub\Cache\hosted\pub.dev\path_provider-2.1.5\
[   +2 ms] Found plugin path_provider_windows at C:\Users\USER\AppData\Local\Pub\Cache\hosted\pub.dev\path_provider_windows-2.3.0\
[   +4 ms] Found plugin path_provider_linux at C:\Users\USER\AppData\Local\Pub\Cache\hosted\pub.dev\path_provider_linux-2.2.1\
[   +2 ms] Found plugin path_provider_foundation at C:\Users\USER\AppData\Local\Pub\Cache\hosted\pub.dev\path_provider_foundation-2.6.0\
[  +12 ms] Found plugin path_provider_android at C:\Users\USER\AppData\Local\Pub\Cache\hosted\pub.dev\path_provider_android-2.2.22\
[   +2 ms] Found plugin geolocator at C:\Users\USER\AppData\Local\Pub\Cache\hosted\pub.dev\geolocator-14.0.2\
[   +1 ms] Found plugin geolocator_windows at C:\Users\USER\AppData\Local\Pub\Cache\hosted\pub.dev\geolocator_windows-0.2.5\
[   +4 ms] Found plugin geolocator_web at C:\Users\USER\AppData\Local\Pub\Cache\hosted\pub.dev\geolocator_web-4.1.3\
[   +1 ms] Found plugin geolocator_linux at C:\Users\USER\AppData\Local\Pub\Cache\hosted\pub.dev\geolocator_linux-0.2.4\
[   +2 ms] Found plugin package_info_plus at C:\Users\USER\AppData\Local\Pub\Cache\hosted\pub.dev\package_info_plus-9.0.0\
[  +11 ms] Found plugin geolocator_apple at C:\Users\USER\AppData\Local\Pub\Cache\hosted\pub.dev\geolocator_apple-2.3.13\
[   +1 ms] Found plugin geolocator_android at C:\Users\USER\AppData\Local\Pub\Cache\hosted\pub.dev\geolocator_android-5.0.2\
[   +5 ms] Found plugin geocoding at C:\Users\USER\AppData\Local\Pub\Cache\hosted\pub.dev\geocoding-4.0.0\
[   +3 ms] Found plugin geocoding_ios at C:\Users\USER\AppData\Local\Pub\Cache\hosted\pub.dev\geocoding_ios-3.1.0\
[   +1 ms] Found plugin geocoding_android at C:\Users\USER\AppData\Local\Pub\Cache\hosted\pub.dev\geocoding_android-4.0.1\
[   +1 ms] Found plugin flutter_secure_storage at C:\Users\USER\AppData\Local\Pub\Cache\hosted\pub.dev\flutter_secure_storage-10.0.0\
[   +1 ms] Found plugin flutter_secure_storage_windows at C:\Users\USER\AppData\Local\Pub\Cache\hosted\pub.dev\flutter_secure_storage_windows-4.1.0\
[   +2 ms] Found plugin flutter_secure_storage_web at C:\Users\USER\AppData\Local\Pub\Cache\hosted\pub.dev\flutter_secure_storage_web-2.1.0\
[   +1 ms] Found plugin flutter_secure_storage_linux at C:\Users\USER\AppData\Local\Pub\Cache\hosted\pub.dev\flutter_secure_storage_linux-3.0.0\
[   +1 ms] Found plugin flutter_secure_storage_darwin at C:\Users\USER\AppData\Local\Pub\Cache\hosted\pub.dev\flutter_secure_storage_darwin-0.2.0\
[   +5 ms] Found plugin flutter_local_notifications at C:\Users\USER\AppData\Local\Pub\Cache\hosted\pub.dev\flutter_local_notifications-17.2.4\
[   +3 ms] Found plugin flutter_local_notifications_linux at C:\Users\USER\AppData\Local\Pub\Cache\hosted\pub.dev\flutter_local_notifications_linux-4.0.1\
[   +1 ms] Found plugin firebase_messaging at C:\Users\USER\AppData\Local\Pub\Cache\hosted\pub.dev\firebase_messaging-14.7.10\
[   +1 ms] Found plugin firebase_messaging_web at C:\Users\USER\AppData\Local\Pub\Cache\hosted\pub.dev\firebase_messaging_web-3.5.18\
[   +3 ms] Found plugin firebase_core at C:\Users\USER\AppData\Local\Pub\Cache\hosted\pub.dev\firebase_core-2.32.0\
[   +2 ms] Found plugin firebase_core_web at C:\Users\USER\AppData\Local\Pub\Cache\hosted\pub.dev\firebase_core_web-2.24.0\
[   +4 ms] Found plugin firebase_auth at C:\Users\USER\AppData\Local\Pub\Cache\hosted\pub.dev\firebase_auth-4.16.0\
[   +1 ms] Found plugin firebase_auth_web at C:\Users\USER\AppData\Local\Pub\Cache\hosted\pub.dev\firebase_auth_web-5.8.13\
[   +9 ms] Found plugin cloud_firestore at C:\Users\USER\AppData\Local\Pub\Cache\hosted\pub.dev\cloud_firestore-4.17.5\
[   +3 ms] Found plugin cloud_firestore_web at C:\Users\USER\AppData\Local\Pub\Cache\hosted\pub.dev\cloud_firestore_web-3.12.5\
[  +16 ms] Generating C:\Users\USER\Desktop\giga\flota_mobile\android\app\src\main\java\io\flutter\plugins\GeneratedPluginRegistrant.java
[   +3 ms] Skipping generating GeneratedPluginRegistrant.java because it is up-to-date.
[   +5 ms] Skipping generating generated_plugin_registrant.h because it is up-to-date.
[   +1 ms] Skipping generating generated_plugin_registrant.cc because it is up-to-date.
[   +1 ms] Skipping generating generated_plugins.cmake because it is up-to-date.
[   +4 ms] Skipping generating generated_plugin_registrant.h because it is up-to-date.
[   +1 ms] Skipping generating generated_plugin_registrant.cc because it is up-to-date.
[   +2 ms] Skipping generating generated_plugins.cmake because it is up-to-date.
[   +3 ms] Skipping generating GeneratedPluginRegistrant.h because it is up-to-date.
[   +2 ms] Skipping generating GeneratedPluginRegistrant.m because it is up-to-date.
[   +2 ms] Skipping generating GeneratedPluginRegistrant.swift because it is up-to-date.
[  +47 ms] executing: C:\Program Files\Android\Android Studio\jbr\bin\java -version
[ +251 ms] Exit code 0 from: C:\Program Files\Android\Android Studio\jbr\bin\java -version
[        ] openjdk version "21.0.8" 2025-07-15
           OpenJDK Runtime Environment (build 21.0.8+-14196175-b1038.72)
           OpenJDK 64-Bit Server VM (build 21.0.8+-14196175-b1038.72, mixed mode)
[   +3 ms] executing: C:\Program Files\Android\Android Studio\jbr\bin\java -version
[ +382 ms] Exit code 0 from: C:\Program Files\Android\Android Studio\jbr\bin\java -version
[        ] openjdk version "21.0.8" 2025-07-15
           OpenJDK Runtime Environment (build 21.0.8+-14196175-b1038.72)
           OpenJDK 64-Bit Server VM (build 21.0.8+-14196175-b1038.72, mixed mode)
[  +19 ms] Top-level Gradle build file not found, skipping migration of task "clean".
[   +4 ms] executing: C:\Program Files\Android\Android Studio\jbr\bin\java --version
[ +373 ms] Exit code 0 from: C:\Program Files\Android\Android Studio\jbr\bin\java --version
[        ] openjdk 21.0.8 2025-07-15
           OpenJDK Runtime Environment (build 21.0.8+-14196175-b1038.72)
           OpenJDK 64-Bit Server VM (build 21.0.8+-14196175-b1038.72, mixed mode)
[   +4 ms] Version of Java is different than impacted version, no migration attempted.
[  +30 ms] CMake project not found, skipping support Android 15 16k page size migration.
[   +7 ms] Using gradle from C:\Users\USER\Desktop\giga\flota_mobile\android\gradlew.bat.
[  +37 ms] LocalFile: 'C:\Users\USER\Desktop\giga\flota_mobile\android\build.gradle.kts' doesn't provide an AGP version. Checking settings.
[   +2 ms] LocalFile: 'C:\Users\USER\Desktop\giga\flota_mobile\android\settings.gradle.kts' provides AGP version: 8.2.1
[   +2 ms] Running Gradle task 'assembleRelease'...
[   +7 ms] executing: [C:\Users\USER\Desktop\giga\flota_mobile\android/] C:\Users\USER\Desktop\giga\flota_mobile\android\gradlew.bat --full-stacktrace --info -Pverbose=true -Ptarget-platform=android-arm,android-arm64,android-x64 -Ptarget=lib\main.dart -Pbase-application-name=android.app.Application -Pdart-defines=RkxVVFRFUl9WRVJTSU9OPTMuMzguNQ==,RkxVVFRFUl9DSEFOTkVMPXN0YWJsZQ==,RkxVVFRFUl9HSVRfVVJMPWh0dHBzOi8vZ2l0aHViLmNvbS9mbHV0dGVyL2ZsdXR0ZXIuZ2l0,RkxVVFRFUl9GUkFNRVdPUktfUkVWSVNJT049ZjZmZjE1MjlmZA==,RkxVVFRFUl9FTkdJTkVfUkVWSVNJT049MTUyN2FlMGVjNQ==,RkxVVFRFUl9EQVJUX1ZFUlNJT049My4xMC40 -Pdart-obfuscation=false -Ptrack-widget-creation=true -Ptree-shake-icons=true assembleRelease
[+1881 ms] Initialized native services in: C:\Users\USER\.gradle\native
[   +1 ms] Initialized jansi services in: C:\Users\USER\.gradle\native
[ +220 ms] Received JVM installation metadata from 'C:\Program Files\Android\Android Studio\jbr': {JAVA_HOME=C:\Program Files\Android\Android Studio\jbr, JAVA_VERSION=21.0.8, JAVA_VENDOR=JetBrains s.r.o., RUNTIME_NAME=OpenJDK Runtime Environment, RUNTIME_VERSION=21.0.8+-14196175-b1038.72, VM_NAME=OpenJDK 64-Bit Server VM, VM_VERSION=21.0.8+-14196175-b1038.72, VM_VENDOR=JetBrains s.r.o., OS_ARCH=amd64}
[ +408 ms] The client will now receive all logging from the daemon (pid: 40340). The daemon log file: C:\Users\USER\.gradle\daemon\8.5\daemon-40340.out.log
[        ] Starting 11th build in daemon [uptime: 2 hrs 2 mins 34.06 secs, performance: 100%, GC rate: 0.00/s, heap usage: 0% of 8 GiB, non-heap usage: 17% of 4 GiB]
[        ] Using 8 worker leases.
[        ] Now considering [C:\Users\USER\Desktop\giga\flota_mobile\android, C:\FlutterVersions\flutter\packages\flutter_tools\gradle] as hierarchies to watch
[        ] Watching the file system is configured to be enabled if available
[        ] File system watching is active
[        ] Starting Build
[        ] Now considering [C:\FlutterVersions\flutter\packages\flutter_tools\gradle, C:\Users\USER\Desktop\giga\flota_mobile\android] as hierarchies to watch
[ +397 ms] > Configure project :gradle
[   +1 ms] Evaluating project ':gradle' using build file 'C:\FlutterVersions\flutter\packages\flutter_tools\gradle\build.gradle.kts'.
[        ] Using Kotlin Gradle Plugin gradle81 variant
[        ] kotlin scripting plugin: created the scripting discovery configuration: kotlinScriptDef
[        ] kotlin scripting plugin: created the scripting discovery configuration: testKotlinScriptDef
[        ] file or directory 'C:\FlutterVersions\flutter\packages\flutter_tools\gradle\src\main\java', not found
[        ] Caching disabled for Kotlin DSL accessors for project ':gradle' because:
[        ]   Build cache is disabled
[        ] Skipping Kotlin DSL accessors for project ':gradle' as it is up-to-date.
[  +89 ms] Resolve mutations for :gradle:checkKotlinGradlePluginConfigurationErrors (Thread[#1492,Execution worker Thread 2,5,main]) started.
[        ] :gradle:checkKotlinGradlePluginConfigurationErrors (Thread[#1492,Execution worker Thread 2,5,main]) started.
[        ] > Task :gradle:checkKotlinGradlePluginConfigurationErrors
[        ] Caching disabled for task ':gradle:checkKotlinGradlePluginConfigurationErrors' because:
[        ]   Build cache is disabled
[        ] Task ':gradle:checkKotlinGradlePluginConfigurationErrors' is not up-to-date because:
[        ]   Task has not declared any outputs despite executing actions.
[        ] Resolve mutations for :gradle:compileKotlin (Thread[#1492,Execution worker Thread 2,5,main]) started.
[        ] :gradle:compileKotlin (Thread[#1492,Execution worker Thread 2,5,main]) started.
[ +107 ms] > Task :gradle:compileKotlin UP-TO-DATE
[        ] Transforming gradle-api-8.5.jar with ClasspathEntrySnapshotTransform
[        ] Transforming groovy-3.0.17.jar with ClasspathEntrySnapshotTransform
[        ] Transforming groovy-ant-3.0.17.jar with ClasspathEntrySnapshotTransform
[        ] Transforming groovy-astbuilder-3.0.17.jar with ClasspathEntrySnapshotTransform
[        ] Transforming groovy-console-3.0.17.jar with ClasspathEntrySnapshotTransform
[        ] Transforming groovy-datetime-3.0.17.jar with ClasspathEntrySnapshotTransform
[        ] Transforming groovy-dateutil-3.0.17.jar with ClasspathEntrySnapshotTransform
[        ] Transforming groovy-groovydoc-3.0.17.jar with ClasspathEntrySnapshotTransform
[        ] Transforming groovy-json-3.0.17.jar with ClasspathEntrySnapshotTransform
[        ] Transforming groovy-nio-3.0.17.jar with ClasspathEntrySnapshotTransform
[        ] Transforming groovy-sql-3.0.17.jar with ClasspathEntrySnapshotTransform
[        ] Transforming groovy-templates-3.0.17.jar with ClasspathEntrySnapshotTransform
[        ] Transforming groovy-test-3.0.17.jar with ClasspathEntrySnapshotTransform
[        ] Transforming groovy-xml-3.0.17.jar with ClasspathEntrySnapshotTransform
[        ] Transforming javaparser-core-3.17.0.jar with ClasspathEntrySnapshotTransform
[        ] Transforming kotlin-stdlib-1.9.20.jar with ClasspathEntrySnapshotTransform
[        ] Transforming kotlin-reflect-1.9.20.jar with ClasspathEntrySnapshotTransform
[        ] Transforming gradle-installation-beacon-8.5.jar with ClasspathEntrySnapshotTransform
[        ] Transforming gradle-kotlin-dsl-extensions-8.5.jar with ClasspathEntrySnapshotTransform
[        ] Transforming gradle-kotlin-dsl-8.5.jar with ClasspathEntrySnapshotTransform
[        ] Transforming gradle-kotlin-dsl-shared-runtime-8.5.jar with ClasspathEntrySnapshotTransform
[        ] Transforming gradle-kotlin-dsl-tooling-models-8.5.jar with ClasspathEntrySnapshotTransform
[        ] Transforming annotation-jvm-1.9.1.jar with ClasspathEntrySnapshotTransform
[        ] Transforming gradle-8.11.1.jar with ClasspathEntrySnapshotTransform
[   +1 ms] Transforming kotlin-reflect-1.9.20.jar with ClasspathEntrySnapshotTransform
[        ] Transforming kotlinx-serialization-json-jvm-1.4.0.jar with ClasspathEntrySnapshotTransform
[        ] Transforming kotlinx-serialization-core-jvm-1.4.0.jar with ClasspathEntrySnapshotTransform
[        ] Transforming kotlin-stdlib-jdk8-1.8.0.jar with ClasspathEntrySnapshotTransform
[        ] Transforming kotlin-stdlib-jdk7-1.8.0.jar with ClasspathEntrySnapshotTransform
[        ] Transforming kotlin-stdlib-1.9.24.jar with ClasspathEntrySnapshotTransform
[        ] Transforming kotlin-gradle-plugin-1.8.0-gradle76.jar with ClasspathEntrySnapshotTransform
[        ] Transforming builder-8.11.1.jar with ClasspathEntrySnapshotTransform
[        ] Transforming builder-model-8.11.1.jar with ClasspathEntrySnapshotTransform
[        ] Transforming gradle-api-8.11.1.jar with ClasspathEntrySnapshotTransform
[        ] Transforming kotlin-gradle-plugin-model-1.8.0.jar with ClasspathEntrySnapshotTransform
[        ] Transforming kotlin-gradle-plugin-api-1.8.0-gradle76.jar with ClasspathEntrySnapshotTransform
[        ] Transforming kotlin-gradle-plugin-api-1.8.0.jar with ClasspathEntrySnapshotTransform
[        ] Transforming kotlin-tooling-core-1.8.0.jar with ClasspathEntrySnapshotTransform
[        ] Transforming annotations-13.0.jar with ClasspathEntrySnapshotTransform
[        ] Transforming manifest-merger-31.11.1.jar with ClasspathEntrySnapshotTransform
[        ] Transforming zipflinger-8.11.1.jar with ClasspathEntrySnapshotTransform
[        ] Transforming apksig-8.11.1.jar with ClasspathEntrySnapshotTransform
[        ] Transforming apkzlib-8.11.1.jar with ClasspathEntrySnapshotTransform
[        ] Transforming javawriter-2.5.0.jar with ClasspathEntrySnapshotTransform
[        ] Transforming asm-9.7.1.jar with ClasspathEntrySnapshotTransform
[        ] Transforming kotlin-native-utils-1.8.0.jar with ClasspathEntrySnapshotTransform
[        ] Transforming kotlin-project-model-1.8.0.jar with ClasspathEntrySnapshotTransform
[   +4 ms] Transforming kotlin-util-io-1.8.0.jar with ClasspathEntrySnapshotTransform
[        ] Caching disabled for task ':gradle:compileKotlin' because:
[        ]   Build cache is disabled
[        ] Skipping task ':gradle:compileKotlin' as it is up-to-date.
[        ] Resolve mutations for :gradle:compileJava (Thread[#1492,Execution worker Thread 2,5,main]) started.
[        ] :gradle:compileJava (Thread[#1492,Execution worker Thread 2,5,main]) started.
[        ] > Task :gradle:compileJava NO-SOURCE
[        ] Skipping task ':gradle:compileJava' as it has no source files and no previous output files.
[        ] Resolve mutations for :gradle:compileGroovy (Thread[#1492,Execution worker Thread 2,5,main]) started.
[   +2 ms] :gradle:compileGroovy (Thread[#1492,Execution worker Thread 2,5,main]) started.
[        ] > Task :gradle:compileGroovy NO-SOURCE
[        ] Skipping task ':gradle:compileGroovy' as it has no source files and no previous output files.
[        ] Resolve mutations for :gradle:pluginDescriptors (Thread[#1492,Execution worker Thread 2,5,main]) started.
[   +3 ms] :gradle:pluginDescriptors (Thread[#1492,Execution worker Thread 2,5,main]) started.
[        ] > Task :gradle:pluginDescriptors UP-TO-DATE
[        ] Caching disabled for task ':gradle:pluginDescriptors' because:
[        ]   Build cache is disabled
[        ] Skipping task ':gradle:pluginDescriptors' as it is up-to-date.
[        ] Resolve mutations for :gradle:processResources (Thread[#1492,Execution worker Thread 2,5,main]) started.
[        ] :gradle:processResources (Thread[#1492,Execution worker Thread 2,5,main]) started.
[  +57 ms] > Task :gradle:processResources UP-TO-DATE
[        ] Caching disabled for task ':gradle:processResources' because:
[        ]   Build cache is disabled
[        ] Skipping task ':gradle:processResources' as it is up-to-date.
[        ] Resolve mutations for :gradle:classes (Thread[#1492,Execution worker Thread 2,5,main]) started.
[        ] :gradle:classes (Thread[#1492,Execution worker Thread 2,5,main]) started.
[        ] > Task :gradle:classes UP-TO-DATE
[        ] Skipping task ':gradle:classes' as it has no actions.
[        ] Resolve mutations for :gradle:jar (Thread[#1492,Execution worker Thread 2,5,main]) started.
[   +1 ms] :gradle:jar (Thread[#1492,Execution worker Thread 2,5,main]) started.
[        ] > Task :gradle:jar UP-TO-DATE
[        ] Caching disabled for task ':gradle:jar' because:
[        ]   Build cache is disabled
[        ] Skipping task ':gradle:jar' as it is up-to-date.
[ +499 ms] Settings evaluated using settings file 'C:\Users\USER\Desktop\giga\flota_mobile\android\settings.gradle.kts'.
[ +127 ms] Projects loaded. Root project using build file 'C:\Users\USER\Desktop\giga\flota_mobile\android\build.gradle.kts'.
[        ] Included projects: [root project 'android', project ':app', project ':cloud_firestore', project ':firebase_auth', project ':firebase_core', project ':firebase_messaging', project ':flutter_local_notifications', project ':flutter_plugin_android_lifecycle', project ':flutter_secure_storage', project ':geocoding_android', project ':geolocator_android', project ':google_maps_flutter_android', project ':package_info_plus', project ':path_provider_android']
[ +571 ms] > Configure project :app
[        ] Evaluating project ':app' using build file 'C:\Users\USER\Desktop\giga\flota_mobile\android\app\build.gradle.kts'.
[        ] Using default execution profile
[        ] Using Kotlin Gradle Plugin gradle85 variant
flutter : [   +1 ms] 
Warning: Flutter 
support for your 
project's Gradle 
version (8.5.0) will 
soon be dropped. 
Please upgrade your 
Gradle version to a 
version of at least 
8.7.0 soon.
At line:1 char:1
+ flutter build apk 
--release --verbose 
> build_log.txt 2>&1
+ ~~~~~~~~~~~~~~~~~~~
~~~~~~~~~~~~~~~~~~~~~
~~~~~~~~~~~~~~~~~~
    + CategoryInfo   
           : NotSpe  
  cified: ([   +1    
 ms] Warn...ast 8    
.7.0 soon.:Strin    
g) [], RemoteExc    
eption
    + FullyQualified 
   ErrorId : Native  
  CommandError
 
[   +2 ms] 
Alternatively, use 
the flag "--android-s
kip-build-dependency-
validation" to 
bypass this check.
[        ] Potential 
fix: Your project's 
gradle version is 
typically defined in 
the gradle wrapper 
file. By default, 
this can be found at 
C:\Users\USER\Desktop
\giga\flota_mobile\an
droid/gradle/wrapper/
gradle-wrapper.proper
ties. 
[        ] For more 
information, see http
s://docs.gradle.org/c
urrent/userguide/grad
le_wrapper.html.
[        ] Warning: 
Flutter support for 
your project's 
Android Gradle 
Plugin version 
(Android Gradle 
Plugin version 
8.2.1) will soon be 
dropped. Please 
upgrade your Android 
Gradle Plugin 
version to a version 
of at least Android 
Gradle Plugin 
version 8.6.0 soon.
[        ] 
Alternatively, use 
the flag "--android-s
kip-build-dependency-
validation" to 
bypass this check.
[        ] Potential 
fix: Your project's 
AGP version is 
typically defined in 
the plugins block of 
the 
`settings.gradle` 
file (C:\Users\USER\D
esktop\giga\flota_mob
ile\android/settings.
gradle), by a plugin 
with the id of com.an
droid.application. 
[        ] Caching disabled for Kotlin DSL accessors for project ':app' because:
[        ]   Build cache is disabled
[        ] Skipping Kotlin DSL accessors for project ':app' as it is up-to-date.
[        ] C/C++: android.ndkVersion from module build.gradle is [28.2.13676358]
[        ] C/C++: android.ndkPath from module build.gradle is not set
[        ] C/C++: ndk.dir in local.properties is not set
[        ] C/C++: Not considering ANDROID_NDK_HOME because support was removed after deprecation period.
[        ] C/C++: sdkFolder is C:\Users\USER\AppData\Local\Android\sdk
[   +1 ms] C/C++: android.ndkVersion from module build.gradle is [28.2.13676358]
[        ] C/C++: android.ndkPath from module build.gradle is not set
[        ] C/C++: ndk.dir in local.properties is not set
[        ] C/C++: Not considering ANDROID_NDK_HOME because support was removed after deprecation period.
[        ] C/C++: sdkFolder is C:\Users\USER\AppData\Local\Android\sdk
[        ] C/C++: android.ndkVersion from module build.gradle is [28.2.13676358]
[        ] C/C++: android.ndkPath from module build.gradle is not set
[        ] C/C++: ndk.dir in local.properties is not set
[        ] If you 
don't see a plugins 
block, your project 
was likely created 
with an older 
template version. In 
this case it is most 
likely defined in 
the top-level 
build.gradle file (C:
\Users\USER\Desktop\g
iga\flota_mobile\andr
oid/build.gradle) by 
the following line 
in the dependencies 
block of the 
buildscript: 
"classpath 'com.andro
id.tools.build:gradle
:<version>'".
[        ] C/C++: Not considering ANDROID_NDK_HOME because support was removed after deprecation period.
[        ] C/C++: sdkFolder is C:\Users\USER\AppData\Local\Android\sdk
[        ] C/C++: android.ndkVersion from module build.gradle is [28.2.13676358]
[        ] C/C++: android.ndkPath from module build.gradle is not set
[        ] C/C++: ndk.dir in local.properties is not set
[        ] C/C++: Not considering ANDROID_NDK_HOME because support was removed after deprecation period.
[        ] C/C++: sdkFolder is C:\Users\USER\AppData\Local\Android\sdk
[        ] C/C++: android.ndkVersion from module build.gradle is [28.2.13676358]
[        ] C/C++: android.ndkPath from module build.gradle is not set
[        ] C/C++: ndk.dir in local.properties is not set
[        ] C/C++: Not considering ANDROID_NDK_HOME because support was removed after deprecation period.
[        ] C/C++: sdkFolder is C:\Users\USER\AppData\Local\Android\sdk
[        ] C/C++: android.ndkVersion from module build.gradle is [28.2.13676358]
[        ] C/C++: android.ndkPath from module build.gradle is not set
[        ] C/C++: ndk.dir in local.properties is not set
[        ] C/C++: Not considering ANDROID_NDK_HOME because support was removed after deprecation period.
[        ] C/C++: sdkFolder is C:\Users\USER\AppData\Local\Android\sdk
[        ] C/C++: android.ndkVersion from module build.gradle is [28.2.13676358]
[        ] C/C++: android.ndkPath from module build.gradle is not set
[        ] C/C++: ndk.dir in local.properties is not set
[   +1 ms] C/C++: Not considering ANDROID_NDK_HOME because support was removed after deprecation period.
[        ] C/C++: sdkFolder is C:\Users\USER\AppData\Local\Android\sdk
[        ] C/C++: android.ndkVersion from module build.gradle is [28.2.13676358]
[        ] C/C++: android.ndkPath from module build.gradle is not set
[        ] C/C++: ndk.dir in local.properties is not set
[        ] C/C++: Not considering ANDROID_NDK_HOME because support was removed after deprecation period.
[        ] C/C++: sdkFolder is C:\Users\USER\AppData\Local\Android\sdk
[        ] C/C++: android.ndkVersion from module build.gradle is [28.2.13676358]
[        ] C/C++: android.ndkPath from module build.gradle is not set
[        ] C/C++: ndk.dir in local.properties is not set
[        ] C/C++: Not considering ANDROID_NDK_HOME because support was removed after deprecation period.
[        ] C/C++: sdkFolder is C:\Users\USER\AppData\Local\Android\sdk
[        ] C/C++: android.ndkVersion from module build.gradle is [28.2.13676358]
[        ] C/C++: android.ndkPath from module build.gradle is not set
[        ] C/C++: ndk.dir in local.properties is not set
[        ] C/C++: Not considering ANDROID_NDK_HOME because support was removed after deprecation period.
[  +20 ms] C/C++: sdkFolder is C:\Users\USER\AppData\Local\Android\sdk
[        ] C/C++: android.ndkVersion from module build.gradle is [28.2.13676358]
[        ] C/C++: android.ndkPath from module build.gradle is not set
[        ] C/C++: ndk.dir in local.properties is not set
[        ] C/C++: Not considering ANDROID_NDK_HOME because support was removed after deprecation period.
[        ] C/C++: sdkFolder is C:\Users\USER\AppData\Local\Android\sdk
[        ] C/C++: android.ndkVersion from module build.gradle is [28.2.13676358]
[        ] C/C++: android.ndkPath from module build.gradle is not set
[        ] C/C++: ndk.dir in local.properties is not set
[        ] C/C++: Not considering ANDROID_NDK_HOME because support was removed after deprecation period.
[        ] C/C++: sdkFolder is C:\Users\USER\AppData\Local\Android\sdk
[        ] C/C++: android.ndkVersion from module build.gradle is [28.2.13676358]
[        ] C/C++: android.ndkPath from module build.gradle is not set
[        ] C/C++: ndk.dir in local.properties is not set
[        ] C/C++: Not considering ANDROID_NDK_HOME because support was removed after deprecation period.
[        ] C/C++: sdkFolder is C:\Users\USER\AppData\Local\Android\sdk
[        ] C/C++: android.ndkVersion from module build.gradle is [28.2.13676358]
[        ] C/C++: android.ndkPath from module build.gradle is not set
[   +2 ms] C/C++: ndk.dir in local.properties is not set
[        ] C/C++: Not considering ANDROID_NDK_HOME because support was removed after deprecation period.
[        ] C/C++: sdkFolder is C:\Users\USER\AppData\Local\Android\sdk
[        ] C/C++: android.ndkVersion from module build.gradle is [28.2.13676358]
[        ] C/C++: android.ndkPath from module build.gradle is not set
[        ] C/C++: ndk.dir in local.properties is not set
[        ] C/C++: Not considering ANDROID_NDK_HOME because support was removed after deprecation period.
[        ] C/C++: sdkFolder is C:\Users\USER\AppData\Local\Android\sdk
[        ] C/C++: android.ndkVersion from module build.gradle is [28.2.13676358]
[        ] C/C++: android.ndkPath from module build.gradle is not set
[        ] C/C++: ndk.dir in local.properties is not set
[        ] C/C++: Not considering ANDROID_NDK_HOME because support was removed after deprecation period.
[        ] C/C++: sdkFolder is C:\Users\USER\AppData\Local\Android\sdk
[        ] C/C++: android.ndkVersion from module build.gradle is [28.2.13676358]
[        ] C/C++: android.ndkPath from module build.gradle is not set
[  +21 ms] C/C++: ndk.dir in local.properties is not set
[        ] C/C++: Not considering ANDROID_NDK_HOME because support was removed after deprecation period.
[        ] C/C++: sdkFolder is C:\Users\USER\AppData\Local\Android\sdk
[        ] C/C++: android.ndkVersion from module build.gradle is [28.2.13676358]
[        ] C/C++: android.ndkPath from module build.gradle is not set
[        ] C/C++: ndk.dir in local.properties is not set
[        ] C/C++: Not considering ANDROID_NDK_HOME because support was removed after deprecation period.
[        ] C/C++: sdkFolder is C:\Users\USER\AppData\Local\Android\sdk
[        ] C/C++: android.ndkVersion from module build.gradle is [28.2.13676358]
[        ] C/C++: android.ndkPath from module build.gradle is not set
[   +1 ms] C/C++: ndk.dir in local.properties is not set
[        ] C/C++: Not considering ANDROID_NDK_HOME because support was removed after deprecation period.
[        ] C/C++: sdkFolder is C:\Users\USER\AppData\Local\Android\sdk
[   +2 ms] Parsed shrinker version: 8.2.42
[        ] > Configure project :
[        ] Evaluating root project 'android' using build file 'C:\Users\USER\Desktop\giga\flota_mobile\android\build.gradle.kts'.
[        ] Caching disabled for Kotlin DSL accessors for root project 'android' because:
[        ]   Build cache is disabled
[        ] Skipping Kotlin DSL accessors for root project 'android' as it is up-to-date.
[+1037 ms] > Configure project :cloud_firestore
[        ] Evaluating project ':cloud_firestore' using build file 'C:\Users\USER\AppData\Local\Pub\Cache\hosted\pub.dev\cloud_firestore-4.17.5\android\build.gradle'.
[        ] Using default execution profile
[ +332 ms] > Configure project :firebase_auth
[        ] Evaluating project ':firebase_auth' using build file 'C:\Users\USER\AppData\Local\Pub\Cache\hosted\pub.dev\firebase_auth-4.16.0\android\build.gradle'.
[        ] Using default execution profile
[ +234 ms] > Configure project :firebase_core
[        ] Evaluating project ':firebase_core' using build file 'C:\Users\USER\AppData\Local\Pub\Cache\hosted\pub.dev\firebase_core-2.32.0\android\build.gradle'.
[        ] Using default execution profile
[ +292 ms] > Configure project :firebase_messaging
[        ] Evaluating project ':firebase_messaging' using build file 'C:\Users\USER\AppData\Local\Pub\Cache\hosted\pub.dev\firebase_messaging-14.7.10\android\build.gradle'.
[        ] Using default execution profile
[ +307 ms] > Configure project :flutter_local_notifications
[   +3 ms] Evaluating project ':flutter_local_notifications' using build file 'C:\Users\USER\AppData\Local\Pub\Cache\hosted\pub.dev\flutter_local_notifications-17.2.4\android\build.gradle'.
[        ] Using default execution profile
[ +495 ms] > Configure project :flutter_plugin_android_lifecycle
[        ] Evaluating project ':flutter_plugin_android_lifecycle' using build file 'C:\Users\USER\AppData\Local\Pub\Cache\hosted\pub.dev\flutter_plugin_android_lifecycle-2.0.33\android\build.gradle'.
[        ] Using default execution profile
[ +197 ms] > Configure project :flutter_secure_storage
[        ] Evaluating project ':flutter_secure_storage' using build file 'C:\Users\USER\AppData\Local\Pub\Cache\hosted\pub.dev\flutter_secure_storage-10.0.0\android\build.gradle'.
[        ] Using default execution profile
[  +96 ms] > Configure project :geocoding_android
[        ] Evaluating project ':geocoding_android' using build file 'C:\Users\USER\AppData\Local\Pub\Cache\hosted\pub.dev\geocoding_android-4.0.1\android\build.gradle'.
[        ] Using default execution profile
[ +315 ms] > Configure project :geolocator_android
[        ] Evaluating project ':geolocator_android' using build file 'C:\Users\USER\AppData\Local\Pub\Cache\hosted\pub.dev\geolocator_android-5.0.2\android\build.gradle'.
[        ] Using default execution profile
[ +194 ms] > Configure project :google_maps_flutter_android
[        ] Evaluating project ':google_maps_flutter_android' using build file 'C:\Users\USER\AppData\Local\Pub\Cache\hosted\pub.dev\google_maps_flutter_android-2.18.9\android\build.gradle'.
[        ] Using default execution profile
[ +613 ms] > Configure project :package_info_plus
[        ] Evaluating project ':package_info_plus' using build file 'C:\Users\USER\AppData\Local\Pub\Cache\hosted\pub.dev\package_info_plus-9.0.0\android\build.gradle'.
[        ] Using default execution profile
[        ] Using Kotlin Gradle Plugin gradle85 variant
[  +78 ms] > Configure project :path_provider_android
[        ] Evaluating project ':path_provider_android' using build file 'C:\Users\USER\AppData\Local\Pub\Cache\hosted\pub.dev\path_provider_android-2.2.22\android\build.gradle'.
[        ] Using default execution profile
[        ] All projects evaluated.
[ +200 ms] Task name matched 'assembleRelease'
[        ] Selected primary task 'assembleRelease' from project :
[ +101 ms] WARNING: We recommend using a newer Android Gradle plugin to use compileSdk = 36
[        ] This Android Gradle plugin (8.2.1) was tested up to compileSdk = 34.
[        ] You are strongly encouraged to update your project to use a newer
[        ] Android Gradle plugin that has been tested with compileSdk = 36.
[        ] If you are already using the latest version of the Android Gradle plugin,
[        ] you may need to wait until a newer version with support for compileSdk = 36 is available.
[        ] To suppress this warning, add/update
[        ]     android.suppressUnsupportedCompileSdk=36
[        ] to this project's gradle.properties.
[ +616 ms] WARNING: We recommend using a newer Android Gradle plugin to use compileSdk = 35
[        ] This Android Gradle plugin (8.2.1) was tested up to compileSdk = 34.
[        ] You are strongly encouraged to update your project to use a newer
[        ] Android Gradle plugin that has been tested with compileSdk = 35.
[        ] If you are already using the latest version of the Android Gradle plugin,
[        ] you may need to wait until a newer version with support for compileSdk = 35 is available.
[        ] To suppress this warning, add/update
[        ]     android.suppressUnsupportedCompileSdk=35
[        ] to this project's gradle.properties.
[ +810 ms] Tasks to be executed: [task ':app:ReleaseMinSdkCheck', task ':app:buildKotlinToolingMetadata', task ':app:checkKotlinGradlePluginConfigurationErrors', task ':app:compileFlutterBuildRelease', task ':app:packJniLibsflutterBuildRelease', task ':app:preBuild', task ':app:preReleaseBuild', task ':cloud_firestore:preBuild', task ':cloud_firestore:preReleaseBuild', task ':cloud_firestore:writeReleaseAarMetadata', task ':firebase_auth:preBuild', task ':firebase_auth:preReleaseBuild', task ':firebase_auth:writeReleaseAarMetadata', task ':firebase_core:preBuild', task ':firebase_core:preReleaseBuild', task ':firebase_core:writeReleaseAarMetadata', task ':firebase_messaging:preBuild', task ':firebase_messaging:preReleaseBuild', task ':firebase_messaging:writeReleaseAarMetadata', task ':flutter_local_notifications:preBuild', task ':flutter_local_notifications:preReleaseBuild', task ':flutter_local_notifications:writeReleaseAarMetadata', task ':flutter_plugin_android_lifecycle:preBuild', task ':flutter_plugin_android_lifecycle:preReleaseBuild', task ':flutter_plugin_android_lifecycle:writeReleaseAarMetadata', task ':flutter_secure_storage:preBuild', task ':flutter_secure_storage:preReleaseBuild', task ':flutter_secure_storage:writeReleaseAarMetadata', task ':geocoding_android:preBuild', task ':geocoding_android:preReleaseBuild', task ':geocoding_android:writeReleaseAarMetadata', task ':geolocator_android:preBuild', task ':geolocator_android:preReleaseBuild', task ':geolocator_android:writeReleaseAarMetadata', task ':google_maps_flutter_android:preBuild', task ':google_maps_flutter_android:preReleaseBuild', task ':google_maps_flutter_android:writeReleaseAarMetadata', task ':package_info_plus:preBuild', task ':package_info_plus:preReleaseBuild', task ':package_info_plus:writeReleaseAarMetadata', task ':path_provider_android:preBuild', task ':path_provider_android:preReleaseBuild', task ':path_provider_android:writeReleaseAarMetadata', task ':app:checkReleaseAarMetadata', task ':app:cleanMergeReleaseAssets', task ':app:mergeReleaseShaders', task ':app:compileReleaseShaders', task ':app:generateReleaseAssets', task ':cloud_firestore:mergeReleaseShaders', task ':cloud_firestore:compileReleaseShaders', task ':cloud_firestore:generateReleaseAssets', task ':cloud_firestore:packageReleaseAssets', task ':firebase_auth:mergeReleaseShaders', task ':firebase_auth:compileReleaseShaders', task ':firebase_auth:generateReleaseAssets', task ':firebase_auth:packageReleaseAssets', task ':firebase_core:mergeReleaseShaders', task ':firebase_core:compileReleaseShaders', task ':firebase_core:generateReleaseAssets', task ':firebase_core:packageReleaseAssets', task ':firebase_messaging:mergeReleaseShaders', task ':firebase_messaging:compileReleaseShaders', task ':firebase_messaging:generateReleaseAssets', task ':firebase_messaging:packageReleaseAssets', task ':flutter_local_notifications:mergeReleaseShaders', task ':flutter_local_notifications:compileReleaseShaders', task ':flutter_local_notifications:generateReleaseAssets', task ':flutter_local_notifications:packageReleaseAssets', task ':flutter_plugin_android_lifecycle:mergeReleaseShaders', task ':flutter_plugin_android_lifecycle:compileReleaseShaders', task ':flutter_plugin_android_lifecycle:generateReleaseAssets', task ':flutter_plugin_android_lifecycle:packageReleaseAssets', task ':flutter_secure_storage:mergeReleaseShaders', task ':flutter_secure_storage:compileReleaseShaders', task ':flutter_secure_storage:generateReleaseAssets', task ':flutter_secure_storage:packageReleaseAssets', task ':geocoding_android:mergeReleaseShaders', task ':geocoding_android:compileReleaseShaders', task ':geocoding_android:generateReleaseAssets', task ':geocoding_android:packageReleaseAssets', task ':geolocator_android:mergeReleaseShaders', task ':geolocator_android:compileReleaseShaders', task ':geolocator_android:generateReleaseAssets', task ':geolocator_android:packageReleaseAssets', task ':google_maps_flutter_android:mergeReleaseShaders', task ':google_maps_flutter_android:compileReleaseShaders', task ':google_maps_flutter_android:generateReleaseAssets', task ':google_maps_flutter_android:packageReleaseAssets', task ':package_info_plus:mergeReleaseShaders', task ':package_info_plus:compileReleaseShaders', task ':package_info_plus:generateReleaseAssets', task ':package_info_plus:packageReleaseAssets', task ':path_provider_android:mergeReleaseShaders', task ':path_provider_android:compileReleaseShaders', task ':path_provider_android:generateReleaseAssets', task ':path_provider_android:packageReleaseAssets', task ':app:mergeReleaseAssets', task ':app:copyFlutterAssetsRelease', task ':app:generateReleaseResValues', task ':app:processReleaseGoogleServices', task ':cloud_firestore:generateReleaseResValues', task ':cloud_firestore:generateReleaseResources', task ':cloud_firestore:packageReleaseResources', task ':firebase_auth:generateReleaseResValues', task ':firebase_auth:generateReleaseResources', task ':firebase_auth:packageReleaseResources', task ':firebase_core:generateReleaseResValues', task ':firebase_core:generateReleaseResources', task ':firebase_core:packageReleaseResources', task ':firebase_messaging:generateReleaseResValues', task ':firebase_messaging:generateReleaseResources', task ':firebase_messaging:packageReleaseResources', task ':flutter_local_notifications:generateReleaseResValues', task ':flutter_local_notifications:generateReleaseResources', task ':flutter_local_notifications:packageReleaseResources', task ':flutter_plugin_android_lifecycle:generateReleaseResValues', task ':flutter_plugin_android_lifecycle:generateReleaseResources', task ':flutter_plugin_android_lifecycle:packageReleaseResources', task ':flutter_secure_storage:generateReleaseResValues', task ':flutter_secure_storage:generateReleaseResources', task ':flutter_secure_storage:packageReleaseResources', task ':geocoding_android:generateReleaseResValues', task ':geocoding_android:generateReleaseResources', task ':geocoding_android:packageReleaseResources', task ':geolocator_android:generateReleaseResValues', task ':geolocator_android:generateReleaseResources', task ':geolocator_android:packageReleaseResources', task ':google_maps_flutter_android:generateReleaseResValues', task ':google_maps_flutter_android:generateReleaseResources', task ':google_maps_flutter_android:packageReleaseResources', task ':package_info_plus:generateReleaseResValues', task ':package_info_plus:generateReleaseResources', task ':package_info_plus:packageReleaseResources', task ':path_provider_android:generateReleaseResValues', task ':path_provider_android:generateReleaseResources', task ':path_provider_android:packageReleaseResources', task ':app:mapReleaseSourceSetPaths', task ':app:generateReleaseResources', task ':app:mergeReleaseResources', task ':app:packageReleaseResources', task ':app:parseReleaseLocalResources', task ':app:createReleaseCompatibleScreenManifests', task ':app:extractDeepLinksRelease', task ':cloud_firestore:extractDeepLinksRelease', task ':cloud_firestore:processReleaseManifest', task ':firebase_auth:extractDeepLinksRelease', task ':firebase_auth:processReleaseManifest', task ':firebase_core:extractDeepLinksRelease', task ':firebase_core:processReleaseManifest', task ':firebase_messaging:extractDeepLinksRelease', task ':firebase_messaging:processReleaseManifest', task ':flutter_local_notifications:extractDeepLinksRelease', task ':flutter_local_notifications:processReleaseManifest', task ':flutter_plugin_android_lifecycle:extractDeepLinksRelease', task ':flutter_plugin_android_lifecycle:processReleaseManifest', task ':flutter_secure_storage:extractDeepLinksRelease', task ':flutter_secure_storage:processReleaseManifest', task ':geocoding_android:extractDeepLinksRelease', task ':geocoding_android:processReleaseManifest', task ':geolocator_android:extractDeepLinksRelease', task ':geolocator_android:processReleaseManifest', task ':google_maps_flutter_android:extractDeepLinksRelease', task ':google_maps_flutter_android:processReleaseManifest', task ':package_info_plus:extractDeepLinksRelease', task ':package_info_plus:processReleaseManifest', task ':path_provider_android:extractDeepLinksRelease', task ':path_provider_android:processReleaseManifest', task ':app:processReleaseMainManifest', task ':app:outputReleaseAppLinkSettings', task ':app:processReleaseManifest', task ':app:processReleaseManifestForPackage', task ':cloud_firestore:parseReleaseLocalResources', task ':cloud_firestore:generateReleaseRFile', task ':firebase_auth:parseReleaseLocalResources', task ':firebase_auth:generateReleaseRFile', task ':firebase_core:parseReleaseLocalResources', task ':firebase_core:generateReleaseRFile', task ':firebase_messaging:parseReleaseLocalResources', task ':firebase_messaging:generateReleaseRFile', task ':flutter_local_notifications:parseReleaseLocalResources', task ':flutter_local_notifications:generateReleaseRFile', task ':flutter_plugin_android_lifecycle:parseReleaseLocalResources', task ':flutter_plugin_android_lifecycle:generateReleaseRFile', task ':flutter_secure_storage:parseReleaseLocalResources', task ':flutter_secure_storage:generateReleaseRFile', task ':geocoding_android:parseReleaseLocalResources', task ':geocoding_android:generateReleaseRFile', task ':geolocator_android:parseReleaseLocalResources', task ':geolocator_android:generateReleaseRFile', task ':google_maps_flutter_android:parseReleaseLocalResources', task ':google_maps_flutter_android:generateReleaseRFile', task ':package_info_plus:parseReleaseLocalResources', task ':package_info_plus:generateReleaseRFile', task ':path_provider_android:parseReleaseLocalResources', task ':path_provider_android:generateReleaseRFile', task ':app:processReleaseResources', task ':cloud_firestore:generateReleaseBuildConfig', task ':cloud_firestore:javaPreCompileRelease', task ':firebase_core:generateReleaseBuildConfig', task ':firebase_core:javaPreCompileRelease', task ':firebase_core:compileReleaseJavaWithJavac', task ':firebase_core:bundleLibCompileToJarRelease', task ':cloud_firestore:compileReleaseJavaWithJavac', task ':cloud_firestore:bundleLibCompileToJarRelease', task ':firebase_auth:generateReleaseBuildConfig', task ':firebase_auth:javaPreCompileRelease', task ':firebase_auth:compileReleaseJavaWithJavac', task ':firebase_auth:bundleLibCompileToJarRelease', task ':firebase_messaging:generateReleaseBuildConfig', task ':firebase_messaging:javaPreCompileRelease', task ':firebase_messaging:compileReleaseJavaWithJavac', task ':firebase_messaging:bundleLibCompileToJarRelease', task ':flutter_local_notifications:javaPreCompileRelease', task ':flutter_local_notifications:compileReleaseJavaWithJavac', task ':flutter_local_notifications:bundleLibCompileToJarRelease', task ':flutter_plugin_android_lifecycle:javaPreCompileRelease', task ':flutter_plugin_android_lifecycle:compileReleaseJavaWithJavac', task ':flutter_plugin_android_lifecycle:bundleLibCompileToJarRelease', task ':flutter_secure_storage:generateReleaseBuildConfig', task ':flutter_secure_storage:javaPreCompileRelease', task ':flutter_secure_storage:compileReleaseJavaWithJavac', task ':flutter_secure_storage:bundleLibCompileToJarRelease', task ':geocoding_android:javaPreCompileRelease', task ':geocoding_android:compileReleaseJavaWithJavac', task ':geocoding_android:bundleLibCompileToJarRelease', task ':geolocator_android:javaPreCompileRelease', task ':geolocator_android:compileReleaseJavaWithJavac', task ':geolocator_android:bundleLibCompileToJarRelease', task ':google_maps_flutter_android:javaPreCompileRelease', task ':google_maps_flutter_android:compileReleaseJavaWithJavac', task ':google_maps_flutter_android:bundleLibCompileToJarRelease', task ':package_info_plus:checkKotlinGradlePluginConfigurationErrors', task ':package_info_plus:compileReleaseKotlin', task ':package_info_plus:javaPreCompileRelease', task ':package_info_plus:compileReleaseJavaWithJavac', task ':package_info_plus:bundleLibCompileToJarRelease', task ':path_provider_android:javaPreCompileRelease', task ':path_provider_android:compileReleaseJavaWithJavac', task ':path_provider_android:bundleLibCompileToJarRelease', task ':app:compileReleaseKotlin', task ':app:javaPreCompileRelease', task ':app:compileReleaseJavaWithJavac', task ':app:extractProguardFiles', task ':cloud_firestore:bundleLibRuntimeToJarRelease', task ':cloud_firestore:processReleaseJavaRes', task ':cloud_firestore:createFullJarRelease', task ':cloud_firestore:mergeReleaseJniLibFolders', task ':cloud_firestore:mergeReleaseNativeLibs', task ':cloud_firestore:stripReleaseDebugSymbols', task ':cloud_firestore:copyReleaseJniLibsProjectAndLocalJars', task ':cloud_firestore:extractDeepLinksForAarRelease', task ':cloud_firestore:extractReleaseAnnotations', task ':cloud_firestore:mergeReleaseGeneratedProguardFiles', task ':cloud_firestore:mergeReleaseConsumerProguardFiles', task ':cloud_firestore:prepareLintJarForPublish', task ':cloud_firestore:prepareReleaseArtProfile', task ':cloud_firestore:mergeReleaseJavaResource', task ':cloud_firestore:syncReleaseLibJars', task ':cloud_firestore:bundleReleaseLocalLintAar', task ':firebase_core:mergeReleaseJniLibFolders', task ':firebase_core:mergeReleaseNativeLibs', task ':firebase_core:stripReleaseDebugSymbols', task ':firebase_core:copyReleaseJniLibsProjectAndLocalJars', task ':firebase_core:extractDeepLinksForAarRelease', task ':firebase_core:extractReleaseAnnotations', task ':firebase_core:mergeReleaseGeneratedProguardFiles', task ':firebase_core:mergeReleaseConsumerProguardFiles', task ':firebase_core:prepareLintJarForPublish', task ':firebase_core:prepareReleaseArtProfile', task ':firebase_core:processReleaseJavaRes', task ':firebase_core:mergeReleaseJavaResource', task ':firebase_core:syncReleaseLibJars', task ':firebase_core:bundleReleaseLocalLintAar', task ':cloud_firestore:extractProguardFiles', task ':cloud_firestore:writeReleaseLintModelMetadata', task ':firebase_core:bundleLibRuntimeToJarRelease', task ':firebase_core:createFullJarRelease', task ':firebase_core:extractProguardFiles', task ':firebase_core:writeReleaseLintModelMetadata', task ':firebase_core:generateReleaseLintModel', task ':cloud_firestore:generateReleaseLintModel', task ':firebase_auth:bundleLibRuntimeToJarRelease', task ':firebase_auth:processReleaseJavaRes', task ':firebase_auth:createFullJarRelease', task ':firebase_auth:mergeReleaseJniLibFolders', task ':firebase_auth:mergeReleaseNativeLibs', task ':firebase_auth:stripReleaseDebugSymbols', task ':firebase_auth:copyReleaseJniLibsProjectAndLocalJars', task ':firebase_auth:extractDeepLinksForAarRelease', task ':firebase_auth:extractReleaseAnnotations', task ':firebase_auth:mergeReleaseGeneratedProguardFiles', task ':firebase_auth:mergeReleaseConsumerProguardFiles', task ':firebase_auth:prepareLintJarForPublish', task ':firebase_auth:prepareReleaseArtProfile', task ':firebase_auth:mergeReleaseJavaResource', task ':firebase_auth:syncReleaseLibJars', task ':firebase_auth:bundleReleaseLocalLintAar', task ':firebase_auth:extractProguardFiles', task ':firebase_auth:writeReleaseLintModelMetadata', task ':firebase_auth:generateReleaseLintModel', task ':firebase_messaging:bundleLibRuntimeToJarRelease', task ':firebase_messaging:processReleaseJavaRes', task ':firebase_messaging:createFullJarRelease', task ':firebase_messaging:mergeReleaseJniLibFolders', task ':firebase_messaging:mergeReleaseNativeLibs', task ':firebase_messaging:stripReleaseDebugSymbols', task ':firebase_messaging:copyReleaseJniLibsProjectAndLocalJars', task ':firebase_messaging:extractDeepLinksForAarRelease', task ':firebase_messaging:extractReleaseAnnotations', task ':firebase_messaging:mergeReleaseGeneratedProguardFiles', task ':firebase_messaging:mergeReleaseConsumerProguardFiles', task ':firebase_messaging:prepareLintJarForPublish', task ':firebase_messaging:prepareReleaseArtProfile', task ':firebase_messaging:mergeReleaseJavaResource', task ':firebase_messaging:syncReleaseLibJars', task ':firebase_messaging:bundleReleaseLocalLintAar', task ':firebase_messaging:extractProguardFiles', task ':firebase_messaging:writeReleaseLintModelMetadata', task ':firebase_messaging:generateReleaseLintModel', task ':flutter_local_notifications:bundleLibRuntimeToJarRelease', task ':flutter_local_notifications:processReleaseJavaRes', task ':flutter_local_notifications:createFullJarRelease', task ':flutter_local_notifications:mergeReleaseJniLibFolders', task ':flutter_local_notifications:mergeReleaseNativeLibs', task ':flutter_local_notifications:stripReleaseDebugSymbols', task ':flutter_local_notifications:copyReleaseJniLibsProjectAndLocalJars', task ':flutter_local_notifications:extractDeepLinksForAarRelease', task ':flutter_local_notifications:extractReleaseAnnotations', task ':flutter_local_notifications:mergeReleaseGeneratedProguardFiles', task ':flutter_local_notifications:mergeReleaseConsumerProguardFiles', task ':flutter_local_notifications:prepareLintJarForPublish', task ':flutter_local_notifications:prepareReleaseArtProfile', task ':flutter_local_notifications:mergeReleaseJavaResource', task ':flutter_local_notifications:syncReleaseLibJars', task ':flutter_local_notifications:bundleReleaseLocalLintAar', task ':flutter_local_notifications:extractProguardFiles', task ':flutter_local_notifications:writeReleaseLintModelMetadata', task ':flutter_local_notifications:generateReleaseLintModel', task ':flutter_plugin_android_lifecycle:bundleLibRuntimeToJarRelease', task ':flutter_plugin_android_lifecycle:processReleaseJavaRes', task ':flutter_plugin_android_lifecycle:createFullJarRelease', task ':flutter_plugin_android_lifecycle:mergeReleaseJniLibFolders', task ':flutter_plugin_android_lifecycle:mergeReleaseNativeLibs', task ':flutter_plugin_android_lifecycle:stripReleaseDebugSymbols', task ':flutter_plugin_android_lifecycle:copyReleaseJniLibsProjectAndLocalJars', task ':flutter_plugin_android_lifecycle:extractDeepLinksForAarRelease', task ':flutter_plugin_android_lifecycle:extractReleaseAnnotations', task ':flutter_plugin_android_lifecycle:mergeReleaseGeneratedProguardFiles', task ':flutter_plugin_android_lifecycle:mergeReleaseConsumerProguardFiles', task ':flutter_plugin_android_lifecycle:prepareLintJarForPublish', task ':flutter_plugin_android_lifecycle:prepareReleaseArtProfile', task ':flutter_plugin_android_lifecycle:mergeReleaseJavaResource', task ':flutter_plugin_android_lifecycle:syncReleaseLibJars', task ':flutter_plugin_android_lifecycle:bundleReleaseLocalLintAar', task ':flutter_plugin_android_lifecycle:extractProguardFiles', task ':flutter_plugin_android_lifecycle:writeReleaseLintModelMetadata', task ':flutter_plugin_android_lifecycle:generateReleaseLintModel', task ':flutter_secure_storage:bundleLibRuntimeToJarRelease', task ':flutter_secure_storage:processReleaseJavaRes', task ':flutter_secure_storage:createFullJarRelease', task ':flutter_secure_storage:mergeReleaseJniLibFolders', task ':flutter_secure_storage:mergeReleaseNativeLibs', task ':flutter_secure_storage:stripReleaseDebugSymbols', task ':flutter_secure_storage:copyReleaseJniLibsProjectAndLocalJars', task ':flutter_secure_storage:extractDeepLinksForAarRelease', task ':flutter_secure_storage:extractReleaseAnnotations', task ':flutter_secure_storage:mergeReleaseGeneratedProguardFiles', task ':flutter_secure_storage:mergeReleaseConsumerProguardFiles', task ':flutter_secure_storage:prepareLintJarForPublish', task ':flutter_secure_storage:prepareReleaseArtProfile', task ':flutter_secure_storage:mergeReleaseJavaResource', task ':flutter_secure_storage:syncReleaseLibJars', task ':flutter_secure_storage:bundleReleaseLocalLintAar', task ':flutter_secure_storage:extractProguardFiles', task ':flutter_secure_storage:writeReleaseLintModelMetadata', task ':flutter_secure_storage:generateReleaseLintModel', task ':geocoding_android:bundleLibRuntimeToJarRelease', task ':geocoding_android:processReleaseJavaRes', task ':geocoding_android:createFullJarRelease', task ':geocoding_android:mergeReleaseJniLibFolders', task ':geocoding_android:mergeReleaseNativeLibs', task ':geocoding_android:stripReleaseDebugSymbols', task ':geocoding_android:copyReleaseJniLibsProjectAndLocalJars', task ':geocoding_android:extractDeepLinksForAarRelease', task ':geocoding_android:extractReleaseAnnotations', task ':geocoding_android:mergeReleaseGeneratedProguardFiles', task ':geocoding_android:mergeReleaseConsumerProguardFiles', task ':geocoding_android:prepareLintJarForPublish', task ':geocoding_android:prepareReleaseArtProfile', task ':geocoding_android:mergeReleaseJavaResource', task ':geocoding_android:syncReleaseLibJars', task ':geocoding_android:bundleReleaseLocalLintAar', task ':geocoding_android:extractProguardFiles', task ':geocoding_android:writeReleaseLintModelMetadata', task ':geocoding_android:generateReleaseLintModel', task ':geolocator_android:bundleLibRuntimeToJarRelease', task ':geolocator_android:processReleaseJavaRes', task ':geolocator_android:createFullJarRelease', task ':geolocator_android:mergeReleaseJniLibFolders', task ':geolocator_android:mergeReleaseNativeLibs', task ':geolocator_android:stripReleaseDebugSymbols', task ':geolocator_android:copyReleaseJniLibsProjectAndLocalJars', task ':geolocator_android:extractDeepLinksForAarRelease', task ':geolocator_android:extractReleaseAnnotations', task ':geolocator_android:mergeReleaseGeneratedProguardFiles', task ':geolocator_android:mergeReleaseConsumerProguardFiles', task ':geolocator_android:prepareLintJarForPublish', task ':geolocator_android:prepareReleaseArtProfile', task ':geolocator_android:mergeReleaseJavaResource', task ':geolocator_android:syncReleaseLibJars', task ':geolocator_android:bundleReleaseLocalLintAar', task ':geolocator_android:extractProguardFiles', task ':geolocator_android:writeReleaseLintModelMetadata', task ':geolocator_android:generateReleaseLintModel', task ':google_maps_flutter_android:bundleLibRuntimeToJarRelease', task ':google_maps_flutter_android:processReleaseJavaRes', task ':google_maps_flutter_android:createFullJarRelease', task ':google_maps_flutter_android:mergeReleaseJniLibFolders', task ':google_maps_flutter_android:mergeReleaseNativeLibs', task ':google_maps_flutter_android:stripReleaseDebugSymbols', task ':google_maps_flutter_android:copyReleaseJniLibsProjectAndLocalJars', task ':google_maps_flutter_android:extractDeepLinksForAarRelease', task ':google_maps_flutter_android:extractReleaseAnnotations', task ':google_maps_flutter_android:mergeReleaseGeneratedProguardFiles', task ':google_maps_flutter_android:mergeReleaseConsumerProguardFiles', task ':google_maps_flutter_android:prepareLintJarForPublish', task ':google_maps_flutter_android:prepareReleaseArtProfile', task ':google_maps_flutter_android:mergeReleaseJavaResource', task ':google_maps_flutter_android:syncReleaseLibJars', task ':google_maps_flutter_android:bundleReleaseLocalLintAar', task ':google_maps_flutter_android:extractProguardFiles', task ':google_maps_flutter_android:writeReleaseLintModelMetadata', task ':google_maps_flutter_android:generateReleaseLintModel', task ':package_info_plus:bundleLibRuntimeToJarRelease', task ':package_info_plus:processReleaseJavaRes', task ':package_info_plus:createFullJarRelease', task ':package_info_plus:mergeReleaseJniLibFolders', task ':package_info_plus:mergeReleaseNativeLibs', task ':package_info_plus:stripReleaseDebugSymbols', task ':package_info_plus:copyReleaseJniLibsProjectAndLocalJars', task ':package_info_plus:extractDeepLinksForAarRelease', task ':package_info_plus:extractReleaseAnnotations', task ':package_info_plus:mergeReleaseGeneratedProguardFiles', task ':package_info_plus:mergeReleaseConsumerProguardFiles', task ':package_info_plus:prepareLintJarForPublish', task ':package_info_plus:prepareReleaseArtProfile', task ':package_info_plus:mergeReleaseJavaResource', task ':package_info_plus:syncReleaseLibJars', task ':package_info_plus:bundleReleaseLocalLintAar', task ':package_info_plus:extractProguardFiles', task ':package_info_plus:writeReleaseLintModelMetadata', task ':package_info_plus:generateReleaseLintModel', task ':path_provider_android:bundleLibRuntimeToJarRelease', task ':path_provider_android:processReleaseJavaRes', task ':path_provider_android:createFullJarRelease', task ':path_provider_android:mergeReleaseJniLibFolders', task ':path_provider_android:mergeReleaseNativeLibs', task ':path_provider_android:stripReleaseDebugSymbols', task ':path_provider_android:copyReleaseJniLibsProjectAndLocalJars', task ':path_provider_android:extractDeepLinksForAarRelease', task ':path_provider_android:extractReleaseAnnotations', task ':path_provider_android:mergeReleaseGeneratedProguardFiles', task ':path_provider_android:mergeReleaseConsumerProguardFiles', task ':path_provider_android:prepareLintJarForPublish', task ':path_provider_android:prepareReleaseArtProfile', task ':path_provider_android:mergeReleaseJavaResource', task ':path_provider_android:syncReleaseLibJars', task ':path_provider_android:bundleReleaseLocalLintAar', task ':path_provider_android:extractProguardFiles', task ':path_provider_android:writeReleaseLintModelMetadata', task ':path_provider_android:generateReleaseLintModel', task ':app:generateReleaseLintVitalReportModel', task ':app:lintVitalAnalyzeRelease', task ':cloud_firestore:generateReleaseLintVitalModel', task ':cloud_firestore:lintVitalAnalyzeRelease', task ':firebase_auth:generateReleaseLintVitalModel', task ':firebase_auth:lintVitalAnalyzeRelease', task ':firebase_core:generateReleaseLintVitalModel', task ':firebase_core:lintVitalAnalyzeRelease', task ':firebase_messaging:generateReleaseLintVitalModel', task ':firebase_messaging:lintVitalAnalyzeRelease', task ':flutter_local_notifications:generateReleaseLintVitalModel', task ':flutter_local_notifications:lintVitalAnalyzeRelease', task ':flutter_plugin_android_lifecycle:generateReleaseLintVitalModel', task ':flutter_plugin_android_lifecycle:lintVitalAnalyzeRelease', task ':flutter_secure_storage:generateReleaseLintVitalModel', task ':flutter_secure_storage:lintVitalAnalyzeRelease', task ':geocoding_android:generateReleaseLintVitalModel', task ':geocoding_android:lintVitalAnalyzeRelease', task ':geolocator_android:generateReleaseLintVitalModel', task ':geolocator_android:lintVitalAnalyzeRelease', task ':google_maps_flutter_android:generateReleaseLintVitalModel', task ':google_maps_flutter_android:lintVitalAnalyzeRelease', task ':package_info_plus:generateReleaseLintVitalModel', task ':package_info_plus:lintVitalAnalyzeRelease', task ':path_provider_android:generateReleaseLintVitalModel', task ':path_provider_android:lintVitalAnalyzeRelease', task ':app:lintVitalReportRelease', task ':app:lintVitalRelease', task ':app:configureCMakeRelease[arm64-v8a]', task ':app:buildCMakeRelease[arm64-v8a]', task ':app:configureCMakeRelease[armeabi-v7a]', task ':app:buildCMakeRelease[armeabi-v7a]', task ':app:configureCMakeRelease[x86_64]', task ':app:buildCMakeRelease[x86_64]', task ':app:mergeReleaseJniLibFolders', task ':cloud_firestore:copyReleaseJniLibsProjectOnly', task ':firebase_auth:copyReleaseJniLibsProjectOnly', task ':firebase_core:copyReleaseJniLibsProjectOnly', task ':firebase_messaging:copyReleaseJniLibsProjectOnly', task ':flutter_local_notifications:copyReleaseJniLibsProjectOnly', task ':flutter_plugin_android_lifecycle:copyReleaseJniLibsProjectOnly', task ':flutter_secure_storage:copyReleaseJniLibsProjectOnly', task ':geocoding_android:copyReleaseJniLibsProjectOnly', task ':geolocator_android:copyReleaseJniLibsProjectOnly', task ':google_maps_flutter_android:copyReleaseJniLibsProjectOnly', task ':package_info_plus:copyReleaseJniLibsProjectOnly', task ':path_provider_android:copyReleaseJniLibsProjectOnly', task ':app:mergeReleaseNativeLibs', task ':app:stripReleaseDebugSymbols', task ':app:extractReleaseNativeSymbolTables', task ':app:mergeReleaseNativeDebugMetadata', task ':cloud_firestore:exportReleaseConsumerProguardFiles', task ':firebase_auth:exportReleaseConsumerProguardFiles', task ':firebase_messaging:exportReleaseConsumerProguardFiles', task ':firebase_core:exportReleaseConsumerProguardFiles', task ':flutter_local_notifications:exportReleaseConsumerProguardFiles', task ':google_maps_flutter_android:exportReleaseConsumerProguardFiles', task ':flutter_plugin_android_lifecycle:exportReleaseConsumerProguardFiles', task ':flutter_secure_storage:exportReleaseConsumerProguardFiles', task ':geocoding_android:exportReleaseConsumerProguardFiles', task ':geolocator_android:exportReleaseConsumerProguardFiles', task ':package_info_plus:exportReleaseConsumerProguardFiles', task ':path_provider_android:exportReleaseConsumerProguardFiles', task ':app:checkReleaseDuplicateClasses', task ':app:mergeReleaseArtProfile', task ':app:expandReleaseArtProfileWildcards', task ':app:mergeReleaseGeneratedProguardFiles', task ':app:processReleaseJavaRes', task ':app:mergeReleaseJavaResource', task ':app:minifyReleaseWithR8', task ':app:l8DexDesugarLibRelease', task ':app:compileReleaseArtProfile', task ':app:compressReleaseAssets', task ':app:processApplicationManifestReleaseForBundle', task ':app:bundleReleaseResources', task ':app:shrinkReleaseRes', task ':app:optimizeReleaseResources', task ':app:collectReleaseDependencies', task ':app:sdkReleaseDependencyData', task ':app:validateSigningRelease', task ':app:writeReleaseAppMetadata', task ':app:writeReleaseSigningConfigVersions', task ':app:packageRelease', task ':app:createReleaseApkListingFileRedirect', task ':app:assembleRelease', task ':cloud_firestore:bundleReleaseAar', task ':cloud_firestore:mapReleaseSourceSetPaths', task ':cloud_firestore:mergeReleaseResources', task ':firebase_core:compileReleaseLibraryResources', task ':cloud_firestore:verifyReleaseResources', task ':cloud_firestore:assembleRelease', task ':firebase_auth:bundleReleaseAar', task ':firebase_auth:mapReleaseSourceSetPaths', task ':firebase_auth:mergeReleaseResources', task ':firebase_auth:verifyReleaseResources', task ':firebase_auth:assembleRelease', task ':firebase_core:bundleReleaseAar', task ':firebase_core:mapReleaseSourceSetPaths', task ':firebase_core:mergeReleaseResources', task ':firebase_core:verifyReleaseResources', task ':firebase_core:assembleRelease', task ':firebase_messaging:bundleReleaseAar', task ':firebase_messaging:mapReleaseSourceSetPaths', task ':firebase_messaging:mergeReleaseResources', task ':firebase_messaging:verifyReleaseResources', task ':firebase_messaging:assembleRelease', task ':flutter_local_notifications:bundleReleaseAar', task ':flutter_local_notifications:mapReleaseSourceSetPaths', task ':flutter_local_notifications:mergeReleaseResources', task ':flutter_local_notifications:verifyReleaseResources', task ':flutter_local_notifications:assembleRelease', task ':flutter_plugin_android_lifecycle:bundleReleaseAar', task ':flutter_plugin_android_lifecycle:mapReleaseSourceSetPaths', task ':flutter_plugin_android_lifecycle:mergeReleaseResources', task ':flutter_plugin_android_lifecycle:verifyReleaseResources', task ':flutter_plugin_android_lifecycle:assembleRelease', task ':flutter_secure_storage:bundleReleaseAar', task ':flutter_secure_storage:mapReleaseSourceSetPaths', task ':flutter_secure_storage:mergeReleaseResources', task ':flutter_secure_storage:verifyReleaseResources', task ':flutter_secure_storage:assembleRelease', task ':geocoding_android:bundleReleaseAar', task ':geocoding_android:mapReleaseSourceSetPaths', task ':geocoding_android:mergeReleaseResources', task ':geocoding_android:verifyReleaseResources', task ':geocoding_android:assembleRelease', task ':geolocator_android:bundleReleaseAar', task ':geolocator_android:mapReleaseSourceSetPaths', task ':geolocator_android:mergeReleaseResources', task ':geolocator_android:verifyReleaseResources', task ':geolocator_android:assembleRelease', task ':google_maps_flutter_android:bundleReleaseAar', task ':flutter_plugin_android_lifecycle:compileReleaseLibraryResources', task ':google_maps_flutter_android:mapReleaseSourceSetPaths', task ':google_maps_flutter_android:mergeReleaseResources', task ':google_maps_flutter_android:verifyReleaseResources', task ':google_maps_flutter_android:assembleRelease', task ':package_info_plus:bundleReleaseAar', task ':package_info_plus:mapReleaseSourceSetPaths', task ':package_info_plus:mergeReleaseResources', task ':package_info_plus:verifyReleaseResources', task ':package_info_plus:assembleRelease', task ':path_provider_android:bundleReleaseAar', task ':path_provider_android:mapReleaseSourceSetPaths', task ':path_provider_android:mergeReleaseResources', task ':path_provider_android:verifyReleaseResources', task ':path_provider_android:assembleRelease']
[   +6 ms] Tasks that were excluded: []
[  +59 ms] work action Parameters of ExtractAarTransform (Thread[#1490,included builds,5,main]) started.
[        ] work action Parameters of ExtractAarTransform (Thread[#1490,included builds,5,main]) started.
[        ] work action Parameters of ExtractAarTransform (Thread[#1490,included builds,5,main]) started.
[        ] work action Parameters of ExtractAarTransform (Thread[#1490,included builds,5,main]) started.
[        ] work action Parameters of ExtractAarTransform (Thread[#1490,included builds,5,main]) started.
[        ] work action Parameters of ExtractAarTransform (Thread[#1490,included builds,5,main]) started.
[        ] work action Parameters of ExtractAarTransform (Thread[#1490,included builds,5,main]) started.
[        ] work action Parameters of ExtractAarTransform (Thread[#1490,included builds,5,main]) started.
[        ] work action Parameters of ExtractAarTransform (Thread[#1490,included builds,5,main]) started.
[        ] work action Parameters of ExtractAarTransform (Thread[#1490,included builds,5,main]) started.
[        ] work action Parameters of ExtractAarTransform (Thread[#1490,included builds,5,main]) started.
[        ] work action Parameters of ExtractAarTransform (Thread[#1490,included builds,5,main]) started.
[        ] work action Parameters of ExtractAarTransform (Thread[#1490,included builds,5,main]) started.
[        ] work action Parameters of FilterShrinkerRulesTransform (Thread[#1494,Execution worker Thread 4,5,main]) started.
[        ] Resolve mutations for :app:ReleaseMinSdkCheck (Thread[#1494,Execution worker Thread 4,5,main]) started.
[   +1 ms] :app:ReleaseMinSdkCheck (Thread[#1494,Execution worker Thread 4,5,main]) started.
[        ] > Task :app:ReleaseMinSdkCheck
[        ] Caching disabled for task ':app:ReleaseMinSdkCheck' because:
[        ]   Build cache is disabled
[        ] Task ':app:ReleaseMinSdkCheck' is not up-to-date because:
[        ]   Task has not declared any outputs despite executing actions.
[        ] Resolve mutations for :app:buildKotlinToolingMetadata (Thread[#1494,Execution worker Thread 4,5,main]) started.
[        ] :app:buildKotlinToolingMetadata (Thread[#1494,Execution worker Thread 4,5,main]) started.
[        ] > Task :app:buildKotlinToolingMetadata UP-TO-DATE
[        ] Caching disabled for task ':app:buildKotlinToolingMetadata' because:
[        ]   Build cache is disabled
[        ] Skipping task ':app:buildKotlinToolingMetadata' as it is up-to-date.
[        ] Resolve mutations for :app:checkKotlinGradlePluginConfigurationErrors (Thread[#1494,Execution worker Thread 4,5,main]) started.
[        ] :app:checkKotlinGradlePluginConfigurationErrors (Thread[#1494,Execution worker Thread 4,5,main]) started.
[        ] > Task :app:checkKotlinGradlePluginConfigurationErrors SKIPPED
[        ] Skipping task ':app:checkKotlinGradlePluginConfigurationErrors' as task onlyIf 'errorDiagnostics are present' is false.
[        ] Resolve mutations for :app:compileFlutterBuildRelease (Thread[#1494,Execution worker Thread 4,5,main]) started.
[        ] :app:compileFlutterBuildRelease (Thread[#1494,Execution worker Thread 4,5,main]) started.
[+1918 ms] > Task :app:compileFlutterBuildRelease
[        ] Caching disabled for task ':app:compileFlutterBuildRelease' because:
[   +7 ms]   Build cache is disabled
[        ] Task ':app:compileFlutterBuildRelease' is not up-to-date because:
[   +1 ms]   Task has failed previously.
[        ] Starting process 'command 'C:\FlutterVersions\flutter\bin\flutter.bat''. Working directory: C:\Users\USER\Desktop\giga\flota_mobile Command: C:\FlutterVersions\flutter\bin\flutter.bat --verbose assemble --no-version-check --depfile C:\Users\USER\Desktop\giga\flota_mobile\build\app\intermediates\flutter\release/flutter_build.d --output C:\Users\USER\Desktop\giga\flota_mobile\build\app\intermediates\flutter\release -dTargetFile=lib\main.dart -dTargetPlatform=android -dBuildMode=release -dTrackWidgetCreation=true -dTreeShakeIcons=true --DartDefines=RkxVVFRFUl9WRVJTSU9OPTMuMzguNQ==,RkxVVFRFUl9DSEFOTkVMPXN0YWJsZQ==,RkxVVFRFUl9HSVRfVVJMPWh0dHBzOi8vZ2l0aHViLmNvbS9mbHV0dGVyL2ZsdXR0ZXIuZ2l0,RkxVVFRFUl9GUkFNRVdPUktfUkVWSVNJT049ZjZmZjE1MjlmZA==,RkxVVFRFUl9FTkdJTkVfUkVWSVNJT049MTUyN2FlMGVjNQ==,RkxVVFRFUl9EQVJUX1ZFUlNJT049My4xMC40 -dFlavor= -dAndroidArchs=android-arm android-arm64 android-x64 -dMinSdkVersion=24 android_aot_bundle_release_android-arm android_aot_bundle_release_android-arm64 android_aot_bundle_release_android-x64
[        ] Successfully started process 'command 'C:\FlutterVersions\flutter\bin\flutter.bat''
[+4050 ms] [ +835 ms] Artifact Instance of 'MaterialFonts' is not required, skipping update.
[        ] [   +1 ms] Artifact Instance of 'GradleWrapper' is not required, skipping update.
[        ] [        ] Artifact Instance of 'AndroidGenSnapshotArtifacts' is not required, skipping update.
[        ] [        ] Artifact Instance of 'AndroidInternalBuildArtifacts' is not required, skipping update.
[        ] [        ] Artifact Instance of 'IOSEngineArtifacts' is not required, skipping update.
[        ] [        ] Artifact Instance of 'FlutterWebSdk' is not required, skipping update.
[        ] [   +1 ms] Artifact Instance of 'LegacyCanvasKitRemover' is not required, skipping update.
[        ] [        ] Artifact Instance of 'FlutterSdk' is not required, skipping update.
[        ] [        ] Artifact Instance of 'WindowsEngineArtifacts' is not required, skipping update.
[        ] [        ] Artifact Instance of 'MacOSEngineArtifacts' is not required, skipping update.
[        ] [        ] Artifact Instance of 'LinuxEngineArtifacts' is not required, skipping update.
[        ] [        ] Artifact Instance of 'LinuxFuchsiaSDKArtifacts' is not required, skipping update.
[        ] [   +2 ms] Artifact Instance of 'MacOSFuchsiaSDKArtifacts' is not required, skipping update.
[        ] [        ] Artifact Instance of 'FlutterRunnerSDKArtifacts' is not required, skipping update.
[   +4 ms] [        ] Artifact Instance of 'FlutterRunnerDebugSymbols' is not required, skipping update.
[        ] [        ] Artifact Instance of 'IosUsbArtifacts' is not required, skipping update.
[        ] [        ] Artifact Instance of 'IosUsbArtifacts' is not required, skipping update.
[        ] [        ] Artifact Instance of 'IosUsbArtifacts' is not required, skipping update.
[        ] [        ] Artifact Instance of 'IosUsbArtifacts' is not required, skipping update.
[        ] [        ] Artifact Instance of 'IosUsbArtifacts' is not required, skipping update.
[        ] [        ] Artifact Instance of 'IosUsbArtifacts' is not required, skipping update.
[ +102 ms] [        ] Artifact Instance of 'FontSubsetArtifacts' is not required, skipping update.
[        ] [        ] Artifact Instance of 'PubDependencies' is not required, skipping update.
[        ] [  +45 ms] Artifact Instance of 'AndroidGenSnapshotArtifacts' is not required, skipping update.
[        ] [  +40 ms] Artifact Instance of 'AndroidInternalBuildArtifacts' is not required, skipping update.
[        ] [        ] Artifact Instance of 'IOSEngineArtifacts' is not required, skipping update.
[        ] [        ] Artifact Instance of 'FlutterWebSdk' is not required, skipping update.
[        ] [        ] Artifact Instance of 'FlutterEngineStamp' is not required, skipping update.
[        ] [        ] Artifact Instance of 'LegacyCanvasKitRemover' is not required, skipping update.
[        ] [  +16 ms] Artifact Instance of 'WindowsEngineArtifacts' is not required, skipping update.
[        ] [        ] Artifact Instance of 'MacOSEngineArtifacts' is not required, skipping update.
[        ] [   +2 ms] Artifact Instance of 'LinuxEngineArtifacts' is not required, skipping update.
[        ] [        ] Artifact Instance of 'LinuxFuchsiaSDKArtifacts' is not required, skipping update.
[        ] [        ] Artifact Instance of 'MacOSFuchsiaSDKArtifacts' is not required, skipping update.
[        ] [        ] Artifact Instance of 'FlutterRunnerSDKArtifacts' is not required, skipping update.
[        ] [        ] Artifact Instance of 'FlutterRunnerDebugSymbols' is not required, skipping update.
[ +283 ms] [ +218 ms] Artifact Instance of 'MaterialFonts' is not required, skipping update.
[        ] [        ] Artifact Instance of 'GradleWrapper' is not required, skipping update.
[        ] [   +7 ms] Artifact Instance of 'AndroidInternalBuildArtifacts' is not required, skipping update.
[        ] [        ] Artifact Instance of 'IOSEngineArtifacts' is not required, skipping update.
[        ] [        ] Artifact Instance of 'FlutterWebSdk' is not required, skipping update.
[        ] [        ] Artifact Instance of 'FlutterEngineStamp' is not required, skipping update.
[        ] [        ] Artifact Instance of 'LegacyCanvasKitRemover' is not required, skipping update.
[        ] [        ] Artifact Instance of 'FlutterSdk' is not required, skipping update.
[        ] [        ] Artifact Instance of 'WindowsEngineArtifacts' is not required, skipping update.
[        ] [        ] Artifact Instance of 'MacOSEngineArtifacts' is not required, skipping update.
[        ] [        ] Artifact Instance of 'LinuxEngineArtifacts' is not required, skipping update.
[        ] [        ] Artifact Instance of 'LinuxFuchsiaSDKArtifacts' is not required, skipping update.
[        ] [        ] Artifact Instance of 'MacOSFuchsiaSDKArtifacts' is not required, skipping update.
[        ] [        ] Artifact Instance of 'FlutterRunnerSDKArtifacts' is not required, skipping update.
[        ] [        ] Artifact Instance of 'FlutterRunnerDebugSymbols' is not required, skipping update.
[        ] [        ] Artifact Instance of 'IosUsbArtifacts' is not required, skipping update.
[        ] [        ] Artifact Instance of 'IosUsbArtifacts' is not required, skipping update.
[        ] [        ] Artifact Instance of 'IosUsbArtifacts' is not required, skipping update.
[        ] [        ] Artifact Instance of 'IosUsbArtifacts' is not required, skipping update.
[        ] [        ] Artifact Instance of 'IosUsbArtifacts' is not required, skipping update.
[        ] [        ] Artifact Instance of 'IosUsbArtifacts' is not required, skipping update.
[        ] [        ] Artifact Instance of 'FontSubsetArtifacts' is not required, skipping update.
[        ] [        ] Artifact Instance of 'PubDependencies' is not required, skipping update.
[        ] [  +64 ms] Initializing file store
[ +100 ms] [   +1 ms] Done initializing file store
[  +92 ms] [ +142 ms] Skipping target: gen_localizations
[        ] [   +7 ms] gen_dart_plugin_registrant: Starting due to {InvalidatedReasonKind.inputChanged: The following inputs have updated contents: C:\Users\USER\Desktop\giga\flota_mobile\.dart_tool\package_config.json}
[        ] [  +13 ms] dart_build: Starting due to {}
[ +400 ms] [ +354 ms] Building native assets for android_arm, android_arm64, android_x64.
[ +109 ms] [  +91 ms] Found plugin google_maps_flutter at C:\Users\USER\AppData\Local\Pub\Cache\hosted\pub.dev\google_maps_flutter-2.14.0\
[        ] [  +11 ms] Found plugin google_maps_flutter_web at C:\Users\USER\AppData\Local\Pub\Cache\hosted\pub.dev\google_maps_flutter_web-0.5.14+3\
[        ] [  +79 ms] Running `C:\FlutterVersions\flutter\bin\cache\dart-sdk\bin\dart compile kernel --packages=C:\Users\USER\Desktop\giga\flota_mobile\.dart_tool\package_config.json --output=C:\Users\USER\Desktop\giga\flota_mobile\.dart_tool\hooks_runner\objective_c\61638adc819533d2b7e6c7b3c4243977\hook.dill --depfile=C:\Users\USER\Desktop\giga\flota_mobile\.dart_tool\hooks_runner\objective_c\61638adc819533d2b7e6c7b3c4243977\hook.dill.d C:\Users\USER\AppData\Local\Pub\Cache\hosted\pub.dev\objective_c-9.2.2\hook\build.dart`.
[        ] [   +3 ms] Found plugin google_maps_flutter_ios at C:\Users\USER\AppData\Local\Pub\Cache\hosted\pub.dev\google_maps_flutter_ios-2.16.1\
[  +91 ms] [  +23 ms] Found plugin google_maps_flutter_android at C:\Users\USER\AppData\Local\Pub\Cache\hosted\pub.dev\google_maps_flutter_android-2.18.9\
[        ] [   +4 ms] Found plugin flutter_plugin_android_lifecycle at C:\Users\USER\AppData\Local\Pub\Cache\hosted\pub.dev\flutter_plugin_android_lifecycle-2.0.33\
[        ] [   +6 ms] Found plugin path_provider at C:\Users\USER\AppData\Local\Pub\Cache\hosted\pub.dev\path_provider-2.1.5\
[        ] [   +4 ms] Found plugin path_provider_windows at C:\Users\USER\AppData\Local\Pub\Cache\hosted\pub.dev\path_provider_windows-2.3.0\
[        ] [  +11 ms] Found plugin path_provider_linux at C:\Users\USER\AppData\Local\Pub\Cache\hosted\pub.dev\path_provider_linux-2.2.1\
[        ] [   +7 ms] Found plugin path_provider_foundation at C:\Users\USER\AppData\Local\Pub\Cache\hosted\pub.dev\path_provider_foundation-2.6.0\
[        ] [  +35 ms] Found plugin path_provider_android at C:\Users\USER\AppData\Local\Pub\Cache\hosted\pub.dev\path_provider_android-2.2.22\
[  +88 ms] [   +6 ms] Found plugin geolocator at C:\Users\USER\AppData\Local\Pub\Cache\hosted\pub.dev\geolocator-14.0.2\
[        ] [   +7 ms] Found plugin geolocator_windows at C:\Users\USER\AppData\Local\Pub\Cache\hosted\pub.dev\geolocator_windows-0.2.5\
[        ] [   +5 ms] Found plugin geolocator_web at C:\Users\USER\AppData\Local\Pub\Cache\hosted\pub.dev\geolocator_web-4.1.3\
[        ] [   +3 ms] Found plugin geolocator_linux at C:\Users\USER\AppData\Local\Pub\Cache\hosted\pub.dev\geolocator_linux-0.2.4\
[        ] [   +4 ms] Found plugin package_info_plus at C:\Users\USER\AppData\Local\Pub\Cache\hosted\pub.dev\package_info_plus-9.0.0\
[        ] [  +57 ms] Found plugin geolocator_apple at C:\Users\USER\AppData\Local\Pub\Cache\hosted\pub.dev\geolocator_apple-2.3.13\
[ +107 ms] [   +5 ms] Found plugin geolocator_android at C:\Users\USER\AppData\Local\Pub\Cache\hosted\pub.dev\geolocator_android-5.0.2\
[        ] [  +12 ms] Found plugin geocoding at C:\Users\USER\AppData\Local\Pub\Cache\hosted\pub.dev\geocoding-4.0.0\
[        ] [   +5 ms] Found plugin geocoding_ios at C:\Users\USER\AppData\Local\Pub\Cache\hosted\pub.dev\geocoding_ios-3.1.0\
[        ] [   +6 ms] Found plugin geocoding_android at C:\Users\USER\AppData\Local\Pub\Cache\hosted\pub.dev\geocoding_android-4.0.1\
[        ] [   +4 ms] Found plugin flutter_secure_storage at C:\Users\USER\AppData\Local\Pub\Cache\hosted\pub.dev\flutter_secure_storage-10.0.0\
[        ] [   +3 ms] Found plugin flutter_secure_storage_windows at C:\Users\USER\AppData\Local\Pub\Cache\hosted\pub.dev\flutter_secure_storage_windows-4.1.0\
[        ] [   +7 ms] Found plugin flutter_secure_storage_web at C:\Users\USER\AppData\Local\Pub\Cache\hosted\pub.dev\flutter_secure_storage_web-2.1.0\
[        ] [   +3 ms] Found plugin flutter_secure_storage_linux at C:\Users\USER\AppData\Local\Pub\Cache\hosted\pub.dev\flutter_secure_storage_linux-3.0.0\
[        ] [   +3 ms] Found plugin flutter_secure_storage_darwin at C:\Users\USER\AppData\Local\Pub\Cache\hosted\pub.dev\flutter_secure_storage_darwin-0.2.0\
[        ] [  +19 ms] Found plugin flutter_local_notifications at C:\Users\USER\AppData\Local\Pub\Cache\hosted\pub.dev\flutter_local_notifications-17.2.4\
[        ] [  +10 ms] Found plugin flutter_local_notifications_linux at C:\Users\USER\AppData\Local\Pub\Cache\hosted\pub.dev\flutter_local_notifications_linux-4.0.1\
[        ] [   +3 ms] Found plugin firebase_messaging at C:\Users\USER\AppData\Local\Pub\Cache\hosted\pub.dev\firebase_messaging-14.7.10\
[        ] [   +3 ms] Found plugin firebase_messaging_web at C:\Users\USER\AppData\Local\Pub\Cache\hosted\pub.dev\firebase_messaging_web-3.5.18\
[        ] [  +10 ms] Found plugin firebase_core at C:\Users\USER\AppData\Local\Pub\Cache\hosted\pub.dev\firebase_core-2.32.0\
[        ] [   +3 ms] Found plugin firebase_core_web at C:\Users\USER\AppData\Local\Pub\Cache\hosted\pub.dev\firebase_core_web-2.24.0\
[        ] [   +9 ms] Found plugin firebase_auth at C:\Users\USER\AppData\Local\Pub\Cache\hosted\pub.dev\firebase_auth-4.16.0\
[        ] [   +3 ms] Found plugin firebase_auth_web at C:\Users\USER\AppData\Local\Pub\Cache\hosted\pub.dev\firebase_auth_web-5.8.13\
[  +91 ms] [  +20 ms] Found plugin cloud_firestore at C:\Users\USER\AppData\Local\Pub\Cache\hosted\pub.dev\cloud_firestore-4.17.5\
[        ] [   +8 ms] Found plugin cloud_firestore_web at C:\Users\USER\AppData\Local\Pub\Cache\hosted\pub.dev\cloud_firestore_web-3.12.5\
[        ] [  +64 ms] gen_dart_plugin_registrant: Complete
[ +105 ms] [   +6 ms] kernel_snapshot_program: Starting due to {}
[        ] [  +32 ms] C:\FlutterVersions\flutter\bin\cache\dart-sdk\bin\dartaotruntime.exe C:\FlutterVersions\flutter\bin\cache\dart-sdk\bin\snapshots\frontend_server_aot.dart.snapshot --sdk-root C:\FlutterVersions\flutter\bin\cache\artifacts\engine\common\flutter_patched_sdk_product/ --target=flutter --no-print-incremental-dependencies -DFLUTTER_VERSION=3.38.5 -DFLUTTER_CHANNEL=stable -DFLUTTER_GIT_URL=https://github.com/flutter/flutter.git -DFLUTTER_FRAMEWORK_REVISION=f6ff1529fd -DFLUTTER_ENGINE_REVISION=1527ae0ec5 -DFLUTTER_DART_VERSION=3.10.4 -DFLUTTER_APP_FLAVOR= -Ddart.vm.profile=false -Ddart.vm.product=true --delete-tostring-package-uri=dart:ui --delete-tostring-package-uri=package:flutter --aot --tfa --target-os android --packages C:\Users\USER\Desktop\giga\flota_mobile\.dart_tool\package_config.json --output-dill C:\Users\USER\Desktop\giga\flota_mobile\.dart_tool\flutter_build\03c921e535f63f1250a66d64c9a7b3c7\app.dill --depfile C:\Users\USER\Desktop\giga\flota_mobile\.dart_tool\flutter_build\03c921e535f63f1250a66d64c9a7b3c7\kernel_snapshot_program.d --source file:///C:/Users/USER/Desktop/giga/flota_mobile/.dart_tool/flutter_build/dart_plugin_registrant.dart --source package:flutter/src/dart_plugin_registrant.dart -Dflutter.dart_plugin_registrant=file:///C:/Users/USER/Desktop/giga/flota_mobile/.dart_tool/flutter_build/dart_plugin_registrant.dart --verbosity=error package:flota_mobile/main.dart
[ +199 ms] [ +223 
ms] lib/features/auth
/presentation/screens
/forgot_password_scre
en.dart:11:5: Error: 
Expected a class 
member, but got 
'return'.
[        ] [   +3 
ms]     return 
Scaffold(
[        ] [        
]     ^^^^^^
[        ] [        
] lib/features/auth/p
resentation/screens/f
orgot_password_screen
.dart:12:22: Error: 
Non-optional 
parameters can't 
have a default value.
[        ] [        
] Try removing the 
default value or 
making the parameter 
optional.
[        ] [        
]       
backgroundColor: them
e.scaffoldBackgroundC
olor,
[        ] [        
]                    
  ^
[        ] [        
] lib/features/auth/p
resentation/screens/f
orgot_password_screen
.dart:13:13: Error: 
Non-optional 
parameters can't 
have a default value.
[        ] [        
] Try removing the 
default value or 
making the parameter 
optional.
[        ] [        
]       appBar: 
AppBar(
[        ] [        
]             ^
[        ] [        
] lib/features/auth/p
resentation/screens/f
orgot_password_screen
.dart:19:11: Error: 
Non-optional 
parameters can't 
have a default value.
[        ] [        
] Try removing the 
default value or 
making the parameter 
optional.
[        ] [        
]       body: 
SafeArea(
[        ] [        
]           ^
[        ] [        
] lib/features/auth/p
resentation/screens/f
orgot_password_screen
.dart:106:1: Error: 
Expected a 
declaration, but got 
'}'.
[        ] [        
] }
[        ] [        
] ^
[        ] [        
] lib/features/splash
/splash_screen.dart:2
5:5: Error: Expected 
a class member, but 
got 'return'.
[        ] [        
]     return 
Scaffold(
[        ] [        
]     ^^^^^^
[        ] [        
] lib/features/splash
/splash_screen.dart:2
6:22: Error: 
Non-optional 
parameters can't 
have a default value.
[        ] [        
] Try removing the 
default value or 
making the parameter 
optional.
[        ] [        
]       
backgroundColor: them
e.scaffoldBackgroundC
olor,
[        ] [        
]                    
  ^
[        ] [        
] lib/features/splash
/splash_screen.dart:2
7:11: Error: 
Non-optional 
parameters can't 
have a default value.
[        ] [        
] Try removing the 
default value or 
making the parameter 
optional.
[        ] [        
]       body: Center(
[        ] [        
]           ^
[        ] [        
] lib/features/splash
/splash_screen.dart:8
2:1: Error: Expected 
a declaration, but 
got '}'.
[        ] [        
] }
[        ] [   +2 
ms] ^
[+2380 ms] [+2419 ms] input.json contents:
[        ]            {
[        ]              "assets": {},
[        ]              "config": {
[        ]                "build_asset_types": [
[        ]                  "code_assets/code"
[        ]                ],
[        ]                "extensions": {
[        ]                  "code_assets": {
[        ]                    "android": {
[        ]                      "target_ndk_api": 24
[        ]                    },
[        ]                    "c_compiler": {
[        ]                      "ar": "C:\\Users\\USER\\AppData\\Local\\Android\\sdk\\ndk\\28.2.13676358\\toolchains\\llvm\\prebuilt\\windows-x86_64\\bin\\llvm-ar.exe",
[        ]                      "cc": "C:\\Users\\USER\\AppData\\Local\\Android\\sdk\\ndk\\28.2.13676358\\toolchains\\llvm\\prebuilt\\windows-x86_64\\bin\\clang.exe",
[        ]                      "ld": "C:\\Users\\USER\\AppData\\Local\\Android\\sdk\\ndk\\28.2.13676358\\toolchains\\llvm\\prebuilt\\windows-x86_64\\bin\\ld.lld.exe"
[        ]                    },
[        ]                    "link_mode_preference": "dynamic",
[        ]                    "target_architecture": "arm",
[        ]                    "target_os": "android"
[        ]                  }
[        ]                },
[        ]                "linking_enabled": true
[        ]              },
[        ]              "out_dir_shared": "C:\\Users\\USER\\Desktop\\giga\\flota_mobile\\.dart_tool\\hooks_runner\\shared\\objective_c\\build\\",
[        ]              "out_file": "C:\\Users\\USER\\Desktop\\giga\\flota_mobile\\.dart_tool\\hooks_runner\\objective_c\\61638adc819533d2b7e6c7b3c4243977\\output.json",
[        ]              "package_name": "objective_c",
[        ]              "package_root": "C:\\Users\\USER\\AppData\\Local\\Pub\\Cache\\hosted\\pub.dev\\objective_c-9.2.2\\",
[        ]              "user_defines": {}
[        ]            }
[ +110 ms] [  +10 ms] Running `(cd C:\Users\USER\AppData\Local\Pub\Cache\hosted\pub.dev\objective_c-9.2.2\; PATH=C:\Program Files\Android\Android Studio\jbr\bin;C:\Program Files\Python312\Scripts\;C:\Program Files\Python312\;C:\WINDOWS\system32;C:\WINDOWS;C:\WINDOWS\System32\Wbem;C:\WINDOWS\System32\WindowsPowerShell\v1.0\;C:\WINDOWS\System32\OpenSSH\;C:\Program Files\nodejs\;C:\FlutterVersions\flutter\bin;C:\Program Files\cursor\resources\app\bin;C:\Program Files\Git\cmd;C:\Users\USER\AppData\Local\Microsoft\WindowsApps;C:\Users\USER\AppData\Local\Programs\Microsoft VS Code\bin;C:\Users\USER\AppData\Roaming\npm;C:\Users\USER\AppData\Local\Programs\Antigravity\bin;C:\tools\php;C:\FlutterVersions\flutter\bin\mingit\cmd;C:\FlutterVersions\flutter\bin\mingit\cmd PROGRAMDATA=C:\ProgramData SYSTEMDRIVE=C: SYSTEMROOT=C:\WINDOWS TEMP=C:\Users\USER\AppData\Local\Temp TMP=C:\Users\USER\AppData\Local\Temp USERPROFILE=C:\Users\USER WINDIR=C:\WINDOWS C:\FlutterVersions\flutter\bin\cache\dart-sdk\bin\dart --packages=C:\Users\USER\Desktop\giga\flota_mobile\.dart_tool\package_config.json C:\Users\USER\Desktop\giga\flota_mobile\.dart_tool\hooks_runner\objective_c\61638adc819533d2b7e6c7b3c4243977\hook.dill --config=C:\Users\USER\Desktop\giga\flota_mobile\.dart_tool\hooks_runner\objective_c\61638adc819533d2b7e6c7b3c4243977\input.json )`.
[ +596 ms] [ +605 ms] output.json contents:
[        ]            {
[        ]              "assets_for_linking": {},
[        ]              "status": "success",
[        ]              "timestamp": "2026-01-20 22:31:01.000"
[        ]            }
[  +90 ms] [ +119 ms] Running `C:\FlutterVersions\flutter\bin\cache\dart-sdk\bin\dart compile kernel --packages=C:\Users\USER\Desktop\giga\flota_mobile\.dart_tool\package_config.json --output=C:\Users\USER\Desktop\giga\flota_mobile\.dart_tool\hooks_runner\objective_c\2023087e4657ae15d765c8bf6a827ebd\hook.dill --depfile=C:\Users\USER\Desktop\giga\flota_mobile\.dart_tool\hooks_runner\objective_c\2023087e4657ae15d765c8bf6a827ebd\hook.dill.d C:\Users\USER\AppData\Local\Pub\Cache\hosted\pub.dev\objective_c-9.2.2\hook\build.dart`.
[+2609 ms] [+2611 ms] input.json contents:
[        ]            {
[        ]              "assets": {},
[        ]              "config": {
[        ]                "build_asset_types": [
[        ]                  "code_assets/code"
[        ]                ],
[        ]                "extensions": {
[        ]                  "code_assets": {
[        ]                    "android": {
[        ]                      "target_ndk_api": 24
[        ]                    },
[        ]                    "c_compiler": {
[        ]                      "ar": "C:\\Users\\USER\\AppData\\Local\\Android\\sdk\\ndk\\28.2.13676358\\toolchains\\llvm\\prebuilt\\windows-x86_64\\bin\\llvm-ar.exe",
[        ]                      "cc": "C:\\Users\\USER\\AppData\\Local\\Android\\sdk\\ndk\\28.2.13676358\\toolchains\\llvm\\prebuilt\\windows-x86_64\\bin\\clang.exe",
[        ]                      "ld": "C:\\Users\\USER\\AppData\\Local\\Android\\sdk\\ndk\\28.2.13676358\\toolchains\\llvm\\prebuilt\\windows-x86_64\\bin\\ld.lld.exe"
[        ]                    },
[        ]                    "link_mode_preference": "dynamic",
[        ]                    "target_architecture": "arm64",
[        ]                    "target_os": "android"
[        ]                  }
[        ]                },
[        ]                "linking_enabled": true
[        ]              },
[        ]              "out_dir_shared": "C:\\Users\\USER\\Desktop\\giga\\flota_mobile\\.dart_tool\\hooks_runner\\shared\\objective_c\\build\\",
[        ]              "out_file": "C:\\Users\\USER\\Desktop\\giga\\flota_mobile\\.dart_tool\\hooks_runner\\objective_c\\2023087e4657ae15d765c8bf6a827ebd\\output.json",
[        ]              "package_name": "objective_c",
[        ]              "package_root": "C:\\Users\\USER\\AppData\\Local\\Pub\\Cache\\hosted\\pub.dev\\objective_c-9.2.2\\",
[        ]              "user_defines": {}
[        ]            }
[        ] [   +7 ms] Running `(cd C:\Users\USER\AppData\Local\Pub\Cache\hosted\pub.dev\objective_c-9.2.2\; PATH=C:\Program Files\Android\Android Studio\jbr\bin;C:\Program Files\Python312\Scripts\;C:\Program Files\Python312\;C:\WINDOWS\system32;C:\WINDOWS;C:\WINDOWS\System32\Wbem;C:\WINDOWS\System32\WindowsPowerShell\v1.0\;C:\WINDOWS\System32\OpenSSH\;C:\Program Files\nodejs\;C:\FlutterVersions\flutter\bin;C:\Program Files\cursor\resources\app\bin;C:\Program Files\Git\cmd;C:\Users\USER\AppData\Local\Microsoft\WindowsApps;C:\Users\USER\AppData\Local\Programs\Microsoft VS Code\bin;C:\Users\USER\AppData\Roaming\npm;C:\Users\USER\AppData\Local\Programs\Antigravity\bin;C:\tools\php;C:\FlutterVersions\flutter\bin\mingit\cmd;C:\FlutterVersions\flutter\bin\mingit\cmd PROGRAMDATA=C:\ProgramData SYSTEMDRIVE=C: SYSTEMROOT=C:\WINDOWS TEMP=C:\Users\USER\AppData\Local\Temp TMP=C:\Users\USER\AppData\Local\Temp USERPROFILE=C:\Users\USER WINDIR=C:\WINDOWS C:\FlutterVersions\flutter\bin\cache\dart-sdk\bin\dart --packages=C:\Users\USER\Desktop\giga\flota_mobile\.dart_tool\package_config.json C:\Users\USER\Desktop\giga\flota_mobile\.dart_tool\hooks_runner\objective_c\2023087e4657ae15d765c8bf6a827ebd\hook.dill --config=C:\Users\USER\Desktop\giga\flota_mobile\.dart_tool\hooks_runner\objective_c\2023087e4657ae15d765c8bf6a827ebd\input.json )`.
[ +683 ms] [ +676 ms] output.json contents:
[        ]            {
[        ]              "assets_for_linking": {},
[        ]              "status": "success",
[        ]              "timestamp": "2026-01-20 22:31:04.000"
[        ]            }
[        ] [  +26 ms] Running `C:\FlutterVersions\flutter\bin\cache\dart-sdk\bin\dart compile kernel --packages=C:\Users\USER\Desktop\giga\flota_mobile\.dart_tool\package_config.json --output=C:\Users\USER\Desktop\giga\flota_mobile\.dart_tool\hooks_runner\objective_c\7c1e27e5393c45720827102e0618940e\hook.dill --depfile=C:\Users\USER\Desktop\giga\flota_mobile\.dart_tool\hooks_runner\objective_c\7c1e27e5393c45720827102e0618940e\hook.dill.d C:\Users\USER\AppData\Local\Pub\Cache\hosted\pub.dev\objective_c-9.2.2\hook\build.dart`.
[+1591 ms] [+1616 
ms] lib/features/auth
/presentation/screens
/forgot_password_scre
en.dart:6:7: Error: 
The non-abstract 
class 'ForgotPassword
Screen' is missing 
implementations for 
these members:
[        ] [        
]  - ForgotPasswordSc
reen.Scaffold
[        ] [        
]  - 
StatelessWidget.build
[        ] [        
] Try to either
[        ] [        
]  - provide an 
implementation,
[        ] [        
]  - inherit an 
implementation from 
a superclass or 
mixin,
[        ] [        
]  - mark the class 
as abstract, or
[        ] [        
]  - provide a 
'noSuchMethod' 
implementation.
[        ] [        
] class 
ForgotPasswordScreen 
extends 
StatelessWidget {
[        ] [        
]       
^^^^^^^^^^^^^^^^^^^^
[        ] [        
] lib/features/auth/p
resentation/screens/f
orgot_password_screen
.dart:11:12: 
Context: 'ForgotPassw
ordScreen.Scaffold' 
is defined here.
[        ] [        
]     return 
Scaffold(
[        ] [        
]            ^^^^^^^^
[        ] [        
] /C:/FlutterVersions
/flutter/packages/flu
tter/lib/src/widgets/
framework.dart:572:10
: Context: 'Stateless
Widget.build' is 
defined here.
[        ] [        
]   Widget 
build(BuildContext 
context);
[        ] [        
]          ^^^^^
[        ] [        
] lib/features/splash
/splash_screen.dart:1
2:7: Error: The 
non-abstract class 
'_SplashScreenState' 
is missing 
implementations for 
these members:
[        ] [        
]  - State.build
[        ] [        
]  - _SplashScreenSta
te.Scaffold
[        ] [        
] Try to either
[        ] [        
]  - provide an 
implementation,
[        ] [        
]  - inherit an 
implementation from 
a superclass or 
mixin,
[        ] [        
]  - mark the class 
as abstract, or
[        ] [        
]  - provide a 
'noSuchMethod' 
implementation.
[   +2 ms] [        
] class 
_SplashScreenState 
extends 
State<SplashScreen> {
[        ] [        
]       
^^^^^^^^^^^^^^^^^^
[        ] [        
] /C:/FlutterVersions
/flutter/packages/flu
tter/lib/src/widgets/
framework.dart:1461:1
0: Context: 
'State.build' is 
defined here.
[        ] [        
]   Widget 
build(BuildContext 
context);
[        ] [        
]          ^^^^^
[        ] [        
] lib/features/splash
/splash_screen.dart:2
5:12: Context: '_Spla
shScreenState.Scaffol
d' is defined here.
[        ] [        
]     return 
Scaffold(
[        ] [        
]            ^^^^^^^^
[ +698 ms] [ +670 ms] input.json contents:
[        ]            {
[        ]              "assets": {},
[        ]              "config": {
[        ]                "build_asset_types": [
[        ]                  "code_assets/code"
[        ]                ],
[        ]                "extensions": {
[        ]                  "code_assets": {
[        ]                    "android": {
[        ]                      "target_ndk_api": 24
[        ]                    },
[        ]                    "c_compiler": {
[        ]                      "ar": "C:\\Users\\USER\\AppData\\Local\\Android\\sdk\\ndk\\28.2.13676358\\toolchains\\llvm\\prebuilt\\windows-x86_64\\bin\\llvm-ar.exe",
[        ]                      "cc": "C:\\Users\\USER\\AppData\\Local\\Android\\sdk\\ndk\\28.2.13676358\\toolchains\\llvm\\prebuilt\\windows-x86_64\\bin\\clang.exe",
[        ]                      "ld": "C:\\Users\\USER\\AppData\\Local\\Android\\sdk\\ndk\\28.2.13676358\\toolchains\\llvm\\prebuilt\\windows-x86_64\\bin\\ld.lld.exe"
[        ]                    },
[        ]                    "link_mode_preference": "dynamic",
[        ]                    "target_architecture": "x64",
[        ]                    "target_os": "android"
[        ]                  }
[        ]                },
[        ]                "linking_enabled": true
[        ]              },
[        ]              "out_dir_shared": "C:\\Users\\USER\\Desktop\\giga\\flota_mobile\\.dart_tool\\hooks_runner\\shared\\objective_c\\build\\",
[        ]              "out_file": "C:\\Users\\USER\\Desktop\\giga\\flota_mobile\\.dart_tool\\hooks_runner\\objective_c\\7c1e27e5393c45720827102e0618940e\\output.json",
[        ]              "package_name": "objective_c",
[        ]              "package_root": "C:\\Users\\USER\\AppData\\Local\\Pub\\Cache\\hosted\\pub.dev\\objective_c-9.2.2\\",
[        ]              "user_defines": {}
[        ]            }
[        ] [   +5 ms] Running `(cd C:\Users\USER\AppData\Local\Pub\Cache\hosted\pub.dev\objective_c-9.2.2\; PATH=C:\Program Files\Android\Android Studio\jbr\bin;C:\Program Files\Python312\Scripts\;C:\Program Files\Python312\;C:\WINDOWS\system32;C:\WINDOWS;C:\WINDOWS\System32\Wbem;C:\WINDOWS\System32\WindowsPowerShell\v1.0\;C:\WINDOWS\System32\OpenSSH\;C:\Program Files\nodejs\;C:\FlutterVersions\flutter\bin;C:\Program Files\cursor\resources\app\bin;C:\Program Files\Git\cmd;C:\Users\USER\AppData\Local\Microsoft\WindowsApps;C:\Users\USER\AppData\Local\Programs\Microsoft VS Code\bin;C:\Users\USER\AppData\Roaming\npm;C:\Users\USER\AppData\Local\Programs\Antigravity\bin;C:\tools\php;C:\FlutterVersions\flutter\bin\mingit\cmd;C:\FlutterVersions\flutter\bin\mingit\cmd PROGRAMDATA=C:\ProgramData SYSTEMDRIVE=C: SYSTEMROOT=C:\WINDOWS TEMP=C:\Users\USER\AppData\Local\Temp TMP=C:\Users\USER\AppData\Local\Temp USERPROFILE=C:\Users\USER WINDIR=C:\WINDOWS C:\FlutterVersions\flutter\bin\cache\dart-sdk\bin\dart --packages=C:\Users\USER\Desktop\giga\flota_mobile\.dart_tool\package_config.json C:\Users\USER\Desktop\giga\flota_mobile\.dart_tool\hooks_runner\objective_c\7c1e27e5393c45720827102e0618940e\hook.dill --config=C:\Users\USER\Desktop\giga\flota_mobile\.dart_tool\hooks_runner\objective_c\7c1e27e5393c45720827102e0618940e\input.json )`.
[ +283 ms] [ +295 
ms] lib/features/auth
/presentation/screens
/forgot_password_scre
en.dart:10:28: 
Error: Undefined 
name 'context'.
[        ] [   +1 
ms]     final theme 
= Theme.of(context);
[        ] [        
]                    
        ^^^^^^^
[        ] [        
] lib/features/auth/p
resentation/screens/f
orgot_password_screen
.dart:10:25: Error: 
Method invocation is 
not a constant 
expression.
[        ] [        
]     final theme = 
Theme.of(context);
[        ] [        
]                    
     ^^
[        ] [        
] lib/features/splash
/splash_screen.dart:2
4:28: Error: 
Undefined name 
'context'.
[        ] [        
]     final theme = 
Theme.of(context);
[        ] [        
]                    
        ^^^^^^^
[ +219 ms] [ +201 ms] output.json contents:
[   +2 ms]            {
[        ]              "assets_for_linking": {},
[        ]              "status": "success",
[        ]              "timestamp": "2026-01-20 22:31:07.000"
[        ]            }
[        ] [   +3 ms] Building native assets for android_arm, android_arm64, android_x64 done.
[        ] [   +6 ms] dart_build: Complete
[        ] [  +23 ms] install_code_assets: Starting due to {}
[        ] [  +19 ms] Writing native assets json to file:///C:/Users/USER/Desktop/giga/flota_mobile/.dart_tool/flutter_build/03c921e535f63f1250a66d64c9a7b3c7/native_assets.json.
[        ] [  +16 ms] Writing C:\Users\USER\Desktop\giga\flota_mobile\.dart_tool\flutter_build\03c921e535f63f1250a66d64c9a7b3c7\native_assets.json done.
[  +86 ms] [   +2 ms] install_code_assets: Complete
[+1090 ms] [+1095 
ms] lib/features/auth
/presentation/screens
/forgot_password_scre
en.dart:12:24: 
Error: Not a 
constant expression.
[        ] [        
]       
backgroundColor: them
e.scaffoldBackgroundC
olor,
[        ] [        
]                    
    ^^^^^
[        ] [        
] lib/features/auth/p
resentation/screens/f
orgot_password_screen
.dart:15:63: Error: 
Not a constant 
expression.
[        ] [        
]           icon: Ico
n(Icons.arrow_back_io
s_new_rounded, 
color: theme.colorSch
eme.onBackground),
[        ] [        
]                    
                     
                     
 ^^^^^
[        ] [        
] lib/features/auth/p
resentation/screens/f
orgot_password_screen
.dart:15:69: Error: 
Not a constant 
expression.
[        ] [        
]           icon: Ico
n(Icons.arrow_back_io
s_new_rounded, 
color: theme.colorSch
eme.onBackground),
[        ] [        
]                    
                     
                     
       ^^^^^^^^^^^
[        ] [        
] lib/features/auth/p
resentation/screens/f
orgot_password_screen
.dart:15:17: Error: 
Constant expression 
expected.
[        ] [        
] Try inserting 
'const'.
[        ] [        
]           icon: Ico
n(Icons.arrow_back_io
s_new_rounded, 
color: theme.colorSch
eme.onBackground),
[        ] [        
]                 
^^^^
[   +1 ms] [        
] lib/features/auth/p
resentation/screens/f
orgot_password_screen
.dart:16:28: Error: 
Undefined name 
'context'.
[        ] [        
]           
onPressed: () => 
context.pop(),
[        ] [        
]                    
        ^^^^^^^
[        ] [        
] lib/features/auth/p
resentation/screens/f
orgot_password_screen
.dart:16:36: Error: 
Method invocation is 
not a constant 
expression.
[        ] [        
]           
onPressed: () => 
context.pop(),
[        ] [        
]                    
                ^^^
[        ] [        
] lib/features/auth/p
resentation/screens/f
orgot_password_screen
.dart:16:22: Error: 
Not a constant 
expression.
[        ] [        
]           
onPressed: () => 
context.pop(),
[        ] [        
]                    
  ^^
[        ] [        
] lib/features/auth/p
resentation/screens/f
orgot_password_screen
.dart:14:18: Error: 
Constant expression 
expected.
[        ] [        
] Try inserting 
'const'.
[        ] [        
]         leading: 
IconButton(
[        ] [        
]                  
^^^^^^^^^^
[        ] [        
] lib/features/auth/p
resentation/screens/f
orgot_password_screen
.dart:13:15: Error: 
Constant expression 
expected.
[        ] [        
] Try inserting 
'const'.
[        ] [        
]       appBar: 
AppBar(
[        ] [        
]               
^^^^^^
[        ] [        
] lib/features/auth/p
resentation/screens/f
orgot_password_screen
.dart:13:15: Error: 
Cannot invoke a 
non-'const' 
constructor where a 
const expression is 
expected.
[        ] [        
] Try using a 
constructor or 
factory that is 
'const'.
[        ] [        
]       appBar: 
AppBar(
[        ] [        
]               
^^^^^^
[        ] [        
] lib/features/auth/p
resentation/screens/f
orgot_password_screen
.dart:29:28: Error: 
Not a constant 
expression.
[        ] [        
]                    
 color: theme.primary
Color.withOpacity(0.0
5),
[        ] [        
]                    
        ^^^^^
[        ] [        
] lib/features/auth/p
resentation/screens/f
orgot_password_screen
.dart:29:47: Error: 
Method invocation is 
not a constant 
expression.
[        ] [        
]                    
 color: theme.primary
Color.withOpacity(0.0
5),
[        ] [        
]                    
                     
      ^^^^^^^^^^^
[        ] [        
] lib/features/auth/p
resentation/screens/f
orgot_password_screen
.dart:31:47: Error: 
Not a constant 
expression.
[        ] [        
]                    
 border: 
Border.all(color: the
me.primaryColor.withO
pacity(0.1)),
[        ] [        
]                    
                     
      ^^^^^
[        ] [        
] lib/features/auth/p
resentation/screens/f
orgot_password_screen
.dart:31:66: Error: 
Method invocation is 
not a constant 
expression.
[        ] [        
]                    
 border: 
Border.all(color: the
me.primaryColor.withO
pacity(0.1)),
[        ] [        
]                    
                     
                     
    ^^^^^^^^^^^
[        ] [        
] lib/features/auth/p
resentation/screens/f
orgot_password_screen
.dart:31:36: Error: 
Constant expression 
expected.
[        ] [        
] Try inserting 
'const'.
[        ] [        
]                    
 border: 
Border.all(color: the
me.primaryColor.withO
pacity(0.1)),
[        ] [   +1 
ms]                  
                  ^^^
[        ] [        
] lib/features/auth/p
resentation/screens/f
orgot_password_screen
.dart:31:36: Error: 
Cannot invoke a 
non-'const' factory 
where a const 
expression is 
expected.
[        ] [        
] Try using a 
constructor or 
factory that is 
'const'.
[        ] [        
]                    
 border: 
Border.all(color: the
me.primaryColor.withO
pacity(0.1)),
[        ] [        
]                    
                ^^^
[        ] [        
] lib/features/auth/p
resentation/screens/f
orgot_password_screen
.dart:28:31: Error: 
Constant expression 
expected.
[        ] [        
] Try inserting 
'const'.
[        ] [        
]                   
decoration: 
BoxDecoration(
[        ] [        
]                    
           
^^^^^^^^^^^^^
[        ] [        
] lib/features/auth/p
resentation/screens/f
orgot_password_screen
.dart:36:28: Error: 
Not a constant 
expression.
[        ] [        
]                    
 color: 
theme.primaryColor,
[        ] [        
]                    
        ^^^^^
[        ] [        
] lib/features/auth/p
resentation/screens/f
orgot_password_screen
.dart:33:26: Error: 
Constant expression 
expected.
[        ] [        
] Try inserting 
'const'.
[        ] [        
]                   
child: Icon(
[        ] [        
]                    
      ^^^^
[        ] [        
] lib/features/auth/p
resentation/screens/f
orgot_password_screen
.dart:26:24: Error: 
Constant expression 
expected.
[        ] [        
] Try inserting 
'const'.
[        ] [        
]                 
child: Container(
[        ] [        
]                    
    ^^^^^^^^^
[        ] [        
] lib/features/auth/p
resentation/screens/f
orgot_password_screen
.dart:26:24: Error: 
Cannot invoke a 
non-'const' 
constructor where a 
const expression is 
expected.
[        ] [        
] Try using a 
constructor or 
factory that is 
'const'.
[        ] [        
]                 
child: Container(
[   +1 ms] [        
]                    
    ^^^^^^^^^
[        ] [        
] lib/features/auth/p
resentation/screens/f
orgot_password_screen
.dart:25:15: Error: 
Constant expression 
expected.
[        ] [        
] Try inserting 
'const'.
[        ] [        
]               
FadeInDown(
[        ] [        
]               
^^^^^^^^^^
[        ] [        
] lib/features/auth/p
resentation/screens/f
orgot_password_screen
.dart:25:15: Error: 
Cannot invoke a 
non-'const' 
constructor where a 
const expression is 
expected.
[        ] [        
] Try using a 
constructor or 
factory that is 
'const'.
[        ] [        
]               
FadeInDown(
[        ] [        
]               
^^^^^^^^^^
[        ] [        
] lib/features/auth/p
resentation/screens/f
orgot_password_screen
.dart:48:28: Error: 
Not a constant 
expression.
[        ] [        
]                    
 color: theme.colorSc
heme.onBackground,
[        ] [        
]                    
        ^^^^^
[        ] [        
] lib/features/auth/p
resentation/screens/f
orgot_password_screen
.dart:48:34: Error: 
Not a constant 
expression.
[        ] [        
]                    
 color: theme.colorSc
heme.onBackground,
[        ] [        
]                    
              
^^^^^^^^^^^
[        ] [        
] lib/features/auth/p
resentation/screens/f
orgot_password_screen
.dart:45:38: Error: 
Method invocation is 
not a constant 
expression.
[        ] [        
]                   
style: 
GoogleFonts.outfit(
[        ] [        
]                    
                  
^^^^^^
[        ] [        
] lib/features/auth/p
resentation/screens/f
orgot_password_screen
.dart:43:24: Error: 
Constant expression 
expected.
[        ] [        
] Try inserting 
'const'.
[        ] [        
]                 
child: Text(
[        ] [        
]                    
    ^^^^
[        ] [        
] lib/features/auth/p
resentation/screens/f
orgot_password_screen
.dart:41:15: Error: 
Constant expression 
expected.
[        ] [        
] Try inserting 
'const'.
[        ] [        
]               
FadeInDown(
[        ] [        
]               
^^^^^^^^^^
[        ] [        
] lib/features/auth/p
resentation/screens/f
orgot_password_screen
.dart:41:15: Error: 
Cannot invoke a 
non-'const' 
constructor where a 
const expression is 
expected.
[        ] [        
] Try using a 
constructor or 
factory that is 
'const'.
[        ] [        
]               
FadeInDown(
[        ] [        
]               
^^^^^^^^^^
[        ] [        
] lib/features/auth/p
resentation/screens/f
orgot_password_screen
.dart:59:28: Error: 
Not a constant 
expression.
[        ] [        
]                    
 color: theme.colorSc
heme.onBackground.wit
hOpacity(0.6),
[        ] [        
]                    
        ^^^^^
[        ] [        
] lib/features/auth/p
resentation/screens/f
orgot_password_screen
.dart:59:34: Error: 
Not a constant 
expression.
[        ] [        
]                    
 color: theme.colorSc
heme.onBackground.wit
hOpacity(0.6),
[        ] [        
]                    
              
^^^^^^^^^^^
[        ] [        
] lib/features/auth/p
resentation/screens/f
orgot_password_screen
.dart:59:59: Error: 
Method invocation is 
not a constant 
expression.
[        ] [        
]                    
 color: theme.colorSc
heme.onBackground.wit
hOpacity(0.6),
[        ] [        
]                    
                     
                  
^^^^^^^^^^^
[        ] [        
] lib/features/auth/p
resentation/screens/f
orgot_password_screen
.dart:58:26: Error: 
Constant expression 
expected.
[        ] [   +7 
ms] Try inserting 
'const'.
[        ] [        
]                   
style: TextStyle(
[        ] [        
]                    
      ^^^^^^^^^
[        ] [        
] lib/features/auth/p
resentation/screens/f
orgot_password_screen
.dart:56:24: Error: 
Constant expression 
expected.
[        ] [        
] Try inserting 
'const'.
[        ] [        
]                 
child: Text(
[        ] [        
]                    
    ^^^^
[        ] [        
] lib/features/auth/p
resentation/screens/f
orgot_password_screen
.dart:54:15: Error: 
Constant expression 
expected.
[        ] [        
] Try inserting 
'const'.
[        ] [        
]               
FadeInDown(
[        ] [        
]               
^^^^^^^^^^
[        ] [        
] lib/features/auth/p
resentation/screens/f
orgot_password_screen
.dart:54:15: Error: 
Cannot invoke a 
non-'const' 
constructor where a 
const expression is 
expected.
[        ] [        
] Try using a 
constructor or 
factory that is 
'const'.
[        ] [        
]               
FadeInDown(
[        ] [        
]               
^^^^^^^^^^
[        ] [        
] lib/features/auth/p
resentation/screens/f
orgot_password_screen
.dart:69:43: Error: 
Not a constant 
expression.
[        ] [        
]                   
style: 
TextStyle(color: them
e.colorScheme.onBackg
round),
[        ] [        
]                    
                     
  ^^^^^
[        ] [        
] lib/features/auth/p
resentation/screens/f
orgot_password_screen
.dart:69:49: Error: 
Not a constant 
expression.
[        ] [        
]                   
style: 
TextStyle(color: them
e.colorScheme.onBackg
round),
[        ] [        
]                    
                     
        ^^^^^^^^^^^
[        ] [        
] lib/features/auth/p
resentation/screens/f
orgot_password_screen
.dart:69:26: Error: 
Constant expression 
expected.
[        ] [        
] Try inserting 
'const'.
[        ] [        
]                   
style: 
TextStyle(color: them
e.colorScheme.onBackg
round),
[        ] [        
]                    
      ^^^^^^^^^
[        ] [        
] lib/features/auth/p
resentation/screens/f
orgot_password_screen
.dart:68:24: Error: 
Constant expression 
expected.
[        ] [        
] Try inserting 
'const'.
[        ] [        
]                 
child: TextFormField(
[        ] [        
]                    
    ^^^^^^^^^^^^^
[        ] [        
] lib/features/auth/p
resentation/screens/f
orgot_password_screen
.dart:68:24: Error: 
Cannot invoke a 
non-'const' 
constructor where a 
const expression is 
expected.
[        ] [        
] Try using a 
constructor or 
factory that is 
'const'.
[        ] [        
]                 
child: TextFormField(
[        ] [        
]                    
    ^^^^^^^^^^^^^
[        ] [        
] lib/features/auth/p
resentation/screens/f
orgot_password_screen
.dart:66:15: Error: 
Constant expression 
expected.
[        ] [        
] Try inserting 
'const'.
[        ] [        
]               
FadeInUp(
[        ] [        
]               
^^^^^^^^
[        ] [        
] lib/features/auth/p
resentation/screens/f
orgot_password_screen
.dart:66:15: Error: 
Cannot invoke a 
non-'const' 
constructor where a 
const expression is 
expected.
[        ] [        
] Try using a 
constructor or 
factory that is 
'const'.
[        ] [        
]               
FadeInUp(
[        ] [        
]               
^^^^^^^^
[        ] [        
] lib/features/auth/p
resentation/screens/f
orgot_password_screen
.dart:85:44: Error: 
Undefined name 
'context'.
[        ] [        
]                    
   ScaffoldMessenger.
of(context).showSnack
Bar(
[        ] [        
]                    
                     
   ^^^^^^^
[        ] [   +2 
ms] lib/features/auth
/presentation/screens
/forgot_password_scre
en.dart:85:41: 
Error: Method 
invocation is not a 
constant expression.
[        ] [        
]                    
   ScaffoldMessenger.
of(context).showSnack
Bar(
[        ] [        
]                    
                     
^^
[        ] [        
] lib/features/auth/p
resentation/screens/f
orgot_password_screen
.dart:85:53: Error: 
Method invocation is 
not a constant 
expression.
[        ] [        
]                    
   ScaffoldMessenger.
of(context).showSnack
Bar(
[        ] [        
]                    
                     
            
^^^^^^^^^^^^
[        ] [        
] lib/features/auth/p
resentation/screens/f
orgot_password_screen
.dart:88:23: Error: 
Undefined name 
'context'.
[        ] [        
]                    
   context.pop();
[        ] [        
]                    
   ^^^^^^^
[        ] [        
] lib/features/auth/p
resentation/screens/f
orgot_password_screen
.dart:88:31: Error: 
Method invocation is 
not a constant 
expression.
[        ] [        
]                    
   context.pop();
[        ] [        
]                    
           ^^^
[        ] [        
] lib/features/auth/p
resentation/screens/f
orgot_password_screen
.dart:83:32: Error: 
Not a constant 
expression.
[        ] [        
]                    
 onPressed: () {
[        ] [        
]                    
            ^^
[        ] [        
] lib/features/auth/p
resentation/screens/f
orgot_password_screen
.dart:91:40: Error: 
Not a constant 
expression.
[        ] [   +1 
ms]                  
     
backgroundColor: 
theme.primaryColor,
[        ] [        
]                    
                    
^^^^^
[        ] [        
] lib/features/auth/p
resentation/screens/f
orgot_password_screen
.dart:94:36: Error: 
Not a constant 
expression.
[        ] [        
]                    
   shadowColor: theme
.primaryColor.withOpa
city(0.3),
[        ] [        
]                    
                ^^^^^
[        ] [        
] lib/features/auth/p
resentation/screens/f
orgot_password_screen
.dart:94:55: Error: 
Method invocation is 
not a constant 
expression.
[        ] [        
]                    
   shadowColor: theme
.primaryColor.withOpa
city(0.3),
[        ] [        
]                    
                     
              
^^^^^^^^^^^
[        ] [        
] lib/features/auth/p
resentation/screens/f
orgot_password_screen
.dart:90:43: Error: 
Method invocation is 
not a constant 
expression.
[        ] [        
]                    
 style: ElevatedButto
n.styleFrom(
[        ] [        
]                    
                     
  ^^^^^^^^^
[        ] [        
] lib/features/auth/p
resentation/screens/f
orgot_password_screen
.dart:82:26: Error: 
Constant expression 
expected.
[        ] [        
] Try inserting 
'const'.
[        ] [        
]                   
child: 
ElevatedButton(
[        ] [        
]                    
      ^^^^^^^^^^^^^^
[        ] [        
] lib/features/auth/p
resentation/screens/f
orgot_password_screen
.dart:80:24: Error: 
Constant expression 
expected.
[        ] [        
] Try inserting 
'const'.
[        ] [        
]                 
child: SizedBox(
[        ] [        
]                    
    ^^^^^^^^
[        ] [        
] lib/features/auth/p
resentation/screens/f
orgot_password_screen
.dart:78:15: Error: 
Constant expression 
expected.
[        ] [        
] Try inserting 
'const'.
[        ] [        
]               
FadeInUp(
[        ] [        
]               
^^^^^^^^
[        ] [        
] lib/features/auth/p
resentation/screens/f
orgot_password_screen
.dart:78:15: Error: 
Cannot invoke a 
non-'const' 
constructor where a 
const expression is 
expected.
[        ] [        
] Try using a 
constructor or 
factory that is 
'const'.
[        ] [        
]               
FadeInUp(
[        ] [        
]               
^^^^^^^^
[        ] [        
] lib/features/auth/p
resentation/screens/f
orgot_password_screen
.dart:24:23: Error: 
Constant expression 
expected.
[        ] [        
] Try inserting 
'const'.
[        ] [        
]             
children: [
[        ] [        
]                    
   ^
[        ] [        
] lib/features/auth/p
resentation/screens/f
orgot_password_screen
.dart:22:18: Error: 
Constant expression 
expected.
[        ] [        
] Try inserting 
'const'.
[        ] [        
]           child: 
Column(
[        ] [        
]                  
^^^^^^
[        ] [        
] lib/features/auth/p
resentation/screens/f
orgot_password_screen
.dart:20:16: Error: 
Constant expression 
expected.
[        ] [        
] Try inserting 
'const'.
[        ] [        
]         child: Sing
leChildScrollView(
[        ] [        
]                
^^^^^^^^^^^^^^^^^^^^^
[        ] [        
] lib/features/auth/p
resentation/screens/f
orgot_password_screen
.dart:19:13: Error: 
Constant expression 
expected.
[        ] [        
] Try inserting 
'const'.
[   +1 ms] [        
]       body: 
SafeArea(
[        ] [        
]             
^^^^^^^^
[        ] [        
] lib/features/splash
/splash_screen.dart:2
6:24: Error: Not a 
constant expression.
[        ] [        
]       
backgroundColor: them
e.scaffoldBackgroundC
olor,
[        ] [        
]                    
    ^^^^^
[        ] [        
] lib/features/splash
/splash_screen.dart:4
0:30: Error: Not a 
constant expression.
[        ] [        
]                    
   color: theme.prima
ryColor.withOpacity(0
.1),
[        ] [        
]                    
          ^^^^^
[        ] [        
] lib/features/splash
/splash_screen.dart:4
0:49: Error: Method 
invocation is not a 
constant expression.
[        ] [        
]                    
   color: theme.prima
ryColor.withOpacity(0
.1),
[        ] [        
]                    
                     
        ^^^^^^^^^^^
[        ] [        
] lib/features/splash
/splash_screen.dart:3
9:21: Error: 
Constant expression 
expected.
[        ] [        
] Try inserting 
'const'.
[        ] [        
]                    
 BoxShadow(
[        ] [        
]                    
 ^^^^^^^^^
[        ] [   +1 
ms] lib/features/spla
sh/splash_screen.dart
:38:30: Error: 
Constant expression 
expected.
[        ] [        
] Try inserting 
'const'.
[        ] [        
]                   
boxShadow: [
[        ] [        
]                    
          ^
[        ] [        
] lib/features/splash
/splash_screen.dart:3
5:29: Error: 
Constant expression 
expected.
[        ] [        
] Try inserting 
'const'.
[        ] [        
]                 
decoration: 
BoxDecoration(
[        ] [        
]                    
         
^^^^^^^^^^^^^
[        ] [        
] lib/features/splash
/splash_screen.dart:4
6:30: Error: 
Constant expression 
expected.
[        ] [        
] Try inserting 
'const'.
[        ] [        
]                 
child: Image.asset(
[        ] [        
]                    
          ^^^^^
[        ] [        
] lib/features/splash
/splash_screen.dart:4
6:30: Error: Cannot 
invoke a non-'const' 
constructor where a 
const expression is 
expected.
[        ] [        
] Try using a 
constructor or 
factory that is 
'const'.
[        ] [        
]                 
child: Image.asset(
[        ] [        
]                    
          ^^^^^
[        ] [        
] lib/features/splash
/splash_screen.dart:3
3:22: Error: 
Constant expression 
expected.
[        ] [        
] Try inserting 
'const'.
[        ] [        
]               
child: Container(
[        ] [        
]                    
  ^^^^^^^^^
[        ] [        
] lib/features/splash
/splash_screen.dart:3
3:22: Error: Cannot 
invoke a non-'const' 
constructor where a 
const expression is 
expected.
[        ] [        
] Try using a 
constructor or 
factory that is 
'const'.
[        ] [        
]               
child: Container(
[        ] [        
]                    
  ^^^^^^^^^
[        ] [        
] lib/features/splash
/splash_screen.dart:3
1:13: Error: 
Constant expression 
expected.
[        ] [        
] Try inserting 
'const'.
[        ] [        
]             ZoomIn(
[        ] [        
]             ^^^^^^
[        ] [        
] lib/features/splash
/splash_screen.dart:3
1:13: Error: Cannot 
invoke a non-'const' 
constructor where a 
const expression is 
expected.
[        ] [        
] Try using a 
constructor or 
factory that is 
'const'.
[        ] [        
]             ZoomIn(
[        ] [        
]             ^^^^^^
[        ] [        
] lib/features/splash
/splash_screen.dart:5
8:24: Error: Not a 
constant expression.
[        ] [        
]                 
style: theme.textThem
e.displayLarge?.copyW
ith(
[        ] [        
]                    
    ^^^^^
[        ] [        
] lib/features/splash
/splash_screen.dart:5
8:30: Error: Not a 
constant expression.
[        ] [        
]                 
style: theme.textThem
e.displayLarge?.copyW
ith(
[        ] [        
]                    
          ^^^^^^^^^
[        ] [        
] lib/features/splash
/splash_screen.dart:6
1:26: Error: Not a 
constant expression.
[        ] [        
]                   
color: theme.colorSch
eme.primary,
[        ] [        
]                    
      ^^^^^
[        ] [        
] lib/features/splash
/splash_screen.dart:6
1:32: Error: Not a 
constant expression.
[        ] [        
]                   
color: theme.colorSch
eme.primary,
[        ] [        
]                    
            
^^^^^^^^^^^
[        ] [        
] lib/features/splash
/splash_screen.dart:5
8:54: Error: Method 
invocation is not a 
constant expression.
[        ] [        
]                 
style: theme.textThem
e.displayLarge?.copyW
ith(
[        ] [        
]                    
                     
             ^^^^^^^^
[        ] [        
] lib/features/splash
/splash_screen.dart:5
6:22: Error: 
Constant expression 
expected.
[        ] [        
] Try inserting 
'const'.
[        ] [        
]               
child: Text(
[        ] [        
]                    
  ^^^^
[        ] [        
] lib/features/splash
/splash_screen.dart:5
4:13: Error: 
Constant expression 
expected.
[        ] [        
] Try inserting 
'const'.
[        ] [        
]             
FadeInUp(
[        ] [        
]             
^^^^^^^^
[        ] [        
] lib/features/splash
/splash_screen.dart:5
4:13: Error: Cannot 
invoke a non-'const' 
constructor where a 
const expression is 
expected.
[        ] [        
] Try using a 
constructor or 
factory that is 
'const'.
[        ] [        
]             
FadeInUp(
[        ] [   +1 
ms]             
^^^^^^^^
[        ] [        
] lib/features/splash
/splash_screen.dart:7
0:24: Error: Not a 
constant expression.
[        ] [        
]                 
style: theme.textThem
e.labelLarge?.copyWit
h(
[        ] [        
]                    
    ^^^^^
[        ] [        
] lib/features/splash
/splash_screen.dart:7
0:30: Error: Not a 
constant expression.
[        ] [        
]                 
style: theme.textThem
e.labelLarge?.copyWit
h(
[        ] [        
]                    
          ^^^^^^^^^
[        ] [        
] lib/features/splash
/splash_screen.dart:7
1:26: Error: Not a 
constant expression.
[        ] [        
]                   
color: theme.colorSch
eme.onBackground.with
Opacity(0.6),
[        ] [        
]                    
      ^^^^^
[        ] [        
] lib/features/splash
/splash_screen.dart:7
1:32: Error: Not a 
constant expression.
[        ] [        
]                   
color: theme.colorSch
eme.onBackground.with
Opacity(0.6),
[        ] [        
]                    
            
^^^^^^^^^^^
[        ] [        
] lib/features/splash
/splash_screen.dart:7
1:57: Error: Method 
invocation is not a 
constant expression.
[        ] [        
]                   
color: theme.colorSch
eme.onBackground.with
Opacity(0.6),
[        ] [        
]                    
                     
                
^^^^^^^^^^^
[        ] [        
] lib/features/splash
/splash_screen.dart:7
0:52: Error: Method 
invocation is not a 
constant expression.
[        ] [        
]                 
style: theme.textThem
e.labelLarge?.copyWit
h(
[        ] [        
]                    
                     
           ^^^^^^^^
[        ] [        
] lib/features/splash
/splash_screen.dart:6
8:22: Error: 
Constant expression 
expected.
[        ] [        
] Try inserting 
'const'.
[        ] [   +2 
ms]               
child: Text(
[        ] [        
]                    
  ^^^^
[        ] [        
] lib/features/splash
/splash_screen.dart:6
6:13: Error: 
Constant expression 
expected.
[  +28 ms] [   +2 
ms] Try inserting 
'const'.
[        ] [        
]             
FadeInUp(
[        ] [   +2 
ms]             
^^^^^^^^
[        ] [   +1 
ms] lib/features/spla
sh/splash_screen.dart
:66:13: Error: 
Cannot invoke a 
non-'const' 
constructor where a 
const expression is 
expected.
[        ] [        
] Try using a 
constructor or 
factory that is 
'const'.
[        ] [   +2 
ms]             
FadeInUp(
[        ] [   +1 
ms]             
^^^^^^^^
[        ] [        
] lib/features/splash
/splash_screen.dart:3
0:21: Error: 
Constant expression 
expected.
[        ] [        
] Try inserting 
'const'.
[        ] [        
]           
children: [
[        ] [        
]                    
 ^
[        ] [        
] lib/features/splash
/splash_screen.dart:2
8:16: Error: 
Constant expression 
expected.
[        ] [        
] Try inserting 
'const'.
[        ] [        
]         child: 
Column(
[        ] [        
]                
^^^^^^
[        ] [        
] lib/features/splash
/splash_screen.dart:2
7:13: Error: 
Constant expression 
expected.
[        ] [        
] Try inserting 
'const'.
[        ] [        
]       body: Center(
[        ] [        
]             ^^^^^^
[ +893 ms] [ +904 
ms] lib/features/onbo
arding/onboarding_scr
een.dart:170:9: 
Error: The method 
'FadeInDown' isn't 
defined for the type 
'_OnboardingContent'.
[        ] [        
]  - 
'_OnboardingContent' 
is from 'package:flot
a_mobile/features/onb
oarding/onboarding_sc
reen.dart' ('lib/feat
ures/onboarding/onboa
rding_screen.dart').
[        ] [        
] Try correcting the 
name to the name of 
an existing method, 
or defining a method 
named 'FadeInDown'.
[        ] [        
]         FadeInDown(
[        ] [        
]         ^^^^^^^^^^
[        ] [        
] lib/features/onboar
ding/onboarding_scree
n.dart:185:9: Error: 
The method 
'FadeInUp' isn't 
defined for the type 
'_OnboardingContent'.
[        ] [        
]  - 
'_OnboardingContent' 
is from 'package:flot
a_mobile/features/onb
oarding/onboarding_sc
reen.dart' ('lib/feat
ures/onboarding/onboa
rding_screen.dart').
[        ] [        
] Try correcting the 
name to the name of 
an existing method, 
or defining a method 
named 'FadeInUp'.
[        ] [        
]         FadeInUp(
[        ] [        
]         ^^^^^^^^
[        ] [        
] lib/features/onboar
ding/onboarding_scree
n.dart:199:9: Error: 
The method 
'FadeInUp' isn't 
defined for the type 
'_OnboardingContent'.
[        ] [        
]  - 
'_OnboardingContent' 
is from 'package:flot
a_mobile/features/onb
oarding/onboarding_sc
reen.dart' ('lib/feat
ures/onboarding/onboa
rding_screen.dart').
[        ] [        
] Try correcting the 
name to the name of 
an existing method, 
or defining a method 
named 'FadeInUp'.
[        ] [        
]         FadeInUp(
[        ] [        
]         ^^^^^^^^
[+7202 ms] [+7185 
ms] lib/features/auth
/presentation/screens
/forgot_password_scre
en.dart:24:23: 
Error: Non-constant 
list literal is not 
a constant 
expression.
[        ] [        
]             
children: [
[        ] [        
]                    
   ^
[        ] [        
] lib/features/splash
/splash_screen.dart:3
0:21: Error: 
Non-constant list 
literal is not a 
constant expression.
[        ] [        
]           
children: [
[        ] [        
]                    
 ^
[+4499 ms] [+4527 ms] Persisting file store
[        ] [   +2 ms] Done persisting file store
[        ] [   +4 
ms] Target kernel_sna
pshot_program 
failed: Exception
[        ]           
 #0      
KernelSnapshot.build 
(package:flutter_tool
s/src/build_system/ta
rgets/common.dart:289
:7)
[        ]           
 <asynchronous 
suspension>
[        ]           
 #1      _BuildInstan
ce._invokeInternal (p
ackage:flutter_tools/
src/build_system/buil
d_system.dart:895:9)
[        ]           
 <asynchronous 
suspension>
[        ]           
 #2      Future.wait.
<anonymous closure> (
dart:async/future.dar
t:546:21)
[        ]           
 <asynchronous 
suspension>
[        ]           
 #3      _BuildInstan
ce.invokeTarget (pack
age:flutter_tools/src
/build_system/build_s
ystem.dart:833:32)
[        ]           
 <asynchronous 
suspension>
[        ]           
 #4      Future.wait.
<anonymous closure> (
dart:async/future.dar
t:546:21)
[        ]           
 <asynchronous 
suspension>
[        ]           
 #5      _BuildInstan
ce.invokeTarget (pack
age:flutter_tools/src
/build_system/build_s
ystem.dart:833:32)
[        ]           
 <asynchronous 
suspension>
[        ]           
 #6      Future.wait.
<anonymous closure> (
dart:async/future.dar
t:546:21)
[        ]           
 <asynchronous 
suspension>
[        ]           
 #7      _BuildInstan
ce.invokeTarget (pack
age:flutter_tools/src
/build_system/build_s
ystem.dart:833:32)
[        ]           
 <asynchronous 
suspension>
[        ]           
 #8      FlutterBuild
System.build (package
:flutter_tools/src/bu
ild_system/build_syst
em.dart:653:16)
[        ]           
 <asynchronous 
suspension>
[        ]           
 #9      AssembleComm
and.runCommand (packa
ge:flutter_tools/src/
commands/assemble.dar
t:361:32)
[        ]           
 <asynchronous 
suspension>
[        ]           
 #10     FlutterComma
nd.run.<anonymous 
closure> (package:flu
tter_tools/src/runner
/flutter_command.dart
:1559:27)
[        ]           
 <asynchronous 
suspension>
[        ]           
 #11     AppContext.r
un.<anonymous 
closure> (package:flu
tter_tools/src/base/c
ontext.dart:154:19)
[        ]           
 <asynchronous 
suspension>
[        ]           
 #12     CommandRunne
r.runCommand (package
:args/command_runner.
dart:212:13)
[        ]           
 <asynchronous 
suspension>
[        ]           
 #13     FlutterComma
ndRunner.runCommand.<
anonymous closure> (p
ackage:flutter_tools/
src/runner/flutter_co
mmand_runner.dart:487
:9)
[        ]           
 <asynchronous 
suspension>
[        ]           
 #14     AppContext.r
un.<anonymous 
closure> (package:flu
tter_tools/src/base/c
ontext.dart:154:19)
[        ]           
 <asynchronous 
suspension>
[        ]           
 #15     FlutterComma
ndRunner.runCommand (
package:flutter_tools
/src/runner/flutter_c
ommand_runner.dart:42
2:5)
[        ]           
 <asynchronous 
suspension>
[        ]           
 #16     
run.<anonymous 
closure>.<anonymous 
closure> (package:flu
tter_tools/runner.dar
t:104:11)
[        ]           
 <asynchronous 
suspension>
[        ]           
 #17     AppContext.r
un.<anonymous 
closure> (package:flu
tter_tools/src/base/c
ontext.dart:154:19)
[        ]           
 <asynchronous 
suspension>
[        ]           
 #18     main (packag
e:flutter_tools/execu
table.dart:103:3)
[        ]           
 <asynchronous 
suspension>
[        ] [  +13 ms] "flutter assemble" took 24,925ms.
[  +83 ms] [  +73 
ms] 
[        ]           
 #0      
throwToolExit (packag
e:flutter_tools/src/b
ase/common.dart:34:3)
[        ]           
 #1      AssembleComm
and.runCommand (packa
ge:flutter_tools/src/
commands/assemble.dar
t:379:7)
[        ]           
 <asynchronous 
suspension>
[        ] [        ] Running 1 shutdown hook
[        ] [   +5 ms] Shutdown hooks complete
[        ] [        ] exiting with code 1
[        ] > Task :app:compileFlutterBuildRelease FAILED
[   +2 ms]           
 #2      FlutterComma
nd.run.<anonymous 
closure> (package:flu
tter_tools/src/runner
/flutter_command.dart
:1559:27)
[        ]           
 <asynchronous 
suspension>
[        ]           
 #3      AppContext.r
un.<anonymous 
closure> (package:flu
tter_tools/src/base/c
ontext.dart:154:19)
[        ]           
 <asynchronous 
suspension>
[        ]           
 #4      CommandRunne
r.runCommand (package
:args/command_runner.
dart:212:13)
[        ]           
 <asynchronous 
suspension>
[        ]           
 #5      FlutterComma
ndRunner.runCommand.<
anonymous closure> (p
ackage:flutter_tools/
src/runner/flutter_co
mmand_runner.dart:487
:9)
[        ]           
 <asynchronous 
suspension>
[        ]           
 #6      AppContext.r
un.<anonymous 
closure> (package:flu
tter_tools/src/base/c
ontext.dart:154:19)
[        ]           
 <asynchronous 
suspension>
[        ]           
 #7      FlutterComma
ndRunner.runCommand (
package:flutter_tools
/src/runner/flutter_c
ommand_runner.dart:42
2:5)
[        ]           
 <asynchronous 
suspension>
[        ]           
 #8      
run.<anonymous 
closure>.<anonymous 
closure> (package:flu
tter_tools/runner.dar
t:104:11)
[        ]           
 <asynchronous 
suspension>
[        ]           
 #9      AppContext.r
un.<anonymous 
closure> (package:flu
tter_tools/src/base/c
ontext.dart:154:19)
[        ]           
 <asynchronous 
suspension>
[        ]           
 #10     main (packag
e:flutter_tools/execu
table.dart:103:3)
[        ]           
 <asynchronous 
suspension>
[ +699 ms] FAILURE: 
Build failed with an 
exception.
[        ] * What 
went wrong:
[        ] Execution 
failed for task ':app
:compileFlutterBuildR
elease'.
[        ] > Process 
'command 'C:\FlutterV
ersions\flutter\bin\f
lutter.bat'' 
finished with 
non-zero exit value 1
[        ] * Try:
[        ] > Run 
with --debug option 
to get more log 
output.
[        ] > Run 
with --scan to get 
full insights.
[        ] > Get 
more help at https://
help.gradle.org.
[        ] * 
Exception is:
[        ] org.gradle
.api.tasks.TaskExecut
ionException: 
Execution failed for 
task ':app:compileFlu
tterBuildRelease'.
[        ] 	at org.gr
adle.api.internal.tas
ks.execution.ExecuteA
ctionsTaskExecuter.la
mbda$executeIfValid$1
(ExecuteActionsTaskEx
ecuter.java:148)
[        ] 	at org.gr
adle.internal.Try$Fai
lure.ifSuccessfulOrEl
se(Try.java:282)
[        ] 	at org.gr
adle.api.internal.tas
ks.execution.ExecuteA
ctionsTaskExecuter.ex
ecuteIfValid(ExecuteA
ctionsTaskExecuter.ja
va:146)
[        ] 	at org.gr
adle.api.internal.tas
ks.execution.ExecuteA
ctionsTaskExecuter.ex
ecute(ExecuteActionsT
askExecuter.java:134)
[        ] 	at org.gr
adle.api.internal.tas
ks.execution.Finalize
PropertiesTaskExecute
r.execute(FinalizePro
pertiesTaskExecuter.j
ava:46)
[        ] 	at org.gr
adle.api.internal.tas
ks.execution.ResolveT
askExecutionModeExecu
ter.execute(ResolveTa
skExecutionModeExecut
er.java:51)
[        ] 	at org.gr
adle.api.internal.tas
ks.execution.SkipTask
WithNoActionsExecuter
.execute(SkipTaskWith
NoActionsExecuter.jav
a:57)
[        ] 	at org.gr
adle.api.internal.tas
ks.execution.SkipOnly
IfTaskExecuter.execut
e(SkipOnlyIfTaskExecu
ter.java:74)
[        ] 	at org.gr
adle.api.internal.tas
ks.execution.CatchExc
eptionTaskExecuter.ex
ecute(CatchExceptionT
askExecuter.java:36)
[        ] 	at org.gr
adle.api.internal.tas
ks.execution.EventFir
ingTaskExecuter$1.exe
cuteTask(EventFiringT
askExecuter.java:77)
[        ] 	at org.gr
adle.api.internal.tas
ks.execution.EventFir
ingTaskExecuter$1.cal
l(EventFiringTaskExec
uter.java:55)
[        ] 	at org.gr
adle.api.internal.tas
ks.execution.EventFir
ingTaskExecuter$1.cal
l(EventFiringTaskExec
uter.java:52)
[        ] 	at org.gr
adle.internal.operati
ons.DefaultBuildOpera
tionRunner$CallableBu
ildOperationWorker.ex
ecute(DefaultBuildOpe
rationRunner.java:204
)
[        ] 	at org.gr
adle.internal.operati
ons.DefaultBuildOpera
tionRunner$CallableBu
ildOperationWorker.ex
ecute(DefaultBuildOpe
rationRunner.java:199
)
[        ] 	at org.gr
adle.internal.operati
ons.DefaultBuildOpera
tionRunner$2.execute(
DefaultBuildOperation
Runner.java:66)
[        ] 	at org.gr
adle.internal.operati
ons.DefaultBuildOpera
tionRunner$2.execute(
DefaultBuildOperation
Runner.java:59)
[        ] 	at org.gr
adle.internal.operati
ons.DefaultBuildOpera
tionRunner.execute(De
faultBuildOperationRu
nner.java:157)
[        ] 	at org.gr
adle.internal.operati
ons.DefaultBuildOpera
tionRunner.execute(De
faultBuildOperationRu
nner.java:59)
[        ] 	at org.gr
adle.internal.operati
ons.DefaultBuildOpera
tionRunner.call(Defau
ltBuildOperationRunne
r.java:53)
[        ] 	at org.gr
adle.internal.operati
ons.DefaultBuildOpera
tionExecutor.call(Def
aultBuildOperationExe
cutor.java:73)
[        ] 	at org.gr
adle.api.internal.tas
ks.execution.EventFir
ingTaskExecuter.execu
te(EventFiringTaskExe
cuter.java:52)
[        ] 	at org.gr
adle.execution.plan.L
ocalTaskNodeExecutor.
execute(LocalTaskNode
Executor.java:42)
[        ] 	at org.gr
adle.execution.taskgr
aph.DefaultTaskExecut
ionGraph$InvokeNodeEx
ecutorsAction.execute
(DefaultTaskExecution
Graph.java:331)
[        ] 	at org.gr
adle.execution.taskgr
aph.DefaultTaskExecut
ionGraph$InvokeNodeEx
ecutorsAction.execute
(DefaultTaskExecution
Graph.java:318)
[        ] 	at org.gr
adle.execution.taskgr
aph.DefaultTaskExecut
ionGraph$BuildOperati
onAwareExecutionActio
n.lambda$execute$0(De
faultTaskExecutionGra
ph.java:314)
[        ] 	at org.gr
adle.internal.operati
ons.CurrentBuildOpera
tionRef.with(CurrentB
uildOperationRef.java
:80)
[        ] 	at org.gr
adle.execution.taskgr
aph.DefaultTaskExecut
ionGraph$BuildOperati
onAwareExecutionActio
n.execute(DefaultTask
ExecutionGraph.java:3
14)
[        ] 	at org.gr
adle.execution.taskgr
aph.DefaultTaskExecut
ionGraph$BuildOperati
onAwareExecutionActio
n.execute(DefaultTask
ExecutionGraph.java:3
03)
[        ] 	at org.gr
adle.execution.plan.D
efaultPlanExecutor$Ex
ecutorWorker.execute(
DefaultPlanExecutor.j
ava:463)
[        ] 	at org.gr
adle.execution.plan.D
efaultPlanExecutor$Ex
ecutorWorker.run(Defa
ultPlanExecutor.java:
380)
[        ] 	at org.gr
adle.internal.concurr
ent.ExecutorPolicy$Ca
tchAndRecordFailures.
onExecute(ExecutorPol
icy.java:64)
[        ] 	at org.gr
adle.internal.concurr
ent.AbstractManagedEx
ecutor$1.run(Abstract
ManagedExecutor.java:
47)
[        ] 	at java.b
ase/java.util.concurr
ent.ThreadPoolExecuto
r.runWorker(Unknown 
Source)
[        ] 	at java.b
ase/java.util.concurr
ent.ThreadPoolExecuto
r$Worker.run(Unknown 
Source)
[        ] 	at java.b
ase/java.lang.Thread.
run(Unknown Source)
[        ] Caused 
by: org.gradle.proces
s.internal.ExecExcept
ion: Process 
'command 'C:\FlutterV
ersions\flutter\bin\f
lutter.bat'' 
finished with 
non-zero exit value 1
[        ] 	at org.gr
adle.process.internal
.DefaultExecHandle$Ex
ecResultImpl.assertNo
rmalExitValue(Default
ExecHandle.java:431)
[        ] 	at org.gr
adle.process.internal
.DefaultExecAction.ex
ecute(DefaultExecActi
on.java:38)
[   +1 ms] 	at org.gr
adle.process.internal
.DefaultExecActionFac
tory.exec(DefaultExec
ActionFactory.java:20
2)
[        ] 	at org.gr
adle.process.internal
.DefaultExecOperation
s.exec(DefaultExecOpe
rations.java:37)
[   +1 ms] 	at com.fl
utter.gradle.tasks.Ba
seFlutterTaskHelper.b
uildBundle(BaseFlutte
rTaskHelper.kt:159)
[        ] 	at com.fl
utter.gradle.tasks.Ba
seFlutterTask.buildBu
ndle(BaseFlutterTask.
kt:143)
[        ] 	at com.fl
utter.gradle.tasks.Fl
utterTaskHelper.build
$gradle(FlutterTaskHe
lper.kt:90)
[        ] 	at com.fl
utter.gradle.tasks.Fl
utterTask.build(Flutt
erTask.kt:51)
[        ] 	at java.b
ase/jdk.internal.refl
ect.DirectMethodHandl
eAccessor.invoke(Unkn
own Source)
[        ] 	at java.b
ase/java.lang.reflect
.Method.invoke(Unknow
n Source)
[        ] 	at org.gr
adle.internal.reflect
.JavaMethod.invoke(Ja
vaMethod.java:125)
[        ] 	at org.gr
adle.api.internal.pro
ject.taskfactory.Stan
dardTaskAction.doExec
ute(StandardTaskActio
n.java:58)
[        ] 	at org.gr
adle.api.internal.pro
ject.taskfactory.Stan
dardTaskAction.execut
e(StandardTaskAction.
java:51)
[        ] 	at org.gr
adle.api.internal.pro
ject.taskfactory.Stan
dardTaskAction.execut
e(StandardTaskAction.
java:29)
[        ] 	at org.gr
adle.api.internal.tas
ks.execution.TaskExec
ution$3.run(TaskExecu
tion.java:248)
[        ] 	at org.gr
adle.internal.operati
ons.DefaultBuildOpera
tionRunner$1.execute(
DefaultBuildOperation
Runner.java:29)
[        ] 	at org.gr
adle.internal.operati
ons.DefaultBuildOpera
tionRunner$1.execute(
DefaultBuildOperation
Runner.java:26)
[        ] 	at org.gr
adle.internal.operati
ons.DefaultBuildOpera
tionRunner$2.execute(
DefaultBuildOperation
Runner.java:66)
[        ] 	at org.gr
adle.internal.operati
ons.DefaultBuildOpera
tionRunner$2.execute(
DefaultBuildOperation
Runner.java:59)
[        ] 	at org.gr
adle.internal.operati
ons.DefaultBuildOpera
tionRunner.execute(De
faultBuildOperationRu
nner.java:157)
[        ] 	at org.gr
adle.internal.operati
ons.DefaultBuildOpera
tionRunner.execute(De
faultBuildOperationRu
nner.java:59)
[        ] 	at org.gr
adle.internal.operati
ons.DefaultBuildOpera
tionRunner.run(Defaul
tBuildOperationRunner
.java:47)
[        ] 	at org.gr
adle.internal.operati
ons.DefaultBuildOpera
tionExecutor.run(Defa
ultBuildOperationExec
utor.java:68)
[        ] 	at org.gr
adle.api.internal.tas
ks.execution.TaskExec
ution.executeAction(T
askExecution.java:233
)
[        ] 	at org.gr
adle.api.internal.tas
ks.execution.TaskExec
ution.executeActions(
TaskExecution.java:21
6)
[        ] 	at org.gr
adle.api.internal.tas
ks.execution.TaskExec
ution.executeWithPrev
iousOutputFiles(TaskE
xecution.java:199)
[        ] 	at org.gr
adle.api.internal.tas
ks.execution.TaskExec
ution.execute(TaskExe
cution.java:166)
[        ] 	at org.gr
adle.internal.executi
on.steps.ExecuteStep.
executeInternal(Execu
teStep.java:105)
[        ] 	at org.gr
adle.internal.executi
on.steps.ExecuteStep.
access$000(ExecuteSte
p.java:44)
[        ] 	at org.gr
adle.internal.executi
on.steps.ExecuteStep$
1.call(ExecuteStep.ja
va:59)
[        ] 	at org.gr
adle.internal.executi
on.steps.ExecuteStep$
1.call(ExecuteStep.ja
va:56)
[        ] 	at org.gr
adle.internal.operati
ons.DefaultBuildOpera
tionRunner$CallableBu
ildOperationWorker.ex
ecute(DefaultBuildOpe
rationRunner.java:204
)
[        ] 	at org.gr
adle.internal.operati
ons.DefaultBuildOpera
tionRunner$CallableBu
ildOperationWorker.ex
ecute(DefaultBuildOpe
rationRunner.java:199
)
[        ] 	at org.gr
adle.internal.operati
ons.DefaultBuildOpera
tionRunner$2.execute(
DefaultBuildOperation
Runner.java:66)
[        ] 	at org.gr
adle.internal.operati
ons.DefaultBuildOpera
tionRunner$2.execute(
DefaultBuildOperation
Runner.java:59)
[        ] 	at org.gr
adle.internal.operati
ons.DefaultBuildOpera
tionRunner.execute(De
faultBuildOperationRu
nner.java:157)
[        ] 	at org.gr
adle.internal.operati
ons.DefaultBuildOpera
tionRunner.execute(De
faultBuildOperationRu
nner.java:59)
[        ] 	at org.gr
adle.internal.operati
ons.DefaultBuildOpera
tionRunner.call(Defau
ltBuildOperationRunne
r.java:53)
[        ] 	at org.gr
adle.internal.operati
ons.DefaultBuildOpera
tionExecutor.call(Def
aultBuildOperationExe
cutor.java:73)
[        ] 	at org.gr
adle.internal.executi
on.steps.ExecuteStep.
execute(ExecuteStep.j
ava:56)
[        ] 	at org.gr
adle.internal.executi
on.steps.ExecuteStep.
execute(ExecuteStep.j
ava:44)
[        ] 	at org.gr
adle.internal.executi
on.steps.RemovePrevio
usOutputsStep.execute
(RemovePreviousOutput
sStep.java:67)
[        ] 	at org.gr
adle.internal.executi
on.steps.RemovePrevio
usOutputsStep.execute
(RemovePreviousOutput
sStep.java:37)
[        ] 	at org.gr
adle.internal.executi
on.steps.CancelExecut
ionStep.execute(Cance
lExecutionStep.java:4
1)
[        ] 	at org.gr
adle.internal.executi
on.steps.TimeoutStep.
executeWithoutTimeout
(TimeoutStep.java:74)
[        ] 	at org.gr
adle.internal.executi
on.steps.TimeoutStep.
execute(TimeoutStep.j
ava:55)
[        ] 	at org.gr
adle.internal.executi
on.steps.CreateOutput
sStep.execute(CreateO
utputsStep.java:50)
[        ] 	at org.gr
adle.internal.executi
on.steps.CreateOutput
sStep.execute(CreateO
utputsStep.java:28)
[        ] 	at org.gr
adle.internal.executi
on.steps.CaptureState
AfterExecutionStep.ex
ecuteDelegateBroadcas
tingChanges(CaptureSt
ateAfterExecutionStep
.java:100)
[        ] 	at org.gr
adle.internal.executi
on.steps.CaptureState
AfterExecutionStep.ex
ecute(CaptureStateAft
erExecutionStep.java:
72)
[        ] 	at org.gr
adle.internal.executi
on.steps.CaptureState
AfterExecutionStep.ex
ecute(CaptureStateAft
erExecutionStep.java:
50)
[        ] 	at org.gr
adle.internal.executi
on.steps.ResolveInput
ChangesStep.execute(R
esolveInputChangesSte
p.java:40)
[        ] 	at org.gr
adle.internal.executi
on.steps.ResolveInput
ChangesStep.execute(R
esolveInputChangesSte
p.java:29)
[        ] 	at org.gr
adle.internal.executi
on.steps.BuildCacheSt
ep.executeWithoutCach
e(BuildCacheStep.java
:179)
[        ] 	at org.gr
adle.internal.executi
on.steps.BuildCacheSt
ep.lambda$execute$1(B
uildCacheStep.java:70
)
[        ] 	at org.gr
adle.internal.Either$
Right.fold(Either.jav
a:175)
[        ] 	at org.gr
adle.internal.executi
on.caching.CachingSta
te.fold(CachingState.
java:59)
[        ] 	at org.gr
adle.internal.executi
on.steps.BuildCacheSt
ep.execute(BuildCache
Step.java:68)
[        ] 	at org.gr
adle.internal.executi
on.steps.BuildCacheSt
ep.execute(BuildCache
Step.java:46)
[        ] 	at org.gr
adle.internal.executi
on.steps.StoreExecuti
onStateStep.execute(S
toreExecutionStateSte
p.java:36)
[        ] 	at org.gr
adle.internal.executi
on.steps.StoreExecuti
onStateStep.execute(S
toreExecutionStateSte
p.java:25)
[        ] 	at org.gr
adle.internal.executi
on.steps.RecordOutput
sStep.execute(RecordO
utputsStep.java:36)
[        ] 	at org.gr
adle.internal.executi
on.steps.RecordOutput
sStep.execute(RecordO
utputsStep.java:22)
[        ] 	at org.gr
adle.internal.executi
on.steps.SkipUpToDate
Step.executeBecause(S
kipUpToDateStep.java:
91)
[        ] 	at org.gr
adle.internal.executi
on.steps.SkipUpToDate
Step.lambda$execute$2
(SkipUpToDateStep.jav
a:55)
[        ] 	at java.b
ase/java.util.Optiona
l.orElseGet(Unknown 
Source)
[        ] 	at org.gr
adle.internal.executi
on.steps.SkipUpToDate
Step.execute(SkipUpTo
DateStep.java:55)
[        ] 	at org.gr
adle.internal.executi
on.steps.SkipUpToDate
Step.execute(SkipUpTo
DateStep.java:37)
[   +1 ms] 	at org.gr
adle.internal.executi
on.steps.ResolveChang
esStep.execute(Resolv
eChangesStep.java:65)
[        ] 	at org.gr
adle.internal.executi
on.steps.ResolveChang
esStep.execute(Resolv
eChangesStep.java:36)
[        ] 	at org.gr
adle.internal.executi
on.steps.legacy.MarkS
napshottingInputsFini
shedStep.execute(Mark
SnapshottingInputsFin
ishedStep.java:37)
[        ] 	at org.gr
adle.internal.executi
on.steps.legacy.MarkS
napshottingInputsFini
shedStep.execute(Mark
SnapshottingInputsFin
ishedStep.java:27)
[        ] 	at org.gr
adle.internal.executi
on.steps.ResolveCachi
ngStateStep.execute(R
esolveCachingStateSte
p.java:76)
[        ] 	at org.gr
adle.internal.executi
on.steps.ResolveCachi
ngStateStep.execute(R
esolveCachingStateSte
p.java:37)
[        ] 	at org.gr
adle.internal.executi
on.steps.ValidateStep
.execute(ValidateStep
.java:108)
[        ] 	at org.gr
adle.internal.executi
on.steps.ValidateStep
.execute(ValidateStep
.java:55)
[        ] 	at org.gr
adle.internal.executi
on.steps.CaptureState
BeforeExecutionStep.e
xecute(CaptureStateBe
foreExecutionStep.jav
a:71)
[        ] 	at org.gr
adle.internal.executi
on.steps.CaptureState
BeforeExecutionStep.e
xecute(CaptureStateBe
foreExecutionStep.jav
a:45)
[        ] 	at org.gr
adle.internal.executi
on.steps.SkipEmptyWor
kStep.executeWithNonE
mptySources(SkipEmpty
WorkStep.java:177)
[        ] 	at org.gr
adle.internal.executi
on.steps.SkipEmptyWor
kStep.execute(SkipEmp
tyWorkStep.java:81)
[        ] 	at org.gr
adle.internal.executi
on.steps.SkipEmptyWor
kStep.execute(SkipEmp
tyWorkStep.java:53)
[        ] 	at org.gr
adle.internal.executi
on.steps.RemoveUntrac
kedExecutionStateStep
.execute(RemoveUntrac
kedExecutionStateStep
.java:32)
[        ] 	at org.gr
adle.internal.executi
on.steps.RemoveUntrac
kedExecutionStateStep
.execute(RemoveUntrac
kedExecutionStateStep
.java:21)
[        ] 	at org.gr
adle.internal.executi
on.steps.legacy.MarkS
napshottingInputsStar
tedStep.execute(MarkS
napshottingInputsStar
tedStep.java:38)
[        ] 	at org.gr
adle.internal.executi
on.steps.LoadPrevious
ExecutionStateStep.ex
ecute(LoadPreviousExe
cutionStateStep.java:
36)
[        ] 	at org.gr
adle.internal.executi
on.steps.LoadPrevious
ExecutionStateStep.ex
ecute(LoadPreviousExe
cutionStateStep.java:
23)
[        ] 	at org.gr
adle.internal.executi
on.steps.CleanupStale
OutputsStep.execute(C
leanupStaleOutputsSte
p.java:75)
[        ] 	at org.gr
adle.internal.executi
on.steps.CleanupStale
OutputsStep.execute(C
leanupStaleOutputsSte
p.java:41)
[        ] 	at org.gr
adle.internal.executi
on.steps.ExecuteWorkB
uildOperationFiringSt
ep.lambda$execute$2(E
xecuteWorkBuildOperat
ionFiringStep.java:66
)
[        ] 	at java.b
ase/java.util.Optiona
l.orElseGet(Unknown 
Source)
[        ] 	at org.gr
adle.internal.executi
on.steps.ExecuteWorkB
uildOperationFiringSt
ep.execute(ExecuteWor
kBuildOperationFiring
Step.java:66)
[        ] 	at org.gr
adle.internal.executi
on.steps.ExecuteWorkB
uildOperationFiringSt
ep.execute(ExecuteWor
kBuildOperationFiring
Step.java:38)
[        ] 	at org.gr
adle.internal.executi
on.steps.AssignWorksp
aceStep.lambda$execut
e$0(AssignWorkspaceSt
ep.java:32)
[        ] 	at org.gr
adle.api.internal.tas
ks.execution.TaskExec
ution$4.withWorkspace
(TaskExecution.java:2
93)
[        ] 	at org.gr
adle.internal.executi
on.steps.AssignWorksp
aceStep.execute(Assig
nWorkspaceStep.java:3
0)
[        ] 	at org.gr
adle.internal.executi
on.steps.AssignWorksp
aceStep.execute(Assig
nWorkspaceStep.java:2
1)
[        ] 	at org.gr
adle.internal.executi
on.steps.IdentityCach
eStep.execute(Identit
yCacheStep.java:37)
[        ] 	at org.gr
adle.internal.executi
on.steps.IdentityCach
eStep.execute(Identit
yCacheStep.java:27)
[        ] 	at org.gr
adle.internal.executi
on.steps.IdentifyStep
.execute(IdentifyStep
.java:47)
[        ] 	at org.gr
adle.internal.executi
on.steps.IdentifyStep
.execute(IdentifyStep
.java:34)
[   +1 ms] 	at org.gr
adle.internal.executi
on.impl.DefaultExecut
ionEngine$1.execute(D
efaultExecutionEngine
.java:64)
[   +1 ms] 	at org.gr
adle.api.internal.tas
ks.execution.ExecuteA
ctionsTaskExecuter.ex
ecuteIfValid(ExecuteA
ctionsTaskExecuter.ja
va:145)
[        ] 	at org.gr
adle.api.internal.tas
ks.execution.ExecuteA
ctionsTaskExecuter.ex
ecute(ExecuteActionsT
askExecuter.java:134)
[        ] 	at org.gr
adle.api.internal.tas
ks.execution.Finalize
PropertiesTaskExecute
r.execute(FinalizePro
pertiesTaskExecuter.j
ava:46)
[        ] 	at org.gr
adle.api.internal.tas
ks.execution.ResolveT
askExecutionModeExecu
ter.execute(ResolveTa
skExecutionModeExecut
er.java:51)
[        ] 	at org.gr
adle.api.internal.tas
ks.execution.SkipTask
WithNoActionsExecuter
.execute(SkipTaskWith
NoActionsExecuter.jav
a:57)
[        ] 	at org.gr
adle.api.internal.tas
ks.execution.SkipOnly
IfTaskExecuter.execut
e(SkipOnlyIfTaskExecu
ter.java:74)
[        ] 	at org.gr
adle.api.internal.tas
ks.execution.CatchExc
eptionTaskExecuter.ex
ecute(CatchExceptionT
askExecuter.java:36)
[        ] 	at org.gr
adle.api.internal.tas
ks.execution.EventFir
ingTaskExecuter$1.exe
cuteTask(EventFiringT
askExecuter.java:77)
[        ] 	at org.gr
adle.api.internal.tas
ks.execution.EventFir
ingTaskExecuter$1.cal
l(EventFiringTaskExec
uter.java:55)
[        ] 	at org.gr
adle.api.internal.tas
ks.execution.EventFir
ingTaskExecuter$1.cal
l(EventFiringTaskExec
uter.java:52)
[        ] 	at org.gr
adle.internal.operati
ons.DefaultBuildOpera
tionRunner$CallableBu
ildOperationWorker.ex
ecute(DefaultBuildOpe
rationRunner.java:204
)
[        ] 	at org.gr
adle.internal.operati
ons.DefaultBuildOpera
tionRunner$CallableBu
ildOperationWorker.ex
ecute(DefaultBuildOpe
rationRunner.java:199
)
[        ] 	at org.gr
adle.internal.operati
ons.DefaultBuildOpera
tionRunner$2.execute(
DefaultBuildOperation
Runner.java:66)
[        ] 	at org.gr
adle.internal.operati
ons.DefaultBuildOpera
tionRunner$2.execute(
DefaultBuildOperation
Runner.java:59)
[        ] 	at org.gr
adle.internal.operati
ons.DefaultBuildOpera
tionRunner.execute(De
faultBuildOperationRu
nner.java:157)
[        ] 	at org.gr
adle.internal.operati
ons.DefaultBuildOpera
tionRunner.execute(De
faultBuildOperationRu
nner.java:59)
[        ] 	at org.gr
adle.internal.operati
ons.DefaultBuildOpera
tionRunner.call(Defau
ltBuildOperationRunne
r.java:53)
[        ] 	at org.gr
adle.internal.operati
ons.DefaultBuildOpera
tionExecutor.call(Def
aultBuildOperationExe
cutor.java:73)
[        ] 	at org.gr
adle.api.internal.tas
ks.execution.EventFir
ingTaskExecuter.execu
te(EventFiringTaskExe
cuter.java:52)
[        ] 	at org.gr
adle.execution.plan.L
ocalTaskNodeExecutor.
execute(LocalTaskNode
Executor.java:42)
[        ] 	at org.gr
adle.execution.taskgr
aph.DefaultTaskExecut
ionGraph$InvokeNodeEx
ecutorsAction.execute
(DefaultTaskExecution
Graph.java:331)
[        ] 	at org.gr
adle.execution.taskgr
aph.DefaultTaskExecut
ionGraph$InvokeNodeEx
ecutorsAction.execute
(DefaultTaskExecution
Graph.java:318)
[        ] 	at org.gr
adle.execution.taskgr
aph.DefaultTaskExecut
ionGraph$BuildOperati
onAwareExecutionActio
n.lambda$execute$0(De
faultTaskExecutionGra
ph.java:314)
[        ] 	at org.gr
adle.internal.operati
ons.CurrentBuildOpera
tionRef.with(CurrentB
uildOperationRef.java
:80)
[        ] 	at org.gr
adle.execution.taskgr
aph.DefaultTaskExecut
ionGraph$BuildOperati
onAwareExecutionActio
n.execute(DefaultTask
ExecutionGraph.java:3
14)
[        ] 	at org.gr
adle.execution.taskgr
aph.DefaultTaskExecut
ionGraph$BuildOperati
onAwareExecutionActio
n.execute(DefaultTask
ExecutionGraph.java:3
03)
[        ] 	at org.gr
adle.execution.plan.D
efaultPlanExecutor$Ex
ecutorWorker.execute(
DefaultPlanExecutor.j
ava:463)
[        ] 	at org.gr
adle.execution.plan.D
efaultPlanExecutor$Ex
ecutorWorker.run(Defa
ultPlanExecutor.java:
380)
[        ] 	at org.gr
adle.internal.concurr
ent.ExecutorPolicy$Ca
tchAndRecordFailures.
onExecute(ExecutorPol
icy.java:64)
[        ] 8 actionable tasks: 3 executed, 5 up-to-date
[        ] Watched directory hierarchies: [C:\FlutterVersions\flutter\packages\flutter_tools\gradle, C:\Users\USER\Desktop\giga\flota_mobile\android]
[        ] 	at org.gr
adle.internal.concurr
ent.AbstractManagedEx
ecutor$1.run(Abstract
ManagedExecutor.java:
47)
[        ] 	at java.b
ase/java.util.concurr
ent.ThreadPoolExecuto
r.runWorker(Unknown 
Source)
[        ] 	at java.b
ase/java.util.concurr
ent.ThreadPoolExecuto
r$Worker.run(Unknown 
Source)
[        ] 	at java.b
ase/java.lang.Thread.
run(Unknown Source)
[        ] BUILD 
FAILED in 41s
[ +588 ms] Running Gradle task 'assembleRelease'... (completed in 42.9s)
[   +3 ms] "flutter apk" took 47,549ms.
[  +58 ms] Gradle 
task assembleRelease 
failed with exit 
code 1
[        ] 
           #0      
throwToolExit (packag
e:flutter_tools/src/b
ase/common.dart:34:3)
           #1      An
droidGradleBuilder.bu
ildGradleApp (package
:flutter_tools/src/an
droid/gradle.dart:592
:7)
           
<asynchronous 
suspension>
           #2      An
droidGradleBuilder.bu
ildApk (package:flutt
er_tools/src/android/
gradle.dart:234:5)
           
<asynchronous 
suspension>
           #3      Bu
ildApkCommand.runComm
and (package:flutter_
tools/src/commands/bu
ild_apk.dart:131:5)
           
<asynchronous 
suspension>
           #4      Fl
utterCommand.run.<ano
nymous closure> (pack
age:flutter_tools/src
/runner/flutter_comma
nd.dart:1559:27)
           
<asynchronous 
suspension>
           #5      Ap
pContext.run.<anonymo
us closure> (package:
flutter_tools/src/bas
e/context.dart:154:19
)
           
<asynchronous 
suspension>
           #6      Co
mmandRunner.runComman
d (package:args/comma
nd_runner.dart:212:13
)
           
<asynchronous 
suspension>
           #7      Fl
utterCommandRunner.ru
nCommand.<anonymous 
closure> (package:flu
tter_tools/src/runner
/flutter_command_runn
er.dart:487:9)
           
<asynchronous 
suspension>
           #8      Ap
pContext.run.<anonymo
us closure> (package:
flutter_tools/src/bas
e/context.dart:154:19
)
           
<asynchronous 
suspension>
           #9      Fl
utterCommandRunner.ru
nCommand (package:flu
tter_tools/src/runner
/flutter_command_runn
er.dart:422:5)
           
<asynchronous 
suspension>
           #10     
run.<anonymous 
closure>.<anonymous 
closure> (package:flu
tter_tools/runner.dar
t:104:11)
           
<asynchronous 
suspension>
           #11     Ap
pContext.run.<anonymo
us closure> (package:
flutter_tools/src/bas
e/context.dart:154:19
)
           
<asynchronous 
suspension>
           #12     
main (package:flutter
_tools/executable.dar
t:103:3)
           
<asynchronous 
suspension>


[        ] Running 1 shutdown hook
[   +6 ms] Shutdown hooks complete
[        ] exiting with code 1
