Running Gradle task 'assembleRelease'...                        

FAILURE: Build failed with an exception.

* Where:
Settings file 'C:\Users\USER\Desktop\giga\flota_mobile\android\settings.gradle.kts' line: 19

* What went wrong:
Error resolving plugin [id: 'dev.flutter.flutter-plugin-loader', version: '1.0.0']
> A problem occurred configuring project ':gradle'.
   > Could not resolve all artifacts for configuration ':gradle:classpath'.
      > Could not download kotlin-sam-with-receiver-1.9.22-gradle82.jar (org.jetbrains.kotlin:kotlin-sam-with-receiver:1.9.22)
         > Could not get resource 'https://plugins.gradle.org/m2/org/jetbrains/kotlin/kotlin-sam-with-receiver/1.9.22/kotlin-sam-with-receiver-1.9.22-gradle82.jar'.
            > Could not GET 'https://plugins.gradle.org/m2/org/jetbrains/kotlin/kotlin-sam-with-receiver/1.9.22/kotlin-sam-with-receiver-1.9.22-gradle82.jar'.
               > Received fatal alert: bad_record_mac
      > Could not download kotlin-daemon-embeddable-1.9.22.jar (org.jetbrains.kotlin:kotlin-daemon-embeddable:1.9.22)
         > Could not get resource 'https://plugins.gradle.org/m2/org/jetbrains/kotlin/kotlin-daemon-embeddable/1.9.22/kotlin-daemon-embeddable-1.9.22.jar'.
            > Could not HEAD 'https://repo.maven.apache.org/maven2/org/jetbrains/kotlin/kotlin-daemon-embeddable/1.9.22/kotlin-daemon-embeddable-1.9.22.jar'.
               > No such host is known (repo.maven.apache.org)

* Try:
> Run with --stacktrace option to get the stack trace.
> Run with --info or --debug option to get more log output.
> Run with --scan to get full insights.
> Get more help at https://help.gradle.org.

BUILD FAILED in 36s
Running Gradle task 'assembleRelease'...                           37.5s
[!] Gradle threw an error while downloading artifacts from the network.
Retrying Gradle Build: #1, wait time: 100ms
Running Gradle task 'assembleRelease'...                        

FAILURE: Build failed with an exception.

* Where:
Settings file 'C:\Users\USER\Desktop\giga\flota_mobile\android\settings.gradle.kts' line: 19

* What went wrong:
Error resolving plugin [id: 'dev.flutter.flutter-plugin-loader', version: '1.0.0']
> A problem occurred configuring project ':gradle'.
   > Could not resolve all artifacts for configuration ':gradle:classpath'.
      > Could not download kotlin-daemon-embeddable-1.9.22.jar (org.jetbrains.kotlin:kotlin-daemon-embeddable:1.9.22)
         > Could not get resource 'https://plugins.gradle.org/m2/org/jetbrains/kotlin/kotlin-daemon-embeddable/1.9.22/kotlin-daemon-embeddable-1.9.22.jar'.
            > Could not HEAD 'https://repo.maven.apache.org/maven2/org/jetbrains/kotlin/kotlin-daemon-embeddable/1.9.22/kotlin-daemon-embeddable-1.9.22.jar'.
               > repo.maven.apache.org

* Try:
> Run with --stacktrace option to get the stack trace.
> Run with --info or --debug option to get more log output.
> Run with --scan to get full insights.
> Get more help at https://help.gradle.org.

BUILD FAILED in 2s
Running Gradle task 'assembleRelease'...                            3.3s
[!] Gradle threw an error while downloading artifacts from the network.
Gradle task assembleRelease failed with exit code 1
