[ +303 ms] Artifact Instance of 'MaterialFonts' is not required, skipping update.
[        ] Artifact Instance of 'GradleWrapper' is not required, skipping update.
[        ] Artifact Instance of 'AndroidGenSnapshotArtifacts' is not required, skipping update.
[        ] Artifact Instance of 'AndroidInternalBuildArtifacts' is not required, skipping update.
[        ] Artifact Instance of 'IOSEngineArtifacts' is not required, skipping update.
[        ] Artifact Instance of 'FlutterWebSdk' is not required, skipping update.
[   +1 ms] Artifact Instance of 'LegacyCanvasKitRemover' is not required, skipping update.
[        ] Artifact Instance of 'FlutterSdk' is not required, skipping update.
[        ] Artifact Instance of 'WindowsEngineArtifacts' is not required, skipping update.
[        ] Artifact Instance of 'MacOSEngineArtifacts' is not required, skipping update.
[        ] Artifact Instance of 'LinuxEngineArtifacts' is not required, skipping update.
[        ] Artifact Instance of 'LinuxFuchsiaSDKArtifacts' is not required, skipping update.
[        ] Artifact Instance of 'MacOSFuchsiaSDKArtifacts' is not required, skipping update.
[        ] Artifact Instance of 'FlutterRunnerSDKArtifacts' is not required, skipping update.
[        ] Artifact Instance of 'FlutterRunnerDebugSymbols' is not required, skipping update.
[        ] Artifact Instance of 'IosUsbArtifacts' is not required, skipping update.
[        ] Artifact Instance of 'IosUsbArtifacts' is not required, skipping update.
[        ] Artifact Instance of 'IosUsbArtifacts' is not required, skipping update.
[        ] Artifact Instance of 'IosUsbArtifacts' is not required, skipping update.
[        ] Artifact Instance of 'IosUsbArtifacts' is not required, skipping update.
[        ] Artifact Instance of 'IosUsbArtifacts' is not required, skipping update.
[        ] Artifact Instance of 'FontSubsetArtifacts' is not required, skipping update.
[        ] Artifact Instance of 'PubDependencies' is not required, skipping update.
[   +1 ms] executing: [C:\FlutterVersions\flutter/] git -c log.showSignature=false log HEAD -n 1 --pretty=format:%ad --date=iso
[  +90 ms] Exit code 0 from: git -c log.showSignature=false log HEAD -n 1 --pretty=format:%ad --date=iso
[        ] 2025-12-11 11:50:07 -0500
[  +19 ms] Artifact Instance of 'AndroidGenSnapshotArtifacts' is not required, skipping update.
[        ] Artifact Instance of 'AndroidInternalBuildArtifacts' is not required, skipping update.
[        ] Artifact Instance of 'IOSEngineArtifacts' is not required, skipping update.
[        ] Artifact Instance of 'FlutterWebSdk' is not required, skipping update.
[        ] Artifact Instance of 'FlutterEngineStamp' is not required, skipping update.
[        ] Artifact Instance of 'LegacyCanvasKitRemover' is not required, skipping update.
[   +3 ms] Artifact Instance of 'WindowsEngineArtifacts' is not required, skipping update.
[        ] Artifact Instance of 'MacOSEngineArtifacts' is not required, skipping update.
[        ] Artifact Instance of 'LinuxEngineArtifacts' is not required, skipping update.
[        ] Artifact Instance of 'LinuxFuchsiaSDKArtifacts' is not required, skipping update.
[        ] Artifact Instance of 'MacOSFuchsiaSDKArtifacts' is not required, skipping update.
[        ] Artifact Instance of 'FlutterRunnerSDKArtifacts' is not required, skipping update.
[        ] Artifact Instance of 'FlutterRunnerDebugSymbols' is not required, skipping update.
[  +86 ms] Artifact Instance of 'MaterialFonts' is not required, skipping update.
[        ] Artifact Instance of 'GradleWrapper' is not required, skipping update.
[   +3 ms] Artifact Instance of 'AndroidInternalBuildArtifacts' is not required, skipping update.
[        ] Artifact Instance of 'IOSEngineArtifacts' is not required, skipping update.
[        ] Artifact Instance of 'FlutterWebSdk' is not required, skipping update.
[        ] Artifact Instance of 'FlutterEngineStamp' is not required, skipping update.
[        ] Artifact Instance of 'LegacyCanvasKitRemover' is not required, skipping update.
[        ] Artifact Instance of 'FlutterSdk' is not required, skipping update.
[        ] Artifact Instance of 'WindowsEngineArtifacts' is not required, skipping update.
[        ] Artifact Instance of 'MacOSEngineArtifacts' is not required, skipping update.
[        ] Artifact Instance of 'LinuxEngineArtifacts' is not required, skipping update.
[        ] Artifact Instance of 'LinuxFuchsiaSDKArtifacts' is not required, skipping update.
[        ] Artifact Instance of 'MacOSFuchsiaSDKArtifacts' is not required, skipping update.
[        ] Artifact Instance of 'FlutterRunnerSDKArtifacts' is not required, skipping update.
[        ] Artifact Instance of 'FlutterRunnerDebugSymbols' is not required, skipping update.
[        ] Artifact Instance of 'IosUsbArtifacts' is not required, skipping update.
[        ] Artifact Instance of 'IosUsbArtifacts' is not required, skipping update.
[        ] Artifact Instance of 'IosUsbArtifacts' is not required, skipping update.
[        ] Artifact Instance of 'IosUsbArtifacts' is not required, skipping update.
[        ] Artifact Instance of 'IosUsbArtifacts' is not required, skipping update.
[        ] Artifact Instance of 'IosUsbArtifacts' is not required, skipping update.
[        ] Artifact Instance of 'FontSubsetArtifacts' is not required, skipping update.
[        ] Artifact Instance of 'PubDependencies' is not required, skipping update.
[ +114 ms] Skipping pub get: version match.
[ +148 ms] Found plugin google_maps_flutter at C:\Users\USER\AppData\Local\Pub\Cache\hosted\pub.dev\google_maps_flutter-2.14.0\
[   +6 ms] Found plugin google_maps_flutter_web at C:\Users\USER\AppData\Local\Pub\Cache\hosted\pub.dev\google_maps_flutter_web-0.5.14+3\
[  +24 ms] Found plugin google_maps_flutter_ios at C:\Users\USER\AppData\Local\Pub\Cache\hosted\pub.dev\google_maps_flutter_ios-2.16.1\
[   +5 ms] Found plugin google_maps_flutter_android at C:\Users\USER\AppData\Local\Pub\Cache\hosted\pub.dev\google_maps_flutter_android-2.18.9\
[   +4 ms] Found plugin flutter_plugin_android_lifecycle at C:\Users\USER\AppData\Local\Pub\Cache\hosted\pub.dev\flutter_plugin_android_lifecycle-2.0.33\
[   +6 ms] Found plugin geolocator at C:\Users\USER\AppData\Local\Pub\Cache\hosted\pub.dev\geolocator-14.0.2\
[   +4 ms] Found plugin geolocator_windows at C:\Users\USER\AppData\Local\Pub\Cache\hosted\pub.dev\geolocator_windows-0.2.5\
[   +7 ms] Found plugin geolocator_web at C:\Users\USER\AppData\Local\Pub\Cache\hosted\pub.dev\geolocator_web-4.1.3\
[   +4 ms] Found plugin geolocator_linux at C:\Users\USER\AppData\Local\Pub\Cache\hosted\pub.dev\geolocator_linux-0.2.4\
[   +5 ms] Found plugin package_info_plus at C:\Users\USER\AppData\Local\Pub\Cache\hosted\pub.dev\package_info_plus-9.0.0\
[  +49 ms] Found plugin geolocator_apple at C:\Users\USER\AppData\Local\Pub\Cache\hosted\pub.dev\geolocator_apple-2.3.13\
[   +5 ms] Found plugin geolocator_android at C:\Users\USER\AppData\Local\Pub\Cache\hosted\pub.dev\geolocator_android-5.0.2\
[  +14 ms] Found plugin geocoding at C:\Users\USER\AppData\Local\Pub\Cache\hosted\pub.dev\geocoding-4.0.0\
[   +6 ms] Found plugin geocoding_ios at C:\Users\USER\AppData\Local\Pub\Cache\hosted\pub.dev\geocoding_ios-3.1.0\
[   +4 ms] Found plugin geocoding_android at C:\Users\USER\AppData\Local\Pub\Cache\hosted\pub.dev\geocoding_android-4.0.1\
[   +5 ms] Found plugin flutter_secure_storage at C:\Users\USER\AppData\Local\Pub\Cache\hosted\pub.dev\flutter_secure_storage-10.0.0\
[   +4 ms] Found plugin flutter_secure_storage_windows at C:\Users\USER\AppData\Local\Pub\Cache\hosted\pub.dev\flutter_secure_storage_windows-4.1.0\
[   +6 ms] Found plugin path_provider at C:\Users\USER\AppData\Local\Pub\Cache\hosted\pub.dev\path_provider-2.1.5\
[   +3 ms] Found plugin path_provider_windows at C:\Users\USER\AppData\Local\Pub\Cache\hosted\pub.dev\path_provider_windows-2.3.0\
[   +7 ms] Found plugin path_provider_linux at C:\Users\USER\AppData\Local\Pub\Cache\hosted\pub.dev\path_provider_linux-2.2.1\
[   +4 ms] Found plugin path_provider_foundation at C:\Users\USER\AppData\Local\Pub\Cache\hosted\pub.dev\path_provider_foundation-2.6.0\
[  +22 ms] Found plugin path_provider_android at C:\Users\USER\AppData\Local\Pub\Cache\hosted\pub.dev\path_provider_android-2.2.22\
[   +4 ms] Found plugin flutter_secure_storage_web at C:\Users\USER\AppData\Local\Pub\Cache\hosted\pub.dev\flutter_secure_storage_web-2.1.0\
[   +2 ms] Found plugin flutter_secure_storage_linux at C:\Users\USER\AppData\Local\Pub\Cache\hosted\pub.dev\flutter_secure_storage_linux-3.0.0\
[   +3 ms] Found plugin flutter_secure_storage_darwin at C:\Users\USER\AppData\Local\Pub\Cache\hosted\pub.dev\flutter_secure_storage_darwin-0.2.0\
[  +77 ms] Found plugin flutter_local_notifications at C:\Users\USER\AppData\Local\Pub\Cache\hosted\pub.dev\flutter_local_notifications-18.0.1\
[   +6 ms] Found plugin flutter_local_notifications_linux at C:\Users\USER\AppData\Local\Pub\Cache\hosted\pub.dev\flutter_local_notifications_linux-5.0.0\
[   +3 ms] Found plugin firebase_messaging at C:\Users\USER\AppData\Local\Pub\Cache\hosted\pub.dev\firebase_messaging-15.2.10\
[   +2 ms] Found plugin firebase_messaging_web at C:\Users\USER\AppData\Local\Pub\Cache\hosted\pub.dev\firebase_messaging_web-3.10.10\
[   +4 ms] Found plugin firebase_core at C:\Users\USER\AppData\Local\Pub\Cache\hosted\pub.dev\firebase_core-3.15.2\
[   +2 ms] Found plugin firebase_core_web at C:\Users\USER\AppData\Local\Pub\Cache\hosted\pub.dev\firebase_core_web-2.24.1\
[   +7 ms] Found plugin firebase_auth at C:\Users\USER\AppData\Local\Pub\Cache\hosted\pub.dev\firebase_auth-5.7.0\
[   +2 ms] Found plugin firebase_auth_web at C:\Users\USER\AppData\Local\Pub\Cache\hosted\pub.dev\firebase_auth_web-5.15.3\
[  +10 ms] Found plugin cloud_firestore at C:\Users\USER\AppData\Local\Pub\Cache\hosted\pub.dev\cloud_firestore-5.6.12\
[   +2 ms] Found plugin cloud_firestore_web at C:\Users\USER\AppData\Local\Pub\Cache\hosted\pub.dev\cloud_firestore_web-4.4.12\
[  +92 ms] Found plugin google_maps_flutter at C:\Users\USER\AppData\Local\Pub\Cache\hosted\pub.dev\google_maps_flutter-2.14.0\
[   +3 ms] Found plugin google_maps_flutter_web at C:\Users\USER\AppData\Local\Pub\Cache\hosted\pub.dev\google_maps_flutter_web-0.5.14+3\
[  +12 ms] Found plugin google_maps_flutter_ios at C:\Users\USER\AppData\Local\Pub\Cache\hosted\pub.dev\google_maps_flutter_ios-2.16.1\
[   +1 ms] Found plugin google_maps_flutter_android at C:\Users\USER\AppData\Local\Pub\Cache\hosted\pub.dev\google_maps_flutter_android-2.18.9\
[   +1 ms] Found plugin flutter_plugin_android_lifecycle at C:\Users\USER\AppData\Local\Pub\Cache\hosted\pub.dev\flutter_plugin_android_lifecycle-2.0.33\
[   +3 ms] Found plugin geolocator at C:\Users\USER\AppData\Local\Pub\Cache\hosted\pub.dev\geolocator-14.0.2\
[   +2 ms] Found plugin geolocator_windows at C:\Users\USER\AppData\Local\Pub\Cache\hosted\pub.dev\geolocator_windows-0.2.5\
[   +2 ms] Found plugin geolocator_web at C:\Users\USER\AppData\Local\Pub\Cache\hosted\pub.dev\geolocator_web-4.1.3\
[   +1 ms] Found plugin geolocator_linux at C:\Users\USER\AppData\Local\Pub\Cache\hosted\pub.dev\geolocator_linux-0.2.4\
[   +1 ms] Found plugin package_info_plus at C:\Users\USER\AppData\Local\Pub\Cache\hosted\pub.dev\package_info_plus-9.0.0\
[  +15 ms] Found plugin geolocator_apple at C:\Users\USER\AppData\Local\Pub\Cache\hosted\pub.dev\geolocator_apple-2.3.13\
[   +1 ms] Found plugin geolocator_android at C:\Users\USER\AppData\Local\Pub\Cache\hosted\pub.dev\geolocator_android-5.0.2\
[   +6 ms] Found plugin geocoding at C:\Users\USER\AppData\Local\Pub\Cache\hosted\pub.dev\geocoding-4.0.0\
[   +3 ms] Found plugin geocoding_ios at C:\Users\USER\AppData\Local\Pub\Cache\hosted\pub.dev\geocoding_ios-3.1.0\
[   +1 ms] Found plugin geocoding_android at C:\Users\USER\AppData\Local\Pub\Cache\hosted\pub.dev\geocoding_android-4.0.1\
[   +1 ms] Found plugin flutter_secure_storage at C:\Users\USER\AppData\Local\Pub\Cache\hosted\pub.dev\flutter_secure_storage-10.0.0\
[   +1 ms] Found plugin flutter_secure_storage_windows at C:\Users\USER\AppData\Local\Pub\Cache\hosted\pub.dev\flutter_secure_storage_windows-4.1.0\
[   +1 ms] Found plugin path_provider at C:\Users\USER\AppData\Local\Pub\Cache\hosted\pub.dev\path_provider-2.1.5\
[   +1 ms] Found plugin path_provider_windows at C:\Users\USER\AppData\Local\Pub\Cache\hosted\pub.dev\path_provider_windows-2.3.0\
[   +4 ms] Found plugin path_provider_linux at C:\Users\USER\AppData\Local\Pub\Cache\hosted\pub.dev\path_provider_linux-2.2.1\
[   +1 ms] Found plugin path_provider_foundation at C:\Users\USER\AppData\Local\Pub\Cache\hosted\pub.dev\path_provider_foundation-2.6.0\
[  +14 ms] Found plugin path_provider_android at C:\Users\USER\AppData\Local\Pub\Cache\hosted\pub.dev\path_provider_android-2.2.22\
[   +3 ms] Found plugin flutter_secure_storage_web at C:\Users\USER\AppData\Local\Pub\Cache\hosted\pub.dev\flutter_secure_storage_web-2.1.0\
[   +1 ms] Found plugin flutter_secure_storage_linux at C:\Users\USER\AppData\Local\Pub\Cache\hosted\pub.dev\flutter_secure_storage_linux-3.0.0\
[   +1 ms] Found plugin flutter_secure_storage_darwin at C:\Users\USER\AppData\Local\Pub\Cache\hosted\pub.dev\flutter_secure_storage_darwin-0.2.0\
[  +38 ms] Found plugin flutter_local_notifications at C:\Users\USER\AppData\Local\Pub\Cache\hosted\pub.dev\flutter_local_notifications-18.0.1\
[   +5 ms] Found plugin flutter_local_notifications_linux at C:\Users\USER\AppData\Local\Pub\Cache\hosted\pub.dev\flutter_local_notifications_linux-5.0.0\
[   +2 ms] Found plugin firebase_messaging at C:\Users\USER\AppData\Local\Pub\Cache\hosted\pub.dev\firebase_messaging-15.2.10\
[   +1 ms] Found plugin firebase_messaging_web at C:\Users\USER\AppData\Local\Pub\Cache\hosted\pub.dev\firebase_messaging_web-3.10.10\
[   +2 ms] Found plugin firebase_core at C:\Users\USER\AppData\Local\Pub\Cache\hosted\pub.dev\firebase_core-3.15.2\
[   +1 ms] Found plugin firebase_core_web at C:\Users\USER\AppData\Local\Pub\Cache\hosted\pub.dev\firebase_core_web-2.24.1\
[   +4 ms] Found plugin firebase_auth at C:\Users\USER\AppData\Local\Pub\Cache\hosted\pub.dev\firebase_auth-5.7.0\
[   +1 ms] Found plugin firebase_auth_web at C:\Users\USER\AppData\Local\Pub\Cache\hosted\pub.dev\firebase_auth_web-5.15.3\
[   +7 ms] Found plugin cloud_firestore at C:\Users\USER\AppData\Local\Pub\Cache\hosted\pub.dev\cloud_firestore-5.6.12\
[   +1 ms] Found plugin cloud_firestore_web at C:\Users\USER\AppData\Local\Pub\Cache\hosted\pub.dev\cloud_firestore_web-4.4.12\
[  +18 ms] Skipping generating web_plugin_registrant.dart because it is up-to-date.
[  +56 ms] Found plugin google_maps_flutter at C:\Users\USER\AppData\Local\Pub\Cache\hosted\pub.dev\google_maps_flutter-2.14.0\
[   +1 ms] Found plugin google_maps_flutter_web at C:\Users\USER\AppData\Local\Pub\Cache\hosted\pub.dev\google_maps_flutter_web-0.5.14+3\
[  +12 ms] Found plugin google_maps_flutter_ios at C:\Users\USER\AppData\Local\Pub\Cache\hosted\pub.dev\google_maps_flutter_ios-2.16.1\
[   +3 ms] Found plugin google_maps_flutter_android at C:\Users\USER\AppData\Local\Pub\Cache\hosted\pub.dev\google_maps_flutter_android-2.18.9\
[   +3 ms] Found plugin flutter_plugin_android_lifecycle at C:\Users\USER\AppData\Local\Pub\Cache\hosted\pub.dev\flutter_plugin_android_lifecycle-2.0.33\
[   +3 ms] Found plugin geolocator at C:\Users\USER\AppData\Local\Pub\Cache\hosted\pub.dev\geolocator-14.0.2\
[   +2 ms] Found plugin geolocator_windows at C:\Users\USER\AppData\Local\Pub\Cache\hosted\pub.dev\geolocator_windows-0.2.5\
[   +2 ms] Found plugin geolocator_web at C:\Users\USER\AppData\Local\Pub\Cache\hosted\pub.dev\geolocator_web-4.1.3\
[   +1 ms] Found plugin geolocator_linux at C:\Users\USER\AppData\Local\Pub\Cache\hosted\pub.dev\geolocator_linux-0.2.4\
[   +2 ms] Found plugin package_info_plus at C:\Users\USER\AppData\Local\Pub\Cache\hosted\pub.dev\package_info_plus-9.0.0\
[  +14 ms] Found plugin geolocator_apple at C:\Users\USER\AppData\Local\Pub\Cache\hosted\pub.dev\geolocator_apple-2.3.13\
[   +2 ms] Found plugin geolocator_android at C:\Users\USER\AppData\Local\Pub\Cache\hosted\pub.dev\geolocator_android-5.0.2\
[   +5 ms] Found plugin geocoding at C:\Users\USER\AppData\Local\Pub\Cache\hosted\pub.dev\geocoding-4.0.0\
[   +3 ms] Found plugin geocoding_ios at C:\Users\USER\AppData\Local\Pub\Cache\hosted\pub.dev\geocoding_ios-3.1.0\
[   +2 ms] Found plugin geocoding_android at C:\Users\USER\AppData\Local\Pub\Cache\hosted\pub.dev\geocoding_android-4.0.1\
[   +1 ms] Found plugin flutter_secure_storage at C:\Users\USER\AppData\Local\Pub\Cache\hosted\pub.dev\flutter_secure_storage-10.0.0\
[   +1 ms] Found plugin flutter_secure_storage_windows at C:\Users\USER\AppData\Local\Pub\Cache\hosted\pub.dev\flutter_secure_storage_windows-4.1.0\
[   +2 ms] Found plugin path_provider at C:\Users\USER\AppData\Local\Pub\Cache\hosted\pub.dev\path_provider-2.1.5\
[   +1 ms] Found plugin path_provider_windows at C:\Users\USER\AppData\Local\Pub\Cache\hosted\pub.dev\path_provider_windows-2.3.0\
[   +3 ms] Found plugin path_provider_linux at C:\Users\USER\AppData\Local\Pub\Cache\hosted\pub.dev\path_provider_linux-2.2.1\
[   +1 ms] Found plugin path_provider_foundation at C:\Users\USER\AppData\Local\Pub\Cache\hosted\pub.dev\path_provider_foundation-2.6.0\
[  +12 ms] Found plugin path_provider_android at C:\Users\USER\AppData\Local\Pub\Cache\hosted\pub.dev\path_provider_android-2.2.22\
[   +2 ms] Found plugin flutter_secure_storage_web at C:\Users\USER\AppData\Local\Pub\Cache\hosted\pub.dev\flutter_secure_storage_web-2.1.0\
[   +1 ms] Found plugin flutter_secure_storage_linux at C:\Users\USER\AppData\Local\Pub\Cache\hosted\pub.dev\flutter_secure_storage_linux-3.0.0\
[   +1 ms] Found plugin flutter_secure_storage_darwin at C:\Users\USER\AppData\Local\Pub\Cache\hosted\pub.dev\flutter_secure_storage_darwin-0.2.0\
[  +31 ms] Found plugin flutter_local_notifications at C:\Users\USER\AppData\Local\Pub\Cache\hosted\pub.dev\flutter_local_notifications-18.0.1\
[   +4 ms] Found plugin flutter_local_notifications_linux at C:\Users\USER\AppData\Local\Pub\Cache\hosted\pub.dev\flutter_local_notifications_linux-5.0.0\
[   +1 ms] Found plugin firebase_messaging at C:\Users\USER\AppData\Local\Pub\Cache\hosted\pub.dev\firebase_messaging-15.2.10\
[   +1 ms] Found plugin firebase_messaging_web at C:\Users\USER\AppData\Local\Pub\Cache\hosted\pub.dev\firebase_messaging_web-3.10.10\
[   +2 ms] Found plugin firebase_core at C:\Users\USER\AppData\Local\Pub\Cache\hosted\pub.dev\firebase_core-3.15.2\
[   +1 ms] Found plugin firebase_core_web at C:\Users\USER\AppData\Local\Pub\Cache\hosted\pub.dev\firebase_core_web-2.24.1\
[   +4 ms] Found plugin firebase_auth at C:\Users\USER\AppData\Local\Pub\Cache\hosted\pub.dev\firebase_auth-5.7.0\
[   +2 ms] Found plugin firebase_auth_web at C:\Users\USER\AppData\Local\Pub\Cache\hosted\pub.dev\firebase_auth_web-5.15.3\
[   +7 ms] Found plugin cloud_firestore at C:\Users\USER\AppData\Local\Pub\Cache\hosted\pub.dev\cloud_firestore-5.6.12\
[   +1 ms] Found plugin cloud_firestore_web at C:\Users\USER\AppData\Local\Pub\Cache\hosted\pub.dev\cloud_firestore_web-4.4.12\
[  +10 ms] Generating C:\Users\USER\Desktop\giga\flota_mobile\android\app\src\main\java\io\flutter\plugins\GeneratedPluginRegistrant.java
[   +2 ms] Skipping generating GeneratedPluginRegistrant.java because it is up-to-date.
[   +8 ms] Skipping generating generated_plugin_registrant.h because it is up-to-date.
[   +1 ms] Skipping generating generated_plugin_registrant.cc because it is up-to-date.
[   +2 ms] Skipping generating generated_plugins.cmake because it is up-to-date.
[   +2 ms] Skipping generating generated_plugin_registrant.h because it is up-to-date.
[   +1 ms] Skipping generating generated_plugin_registrant.cc because it is up-to-date.
[   +2 ms] Skipping generating generated_plugins.cmake because it is up-to-date.
[   +3 ms] Skipping generating GeneratedPluginRegistrant.h because it is up-to-date.
[   +1 ms] Skipping generating GeneratedPluginRegistrant.m because it is up-to-date.
[   +2 ms] Skipping generating GeneratedPluginRegistrant.swift because it is up-to-date.
[ +191 ms] executing: C:\Program Files\Android\Android Studio\jbr\bin\java -version
[ +187 ms] Exit code 0 from: C:\Program Files\Android\Android Studio\jbr\bin\java -version
[        ] openjdk version "21.0.8" 2025-07-15
           OpenJDK Runtime Environment (build 21.0.8+-14196175-b1038.72)
           OpenJDK 64-Bit Server VM (build 21.0.8+-14196175-b1038.72, mixed mode)
[   +1 ms] executing: C:\Program Files\Android\Android Studio\jbr\bin\java -version
[ +161 ms] Exit code 0 from: C:\Program Files\Android\Android Studio\jbr\bin\java -version
[        ] openjdk version "21.0.8" 2025-07-15
           OpenJDK Runtime Environment (build 21.0.8+-14196175-b1038.72)
           OpenJDK 64-Bit Server VM (build 21.0.8+-14196175-b1038.72, mixed mode)
[  +10 ms] Top-level Gradle build file not found, skipping migration of task "clean".
[   +5 ms] executing: C:\Program Files\Android\Android Studio\jbr\bin\java --version
[ +167 ms] Exit code 0 from: C:\Program Files\Android\Android Studio\jbr\bin\java --version
[        ] openjdk 21.0.8 2025-07-15
           OpenJDK Runtime Environment (build 21.0.8+-14196175-b1038.72)
           OpenJDK 64-Bit Server VM (build 21.0.8+-14196175-b1038.72, mixed mode)
[   +2 ms] Version of Java is different than impacted version, no migration attempted.
[  +18 ms] CMake project not found, skipping support Android 15 16k page size migration.
[   +5 ms] Using gradle from C:\Users\USER\Desktop\giga\flota_mobile\android\gradlew.bat.
[  +14 ms] LocalFile: 'C:\Users\USER\Desktop\giga\flota_mobile\android\build.gradle.kts' doesn't provide an AGP version. Checking settings.
[   +1 ms] LocalFile: 'C:\Users\USER\Desktop\giga\flota_mobile\android\settings.gradle.kts' provides AGP version: 8.1.1
[  +26 ms] Running Gradle task 'assembleRelease'...
[   +2 ms] executing: [C:\Users\USER\Desktop\giga\flota_mobile\android/] C:\Users\USER\Desktop\giga\flota_mobile\android\gradlew.bat --full-stacktrace --info -Pverbose=true -Ptarget-platform=android-arm,android-arm64,android-x64 -Ptarget=lib\main.dart -Pbase-application-name=android.app.Application -Pdart-defines=RkxVVFRFUl9WRVJTSU9OPTMuMzguNQ==,RkxVVFRFUl9DSEFOTkVMPXN0YWJsZQ==,RkxVVFRFUl9HSVRfVVJMPWh0dHBzOi8vZ2l0aHViLmNvbS9mbHV0dGVyL2ZsdXR0ZXIuZ2l0,RkxVVFRFUl9GUkFNRVdPUktfUkVWSVNJT049ZjZmZjE1MjlmZA==,RkxVVFRFUl9FTkdJTkVfUkVWSVNJT049MTUyN2FlMGVjNQ==,RkxVVFRFUl9EQVJUX1ZFUlNJT049My4xMC40 -Pdart-obfuscation=false -Ptrack-widget-creation=true -Ptree-shake-icons=true assembleRelease
[+1102 ms] Initialized native services in: C:\Users\USER\.gradle\native
[   +1 ms] Initialized jansi services in: C:\Users\USER\.gradle\native
[ +120 ms] Received JVM installation metadata from 'C:\Program Files\Android\Android Studio\jbr': {JAVA_HOME=C:\Program Files\Android\Android Studio\jbr, JAVA_VERSION=21.0.8, JAVA_VENDOR=JetBrains s.r.o., RUNTIME_NAME=OpenJDK Runtime Environment, RUNTIME_VERSION=21.0.8+-14196175-b1038.72, VM_NAME=OpenJDK 64-Bit Server VM, VM_VERSION=21.0.8+-14196175-b1038.72, VM_VENDOR=JetBrains s.r.o., OS_ARCH=amd64}
[ +397 ms] The client will now receive all logging from the daemon (pid: 18296). The daemon log file: C:\Users\USER\.gradle\daemon\8.5\daemon-18296.out.log
[        ] Starting 4th build in daemon [uptime: 53 mins 58.282 secs, performance: 100%, GC rate: 0.00/s, heap usage: 0% of 8 GiB, non-heap usage: 4% of 4 GiB]
[        ] Using 8 worker leases.
[        ] Now considering [C:\Users\USER\Desktop\giga\flota_mobile\android, C:\FlutterVersions\flutter\packages\flutter_tools\gradle] as hierarchies to watch
[        ] Watching the file system is configured to be enabled if available
[        ] File system watching is active
[        ] Starting Build
[        ] Now considering [C:\FlutterVersions\flutter\packages\flutter_tools\gradle, C:\Users\USER\Desktop\giga\flota_mobile\android] as hierarchies to watch
[ +293 ms] > Configure project :gradle
[        ] Evaluating project ':gradle' using build file 'C:\FlutterVersions\flutter\packages\flutter_tools\gradle\build.gradle.kts'.
[        ] Invalidating in-memory cache of C:\FlutterVersions\flutter\packages\flutter_tools\gradle\.gradle\buildOutputCleanup\outputFiles.bin
[        ] Invalidating in-memory cache of C:\Users\USER\.gradle\caches\journal-1\file-access.bin
[        ] Using Kotlin Gradle Plugin gradle81 variant
[        ] kotlin scripting plugin: created the scripting discovery configuration: kotlinScriptDef
[        ] kotlin scripting plugin: created the scripting discovery configuration: testKotlinScriptDef
[        ] file or directory 'C:\FlutterVersions\flutter\packages\flutter_tools\gradle\src\main\java', not found
[        ] Caching disabled for Kotlin DSL accessors for project ':gradle' because:
[        ]   Build cache is disabled
[        ] Skipping Kotlin DSL accessors for project ':gradle' as it is up-to-date.
[        ] Resolve mutations for :gradle:checkKotlinGradlePluginConfigurationErrors (Thread[#320,Execution worker,5,main]) started.
[        ] :gradle:checkKotlinGradlePluginConfigurationErrors (Thread[#320,Execution worker,5,main]) started.
[        ] > Task :gradle:checkKotlinGradlePluginConfigurationErrors
[        ] Caching disabled for task ':gradle:checkKotlinGradlePluginConfigurationErrors' because:
[        ]   Build cache is disabled
[        ] Task ':gradle:checkKotlinGradlePluginConfigurationErrors' is not up-to-date because:
[        ]   Task has not declared any outputs despite executing actions.
[        ] Resolve mutations for :gradle:compileKotlin (Thread[#320,Execution worker,5,main]) started.
[        ] :gradle:compileKotlin (Thread[#320,Execution worker,5,main]) started.
[ +208 ms] Resolve mutations for :gradle:pluginDescriptors (Thread[#323,Execution worker Thread 4,5,main]) started.
[        ] :gradle:pluginDescriptors (Thread[#323,Execution worker Thread 4,5,main]) started.
[        ] > Task :gradle:pluginDescriptors
[        ] Deleting stale output file: C:\FlutterVersions\flutter\packages\flutter_tools\gradle\build\pluginDescriptors
[        ] Caching disabled for task ':gradle:pluginDescriptors' because:
[        ]   Build cache is disabled
[        ] Task ':gradle:pluginDescriptors' is not up-to-date because:
[        ]   Output property 'outputDirectory' file C:\FlutterVersions\flutter\packages\flutter_tools\gradle\build\pluginDescriptors has been removed.
[        ]   Output property 'outputDirectory' file C:\FlutterVersions\flutter\packages\flutter_tools\gradle\build\pluginDescriptors\dev.flutter.flutter-gradle-plugin.properties has been removed.
[        ]   Output property 'outputDirectory' file C:\FlutterVersions\flutter\packages\flutter_tools\gradle\build\pluginDescriptors\dev.flutter.flutter-plugin-loader.properties has been removed.
[        ] Resolve mutations for :gradle:processResources (Thread[#323,Execution worker Thread 4,5,main]) started.
[        ] :gradle:processResources (Thread[#323,Execution worker Thread 4,5,main]) started.
[  +87 ms] > Task :gradle:processResources
[        ] Deleting stale output file: C:\FlutterVersions\flutter\packages\flutter_tools\gradle\build\resources\main
[        ] Caching disabled for task ':gradle:processResources' because:
[        ]   Build cache is disabled
[        ] Task ':gradle:processResources' is not up-to-date because:
[        ]   Output property 'destinationDir' file C:\FlutterVersions\flutter\packages\flutter_tools\gradle\build\resources\main has been removed.
[        ]   Output property 'destinationDir' file C:\FlutterVersions\flutter\packages\flutter_tools\gradle\build\resources\main\META-INF has been removed.
[        ]   Output property 'destinationDir' file C:\FlutterVersions\flutter\packages\flutter_tools\gradle\build\resources\main\META-INF\gradle-plugins has been removed.
[        ] file or directory 'C:\FlutterVersions\flutter\packages\flutter_tools\gradle\src\main\resources', not found
[+1704 ms] > Task :gradle:compileKotlin
[        ] Deleting stale output file: C:\FlutterVersions\flutter\packages\flutter_tools\gradle\build\kotlin\compileKotlin\cacheable
[        ] Deleting stale output file: C:\FlutterVersions\flutter\packages\flutter_tools\gradle\build\kotlin\compileKotlin\classpath-snapshot
[        ] Deleting stale output file: C:\FlutterVersions\flutter\packages\flutter_tools\gradle\build\classes\kotlin\main
[        ] Transforming gradle-api-8.5.jar with ClasspathEntrySnapshotTransform
[        ] Transforming groovy-3.0.17.jar with ClasspathEntrySnapshotTransform
[        ] Transforming groovy-ant-3.0.17.jar with ClasspathEntrySnapshotTransform
[        ] Transforming groovy-astbuilder-3.0.17.jar with ClasspathEntrySnapshotTransform
[        ] Transforming groovy-console-3.0.17.jar with ClasspathEntrySnapshotTransform
[        ] Transforming groovy-datetime-3.0.17.jar with ClasspathEntrySnapshotTransform
[        ] Transforming groovy-dateutil-3.0.17.jar with ClasspathEntrySnapshotTransform
[        ] Transforming groovy-groovydoc-3.0.17.jar with ClasspathEntrySnapshotTransform
[        ] Transforming groovy-json-3.0.17.jar with ClasspathEntrySnapshotTransform
[        ] Transforming groovy-nio-3.0.17.jar with ClasspathEntrySnapshotTransform
[        ] Transforming groovy-sql-3.0.17.jar with ClasspathEntrySnapshotTransform
[        ] Transforming groovy-templates-3.0.17.jar with ClasspathEntrySnapshotTransform
[        ] Transforming groovy-test-3.0.17.jar with ClasspathEntrySnapshotTransform
[        ] Transforming groovy-xml-3.0.17.jar with ClasspathEntrySnapshotTransform
[        ] Transforming javaparser-core-3.17.0.jar with ClasspathEntrySnapshotTransform
[        ] Transforming kotlin-stdlib-1.9.20.jar with ClasspathEntrySnapshotTransform
[        ] Transforming kotlin-reflect-1.9.20.jar with ClasspathEntrySnapshotTransform
[        ] Transforming gradle-installation-beacon-8.5.jar with ClasspathEntrySnapshotTransform
[        ] Transforming gradle-kotlin-dsl-extensions-8.5.jar with ClasspathEntrySnapshotTransform
[        ] Transforming gradle-kotlin-dsl-8.5.jar with ClasspathEntrySnapshotTransform
[        ] Transforming gradle-kotlin-dsl-shared-runtime-8.5.jar with ClasspathEntrySnapshotTransform
[        ] Transforming gradle-kotlin-dsl-tooling-models-8.5.jar with ClasspathEntrySnapshotTransform
[        ] Transforming annotation-jvm-1.9.1.jar with ClasspathEntrySnapshotTransform
[        ] Transforming gradle-8.11.1.jar with ClasspathEntrySnapshotTransform
[        ] Transforming kotlin-reflect-1.9.20.jar with ClasspathEntrySnapshotTransform
[        ] Transforming kotlinx-serialization-json-jvm-1.4.0.jar with ClasspathEntrySnapshotTransform
[        ] Transforming kotlinx-serialization-core-jvm-1.4.0.jar with ClasspathEntrySnapshotTransform
[        ] Transforming kotlin-stdlib-jdk8-1.8.0.jar with ClasspathEntrySnapshotTransform
[        ] Transforming kotlin-stdlib-jdk7-1.8.0.jar with ClasspathEntrySnapshotTransform
[        ] Transforming kotlin-stdlib-1.9.24.jar with ClasspathEntrySnapshotTransform
[        ] Transforming kotlin-gradle-plugin-1.8.0-gradle76.jar with ClasspathEntrySnapshotTransform
[        ] Transforming builder-8.11.1.jar with ClasspathEntrySnapshotTransform
[        ] Transforming builder-model-8.11.1.jar with ClasspathEntrySnapshotTransform
[        ] Transforming gradle-api-8.11.1.jar with ClasspathEntrySnapshotTransform
[        ] Transforming kotlin-gradle-plugin-model-1.8.0.jar with ClasspathEntrySnapshotTransform
[        ] Transforming kotlin-gradle-plugin-api-1.8.0-gradle76.jar with ClasspathEntrySnapshotTransform
[        ] Transforming kotlin-gradle-plugin-api-1.8.0.jar with ClasspathEntrySnapshotTransform
[        ] Transforming kotlin-tooling-core-1.8.0.jar with ClasspathEntrySnapshotTransform
[        ] Transforming annotations-13.0.jar with ClasspathEntrySnapshotTransform
[        ] Transforming manifest-merger-31.11.1.jar with ClasspathEntrySnapshotTransform
[        ] Transforming zipflinger-8.11.1.jar with ClasspathEntrySnapshotTransform
[        ] Transforming apksig-8.11.1.jar with ClasspathEntrySnapshotTransform
[        ] Transforming apkzlib-8.11.1.jar with ClasspathEntrySnapshotTransform
[        ] Transforming javawriter-2.5.0.jar with ClasspathEntrySnapshotTransform
[        ] Transforming asm-9.7.1.jar with ClasspathEntrySnapshotTransform
[        ] Transforming kotlin-native-utils-1.8.0.jar with ClasspathEntrySnapshotTransform
[        ] Transforming kotlin-project-model-1.8.0.jar with ClasspathEntrySnapshotTransform
[        ] Transforming kotlin-util-io-1.8.0.jar with ClasspathEntrySnapshotTransform
[        ] Caching disabled for task ':gradle:compileKotlin' because:
[        ]   Build cache is disabled
[        ] Task ':gradle:compileKotlin' is not up-to-date because:
[        ]   Output property 'classpathSnapshotProperties.classpathSnapshotDir' file C:\FlutterVersions\flutter\packages\flutter_tools\gradle\build\kotlin\compileKotlin\classpath-snapshot has been removed.
[        ]   Output property 'classpathSnapshotProperties.classpathSnapshotDir' file C:\FlutterVersions\flutter\packages\flutter_tools\gradle\build\kotlin\compileKotlin\classpath-snapshot\shrunk-classpath-snapshot.bin has been removed.
[        ]   Output property 'destinationDirectory' file C:\FlutterVersions\flutter\packages\flutter_tools\gradle\build\classes\kotlin\main has been removed.
[        ] The input changes require a full rebuild for incremental task ':gradle:compileKotlin'.
[        ] file or directory 'C:\FlutterVersions\flutter\packages\flutter_tools\gradle\src\main\java', not found
[        ] file or directory 'C:\FlutterVersions\flutter\packages\flutter_tools\gradle\src\main\java', not found
[        ] file or directory 'C:\FlutterVersions\flutter\packages\flutter_tools\gradle\src\main\java', not found
[        ] file or directory 'C:\FlutterVersions\flutter\packages\flutter_tools\gradle\src\main\java', not found
[        ] Kotlin source files: C:\FlutterVersions\flutter\packages\flutter_tools\gradle\src\main\kotlin\AppLinkSettings.kt, C:\FlutterVersions\flutter\packages\flutter_tools\gradle\src\main\kotlin\BaseApplicationNameHandler.kt, C:\FlutterVersions\flutter\packages\flutter_tools\gradle\src\main\kotlin\Deeplink.kt, C:\FlutterVersions\flutter\packages\flutter_tools\gradle\src\main\kotlin\DependencyVersionChecker.kt, C:\FlutterVersions\flutter\packages\flutter_tools\gradle\src\main\kotlin\FlutterAppPluginLoaderPlugin.kt, C:\FlutterVersions\flutter\packages\flutter_tools\gradle\src\main\kotlin\FlutterExtension.kt, C:\FlutterVersions\flutter\packages\flutter_tools\gradle\src\main\kotlin\FlutterPlugin.kt, C:\FlutterVersions\flutter\packages\flutter_tools\gradle\src\main\kotlin\FlutterPluginConstants.kt, C:\FlutterVersions\flutter\packages\flutter_tools\gradle\src\main\kotlin\FlutterPluginUtils.kt, C:\FlutterVersions\flutter\packages\flutter_tools\gradle\src\main\kotlin\IntentFilterCheck.kt, C:\FlutterVersions\flutter\packages\flutter_tools\gradle\src\main\kotlin\NativePluginLoaderReflectionBridge.kt, C:\FlutterVersions\flutter\packages\flutter_tools\gradle\src\main\kotlin\plugins\PluginHandler.kt, C:\FlutterVersions\flutter\packages\flutter_tools\gradle\src\main\kotlin\tasks\BaseFlutterTask.kt, C:\FlutterVersions\flutter\packages\flutter_tools\gradle\src\main\kotlin\tasks\BaseFlutterTaskHelper.kt, C:\FlutterVersions\flutter\packages\flutter_tools\gradle\src\main\kotlin\tasks\DeepLinkJsonFromManifestTask.kt, C:\FlutterVersions\flutter\packages\flutter_tools\gradle\src\main\kotlin\tasks\DeepLinkJsonFromManifestTaskHelper.kt, C:\FlutterVersions\flutter\packages\flutter_tools\gradle\src\main\kotlin\tasks\FlutterTask.kt, C:\FlutterVersions\flutter\packages\flutter_tools\gradle\src\main\kotlin\tasks\FlutterTaskHelper.kt, C:\FlutterVersions\flutter\packages\flutter_tools\gradle\src\main\kotlin\VersionFetcher.kt, C:\FlutterVersions\flutter\packages\flutter_tools\gradle\src\main\kotlin\VersionUtils.kt
[        ] Java source files: 
[        ] Script source files: 
[        ] Script file extensions: 
[        ] Using Kotlin/JVM incremental compilation
[        ] [KOTLIN] Kotlin compilation 'jdkHome' argument: C:\Program Files\Android\Android Studio\jbr
[        ] i: found daemon on port 17373 (4573791 ms old), trying to connect
[        ] i: connected to the daemon
[        ] Options for KOTLIN DAEMON: IncrementalCompilationOptions(super=CompilationOptions(compilerMode=INCREMENTAL_COMPILER, targetPlatform=JVM, reportCategories=[0, 3], reportSeverity=2, requestedCompilationResults=[0], kotlinScriptExtensions=[]), areFileChangesKnown=false, modifiedFiles=null, deletedFiles=null, classpathChanges=NotAvailableForNonIncrementalRun, workingDir=C:\FlutterVersions\flutter\packages\flutter_tools\gradle\build\kotlin\compileKotlin\cacheable, multiModuleICSettings=MultiModuleICSettings(buildHistoryFile=C:\FlutterVersions\flutter\packages\flutter_tools\gradle\build\kotlin\compileKotlin\local-state\build-history.bin, useModuleDetection=false), usePreciseJavaTracking=true, outputFiles=[C:\FlutterVersions\flutter\packages\flutter_tools\gradle\build\classes\kotlin\main, C:\FlutterVersions\flutter\packages\flutter_tools\gradle\build\kotlin\compileKotlin\cacheable, C:\FlutterVersions\flutter\packages\flutter_tools\gradle\build\kotlin\compileKotlin\local-state])
[+3081 ms] w: file:///C:/FlutterVersions/flutter/packages/flutter_tools/gradle/src/main/kotlin/FlutterPlugin.kt:11:37 'ApkVariant' is deprecated. Deprecated in Java
[   +1 ms] w: file:///C:/FlutterVersions/flutter/packages/flutter_tools/gradle/src/main/kotlin/FlutterPlugin.kt:609:69 'ApkVariant' is deprecated. Deprecated in Java
[        ] w: file:///C:/FlutterVersions/flutter/packages/flutter_tools/gradle/src/main/kotlin/plugins/PluginHandler.kt:186:64 Unchecked cast: NamedDomainObjectContainer<out BuildType> to NamedDomainObjectContainer<BuildType>
[        ] w: file:///C:/FlutterVersions/flutter/packages/flutter_tools/gradle/src/main/kotlin/plugins/PluginHandler.kt:187:69 Unchecked cast: NamedDomainObjectContainer<out BuildType> to NamedDomainObjectContainer<BuildType>
[        ] Resolve mutations for :gradle:compileJava (Thread[#323,Execution worker Thread 4,5,main]) started.
[        ] :gradle:compileJava (Thread[#323,Execution worker Thread 4,5,main]) started.
[  +83 ms] > Task :gradle:compileJava NO-SOURCE
[        ] Skipping task ':gradle:compileJava' as it has no source files and no previous output files.
[        ] Resolve mutations for :gradle:compileGroovy (Thread[#323,Execution worker Thread 4,5,main]) started.
[        ] :gradle:compileGroovy (Thread[#323,Execution worker Thread 4,5,main]) started.
[        ] > Task :gradle:compileGroovy NO-SOURCE
[        ] Skipping task ':gradle:compileGroovy' as it has no source files and no previous output files.
[        ] Resolve mutations for :gradle:classes (Thread[#323,Execution worker Thread 4,5,main]) started.
[        ] :gradle:classes (Thread[#320,Execution worker,5,main]) started.
[        ] > Task :gradle:classes
[        ] Skipping task ':gradle:classes' as it has no actions.
[        ] Resolve mutations for :gradle:jar (Thread[#320,Execution worker,5,main]) started.
[        ] :gradle:jar (Thread[#320,Execution worker,5,main]) started.
[ +105 ms] > Task :gradle:jar
[        ] Deleting stale output file: C:\FlutterVersions\flutter\packages\flutter_tools\gradle\build\libs\gradle-1.0.0.jar
[        ] Caching disabled for task ':gradle:jar' because:
[        ]   Build cache is disabled
[        ] Task ':gradle:jar' is not up-to-date because:
[        ]   Output property 'archiveFile' file C:\FlutterVersions\flutter\packages\flutter_tools\gradle\build\libs\gradle-1.0.0.jar has been removed.
[        ] file or directory 'C:\FlutterVersions\flutter\packages\flutter_tools\gradle\build\classes\java\main', not found
[        ] file or directory 'C:\FlutterVersions\flutter\packages\flutter_tools\gradle\build\classes\groovy\main', not found
[ +201 ms] Skipping Kotlin DSL script compilation (Settings/TopLevel/stage2) as it is up-to-date.
[ +199 ms] Settings evaluated using settings file 'C:\Users\USER\Desktop\giga\flota_mobile\android\settings.gradle.kts'.
[        ] Projects loaded. Root project using build file 'C:\Users\USER\Desktop\giga\flota_mobile\android\build.gradle.kts'.
[        ] Included projects: [root project 'android', project ':app', project ':cloud_firestore', project ':firebase_auth', project ':firebase_core', project ':firebase_messaging', project ':flutter_local_notifications', project ':flutter_plugin_android_lifecycle', project ':flutter_secure_storage', project ':geocoding_android', project ':geolocator_android', project ':google_maps_flutter_android', project ':package_info_plus', project ':path_provider_android']
[+1987 ms] > Configure project :
[        ] Evaluating root project 'android' using build file 'C:\Users\USER\Desktop\giga\flota_mobile\android\build.gradle.kts'.
[        ] Caching disabled for Kotlin DSL plugin specs accessors for classpath '6fbb0da4a7e2fc6407846e4d7301aeac' because:
[        ]   Build cache is disabled
[        ] Skipping Kotlin DSL plugin specs accessors for classpath '6fbb0da4a7e2fc6407846e4d7301aeac' as it is up-to-date.
[        ] Caching disabled for Kotlin DSL script compilation (Project/TopLevel/stage1) because:
[        ]   Build cache is disabled
[        ] Skipping Kotlin DSL script compilation (Project/TopLevel/stage1) as it is up-to-date.
[        ] Caching disabled for Kotlin DSL accessors for root project 'android' because:
[        ]   Build cache is disabled
[        ] Skipping Kotlin DSL accessors for root project 'android' as it is up-to-date.
[        ] Caching disabled for Kotlin DSL script compilation (Project/TopLevel/stage2) because:
[        ]   Build cache is disabled
[        ] Skipping Kotlin DSL script compilation (Project/TopLevel/stage2) as it is up-to-date.
[+3495 ms] > Configure project :app
[        ] Evaluating project ':app' using build file 'C:\Users\USER\Desktop\giga\flota_mobile\android\app\build.gradle.kts'.
[        ] Caching disabled for Kotlin DSL script compilation (Project/TopLevel/stage1) because:
[        ]   Build cache is disabled
[        ] Skipping Kotlin DSL script compilation (Project/TopLevel/stage1) as it is up-to-date.
[        ] Using default execution profile
[        ] Using Kotlin Gradle Plugin gradle81 variant
[        ] Caching disabled for Kotlin DSL script compilation (Project/ScriptPlugin/stage1) because:
[        ]   Build cache is disabled
[        ] Skipping Kotlin DSL script compilation (Project/ScriptPlugin/stage1) as it is up-to-date.
[   +5 ms] Warning: Flutter support for your project's Gradle version (8.5.0) will soon be dropped. Please upgrade your Gradle version to a version of at least 8.7.0 soon.
[   +2 ms] Alternatively, use the flag "--android-skip-build-dependency-validation" to bypass this check.
[        ] Potential fix: Your project's gradle version is typically defined in the gradle wrapper file. By default, this can be found at C:\Users\USER\Desktop\giga\flota_mobile\android/gradle/wrapper/gradle-wrapper.properties. 
[        ] For more information, see https://docs.gradle.org/current/userguide/gradle_wrapper.html.
[        ] Warning: Flutter support for your project's Android Gradle Plugin version (Android Gradle Plugin version 8.1.1) will soon be dropped. Please upgrade your Android Gradle Plugin version to a version of at least Android Gradle Plugin version 8.6.0 soon.
[        ] Alternatively, use the flag "--android-skip-build-dependency-validation" to bypass this check.
[        ] Potential fix: Your project's AGP version is typically defined in the plugins block of the `settings.gradle` file (C:\Users\USER\Desktop\giga\flota_mobile\android/settings.gradle), by a plugin with the id of com.android.application. 
[   +1 ms] If you don't see a plugins block, your project was likely created with an older template version. In this case it is most likely defined in the top-level build.gradle file (C:\Users\USER\Desktop\giga\flota_mobile\android/build.gradle) by the following line in the dependencies block of the buildscript: "classpath 'com.android.tools.build:gradle:<version>'".
[        ] Warning: Flutter support for your project's Kotlin version (1.9.0) will soon be dropped. Please upgrade your Kotlin version to a version of at least 2.1.0 soon.
[        ] Alternatively, use the flag "--android-skip-build-dependency-validation" to bypass this check.
[        ] Potential fix: Your project's KGP version is typically defined in the plugins block of the `settings.gradle` file (C:\Users\USER\Desktop\giga\flota_mobile\android/settings.gradle), by a plugin with the id of org.jetbrains.kotlin.android. 
[        ] If you don't see a plugins block, your project was likely created with an older template version, in which case it is most likely defined in the top-level build.gradle file (C:\Users\USER\Desktop\giga\flota_mobile\android/build.gradle) by the ext.kotlin_version property.
[   +1 ms] Caching disabled for Kotlin DSL accessors for project ':app' because:
[        ]   Build cache is disabled
[        ] Skipping Kotlin DSL accessors for project ':app' as it is up-to-date.
[        ] Caching disabled for Kotlin DSL script compilation (Project/TopLevel/stage2) because:
[        ]   Build cache is disabled
[        ] Skipping Kotlin DSL script compilation (Project/TopLevel/stage2) as it is up-to-date.
[        ] C/C++: android.ndkVersion from module build.gradle is [28.2.13676358]
[        ] C/C++: android.ndkPath from module build.gradle is not set
[        ] C/C++: ndk.dir in local.properties is not set
[        ] C/C++: Not considering ANDROID_NDK_HOME because support was removed after deprecation period.
[        ] C/C++: sdkFolder is C:\Users\USER\AppData\Local\Android\sdk
[        ] WARNING: C/C++: Ignoring invalid ABI 'riscv64' found in ABI metadata file 'C:\Users\USER\AppData\Local\Android\sdk\ndk\28.2.13676358\meta\abis.json'.
[        ] C/C++: Ignoring invalid ABI 'riscv64' found in ABI metadata file 'C:\Users\USER\AppData\Local\Android\sdk\ndk\28.2.13676358\meta\abis.json'.
[        ] C/C++: android.ndkVersion from module build.gradle is [28.2.13676358]
[        ] C/C++: android.ndkPath from module build.gradle is not set
[        ] C/C++: ndk.dir in local.properties is not set
[        ] C/C++: Not considering ANDROID_NDK_HOME because support was removed after deprecation period.
[        ] C/C++: sdkFolder is C:\Users\USER\AppData\Local\Android\sdk
[        ] WARNING: C/C++: Ignoring invalid ABI 'riscv64' found in ABI metadata file 'C:\Users\USER\AppData\Local\Android\sdk\ndk\28.2.13676358\meta\abis.json'.
[        ] C/C++: Ignoring invalid ABI 'riscv64' found in ABI metadata file 'C:\Users\USER\AppData\Local\Android\sdk\ndk\28.2.13676358\meta\abis.json'.
[        ] WARNING: C/C++: Ignoring invalid ABI 'riscv64' found in ABI metadata file 'C:\Users\USER\AppData\Local\Android\sdk\ndk\28.2.13676358\meta\abis.json'.
[        ] C/C++: Ignoring invalid ABI 'riscv64' found in ABI metadata file 'C:\Users\USER\AppData\Local\Android\sdk\ndk\28.2.13676358\meta\abis.json'.
[        ] C/C++: android.ndkVersion from module build.gradle is [28.2.13676358]
[        ] C/C++: android.ndkPath from module build.gradle is not set
[        ] C/C++: ndk.dir in local.properties is not set
[        ] C/C++: Not considering ANDROID_NDK_HOME because support was removed after deprecation period.
[        ] C/C++: sdkFolder is C:\Users\USER\AppData\Local\Android\sdk
[        ] WARNING: C/C++: Ignoring invalid ABI 'riscv64' found in ABI metadata file 'C:\Users\USER\AppData\Local\Android\sdk\ndk\28.2.13676358\meta\abis.json'.
[        ] C/C++: Ignoring invalid ABI 'riscv64' found in ABI metadata file 'C:\Users\USER\AppData\Local\Android\sdk\ndk\28.2.13676358\meta\abis.json'.
[        ] C/C++: android.ndkVersion from module build.gradle is [28.2.13676358]
[        ] C/C++: android.ndkPath from module build.gradle is not set
[        ] C/C++: ndk.dir in local.properties is not set
[        ] C/C++: Not considering ANDROID_NDK_HOME because support was removed after deprecation period.
[        ] C/C++: sdkFolder is C:\Users\USER\AppData\Local\Android\sdk
[        ] WARNING: C/C++: Ignoring invalid ABI 'riscv64' found in ABI metadata file 'C:\Users\USER\AppData\Local\Android\sdk\ndk\28.2.13676358\meta\abis.json'.
[        ] C/C++: Ignoring invalid ABI 'riscv64' found in ABI metadata file 'C:\Users\USER\AppData\Local\Android\sdk\ndk\28.2.13676358\meta\abis.json'.
[        ] C/C++: android.ndkVersion from module build.gradle is [28.2.13676358]
[        ] C/C++: android.ndkPath from module build.gradle is not set
[        ] C/C++: ndk.dir in local.properties is not set
[        ] C/C++: Not considering ANDROID_NDK_HOME because support was removed after deprecation period.
[        ] C/C++: sdkFolder is C:\Users\USER\AppData\Local\Android\sdk
[        ] WARNING: C/C++: Ignoring invalid ABI 'riscv64' found in ABI metadata file 'C:\Users\USER\AppData\Local\Android\sdk\ndk\28.2.13676358\meta\abis.json'.
[        ] C/C++: Ignoring invalid ABI 'riscv64' found in ABI metadata file 'C:\Users\USER\AppData\Local\Android\sdk\ndk\28.2.13676358\meta\abis.json'.
[        ] C/C++: android.ndkVersion from module build.gradle is [28.2.13676358]
[        ] C/C++: android.ndkPath from module build.gradle is not set
[        ] C/C++: ndk.dir in local.properties is not set
[        ] C/C++: Not considering ANDROID_NDK_HOME because support was removed after deprecation period.
[        ] C/C++: sdkFolder is C:\Users\USER\AppData\Local\Android\sdk
[        ] WARNING: C/C++: Ignoring invalid ABI 'riscv64' found in ABI metadata file 'C:\Users\USER\AppData\Local\Android\sdk\ndk\28.2.13676358\meta\abis.json'.
[        ] C/C++: Ignoring invalid ABI 'riscv64' found in ABI metadata file 'C:\Users\USER\AppData\Local\Android\sdk\ndk\28.2.13676358\meta\abis.json'.
[        ] C/C++: android.ndkVersion from module build.gradle is [28.2.13676358]
[        ] C/C++: android.ndkPath from module build.gradle is not set
[        ] C/C++: ndk.dir in local.properties is not set
[        ] C/C++: Not considering ANDROID_NDK_HOME because support was removed after deprecation period.
[        ] C/C++: sdkFolder is C:\Users\USER\AppData\Local\Android\sdk
[        ] WARNING: C/C++: Ignoring invalid ABI 'riscv64' found in ABI metadata file 'C:\Users\USER\AppData\Local\Android\sdk\ndk\28.2.13676358\meta\abis.json'.
[        ] C/C++: Ignoring invalid ABI 'riscv64' found in ABI metadata file 'C:\Users\USER\AppData\Local\Android\sdk\ndk\28.2.13676358\meta\abis.json'.
[        ] WARNING: C/C++: Ignoring invalid ABI 'riscv64' found in ABI metadata file 'C:\Users\USER\AppData\Local\Android\sdk\ndk\28.2.13676358\meta\abis.json'.
[        ] C/C++: Ignoring invalid ABI 'riscv64' found in ABI metadata file 'C:\Users\USER\AppData\Local\Android\sdk\ndk\28.2.13676358\meta\abis.json'.
[        ] C/C++: android.ndkVersion from module build.gradle is [28.2.13676358]
[        ] C/C++: android.ndkPath from module build.gradle is not set
[        ] C/C++: ndk.dir in local.properties is not set
[        ] C/C++: Not considering ANDROID_NDK_HOME because support was removed after deprecation period.
[        ] C/C++: sdkFolder is C:\Users\USER\AppData\Local\Android\sdk
[        ] WARNING: C/C++: Ignoring invalid ABI 'riscv64' found in ABI metadata file 'C:\Users\USER\AppData\Local\Android\sdk\ndk\28.2.13676358\meta\abis.json'.
[        ] C/C++: Ignoring invalid ABI 'riscv64' found in ABI metadata file 'C:\Users\USER\AppData\Local\Android\sdk\ndk\28.2.13676358\meta\abis.json'.
[        ] C/C++: android.ndkVersion from module build.gradle is [28.2.13676358]
[        ] C/C++: android.ndkPath from module build.gradle is not set
[        ] C/C++: ndk.dir in local.properties is not set
[        ] C/C++: Not considering ANDROID_NDK_HOME because support was removed after deprecation period.
[        ] C/C++: sdkFolder is C:\Users\USER\AppData\Local\Android\sdk
[   +1 ms] WARNING: C/C++: Ignoring invalid ABI 'riscv64' found in ABI metadata file 'C:\Users\USER\AppData\Local\Android\sdk\ndk\28.2.13676358\meta\abis.json'.
[   +6 ms] C/C++: Ignoring invalid ABI 'riscv64' found in ABI metadata file 'C:\Users\USER\AppData\Local\Android\sdk\ndk\28.2.13676358\meta\abis.json'.
[        ] C/C++: android.ndkVersion from module build.gradle is [28.2.13676358]
[        ] C/C++: android.ndkPath from module build.gradle is not set
[   +1 ms] C/C++: ndk.dir in local.properties is not set
[   +1 ms] C/C++: Not considering ANDROID_NDK_HOME because support was removed after deprecation period.
[        ] C/C++: sdkFolder is C:\Users\USER\AppData\Local\Android\sdk
[        ] WARNING: C/C++: Ignoring invalid ABI 'riscv64' found in ABI metadata file 'C:\Users\USER\AppData\Local\Android\sdk\ndk\28.2.13676358\meta\abis.json'.
[        ] C/C++: Ignoring invalid ABI 'riscv64' found in ABI metadata file 'C:\Users\USER\AppData\Local\Android\sdk\ndk\28.2.13676358\meta\abis.json'.
[        ] C/C++: android.ndkVersion from module build.gradle is [28.2.13676358]
[        ] C/C++: android.ndkPath from module build.gradle is not set
[        ] C/C++: ndk.dir in local.properties is not set
[        ] C/C++: Not considering ANDROID_NDK_HOME because support was removed after deprecation period.
[        ] C/C++: sdkFolder is C:\Users\USER\AppData\Local\Android\sdk
[        ] WARNING: C/C++: Ignoring invalid ABI 'riscv64' found in ABI metadata file 'C:\Users\USER\AppData\Local\Android\sdk\ndk\28.2.13676358\meta\abis.json'.
[        ] C/C++: Ignoring invalid ABI 'riscv64' found in ABI metadata file 'C:\Users\USER\AppData\Local\Android\sdk\ndk\28.2.13676358\meta\abis.json'.
[        ] C/C++: android.ndkVersion from module build.gradle is [28.2.13676358]
[        ] C/C++: android.ndkPath from module build.gradle is not set
[        ] C/C++: ndk.dir in local.properties is not set
[        ] C/C++: Not considering ANDROID_NDK_HOME because support was removed after deprecation period.
[        ] C/C++: sdkFolder is C:\Users\USER\AppData\Local\Android\sdk
[        ] WARNING: C/C++: Ignoring invalid ABI 'riscv64' found in ABI metadata file 'C:\Users\USER\AppData\Local\Android\sdk\ndk\28.2.13676358\meta\abis.json'.
[        ] C/C++: Ignoring invalid ABI 'riscv64' found in ABI metadata file 'C:\Users\USER\AppData\Local\Android\sdk\ndk\28.2.13676358\meta\abis.json'.
[        ] WARNING: C/C++: Ignoring invalid ABI 'riscv64' found in ABI metadata file 'C:\Users\USER\AppData\Local\Android\sdk\ndk\28.2.13676358\meta\abis.json'.
[        ] C/C++: Ignoring invalid ABI 'riscv64' found in ABI metadata file 'C:\Users\USER\AppData\Local\Android\sdk\ndk\28.2.13676358\meta\abis.json'.
[        ] C/C++: android.ndkVersion from module build.gradle is [28.2.13676358]
[        ] C/C++: android.ndkPath from module build.gradle is not set
[        ] C/C++: ndk.dir in local.properties is not set
[        ] C/C++: Not considering ANDROID_NDK_HOME because support was removed after deprecation period.
[        ] C/C++: sdkFolder is C:\Users\USER\AppData\Local\Android\sdk
[        ] WARNING: C/C++: Ignoring invalid ABI 'riscv64' found in ABI metadata file 'C:\Users\USER\AppData\Local\Android\sdk\ndk\28.2.13676358\meta\abis.json'.
[        ] C/C++: Ignoring invalid ABI 'riscv64' found in ABI metadata file 'C:\Users\USER\AppData\Local\Android\sdk\ndk\28.2.13676358\meta\abis.json'.
[        ] C/C++: android.ndkVersion from module build.gradle is [28.2.13676358]
[        ] C/C++: android.ndkPath from module build.gradle is not set
[        ] C/C++: ndk.dir in local.properties is not set
[        ] C/C++: Not considering ANDROID_NDK_HOME because support was removed after deprecation period.
[        ] C/C++: sdkFolder is C:\Users\USER\AppData\Local\Android\sdk
[        ] WARNING: C/C++: Ignoring invalid ABI 'riscv64' found in ABI metadata file 'C:\Users\USER\AppData\Local\Android\sdk\ndk\28.2.13676358\meta\abis.json'.
[        ] C/C++: Ignoring invalid ABI 'riscv64' found in ABI metadata file 'C:\Users\USER\AppData\Local\Android\sdk\ndk\28.2.13676358\meta\abis.json'.
[        ] C/C++: android.ndkVersion from module build.gradle is [28.2.13676358]
[        ] C/C++: android.ndkPath from module build.gradle is not set
[        ] C/C++: ndk.dir in local.properties is not set
[        ] C/C++: Not considering ANDROID_NDK_HOME because support was removed after deprecation period.
[        ] C/C++: sdkFolder is C:\Users\USER\AppData\Local\Android\sdk
[        ] WARNING: C/C++: Ignoring invalid ABI 'riscv64' found in ABI metadata file 'C:\Users\USER\AppData\Local\Android\sdk\ndk\28.2.13676358\meta\abis.json'.
[        ] C/C++: Ignoring invalid ABI 'riscv64' found in ABI metadata file 'C:\Users\USER\AppData\Local\Android\sdk\ndk\28.2.13676358\meta\abis.json'.
[        ] C/C++: android.ndkVersion from module build.gradle is [28.2.13676358]
[        ] C/C++: android.ndkPath from module build.gradle is not set
[        ] C/C++: ndk.dir in local.properties is not set
[        ] C/C++: Not considering ANDROID_NDK_HOME because support was removed after deprecation period.
[        ] C/C++: sdkFolder is C:\Users\USER\AppData\Local\Android\sdk
[        ] WARNING: C/C++: Ignoring invalid ABI 'riscv64' found in ABI metadata file 'C:\Users\USER\AppData\Local\Android\sdk\ndk\28.2.13676358\meta\abis.json'.
[        ] C/C++: Ignoring invalid ABI 'riscv64' found in ABI metadata file 'C:\Users\USER\AppData\Local\Android\sdk\ndk\28.2.13676358\meta\abis.json'.
[        ] Parsed shrinker version: 8.1.65
[+1941 ms] > Configure project :cloud_firestore
[        ] Evaluating project ':cloud_firestore' using build file 'C:\Users\USER\AppData\Local\Pub\Cache\hosted\pub.dev\cloud_firestore-5.6.12\android\build.gradle'.
[+15889 ms] Downloading https://dl.google.com/dl/android/maven2/com/android/tools/build/builder/8.3.0/builder-8.3.0.jar to C:\Users\USER\.gradle\.tmp\gradle_download9669405964903337644bin
[+141040 ms] Compiling build file 'C:\Users\USER\AppData\Local\Pub\Cache\hosted\pub.dev\cloud_firestore-5.6.12\android\build.gradle' using BuildScriptTransformer.
[ +868 ms] Using default execution profile
[   +2 ms] Compiling script 'C:\Users\USER\AppData\Local\Pub\Cache\hosted\pub.dev\cloud_firestore-5.6.12\android\local-config.gradle' using SubsetScriptTransformer.
[   +2 ms] Compiling script 'C:\Users\USER\AppData\Local\Pub\Cache\hosted\pub.dev\cloud_firestore-5.6.12\android\local-config.gradle' using BuildScriptTransformer.
[ +685 ms] Compiling script 'C:\Users\USER\AppData\Local\Pub\Cache\hosted\pub.dev\cloud_firestore-5.6.12\android\user-agent.gradle' using SubsetScriptTransformer.
[ +108 ms] Compiling script 'C:\Users\USER\AppData\Local\Pub\Cache\hosted\pub.dev\cloud_firestore-5.6.12\android\user-agent.gradle' using BuildScriptTransformer.
[+1190 ms] > Configure project :firebase_auth
[        ] Evaluating project ':firebase_auth' using build file 'C:\Users\USER\AppData\Local\Pub\Cache\hosted\pub.dev\firebase_auth-5.7.0\android\build.gradle'.
[        ] Compiling build file 'C:\Users\USER\AppData\Local\Pub\Cache\hosted\pub.dev\firebase_auth-5.7.0\android\build.gradle' using SubsetScriptTransformer.
[        ] Compiling build file 'C:\Users\USER\AppData\Local\Pub\Cache\hosted\pub.dev\firebase_auth-5.7.0\android\build.gradle' using BuildScriptTransformer.
[        ] Using default execution profile
[        ] Compiling script 'C:\Users\USER\AppData\Local\Pub\Cache\hosted\pub.dev\firebase_auth-5.7.0\android\user-agent.gradle' using SubsetScriptTransformer.
[        ] Compiling script 'C:\Users\USER\AppData\Local\Pub\Cache\hosted\pub.dev\firebase_auth-5.7.0\android\user-agent.gradle' using BuildScriptTransformer.
[ +696 ms] > Configure project :firebase_core
[        ] Evaluating project ':firebase_core' using build file 'C:\Users\USER\AppData\Local\Pub\Cache\hosted\pub.dev\firebase_core-3.15.2\android\build.gradle'.
[        ] Compiling build file 'C:\Users\USER\AppData\Local\Pub\Cache\hosted\pub.dev\firebase_core-3.15.2\android\build.gradle' using SubsetScriptTransformer.
[        ] Compiling build file 'C:\Users\USER\AppData\Local\Pub\Cache\hosted\pub.dev\firebase_core-3.15.2\android\build.gradle' using BuildScriptTransformer.
[        ] Using default execution profile
[        ] Compiling script 'C:\Users\USER\AppData\Local\Pub\Cache\hosted\pub.dev\firebase_core-3.15.2\android\user-agent.gradle' using SubsetScriptTransformer.
[        ] Compiling script 'C:\Users\USER\AppData\Local\Pub\Cache\hosted\pub.dev\firebase_core-3.15.2\android\user-agent.gradle' using BuildScriptTransformer.
[ +802 ms] > Configure project :firebase_messaging
[        ] Evaluating project ':firebase_messaging' using build file 'C:\Users\USER\AppData\Local\Pub\Cache\hosted\pub.dev\firebase_messaging-15.2.10\android\build.gradle'.
[        ] Compiling build file 'C:\Users\USER\AppData\Local\Pub\Cache\hosted\pub.dev\firebase_messaging-15.2.10\android\build.gradle' using SubsetScriptTransformer.
[        ] Compiling build file 'C:\Users\USER\AppData\Local\Pub\Cache\hosted\pub.dev\firebase_messaging-15.2.10\android\build.gradle' using BuildScriptTransformer.
[        ] Using default execution profile
[        ] Compiling script 'C:\Users\USER\AppData\Local\Pub\Cache\hosted\pub.dev\firebase_messaging-15.2.10\android\user-agent.gradle' using SubsetScriptTransformer.
[        ] Compiling script 'C:\Users\USER\AppData\Local\Pub\Cache\hosted\pub.dev\firebase_messaging-15.2.10\android\user-agent.gradle' using BuildScriptTransformer.
[+1299 ms] > Configure project :flutter_local_notifications
[        ] Evaluating project ':flutter_local_notifications' using build file 'C:\Users\USER\AppData\Local\Pub\Cache\hosted\pub.dev\flutter_local_notifications-18.0.1\android\build.gradle'.
[        ] Compiling build file 'C:\Users\USER\AppData\Local\Pub\Cache\hosted\pub.dev\flutter_local_notifications-18.0.1\android\build.gradle' using SubsetScriptTransformer.
[        ] Compiling build file 'C:\Users\USER\AppData\Local\Pub\Cache\hosted\pub.dev\flutter_local_notifications-18.0.1\android\build.gradle' using BuildScriptTransformer.
[        ] Using default execution profile
[+1706 ms] > Configure project :flutter_plugin_android_lifecycle
[        ] Evaluating project ':flutter_plugin_android_lifecycle' using build file 'C:\Users\USER\AppData\Local\Pub\Cache\hosted\pub.dev\flutter_plugin_android_lifecycle-2.0.33\android\build.gradle'.
[        ] Compiling build file 'C:\Users\USER\AppData\Local\Pub\Cache\hosted\pub.dev\flutter_plugin_android_lifecycle-2.0.33\android\build.gradle' using SubsetScriptTransformer.
[        ] Compiling build file 'C:\Users\USER\AppData\Local\Pub\Cache\hosted\pub.dev\flutter_plugin_android_lifecycle-2.0.33\android\build.gradle' using BuildScriptTransformer.
[        ] Using default execution profile
[ +693 ms] > Configure project :flutter_secure_storage
[        ] Evaluating project ':flutter_secure_storage' using build file 'C:\Users\USER\AppData\Local\Pub\Cache\hosted\pub.dev\flutter_secure_storage-10.0.0\android\build.gradle'.
[        ] Compiling build file 'C:\Users\USER\AppData\Local\Pub\Cache\hosted\pub.dev\flutter_secure_storage-10.0.0\android\build.gradle' using SubsetScriptTransformer.
[        ] Compiling build file 'C:\Users\USER\AppData\Local\Pub\Cache\hosted\pub.dev\flutter_secure_storage-10.0.0\android\build.gradle' using BuildScriptTransformer.
[        ] Using default execution profile
[ +399 ms] > Configure project :geocoding_android
[        ] Evaluating project ':geocoding_android' using build file 'C:\Users\USER\AppData\Local\Pub\Cache\hosted\pub.dev\geocoding_android-4.0.1\android\build.gradle'.
[        ] Compiling build file 'C:\Users\USER\AppData\Local\Pub\Cache\hosted\pub.dev\geocoding_android-4.0.1\android\build.gradle' using SubsetScriptTransformer.
[        ] Compiling build file 'C:\Users\USER\AppData\Local\Pub\Cache\hosted\pub.dev\geocoding_android-4.0.1\android\build.gradle' using BuildScriptTransformer.
[        ] Using default execution profile
[+1001 ms] Invalidating in-memory cache of C:\Users\USER\.gradle\caches\journal-1\file-access.bin
[  +92 ms] > Configure project :geolocator_android
[        ] Evaluating project ':geolocator_android' using build file 'C:\Users\USER\AppData\Local\Pub\Cache\hosted\pub.dev\geolocator_android-5.0.2\android\build.gradle'.
[        ] Compiling build file 'C:\Users\USER\AppData\Local\Pub\Cache\hosted\pub.dev\geolocator_android-5.0.2\android\build.gradle' using SubsetScriptTransformer.
[        ] Compiling build file 'C:\Users\USER\AppData\Local\Pub\Cache\hosted\pub.dev\geolocator_android-5.0.2\android\build.gradle' using BuildScriptTransformer.
[        ] Using default execution profile
[ +400 ms] Invalidating in-memory cache of C:\Users\USER\.gradle\caches\journal-1\file-access.bin
[ +399 ms] > Configure project :google_maps_flutter_android
[        ] Evaluating project ':google_maps_flutter_android' using build file 'C:\Users\USER\AppData\Local\Pub\Cache\hosted\pub.dev\google_maps_flutter_android-2.18.9\android\build.gradle'.
[        ] Compiling build file 'C:\Users\USER\AppData\Local\Pub\Cache\hosted\pub.dev\google_maps_flutter_android-2.18.9\android\build.gradle' using SubsetScriptTransformer.
[        ] Compiling build file 'C:\Users\USER\AppData\Local\Pub\Cache\hosted\pub.dev\google_maps_flutter_android-2.18.9\android\build.gradle' using BuildScriptTransformer.
[        ] Using default execution profile
[+1034 ms] > Configure project :package_info_plus
[        ] Evaluating project ':package_info_plus' using build file 'C:\Users\USER\AppData\Local\Pub\Cache\hosted\pub.dev\package_info_plus-9.0.0\android\build.gradle'.
[        ] Compiling build file 'C:\Users\USER\AppData\Local\Pub\Cache\hosted\pub.dev\package_info_plus-9.0.0\android\build.gradle' using SubsetScriptTransformer.
[        ] Compiling build file 'C:\Users\USER\AppData\Local\Pub\Cache\hosted\pub.dev\package_info_plus-9.0.0\android\build.gradle' using BuildScriptTransformer.
[        ] Using default execution profile
[        ] Using Kotlin Gradle Plugin gradle81 variant
[ +563 ms] > Configure project :path_provider_android
[        ] Evaluating project ':path_provider_android' using build file 'C:\Users\USER\AppData\Local\Pub\Cache\hosted\pub.dev\path_provider_android-2.2.22\android\build.gradle'.
[        ] Compiling build file 'C:\Users\USER\AppData\Local\Pub\Cache\hosted\pub.dev\path_provider_android-2.2.22\android\build.gradle' using SubsetScriptTransformer.
[        ] Compiling build file 'C:\Users\USER\AppData\Local\Pub\Cache\hosted\pub.dev\path_provider_android-2.2.22\android\build.gradle' using BuildScriptTransformer.
[        ] Using default execution profile
[        ] All projects evaluated.
[ +399 ms] Task name matched 'assembleRelease'
[        ] Selected primary task 'assembleRelease' from project :
[+2206 ms] Warning: SDK processing. This version only understands SDK XML versions up to 3 but an SDK XML file of version 4 was encountered. This can happen if you use versions of Android Studio and the command-line tools that were released at different times.
[        ] WARNING: We recommend using a newer Android Gradle plugin to use compileSdk = 36
[        ] This Android Gradle plugin (8.1.1) was tested up to compileSdk = 34.
[        ] You are strongly encouraged to update your project to use a newer
[        ] Android Gradle plugin that has been tested with compileSdk = 36.
[        ] If you are already using the latest version of the Android Gradle plugin,
[        ] you may need to wait until a newer version with support for compileSdk = 36 is available.
[        ] To suppress this warning, add/update
[        ]     android.suppressUnsupportedCompileSdk=36
[        ] to this project's gradle.properties.
[ +407 ms] WARNING: We recommend using a newer Android Gradle plugin to use compileSdk = 35
[        ] This Android Gradle plugin (8.1.1) was tested up to compileSdk = 34.
[        ] You are strongly encouraged to update your project to use a newer
[        ] Android Gradle plugin that has been tested with compileSdk = 35.
[        ] If you are already using the latest version of the Android Gradle plugin,
[        ] you may need to wait until a newer version with support for compileSdk = 35 is available.
[        ] To suppress this warning, add/update
[        ]     android.suppressUnsupportedCompileSdk=35
[        ] to this project's gradle.properties.
[+1198 ms] Tasks to be executed: [task ':app:ReleaseMinSdkCheck', task ':cloud_firestore:preBuild', task ':cloud_firestore:preReleaseBuild', task ':cloud_firestore:mergeReleaseJniLibFolders', task ':cloud_firestore:mergeReleaseNativeLibs', task ':cloud_firestore:stripReleaseDebugSymbols', task ':cloud_firestore:copyReleaseJniLibsProjectAndLocalJars', task ':cloud_firestore:generateReleaseResValues', task ':cloud_firestore:extractDeepLinksForAarRelease', task ':cloud_firestore:generateReleaseBuildConfig', task ':cloud_firestore:generateReleaseResources', task ':cloud_firestore:packageReleaseResources', task ':cloud_firestore:parseReleaseLocalResources', task ':cloud_firestore:processReleaseManifest', task ':cloud_firestore:generateReleaseRFile', task ':firebase_core:preBuild', task ':firebase_core:preReleaseBuild', task ':firebase_core:generateReleaseBuildConfig', task ':firebase_core:generateReleaseResValues', task ':firebase_core:generateReleaseResources', task ':firebase_core:packageReleaseResources', task ':firebase_core:parseReleaseLocalResources', task ':firebase_core:processReleaseManifest', task ':firebase_core:generateReleaseRFile', task ':firebase_core:javaPreCompileRelease', task ':firebase_core:compileReleaseJavaWithJavac', task ':firebase_core:bundleLibCompileToJarRelease', task ':cloud_firestore:extractReleaseAnnotations', task ':cloud_firestore:javaPreCompileRelease', task ':cloud_firestore:compileReleaseJavaWithJavac', task ':cloud_firestore:mergeReleaseGeneratedProguardFiles', task ':cloud_firestore:mergeReleaseConsumerProguardFiles', task ':cloud_firestore:mergeReleaseShaders', task ':cloud_firestore:compileReleaseShaders', task ':cloud_firestore:generateReleaseAssets', task ':cloud_firestore:packageReleaseAssets', task ':cloud_firestore:prepareLintJarForPublish', task ':cloud_firestore:prepareReleaseArtProfile', task ':cloud_firestore:processReleaseJavaRes', task ':cloud_firestore:mergeReleaseJavaResource', task ':cloud_firestore:syncReleaseLibJars', task ':cloud_firestore:writeReleaseAarMetadata', task ':cloud_firestore:bundleReleaseLocalLintAar', task ':firebase_auth:preBuild', task ':firebase_auth:preReleaseBuild', task ':firebase_auth:mergeReleaseJniLibFolders', task ':firebase_auth:mergeReleaseNativeLibs', task ':firebase_auth:stripReleaseDebugSymbols', task ':firebase_auth:copyReleaseJniLibsProjectAndLocalJars', task ':firebase_auth:generateReleaseResValues', task ':firebase_auth:extractDeepLinksForAarRelease', task ':firebase_auth:generateReleaseBuildConfig', task ':firebase_auth:generateReleaseResources', task ':firebase_auth:packageReleaseResources', task ':firebase_auth:parseReleaseLocalResources', task ':firebase_auth:processReleaseManifest', task ':firebase_auth:generateReleaseRFile', task ':firebase_auth:extractReleaseAnnotations', task ':firebase_auth:javaPreCompileRelease', task ':firebase_auth:compileReleaseJavaWithJavac', task ':firebase_auth:mergeReleaseGeneratedProguardFiles', task ':firebase_auth:mergeReleaseConsumerProguardFiles', task ':firebase_auth:mergeReleaseShaders', task ':firebase_auth:compileReleaseShaders', task ':firebase_auth:generateReleaseAssets', task ':firebase_auth:packageReleaseAssets', task ':firebase_auth:prepareLintJarForPublish', task ':firebase_auth:prepareReleaseArtProfile', task ':firebase_auth:processReleaseJavaRes', task ':firebase_auth:mergeReleaseJavaResource', task ':firebase_auth:syncReleaseLibJars', task ':firebase_auth:writeReleaseAarMetadata', task ':firebase_auth:bundleReleaseLocalLintAar', task ':firebase_messaging:preBuild', task ':firebase_messaging:preReleaseBuild', task ':firebase_messaging:mergeReleaseJniLibFolders', task ':firebase_messaging:mergeReleaseNativeLibs', task ':firebase_messaging:stripReleaseDebugSymbols', task ':firebase_messaging:copyReleaseJniLibsProjectAndLocalJars', task ':firebase_messaging:generateReleaseResValues', task ':firebase_messaging:extractDeepLinksForAarRelease', task ':firebase_messaging:generateReleaseBuildConfig', task ':firebase_messaging:generateReleaseResources', task ':firebase_messaging:packageReleaseResources', task ':firebase_messaging:parseReleaseLocalResources', task ':firebase_messaging:processReleaseManifest', task ':firebase_messaging:generateReleaseRFile', task ':firebase_messaging:extractReleaseAnnotations', task ':firebase_messaging:javaPreCompileRelease', task ':firebase_messaging:compileReleaseJavaWithJavac', task ':firebase_messaging:mergeReleaseGeneratedProguardFiles', task ':firebase_messaging:mergeReleaseConsumerProguardFiles', task ':firebase_messaging:mergeReleaseShaders', task ':firebase_messaging:compileReleaseShaders', task ':firebase_messaging:generateReleaseAssets', task ':firebase_messaging:packageReleaseAssets', task ':firebase_messaging:prepareLintJarForPublish', task ':firebase_messaging:prepareReleaseArtProfile', task ':firebase_messaging:processReleaseJavaRes', task ':firebase_messaging:mergeReleaseJavaResource', task ':firebase_messaging:syncReleaseLibJars', task ':firebase_messaging:writeReleaseAarMetadata', task ':firebase_messaging:bundleReleaseLocalLintAar', task ':firebase_core:mergeReleaseJniLibFolders', task ':firebase_core:mergeReleaseNativeLibs', task ':firebase_core:stripReleaseDebugSymbols', task ':firebase_core:copyReleaseJniLibsProjectAndLocalJars', task ':firebase_core:extractDeepLinksForAarRelease', task ':firebase_core:extractReleaseAnnotations', task ':firebase_core:mergeReleaseGeneratedProguardFiles', task ':firebase_core:mergeReleaseConsumerProguardFiles', task ':firebase_core:mergeReleaseShaders', task ':firebase_core:compileReleaseShaders', task ':firebase_core:generateReleaseAssets', task ':firebase_core:packageReleaseAssets', task ':firebase_core:prepareLintJarForPublish', task ':firebase_core:prepareReleaseArtProfile', task ':firebase_core:processReleaseJavaRes', task ':firebase_core:mergeReleaseJavaResource', task ':firebase_core:syncReleaseLibJars', task ':firebase_core:writeReleaseAarMetadata', task ':firebase_core:bundleReleaseLocalLintAar', task ':flutter_local_notifications:preBuild', task ':flutter_local_notifications:preReleaseBuild', task ':flutter_local_notifications:mergeReleaseJniLibFolders', task ':flutter_local_notifications:mergeReleaseNativeLibs', task ':flutter_local_notifications:stripReleaseDebugSymbols', task ':flutter_local_notifications:copyReleaseJniLibsProjectAndLocalJars', task ':flutter_local_notifications:generateReleaseResValues', task ':flutter_local_notifications:extractDeepLinksForAarRelease', task ':flutter_local_notifications:generateReleaseResources', task ':flutter_local_notifications:packageReleaseResources', task ':flutter_local_notifications:parseReleaseLocalResources', task ':flutter_local_notifications:processReleaseManifest', task ':flutter_local_notifications:generateReleaseRFile', task ':flutter_local_notifications:extractReleaseAnnotations', task ':flutter_local_notifications:javaPreCompileRelease', task ':flutter_local_notifications:compileReleaseJavaWithJavac', task ':flutter_local_notifications:mergeReleaseGeneratedProguardFiles', task ':flutter_local_notifications:mergeReleaseConsumerProguardFiles', task ':flutter_local_notifications:mergeReleaseShaders', task ':flutter_local_notifications:compileReleaseShaders', task ':flutter_local_notifications:generateReleaseAssets', task ':flutter_local_notifications:packageReleaseAssets', task ':flutter_local_notifications:prepareLintJarForPublish', task ':flutter_local_notifications:prepareReleaseArtProfile', task ':flutter_local_notifications:processReleaseJavaRes', task ':flutter_local_notifications:mergeReleaseJavaResource', task ':flutter_local_notifications:syncReleaseLibJars', task ':flutter_local_notifications:writeReleaseAarMetadata', task ':flutter_local_notifications:bundleReleaseLocalLintAar', task ':google_maps_flutter_android:preBuild', task ':google_maps_flutter_android:preReleaseBuild', task ':google_maps_flutter_android:mergeReleaseJniLibFolders', task ':google_maps_flutter_android:mergeReleaseNativeLibs', task ':google_maps_flutter_android:stripReleaseDebugSymbols', task ':google_maps_flutter_android:copyReleaseJniLibsProjectAndLocalJars', task ':google_maps_flutter_android:generateReleaseResValues', task ':google_maps_flutter_android:extractDeepLinksForAarRelease', task ':flutter_plugin_android_lifecycle:preBuild', task ':flutter_plugin_android_lifecycle:preReleaseBuild', task ':flutter_plugin_android_lifecycle:generateReleaseResValues', task ':flutter_plugin_android_lifecycle:generateReleaseResources', task ':flutter_plugin_android_lifecycle:packageReleaseResources', task ':flutter_plugin_android_lifecycle:parseReleaseLocalResources', task ':flutter_plugin_android_lifecycle:processReleaseManifest', task ':flutter_plugin_android_lifecycle:generateReleaseRFile', task ':flutter_plugin_android_lifecycle:javaPreCompileRelease', task ':flutter_plugin_android_lifecycle:compileReleaseJavaWithJavac', task ':flutter_plugin_android_lifecycle:bundleLibCompileToJarRelease', task ':google_maps_flutter_android:generateReleaseResources', task ':google_maps_flutter_android:packageReleaseResources', task ':google_maps_flutter_android:parseReleaseLocalResources', task ':google_maps_flutter_android:processReleaseManifest', task ':google_maps_flutter_android:generateReleaseRFile', task ':google_maps_flutter_android:extractReleaseAnnotations', task ':google_maps_flutter_android:javaPreCompileRelease', task ':google_maps_flutter_android:compileReleaseJavaWithJavac', task ':google_maps_flutter_android:mergeReleaseGeneratedProguardFiles', task ':google_maps_flutter_android:mergeReleaseConsumerProguardFiles', task ':google_maps_flutter_android:mergeReleaseShaders', task ':google_maps_flutter_android:compileReleaseShaders', task ':google_maps_flutter_android:generateReleaseAssets', task ':google_maps_flutter_android:packageReleaseAssets', task ':google_maps_flutter_android:prepareLintJarForPublish', task ':google_maps_flutter_android:prepareReleaseArtProfile', task ':google_maps_flutter_android:processReleaseJavaRes', task ':google_maps_flutter_android:mergeReleaseJavaResource', task ':google_maps_flutter_android:syncReleaseLibJars', task ':google_maps_flutter_android:writeReleaseAarMetadata', task ':google_maps_flutter_android:bundleReleaseLocalLintAar', task ':flutter_plugin_android_lifecycle:mergeReleaseJniLibFolders', task ':flutter_plugin_android_lifecycle:mergeReleaseNativeLibs', task ':flutter_plugin_android_lifecycle:stripReleaseDebugSymbols', task ':flutter_plugin_android_lifecycle:copyReleaseJniLibsProjectAndLocalJars', task ':flutter_plugin_android_lifecycle:extractDeepLinksForAarRelease', task ':flutter_plugin_android_lifecycle:extractReleaseAnnotations', task ':flutter_plugin_android_lifecycle:mergeReleaseGeneratedProguardFiles', task ':flutter_plugin_android_lifecycle:mergeReleaseConsumerProguardFiles', task ':flutter_plugin_android_lifecycle:mergeReleaseShaders', task ':flutter_plugin_android_lifecycle:compileReleaseShaders', task ':flutter_plugin_android_lifecycle:generateReleaseAssets', task ':flutter_plugin_android_lifecycle:packageReleaseAssets', task ':flutter_plugin_android_lifecycle:prepareLintJarForPublish', task ':flutter_plugin_android_lifecycle:prepareReleaseArtProfile', task ':flutter_plugin_android_lifecycle:processReleaseJavaRes', task ':flutter_plugin_android_lifecycle:mergeReleaseJavaResource', task ':flutter_plugin_android_lifecycle:syncReleaseLibJars', task ':flutter_plugin_android_lifecycle:writeReleaseAarMetadata', task ':flutter_plugin_android_lifecycle:bundleReleaseLocalLintAar', task ':flutter_secure_storage:preBuild', task ':flutter_secure_storage:preReleaseBuild', task ':flutter_secure_storage:mergeReleaseJniLibFolders', task ':flutter_secure_storage:mergeReleaseNativeLibs', task ':flutter_secure_storage:stripReleaseDebugSymbols', task ':flutter_secure_storage:copyReleaseJniLibsProjectAndLocalJars', task ':flutter_secure_storage:generateReleaseResValues', task ':flutter_secure_storage:extractDeepLinksForAarRelease', task ':flutter_secure_storage:generateReleaseBuildConfig', task ':flutter_secure_storage:generateReleaseResources', task ':flutter_secure_storage:packageReleaseResources', task ':flutter_secure_storage:parseReleaseLocalResources', task ':flutter_secure_storage:processReleaseManifest', task ':flutter_secure_storage:generateReleaseRFile', task ':flutter_secure_storage:extractReleaseAnnotations', task ':flutter_secure_storage:javaPreCompileRelease', task ':flutter_secure_storage:compileReleaseJavaWithJavac', task ':flutter_secure_storage:mergeReleaseGeneratedProguardFiles', task ':flutter_secure_storage:mergeReleaseConsumerProguardFiles', task ':flutter_secure_storage:mergeReleaseShaders', task ':flutter_secure_storage:compileReleaseShaders', task ':flutter_secure_storage:generateReleaseAssets', task ':flutter_secure_storage:packageReleaseAssets', task ':flutter_secure_storage:prepareLintJarForPublish', task ':flutter_secure_storage:prepareReleaseArtProfile', task ':flutter_secure_storage:processReleaseJavaRes', task ':flutter_secure_storage:mergeReleaseJavaResource', task ':flutter_secure_storage:syncReleaseLibJars', task ':flutter_secure_storage:writeReleaseAarMetadata', task ':flutter_secure_storage:bundleReleaseLocalLintAar', task ':geocoding_android:preBuild', task ':geocoding_android:preReleaseBuild', task ':geocoding_android:mergeReleaseJniLibFolders', task ':geocoding_android:mergeReleaseNativeLibs', task ':geocoding_android:stripReleaseDebugSymbols', task ':geocoding_android:copyReleaseJniLibsProjectAndLocalJars', task ':geocoding_android:generateReleaseResValues', task ':geocoding_android:extractDeepLinksForAarRelease', task ':geocoding_android:generateReleaseResources', task ':geocoding_android:packageReleaseResources', task ':geocoding_android:parseReleaseLocalResources', task ':geocoding_android:processReleaseManifest', task ':geocoding_android:generateReleaseRFile', task ':geocoding_android:extractReleaseAnnotations', task ':geocoding_android:javaPreCompileRelease', task ':geocoding_android:compileReleaseJavaWithJavac', task ':geocoding_android:mergeReleaseGeneratedProguardFiles', task ':geocoding_android:mergeReleaseConsumerProguardFiles', task ':geocoding_android:mergeReleaseShaders', task ':geocoding_android:compileReleaseShaders', task ':geocoding_android:generateReleaseAssets', task ':geocoding_android:packageReleaseAssets', task ':geocoding_android:prepareLintJarForPublish', task ':geocoding_android:prepareReleaseArtProfile', task ':geocoding_android:processReleaseJavaRes', task ':geocoding_android:mergeReleaseJavaResource', task ':geocoding_android:syncReleaseLibJars', task ':geocoding_android:writeReleaseAarMetadata', task ':geocoding_android:bundleReleaseLocalLintAar', task ':geolocator_android:preBuild', task ':geolocator_android:preReleaseBuild', task ':geolocator_android:mergeReleaseJniLibFolders', task ':geolocator_android:mergeReleaseNativeLibs', task ':geolocator_android:stripReleaseDebugSymbols', task ':geolocator_android:copyReleaseJniLibsProjectAndLocalJars', task ':geolocator_android:generateReleaseResValues', task ':geolocator_android:extractDeepLinksForAarRelease', task ':geolocator_android:generateReleaseResources', task ':geolocator_android:packageReleaseResources', task ':geolocator_android:parseReleaseLocalResources', task ':geolocator_android:processReleaseManifest', task ':geolocator_android:generateReleaseRFile', task ':geolocator_android:extractReleaseAnnotations', task ':geolocator_android:javaPreCompileRelease', task ':geolocator_android:compileReleaseJavaWithJavac', task ':geolocator_android:mergeReleaseGeneratedProguardFiles', task ':geolocator_android:mergeReleaseConsumerProguardFiles', task ':geolocator_android:mergeReleaseShaders', task ':geolocator_android:compileReleaseShaders', task ':geolocator_android:generateReleaseAssets', task ':geolocator_android:packageReleaseAssets', task ':geolocator_android:prepareLintJarForPublish', task ':geolocator_android:prepareReleaseArtProfile', task ':geolocator_android:processReleaseJavaRes', task ':geolocator_android:mergeReleaseJavaResource', task ':geolocator_android:syncReleaseLibJars', task ':geolocator_android:writeReleaseAarMetadata', task ':geolocator_android:bundleReleaseLocalLintAar', task ':package_info_plus:preBuild', task ':package_info_plus:preReleaseBuild', task ':package_info_plus:mergeReleaseJniLibFolders', task ':package_info_plus:mergeReleaseNativeLibs', task ':package_info_plus:stripReleaseDebugSymbols', task ':package_info_plus:copyReleaseJniLibsProjectAndLocalJars', task ':package_info_plus:generateReleaseResValues', task ':package_info_plus:extractDeepLinksForAarRelease', task ':package_info_plus:generateReleaseResources', task ':package_info_plus:packageReleaseResources', task ':package_info_plus:parseReleaseLocalResources', task ':package_info_plus:processReleaseManifest', task ':package_info_plus:generateReleaseRFile', task ':package_info_plus:compileReleaseKotlin', task ':package_info_plus:extractReleaseAnnotations', task ':package_info_plus:javaPreCompileRelease', task ':package_info_plus:compileReleaseJavaWithJavac', task ':package_info_plus:mergeReleaseGeneratedProguardFiles', task ':package_info_plus:mergeReleaseConsumerProguardFiles', task ':package_info_plus:mergeReleaseShaders', task ':package_info_plus:compileReleaseShaders', task ':package_info_plus:generateReleaseAssets', task ':package_info_plus:packageReleaseAssets', task ':package_info_plus:prepareLintJarForPublish', task ':package_info_plus:prepareReleaseArtProfile', task ':package_info_plus:processReleaseJavaRes', task ':package_info_plus:mergeReleaseJavaResource', task ':package_info_plus:syncReleaseLibJars', task ':package_info_plus:writeReleaseAarMetadata', task ':package_info_plus:bundleReleaseLocalLintAar', task ':path_provider_android:preBuild', task ':path_provider_android:preReleaseBuild', task ':path_provider_android:mergeReleaseJniLibFolders', task ':path_provider_android:mergeReleaseNativeLibs', task ':path_provider_android:stripReleaseDebugSymbols', task ':path_provider_android:copyReleaseJniLibsProjectAndLocalJars', task ':path_provider_android:generateReleaseResValues', task ':path_provider_android:extractDeepLinksForAarRelease', task ':path_provider_android:generateReleaseResources', task ':path_provider_android:packageReleaseResources', task ':path_provider_android:parseReleaseLocalResources', task ':path_provider_android:processReleaseManifest', task ':path_provider_android:generateReleaseRFile', task ':path_provider_android:extractReleaseAnnotations', task ':path_provider_android:javaPreCompileRelease', task ':path_provider_android:compileReleaseJavaWithJavac', task ':path_provider_android:mergeReleaseGeneratedProguardFiles', task ':path_provider_android:mergeReleaseConsumerProguardFiles', task ':path_provider_android:mergeReleaseShaders', task ':path_provider_android:compileReleaseShaders', task ':path_provider_android:generateReleaseAssets', task ':path_provider_android:packageReleaseAssets', task ':path_provider_android:prepareLintJarForPublish', task ':path_provider_android:prepareReleaseArtProfile', task ':path_provider_android:processReleaseJavaRes', task ':path_provider_android:mergeReleaseJavaResource', task ':path_provider_android:syncReleaseLibJars', task ':path_provider_android:writeReleaseAarMetadata', task ':path_provider_android:bundleReleaseLocalLintAar', task ':app:buildKotlinToolingMetadata', task ':app:compileFlutterBuildRelease', task ':app:packJniLibsflutterBuildRelease', task ':app:preBuild', task ':app:preReleaseBuild', task ':app:checkReleaseAarMetadata', task ':app:cleanMergeReleaseAssets', task ':app:mergeReleaseShaders', task ':app:compileReleaseShaders', task ':app:generateReleaseAssets', task ':app:mergeReleaseAssets', task ':app:copyFlutterAssetsRelease', task ':app:generateReleaseResValues', task ':app:processReleaseGoogleServices', task ':app:mapReleaseSourceSetPaths', task ':app:generateReleaseResources', task ':app:mergeReleaseResources', task ':app:packageReleaseResources', task ':app:parseReleaseLocalResources', task ':app:createReleaseCompatibleScreenManifests', task ':app:extractDeepLinksRelease', task ':cloud_firestore:extractDeepLinksRelease', task ':firebase_auth:extractDeepLinksRelease', task ':firebase_core:extractDeepLinksRelease', task ':firebase_messaging:extractDeepLinksRelease', task ':flutter_local_notifications:extractDeepLinksRelease', task ':flutter_plugin_android_lifecycle:extractDeepLinksRelease', task ':flutter_secure_storage:extractDeepLinksRelease', task ':geocoding_android:extractDeepLinksRelease', task ':geolocator_android:extractDeepLinksRelease', task ':google_maps_flutter_android:extractDeepLinksRelease', task ':package_info_plus:extractDeepLinksRelease', task ':path_provider_android:extractDeepLinksRelease', task ':app:processReleaseMainManifest', task ':app:outputReleaseAppLinkSettings', task ':app:processReleaseManifest', task ':app:processReleaseManifestForPackage', task ':app:processReleaseResources', task ':cloud_firestore:bundleLibCompileToJarRelease', task ':firebase_auth:bundleLibCompileToJarRelease', task ':firebase_messaging:bundleLibCompileToJarRelease', task ':flutter_local_notifications:bundleLibCompileToJarRelease', task ':flutter_secure_storage:bundleLibCompileToJarRelease', task ':geocoding_android:bundleLibCompileToJarRelease', task ':geolocator_android:bundleLibCompileToJarRelease', task ':google_maps_flutter_android:bundleLibCompileToJarRelease', task ':package_info_plus:bundleLibCompileToJarRelease', task ':path_provider_android:bundleLibCompileToJarRelease', task ':app:compileReleaseKotlin', task ':app:javaPreCompileRelease', task ':app:compileReleaseJavaWithJavac', task ':app:extractProguardFiles', task ':cloud_firestore:bundleLibRuntimeToJarRelease', task ':cloud_firestore:createFullJarRelease', task ':cloud_firestore:writeReleaseLintModelMetadata', task ':firebase_auth:bundleLibRuntimeToJarRelease', task ':firebase_auth:createFullJarRelease', task ':firebase_auth:writeReleaseLintModelMetadata', task ':firebase_core:bundleLibRuntimeToJarRelease', task ':firebase_core:createFullJarRelease', task ':firebase_core:writeReleaseLintModelMetadata', task ':firebase_messaging:bundleLibRuntimeToJarRelease', task ':firebase_messaging:createFullJarRelease', task ':firebase_messaging:writeReleaseLintModelMetadata', task ':flutter_local_notifications:bundleLibRuntimeToJarRelease', task ':flutter_local_notifications:createFullJarRelease', task ':flutter_local_notifications:writeReleaseLintModelMetadata', task ':flutter_plugin_android_lifecycle:bundleLibRuntimeToJarRelease', task ':flutter_plugin_android_lifecycle:createFullJarRelease', task ':flutter_plugin_android_lifecycle:writeReleaseLintModelMetadata', task ':flutter_secure_storage:bundleLibRuntimeToJarRelease', task ':flutter_secure_storage:createFullJarRelease', task ':flutter_secure_storage:writeReleaseLintModelMetadata', task ':geocoding_android:bundleLibRuntimeToJarRelease', task ':geocoding_android:createFullJarRelease', task ':geocoding_android:writeReleaseLintModelMetadata', task ':geolocator_android:bundleLibRuntimeToJarRelease', task ':geolocator_android:createFullJarRelease', task ':geolocator_android:writeReleaseLintModelMetadata', task ':google_maps_flutter_android:bundleLibRuntimeToJarRelease', task ':google_maps_flutter_android:createFullJarRelease', task ':google_maps_flutter_android:writeReleaseLintModelMetadata', task ':package_info_plus:bundleLibRuntimeToJarRelease', task ':package_info_plus:createFullJarRelease', task ':package_info_plus:writeReleaseLintModelMetadata', task ':path_provider_android:bundleLibRuntimeToJarRelease', task ':path_provider_android:createFullJarRelease', task ':path_provider_android:writeReleaseLintModelMetadata', task ':app:lintVitalAnalyzeRelease', task ':app:lintVitalReportRelease', task ':app:lintVitalRelease', task ':app:configureCMakeRelease[arm64-v8a]', task ':app:buildCMakeRelease[arm64-v8a]', task ':app:configureCMakeRelease[armeabi-v7a]', task ':app:buildCMakeRelease[armeabi-v7a]', task ':app:configureCMakeRelease[x86_64]', task ':app:buildCMakeRelease[x86_64]', task ':app:mergeReleaseJniLibFolders', task ':cloud_firestore:copyReleaseJniLibsProjectOnly', task ':firebase_auth:copyReleaseJniLibsProjectOnly', task ':firebase_core:copyReleaseJniLibsProjectOnly', task ':firebase_messaging:copyReleaseJniLibsProjectOnly', task ':flutter_local_notifications:copyReleaseJniLibsProjectOnly', task ':flutter_plugin_android_lifecycle:copyReleaseJniLibsProjectOnly', task ':flutter_secure_storage:copyReleaseJniLibsProjectOnly', task ':geocoding_android:copyReleaseJniLibsProjectOnly', task ':geolocator_android:copyReleaseJniLibsProjectOnly', task ':google_maps_flutter_android:copyReleaseJniLibsProjectOnly', task ':package_info_plus:copyReleaseJniLibsProjectOnly', task ':path_provider_android:copyReleaseJniLibsProjectOnly', task ':app:mergeReleaseNativeLibs', task ':app:stripReleaseDebugSymbols', task ':app:extractReleaseNativeSymbolTables', task ':app:mergeReleaseNativeDebugMetadata', task ':cloud_firestore:exportReleaseConsumerProguardFiles', task ':firebase_auth:exportReleaseConsumerProguardFiles', task ':firebase_messaging:exportReleaseConsumerProguardFiles', task ':firebase_core:exportReleaseConsumerProguardFiles', task ':flutter_local_notifications:exportReleaseConsumerProguardFiles', task ':google_maps_flutter_android:exportReleaseConsumerProguardFiles', task ':flutter_plugin_android_lifecycle:exportReleaseConsumerProguardFiles', task ':flutter_secure_storage:exportReleaseConsumerProguardFiles', task ':geocoding_android:exportReleaseConsumerProguardFiles', task ':geolocator_android:exportReleaseConsumerProguardFiles', task ':package_info_plus:exportReleaseConsumerProguardFiles', task ':path_provider_android:exportReleaseConsumerProguardFiles', task ':app:checkReleaseDuplicateClasses', task ':app:mergeReleaseArtProfile', task ':app:mergeReleaseGeneratedProguardFiles', task ':app:processReleaseJavaRes', task ':app:mergeReleaseJavaResource', task ':app:minifyReleaseWithR8', task ':app:compileReleaseArtProfile', task ':app:compressReleaseAssets', task ':app:processApplicationManifestReleaseForBundle', task ':app:bundleReleaseResources', task ':app:shrinkReleaseRes', task ':app:optimizeReleaseResources', task ':app:collectReleaseDependencies', task ':app:sdkReleaseDependencyData', task ':app:validateSigningRelease', task ':app:writeReleaseAppMetadata', task ':app:writeReleaseSigningConfigVersions', task ':app:packageRelease', task ':app:createReleaseApkListingFileRedirect', task ':app:assembleRelease', task ':cloud_firestore:bundleReleaseAar', task ':cloud_firestore:mapReleaseSourceSetPaths', task ':cloud_firestore:mergeReleaseResources', task ':firebase_core:compileReleaseLibraryResources', task ':cloud_firestore:verifyReleaseResources', task ':cloud_firestore:assembleRelease', task ':firebase_auth:bundleReleaseAar', task ':firebase_auth:mapReleaseSourceSetPaths', task ':firebase_auth:mergeReleaseResources', task ':firebase_auth:verifyReleaseResources', task ':firebase_auth:assembleRelease', task ':firebase_core:bundleReleaseAar', task ':firebase_core:mapReleaseSourceSetPaths', task ':firebase_core:mergeReleaseResources', task ':firebase_core:verifyReleaseResources', task ':firebase_core:assembleRelease', task ':firebase_messaging:bundleReleaseAar', task ':firebase_messaging:mapReleaseSourceSetPaths', task ':firebase_messaging:mergeReleaseResources', task ':firebase_messaging:verifyReleaseResources', task ':firebase_messaging:assembleRelease', task ':flutter_local_notifications:bundleReleaseAar', task ':flutter_local_notifications:mapReleaseSourceSetPaths', task ':flutter_local_notifications:mergeReleaseResources', task ':flutter_local_notifications:verifyReleaseResources', task ':flutter_local_notifications:assembleRelease', task ':flutter_plugin_android_lifecycle:bundleReleaseAar', task ':flutter_plugin_android_lifecycle:mapReleaseSourceSetPaths', task ':flutter_plugin_android_lifecycle:mergeReleaseResources', task ':flutter_plugin_android_lifecycle:verifyReleaseResources', task ':flutter_plugin_android_lifecycle:assembleRelease', task ':flutter_secure_storage:bundleReleaseAar', task ':flutter_secure_storage:mapReleaseSourceSetPaths', task ':flutter_secure_storage:mergeReleaseResources', task ':flutter_secure_storage:verifyReleaseResources', task ':flutter_secure_storage:assembleRelease', task ':geocoding_android:bundleReleaseAar', task ':geocoding_android:mapReleaseSourceSetPaths', task ':geocoding_android:mergeReleaseResources', task ':geocoding_android:verifyReleaseResources', task ':geocoding_android:assembleRelease', task ':geolocator_android:bundleReleaseAar', task ':geolocator_android:mapReleaseSourceSetPaths', task ':geolocator_android:mergeReleaseResources', task ':geolocator_android:verifyReleaseResources', task ':geolocator_android:assembleRelease', task ':google_maps_flutter_android:bundleReleaseAar', task ':flutter_plugin_android_lifecycle:compileReleaseLibraryResources', task ':google_maps_flutter_android:mapReleaseSourceSetPaths', task ':google_maps_flutter_android:mergeReleaseResources', task ':google_maps_flutter_android:verifyReleaseResources', task ':google_maps_flutter_android:assembleRelease', task ':package_info_plus:bundleReleaseAar', task ':package_info_plus:mapReleaseSourceSetPaths', task ':package_info_plus:mergeReleaseResources', task ':package_info_plus:verifyReleaseResources', task ':package_info_plus:assembleRelease', task ':path_provider_android:bundleReleaseAar', task ':path_provider_android:mapReleaseSourceSetPaths', task ':path_provider_android:mergeReleaseResources', task ':path_provider_android:verifyReleaseResources', task ':path_provider_android:assembleRelease']
[   +6 ms] Tasks that were excluded: []
[        ] work action Parameters of ExtractAarTransform (Thread[#397,included builds Thread 2,5,main]) started.
[        ] work action Parameters of FilterShrinkerRulesTransform (Thread[#324,Execution worker Thread 5,5,main]) started.
[        ] Resolve mutations for :app:ReleaseMinSdkCheck (Thread[#397,included builds Thread 2,5,main]) started.
[  +81 ms] :app:ReleaseMinSdkCheck (Thread[#397,included builds Thread 2,5,main]) started.
[        ] > Task :app:ReleaseMinSdkCheck
[        ] Caching disabled for task ':app:ReleaseMinSdkCheck' because:
[        ]   Build cache is disabled
[        ] Task ':app:ReleaseMinSdkCheck' is not up-to-date because:
[        ]   Task has not declared any outputs despite executing actions.
[        ] Resolve mutations for :cloud_firestore:preBuild (Thread[#324,Execution worker Thread 5,5,main]) started.
[        ] :cloud_firestore:preBuild (Thread[#324,Execution worker Thread 5,5,main]) started.
[        ] > Task :cloud_firestore:preBuild UP-TO-DATE
[        ] Skipping task ':cloud_firestore:preBuild' as it has no actions.
[        ] Resolve mutations for :cloud_firestore:preReleaseBuild (Thread[#324,Execution worker Thread 5,5,main]) started.
[        ] :cloud_firestore:preReleaseBuild (Thread[#324,Execution worker Thread 5,5,main]) started.
[        ] > Task :cloud_firestore:preReleaseBuild UP-TO-DATE
[        ] Skipping task ':cloud_firestore:preReleaseBuild' as it has no actions.
[        ] Resolve mutations for :cloud_firestore:mergeReleaseJniLibFolders (Thread[#324,Execution worker Thread 5,5,main]) started.
[        ] :cloud_firestore:mergeReleaseJniLibFolders (Thread[#324,Execution worker Thread 5,5,main]) started.
[ +394 ms] > Task :cloud_firestore:mergeReleaseJniLibFolders
[        ] Caching disabled for task ':cloud_firestore:mergeReleaseJniLibFolders' because:
[        ]   Build cache is disabled
[        ] Task ':cloud_firestore:mergeReleaseJniLibFolders' is not up-to-date because:
[        ]   No history is available.
[        ] The input changes require a full rebuild for incremental task ':cloud_firestore:mergeReleaseJniLibFolders'.
[        ] Resolve mutations for :cloud_firestore:mergeReleaseNativeLibs (Thread[#324,Execution worker Thread 5,5,main]) started.
[        ] :cloud_firestore:mergeReleaseNativeLibs (Thread[#324,Execution worker Thread 5,5,main]) started.
[  +89 ms] > Task :cloud_firestore:mergeReleaseNativeLibs NO-SOURCE
[        ] Skipping task ':cloud_firestore:mergeReleaseNativeLibs' as it has no source files and no previous output files.
[        ] Resolve mutations for :cloud_firestore:stripReleaseDebugSymbols (Thread[#324,Execution worker Thread 5,5,main]) started.
[   +1 ms] :cloud_firestore:stripReleaseDebugSymbols (Thread[#324,Execution worker Thread 5,5,main]) started.
[        ] > Task :cloud_firestore:stripReleaseDebugSymbols NO-SOURCE
[        ] Skipping task ':cloud_firestore:stripReleaseDebugSymbols' as it has no source files and no previous output files.
[        ] Resolve mutations for :cloud_firestore:copyReleaseJniLibsProjectAndLocalJars (Thread[#321,Execution worker Thread 2,5,main]) started.
[        ] :cloud_firestore:copyReleaseJniLibsProjectAndLocalJars (Thread[#321,Execution worker Thread 2,5,main]) started.
[        ] Resolve mutations for :cloud_firestore:generateReleaseResValues (Thread[#322,Execution worker Thread 3,5,main]) started.
[        ] :cloud_firestore:generateReleaseResValues (Thread[#323,Execution worker Thread 4,5,main]) started.
[        ] > Task :cloud_firestore:copyReleaseJniLibsProjectAndLocalJars
[        ] Caching disabled for task ':cloud_firestore:copyReleaseJniLibsProjectAndLocalJars' because:
[        ]   Build cache is disabled
[        ] Task ':cloud_firestore:copyReleaseJniLibsProjectAndLocalJars' is not up-to-date because:
[        ]   No history is available.
[        ] > Task :cloud_firestore:generateReleaseResValues
[        ] Caching disabled for task ':cloud_firestore:generateReleaseResValues' because:
[        ]   Build cache is disabled
[        ] Task ':cloud_firestore:generateReleaseResValues' is not up-to-date because:
[        ]   No history is available.
[        ] Resolve mutations for :cloud_firestore:extractDeepLinksForAarRelease (Thread[#323,Execution worker Thread 4,5,main]) started.
[        ] :cloud_firestore:extractDeepLinksForAarRelease (Thread[#323,Execution worker Thread 4,5,main]) started.
[        ] > Task :cloud_firestore:extractDeepLinksForAarRelease
[        ] Caching disabled for task ':cloud_firestore:extractDeepLinksForAarRelease' because:
[        ]   Build cache is disabled
[        ] Task ':cloud_firestore:extractDeepLinksForAarRelease' is not up-to-date because:
[        ]   No history is available.
[        ] Resolve mutations for :cloud_firestore:generateReleaseBuildConfig (Thread[#323,Execution worker Thread 4,5,main]) started.
[        ] :cloud_firestore:generateReleaseBuildConfig (Thread[#323,Execution worker Thread 4,5,main]) started.
[ +103 ms] > Task :cloud_firestore:generateReleaseBuildConfig
[        ] Caching disabled for task ':cloud_firestore:generateReleaseBuildConfig' because:
[        ]   Build cache is disabled
[        ] Task ':cloud_firestore:generateReleaseBuildConfig' is not up-to-date because:
[        ]   No history is available.
[        ] Resolve mutations for :cloud_firestore:generateReleaseResources (Thread[#323,Execution worker Thread 4,5,main]) started.
[        ] :cloud_firestore:generateReleaseResources (Thread[#323,Execution worker Thread 4,5,main]) started.
[        ] > Task :cloud_firestore:generateReleaseResources
[        ] Skipping task ':cloud_firestore:generateReleaseResources' as it has no actions.
[        ] Resolve mutations for :cloud_firestore:packageReleaseResources (Thread[#323,Execution worker Thread 4,5,main]) started.
[        ] :cloud_firestore:packageReleaseResources (Thread[#323,Execution worker Thread 4,5,main]) started.
[  +83 ms] > Task :cloud_firestore:packageReleaseResources
[        ] Caching disabled for task ':cloud_firestore:packageReleaseResources' because:
[        ]   Build cache is disabled
[        ] Task ':cloud_firestore:packageReleaseResources' is not up-to-date because:
[        ]   No history is available.
[        ] The input changes require a full rebuild for incremental task ':cloud_firestore:packageReleaseResources'.
[        ] [MergeResources] Inputs are non-incremental full task action.
[        ] work action resolve release (project :cloud_firestore) (Thread[#397,included builds Thread 2,5,main]) started.
[        ] Resolve mutations for :cloud_firestore:parseReleaseLocalResources (Thread[#325,Execution worker Thread 6,5,main]) started.
[        ] :cloud_firestore:parseReleaseLocalResources (Thread[#325,Execution worker Thread 6,5,main]) started.
[+1807 ms] Resolve mutations for :cloud_firestore:processReleaseManifest (Thread[#397,included builds Thread 2,5,main]) started.
[        ] :cloud_firestore:processReleaseManifest (Thread[#323,Execution worker Thread 4,5,main]) started.
[        ] Resolve mutations for :firebase_core:preBuild (Thread[#397,included builds Thread 2,5,main]) started.
[        ] :firebase_core:preBuild (Thread[#397,included builds Thread 2,5,main]) started.
[        ] > Task :firebase_core:preBuild UP-TO-DATE
[        ] Skipping task ':firebase_core:preBuild' as it has no actions.
[        ] Resolve mutations for :firebase_core:preReleaseBuild (Thread[#397,included builds Thread 2,5,main]) started.
[        ] :firebase_core:preReleaseBuild (Thread[#397,included builds Thread 2,5,main]) started.
[        ] > Task :firebase_core:preReleaseBuild UP-TO-DATE
[        ] Skipping task ':firebase_core:preReleaseBuild' as it has no actions.
[        ] Resolve mutations for :firebase_core:generateReleaseBuildConfig (Thread[#397,included builds Thread 2,5,main]) started.
[        ] :firebase_core:generateReleaseBuildConfig (Thread[#320,Execution worker,5,main]) started.
[  +88 ms] > Task :firebase_core:generateReleaseBuildConfig
[        ] Caching disabled for task ':firebase_core:generateReleaseBuildConfig' because:
[        ]   Build cache is disabled
[        ] Task ':firebase_core:generateReleaseBuildConfig' is not up-to-date because:
[        ]   No history is available.
[        ] Resolve mutations for :firebase_core:generateReleaseResValues (Thread[#320,Execution worker,5,main]) started.
[        ] :firebase_core:generateReleaseResValues (Thread[#320,Execution worker,5,main]) started.
[        ] > Task :firebase_core:generateReleaseResValues
[        ] Caching disabled for task ':firebase_core:generateReleaseResValues' because:
[        ]   Build cache is disabled
[        ] Task ':firebase_core:generateReleaseResValues' is not up-to-date because:
[        ]   No history is available.
[        ] Resolve mutations for :firebase_core:generateReleaseResources (Thread[#320,Execution worker,5,main]) started.
[        ] :firebase_core:generateReleaseResources (Thread[#320,Execution worker,5,main]) started.
[        ] > Task :firebase_core:generateReleaseResources
[   +8 ms] Skipping task ':firebase_core:generateReleaseResources' as it has no actions.
[        ] Resolve mutations for :firebase_core:packageReleaseResources (Thread[#320,Execution worker,5,main]) started.
[        ] :firebase_core:packageReleaseResources (Thread[#320,Execution worker,5,main]) started.
[        ] > Task :firebase_core:packageReleaseResources
[        ] Caching disabled for task ':firebase_core:packageReleaseResources' because:
[        ]   Build cache is disabled
[        ] Task ':firebase_core:packageReleaseResources' is not up-to-date because:
[        ]   No history is available.
[        ] The input changes require a full rebuild for incremental task ':firebase_core:packageReleaseResources'.
[        ] [MergeResources] Inputs are non-incremental full task action.
[        ] work action resolve release (project :firebase_core) (Thread[#397,included builds Thread 2,5,main]) started.
[  +92 ms] Resolve mutations for :firebase_core:parseReleaseLocalResources (Thread[#397,included builds Thread 2,5,main]) started.
[        ] :firebase_core:parseReleaseLocalResources (Thread[#397,included builds Thread 2,5,main]) started.
[        ] Resolve mutations for :firebase_core:processReleaseManifest (Thread[#320,Execution worker,5,main]) started.
[        ] :firebase_core:processReleaseManifest (Thread[#320,Execution worker,5,main]) started.
[        ] > Task :cloud_firestore:parseReleaseLocalResources
[        ] Transforming android.jar with PlatformAttrTransform
[        ] Caching disabled for PlatformAttrTransform: C:\Users\USER\AppData\Local\Android\sdk\platforms\android-34\android.jar because:
[        ]   Build cache is disabled
[        ] PlatformAttrTransform: C:\Users\USER\AppData\Local\Android\sdk\platforms\android-34\android.jar is not up-to-date because:
[        ]   No history is available.
[        ] Transforming android.jar with PlatformAttrTransform
[        ] Caching disabled for task ':cloud_firestore:parseReleaseLocalResources' because:
[        ]   Build cache is disabled
[        ] Task ':cloud_firestore:parseReleaseLocalResources' is not up-to-date because:
[        ]   No history is available.
[        ] The input changes require a full rebuild for incremental task ':cloud_firestore:parseReleaseLocalResources'.
[        ] Transforming android.jar with PlatformAttrTransform
[        ] > Task :firebase_core:parseReleaseLocalResources
[        ] Transforming android.jar with PlatformAttrTransform
[        ] Transforming android.jar with PlatformAttrTransform
[        ] Caching disabled for task ':firebase_core:parseReleaseLocalResources' because:
[        ]   Build cache is disabled
[        ] Task ':firebase_core:parseReleaseLocalResources' is not up-to-date because:
[        ]   No history is available.
[        ] The input changes require a full rebuild for incremental task ':firebase_core:parseReleaseLocalResources'.
[        ] Transforming android.jar with PlatformAttrTransform
[        ] Resolve mutations for :firebase_core:javaPreCompileRelease (Thread[#397,included builds Thread 2,5,main]) started.
[        ] :firebase_core:javaPreCompileRelease (Thread[#397,included builds Thread 2,5,main]) started.
[        ] Resolve mutations for :cloud_firestore:javaPreCompileRelease (Thread[#325,Execution worker Thread 6,5,main]) started.
[        ] :cloud_firestore:javaPreCompileRelease (Thread[#325,Execution worker Thread 6,5,main]) started.
[        ] Resolve mutations for :cloud_firestore:mergeReleaseShaders (Thread[#321,Execution worker Thread 2,5,main]) started.
[        ] > Task :firebase_core:javaPreCompileRelease
[        ] Caching disabled for task ':firebase_core:javaPreCompileRelease' because:
[        ]   Build cache is disabled
[        ] Task ':firebase_core:javaPreCompileRelease' is not up-to-date because:
[        ]   No history is available.
[  +92 ms] :cloud_firestore:mergeReleaseShaders (Thread[#321,Execution worker Thread 2,5,main]) started.
[   +1 ms] > Task :cloud_firestore:javaPreCompileRelease
[        ] Caching disabled for task ':cloud_firestore:javaPreCompileRelease' because:
[        ]   Build cache is disabled
[        ] Task ':cloud_firestore:javaPreCompileRelease' is not up-to-date because:
[        ]   No history is available.
[        ] > Task :cloud_firestore:mergeReleaseShaders
[        ] Caching disabled for task ':cloud_firestore:mergeReleaseShaders' because:
[        ]   Build cache is disabled
[        ] Task ':cloud_firestore:mergeReleaseShaders' is not up-to-date because:
[        ]   No history is available.
[        ] The input changes require a full rebuild for incremental task ':cloud_firestore:mergeReleaseShaders'.
[        ] Resolve mutations for :cloud_firestore:compileReleaseShaders (Thread[#321,Execution worker Thread 2,5,main]) started.
[        ] :cloud_firestore:compileReleaseShaders (Thread[#321,Execution worker Thread 2,5,main]) started.
[        ] > Task :cloud_firestore:compileReleaseShaders NO-SOURCE
[        ] Skipping task ':cloud_firestore:compileReleaseShaders' as it has no source files and no previous output files.
[        ] Resolve mutations for :cloud_firestore:generateReleaseAssets (Thread[#321,Execution worker Thread 2,5,main]) started.
[        ] :cloud_firestore:generateReleaseAssets (Thread[#321,Execution worker Thread 2,5,main]) started.
[        ] > Task :cloud_firestore:generateReleaseAssets UP-TO-DATE
[        ] Skipping task ':cloud_firestore:generateReleaseAssets' as it has no actions.
[        ] Resolve mutations for :cloud_firestore:packageReleaseAssets (Thread[#321,Execution worker Thread 2,5,main]) started.
[        ] :cloud_firestore:packageReleaseAssets (Thread[#321,Execution worker Thread 2,5,main]) started.
[        ] > Task :cloud_firestore:processReleaseManifest
[        ] Caching disabled for task ':cloud_firestore:processReleaseManifest' because:
[        ]   Build cache is disabled
[        ] Task ':cloud_firestore:processReleaseManifest' is not up-to-date because:
[        ]   No history is available.
[        ] package="io.flutter.plugins.firebase.firestore" found in source AndroidManifest.xml: C:\Users\USER\AppData\Local\Pub\Cache\hosted\pub.dev\cloud_firestore-5.6.12\android\src\main\AndroidManifest.xml.
[        ] Setting the namespace via the package attribute in the source AndroidManifest.xml is no longer supported, and the value is ignored.
[        ] Recommendation: remove package="io.flutter.plugins.firebase.firestore" from the source AndroidManifest.xml: C:\Users\USER\AppData\Local\Pub\Cache\hosted\pub.dev\cloud_firestore-5.6.12\android\src\main\AndroidManifest.xml.
[        ] Merging main manifest C:\Users\USER\AppData\Local\Pub\Cache\hosted\pub.dev\cloud_firestore-5.6.12\android\src\main\AndroidManifest.xml
[        ] Merging result: SUCCESS
[        ] 1<?xml version="1.0" encoding="utf-8"?>
[        ] 2<manifest xmlns:android="http://schemas.android.com/apk/res/android"
[        ] 3    package="io.flutter.plugins.firebase.firestore" >
[        ] 4
[        ] 5    <uses-sdk android:minSdkVersion="21" />
[        ] 6
[        ] 7    <application>
[        ] 7-->C:\Users\USER\AppData\Local\Pub\Cache\hosted\pub.dev\cloud_firestore-5.6.12\android\src\main\AndroidManifest.xml:3:5-8:19
[        ] 8        <service android:name="com.google.firebase.components.ComponentDiscoveryService" >
[        ] 8-->C:\Users\USER\AppData\Local\Pub\Cache\hosted\pub.dev\cloud_firestore-5.6.12\android\src\main\AndroidManifest.xml:4:9-7:19
[        ] 8-->C:\Users\USER\AppData\Local\Pub\Cache\hosted\pub.dev\cloud_firestore-5.6.12\android\src\main\AndroidManifest.xml:4:18-89
[        ] 9            <meta-data
[        ] 9-->C:\Users\USER\AppData\Local\Pub\Cache\hosted\pub.dev\cloud_firestore-5.6.12\android\src\main\AndroidManifest.xml:5:13-6:92
[        ] 10                android:name="com.google.firebase.components:io.flutter.plugins.firebase.firestore.FlutterFirebaseFirestoreRegistrar"
[        ] 10-->C:\Users\USER\AppData\Local\Pub\Cache\hosted\pub.dev\cloud_firestore-5.6.12\android\src\main\AndroidManifest.xml:5:24-141
[        ] 11                android:value="com.google.firebase.components.ComponentRegistrar" />
[        ] 11-->C:\Users\USER\AppData\Local\Pub\Cache\hosted\pub.dev\cloud_firestore-5.6.12\android\src\main\AndroidManifest.xml:6:24-89
[        ] 12        </service>
[        ] 13    </application>
[        ] 14
[        ] 15</manifest>
[        ] Merged manifest saved to C:\Users\USER\Desktop\giga\flota_mobile\build\cloud_firestore\intermediates\merged_manifest\release\AndroidManifest.xml
[        ] > Task :firebase_core:processReleaseManifest
[        ] Caching disabled for task ':firebase_core:processReleaseManifest' because:
[        ]   Build cache is disabled
[        ] Task ':firebase_core:processReleaseManifest' is not up-to-date because:
[        ]   No history is available.
[        ] package="io.flutter.plugins.firebase.core" found in source AndroidManifest.xml: C:\Users\USER\AppData\Local\Pub\Cache\hosted\pub.dev\firebase_core-3.15.2\android\src\main\AndroidManifest.xml.
[        ] Setting the namespace via the package attribute in the source AndroidManifest.xml is no longer supported, and the value is ignored.
[        ] Recommendation: remove package="io.flutter.plugins.firebase.core" from the source AndroidManifest.xml: C:\Users\USER\AppData\Local\Pub\Cache\hosted\pub.dev\firebase_core-3.15.2\android\src\main\AndroidManifest.xml.
[        ] Merging main manifest C:\Users\USER\AppData\Local\Pub\Cache\hosted\pub.dev\firebase_core-3.15.2\android\src\main\AndroidManifest.xml
[        ] Merging result: SUCCESS
[        ] 1<?xml version="1.0" encoding="utf-8"?>
[        ] 2<manifest xmlns:android="http://schemas.android.com/apk/res/android"
[        ] 3    package="io.flutter.plugins.firebase.core" >
[        ] 4
[        ] 5    <uses-sdk android:minSdkVersion="21" />
[        ] 6
[        ] 7    <application>
[        ] 7-->C:\Users\USER\AppData\Local\Pub\Cache\hosted\pub.dev\firebase_core-3.15.2\android\src\main\AndroidManifest.xml:4:5-10:19
[        ] 8        <service android:name="com.google.firebase.components.ComponentDiscoveryService" >
[        ] 8-->C:\Users\USER\AppData\Local\Pub\Cache\hosted\pub.dev\firebase_core-3.15.2\android\src\main\AndroidManifest.xml:5:9-9:19
[        ] 8-->C:\Users\USER\AppData\Local\Pub\Cache\hosted\pub.dev\firebase_core-3.15.2\android\src\main\AndroidManifest.xml:5:18-89
[        ] 9            <meta-data
[        ] 9-->C:\Users\USER\AppData\Local\Pub\Cache\hosted\pub.dev\firebase_core-3.15.2\android\src\main\AndroidManifest.xml:6:13-8:85
[        ] 10                android:name="com.google.firebase.components:io.flutter.plugins.firebase.core.FlutterFirebaseCoreRegistrar"
[        ] 10-->C:\Users\USER\AppData\Local\Pub\Cache\hosted\pub.dev\firebase_core-3.15.2\android\src\main\AndroidManifest.xml:7:17-124
[        ] 11                android:value="com.google.firebase.components.ComponentRegistrar" />
[        ] 11-->C:\Users\USER\AppData\Local\Pub\Cache\hosted\pub.dev\firebase_core-3.15.2\android\src\main\AndroidManifest.xml:8:17-82
[        ] 12        </service>
[        ] 13    </application>
[        ] 14
[        ] 15</manifest>
[        ] Merged manifest saved to C:\Users\USER\Desktop\giga\flota_mobile\build\firebase_core\intermediates\merged_manifest\release\AndroidManifest.xml
[  +57 ms] > Task :cloud_firestore:packageReleaseAssets
[        ] Caching disabled for task ':cloud_firestore:packageReleaseAssets' because:
[        ]   Build cache is disabled
[        ] Task ':cloud_firestore:packageReleaseAssets' is not up-to-date because:
[        ]   No history is available.
[        ] The input changes require a full rebuild for incremental task ':cloud_firestore:packageReleaseAssets'.
[        ] work action resolve out (project :cloud_firestore) (Thread[#320,Execution worker,5,main]) started.
[        ] work action resolve AndroidManifest.xml (project :firebase_core) (Thread[#320,Execution worker,5,main]) started.
[        ] work action resolve AndroidManifest.xml (project :cloud_firestore) (Thread[#323,Execution worker Thread 4,5,main]) started.
[        ] work action resolve AndroidManifest.xml (project :firebase_core) (Thread[#323,Execution worker Thread 4,5,main]) started.
[        ] work action resolve AndroidManifest.xml (project :cloud_firestore) (Thread[#324,Execution worker Thread 5,5,main]) started.
[        ] Resolve mutations for :cloud_firestore:generateReleaseRFile (Thread[#324,Execution worker Thread 5,5,main]) started.
[        ] :cloud_firestore:generateReleaseRFile (Thread[#324,Execution worker Thread 5,5,main]) started.
[        ] Resolve mutations for :firebase_core:generateReleaseRFile (Thread[#326,Execution worker Thread 7,5,main]) started.
[        ] :firebase_core:generateReleaseRFile (Thread[#326,Execution worker Thread 7,5,main]) started.
[        ] Resolve mutations for :cloud_firestore:prepareLintJarForPublish (Thread[#323,Execution worker Thread 4,5,main]) started.
[        ] :cloud_firestore:prepareLintJarForPublish (Thread[#322,Execution worker Thread 3,5,main]) started.
[        ] Resolve mutations for :cloud_firestore:prepareReleaseArtProfile (Thread[#323,Execution worker Thread 4,5,main]) started.
[        ] :cloud_firestore:prepareReleaseArtProfile (Thread[#323,Execution worker Thread 4,5,main]) started.
[ +106 ms] > Task :cloud_firestore:prepareLintJarForPublish
[        ] Caching disabled for task ':cloud_firestore:prepareLintJarForPublish' because:
[        ]   Build cache is disabled
[   +1 ms] Task ':cloud_firestore:prepareLintJarForPublish' is not up-to-date because:
[        ]   No history is available.
[        ] > Task :cloud_firestore:prepareReleaseArtProfile
[        ] Caching disabled for task ':cloud_firestore:prepareReleaseArtProfile' because:
[        ]   Build cache is disabled
[        ] Task ':cloud_firestore:prepareReleaseArtProfile' is not up-to-date because:
[        ]   No history is available.
[        ] work action resolve lint.jar (project :cloud_firestore) (Thread[#323,Execution worker Thread 4,5,main]) started.
[        ] work action resolve lint.jar (project :cloud_firestore) (Thread[#323,Execution worker Thread 4,5,main]) started.
[        ] work action resolve baseline-prof.txt (project :cloud_firestore) (Thread[#323,Execution worker Thread 4,5,main]) started.
[        ] Resolve mutations for :cloud_firestore:processReleaseJavaRes (Thread[#323,Execution worker Thread 4,5,main]) started.
[        ] :cloud_firestore:processReleaseJavaRes (Thread[#323,Execution worker Thread 4,5,main]) started.
[        ] > Task :cloud_firestore:processReleaseJavaRes NO-SOURCE
[        ] file or directory 'C:\Users\USER\AppData\Local\Pub\Cache\hosted\pub.dev\cloud_firestore-5.6.12\android\src\main\resources', not found
[        ] file or directory 'C:\Users\USER\AppData\Local\Pub\Cache\hosted\pub.dev\cloud_firestore-5.6.12\android\src\release\resources', not found
[        ] Skipping task ':cloud_firestore:processReleaseJavaRes' as it has no source files and no previous output files.
[        ] work action resolve out (project :cloud_firestore) (Thread[#323,Execution worker Thread 4,5,main]) started.
[        ] Resolve mutations for :cloud_firestore:mergeReleaseJavaResource (Thread[#323,Execution worker Thread 4,5,main]) started.
[        ] :cloud_firestore:mergeReleaseJavaResource (Thread[#323,Execution worker Thread 4,5,main]) started.
[        ] Resolve mutations for :cloud_firestore:writeReleaseAarMetadata (Thread[#321,Execution worker Thread 2,5,main]) started.
[        ] :cloud_firestore:writeReleaseAarMetadata (Thread[#321,Execution worker Thread 2,5,main]) started.
[        ] Resolve mutations for :firebase_auth:preBuild (Thread[#322,Execution worker Thread 3,5,main]) started.
[        ] :firebase_auth:preBuild (Thread[#322,Execution worker Thread 3,5,main]) started.
[        ] > Task :firebase_auth:preBuild UP-TO-DATE
[        ] Skipping task ':firebase_auth:preBuild' as it has no actions.
[        ] Resolve mutations for :firebase_auth:preReleaseBuild (Thread[#322,Execution worker Thread 3,5,main]) started.
[        ] :firebase_auth:preReleaseBuild (Thread[#322,Execution worker Thread 3,5,main]) started.
[  +75 ms] > Task :firebase_auth:preReleaseBuild UP-TO-DATE
[        ] Skipping task ':firebase_auth:preReleaseBuild' as it has no actions.
[        ] Resolve mutations for :firebase_auth:mergeReleaseJniLibFolders (Thread[#322,Execution worker Thread 3,5,main]) started.
[        ] :firebase_auth:mergeReleaseJniLibFolders (Thread[#322,Execution worker Thread 3,5,main]) started.
[        ] > Task :cloud_firestore:generateReleaseRFile
[        ] Transforming android.jar with PlatformAttrTransform
[        ] Caching disabled for task ':cloud_firestore:generateReleaseRFile' because:
[        ]   Build cache is disabled
[        ] Task ':cloud_firestore:generateReleaseRFile' is not up-to-date because:
[        ]   No history is available.
[        ] The input changes require a full rebuild for incremental task ':cloud_firestore:generateReleaseRFile'.
[        ] > Task :cloud_firestore:writeReleaseAarMetadata
[        ] Caching disabled for task ':cloud_firestore:writeReleaseAarMetadata' because:
[        ]   Build cache is disabled
[        ] Task ':cloud_firestore:writeReleaseAarMetadata' is not up-to-date because:
[        ]   No history is available.
[        ] > Task :firebase_core:generateReleaseRFile
[        ] Transforming android.jar with PlatformAttrTransform
[        ] Caching disabled for task ':firebase_core:generateReleaseRFile' because:
[        ]   Build cache is disabled
[        ] Task ':firebase_core:generateReleaseRFile' is not up-to-date because:
[        ]   No history is available.
[        ] The input changes require a full rebuild for incremental task ':firebase_core:generateReleaseRFile'.
[        ] > Task :firebase_auth:mergeReleaseJniLibFolders
[        ] Caching disabled for task ':firebase_auth:mergeReleaseJniLibFolders' because:
[        ]   Build cache is disabled
[        ] Task ':firebase_auth:mergeReleaseJniLibFolders' is not up-to-date because:
[        ]   No history is available.
[        ] The input changes require a full rebuild for incremental task ':firebase_auth:mergeReleaseJniLibFolders'.
[        ] work action resolve aar-metadata.properties (project :cloud_firestore) (Thread[#322,Execution worker Thread 3,5,main]) started.
[        ] work action resolve package-aware-r.txt (project :firebase_core) (Thread[#322,Execution worker Thread 3,5,main]) started.
[        ] work action resolve package-aware-r.txt (project :cloud_firestore) (Thread[#322,Execution worker Thread 3,5,main]) started.
[        ] Resolve mutations for :firebase_core:compileReleaseJavaWithJavac (Thread[#322,Execution worker Thread 3,5,main]) started.
[        ] :firebase_core:compileReleaseJavaWithJavac (Thread[#322,Execution worker Thread 3,5,main]) started.
[        ] > Task :cloud_firestore:mergeReleaseJavaResource
[        ] Caching disabled for task ':cloud_firestore:mergeReleaseJavaResource' because:
[        ]   Build cache is disabled
[        ] Task ':cloud_firestore:mergeReleaseJavaResource' is not up-to-date because:
[        ]   No history is available.
[        ] The input changes require a full rebuild for incremental task ':cloud_firestore:mergeReleaseJavaResource'.
[+2011 ms] > Task :firebase_core:compileReleaseJavaWithJavac
[        ] Resource missing. [HTTP HEAD: https://dl.google.com/dl/android/maven2/org/jetbrains/kotlin/kotlin-stdlib-jdk8/1.6.21/kotlin-stdlib-jdk8-1.6.21.pom]
[ +470 ms] Found locally available resource with matching checksum: [https://repo.maven.apache.org/maven2/org/jetbrains/kotlin/kotlin-stdlib-jdk8/1.6.21/kotlin-stdlib-jdk8-1.6.21.pom, C:\Users\USER\.gradle\caches\modules-2\files-2.1\org.jetbrains.kotlin\kotlin-stdlib-jdk8\1.6.21\c3552554cf54a7297a27582d74f0aca09d12728c\kotlin-stdlib-jdk8-1.6.21.pom]
[        ] Invalidating in-memory cache of C:\Users\USER\.gradle\caches\journal-1\file-access.bin
[ +245 ms] Resource missing. [HTTP GET: https://dl.google.com/dl/android/maven2/org/jetbrains/kotlinx/kotlinx-coroutines-play-services/1.7.1/kotlinx-coroutines-play-services-1.7.1.pom]
[ +984 ms] Downloading https://repo.maven.apache.org/maven2/org/jetbrains/kotlinx/kotlinx-coroutines-play-services/1.7.1/kotlinx-coroutines-play-services-1.7.1.pom to C:\Users\USER\.gradle\.tmp\gradle_download11710206932360012130bin
[ +181 ms] Downloading https://repo.maven.apache.org/maven2/org/jetbrains/kotlinx/kotlinx-coroutines-play-services/1.7.1/kotlinx-coroutines-play-services-1.7.1.module to C:\Users\USER\.gradle\.tmp\gradle_download10086936792659976652bin
[ +107 ms] Transforming annotations-23.0.0.jar (org.jetbrains:annotations:23.0.0) with IdentityTransform
[        ] Transforming javax.inject-1.jar (javax.inject:javax.inject:1) with IdentityTransform
[  +96 ms] Transforming activity-1.8.1.aar (androidx.activity:activity:1.8.1) with IdentityTransform
[        ] Transforming loader-1.0.0.aar (androidx.loader:loader:1.0.0) with IdentityTransform
[        ] Transforming flutter_embedding_release-1.0.0-1527ae0ec577a4ef50e65f6fefcfc1326707d9bf.jar (io.flutter:flutter_embedding_release:1.0.0-1527ae0ec577a4ef50e65f6fefcfc1326707d9bf) with IdentityTransform
[        ] Caching disabled for IdentityTransform: C:\Users\USER\.gradle\caches\modules-2\files-2.1\androidx.activity\activity\1.8.1\144ff894c8c32584ca9e99ebae0a2a28b294d371\activity-1.8.1.aar because:
[        ]   Build cache is disabled
[        ] IdentityTransform: C:\Users\USER\.gradle\caches\modules-2\files-2.1\androidx.activity\activity\1.8.1\144ff894c8c32584ca9e99ebae0a2a28b294d371\activity-1.8.1.aar is not up-to-date because:
[        ]   No history is available.
[        ] Transforming lifecycle-livedata-core-ktx-2.7.0.aar (androidx.lifecycle:lifecycle-livedata-core-ktx:2.7.0) with IdentityTransform
[        ] Transforming lifecycle-livedata-2.7.0.aar (androidx.lifecycle:lifecycle-livedata:2.7.0) with IdentityTransform
[        ] Transforming lifecycle-viewmodel-2.7.0.aar (androidx.lifecycle:lifecycle-viewmodel:2.7.0) with IdentityTransform
[        ] Transforming firebase-common-21.0.0.aar (com.google.firebase:firebase-common:21.0.0) with IdentityTransform
[        ] Caching disabled for IdentityTransform: C:\Users\USER\.gradle\caches\modules-2\files-2.1\androidx.lifecycle\lifecycle-livedata-core-ktx\2.7.0\746c75e5d0a819d11e255ad137083a51c746e953\lifecycle-livedata-core-ktx-2.7.0.aar because:
[        ]   Build cache is disabled
[        ] IdentityTransform: C:\Users\USER\.gradle\caches\modules-2\files-2.1\androidx.lifecycle\lifecycle-livedata-core-ktx\2.7.0\746c75e5d0a819d11e255ad137083a51c746e953\lifecycle-livedata-core-ktx-2.7.0.aar is not up-to-date because:
[        ]   No history is available.
[        ] Caching disabled for IdentityTransform: C:\Users\USER\.gradle\caches\modules-2\files-2.1\androidx.loader\loader\1.0.0\8af8b6cec0da85c207d03e15840e0722cbc71e70\loader-1.0.0.aar because:
[        ]   Build cache is disabled
[        ] IdentityTransform: C:\Users\USER\.gradle\caches\modules-2\files-2.1\androidx.loader\loader\1.0.0\8af8b6cec0da85c207d03e15840e0722cbc71e70\loader-1.0.0.aar is not up-to-date because:
[        ]   No history is available.
[  +83 ms] Caching disabled for IdentityTransform: C:\Users\USER\.gradle\caches\modules-2\files-2.1\io.flutter\flutter_embedding_release\1.0.0-1527ae0ec577a4ef50e65f6fefcfc1326707d9bf\183bc417022328b920f763c8dba91ee5954308fb\flutter_embedding_release-1.0.0-1527ae0ec577a4ef50e65f6fefcfc1326707d9bf.jar because:
[        ]   Build cache is disabled
[        ] IdentityTransform: C:\Users\USER\.gradle\caches\modules-2\files-2.1\io.flutter\flutter_embedding_release\1.0.0-1527ae0ec577a4ef50e65f6fefcfc1326707d9bf\183bc417022328b920f763c8dba91ee5954308fb\flutter_embedding_release-1.0.0-1527ae0ec577a4ef50e65f6fefcfc1326707d9bf.jar is not up-to-date because:
[        ]   No history is available.
[ +106 ms] Caching disabled for IdentityTransform: C:\Users\USER\.gradle\caches\modules-2\files-2.1\androidx.lifecycle\lifecycle-livedata\2.7.0\42ad14e1ee00719636e31a36e8cd50d7ce5c45c6\lifecycle-livedata-2.7.0.aar because:
[        ]   Build cache is disabled
[        ] IdentityTransform: C:\Users\USER\.gradle\caches\modules-2\files-2.1\androidx.lifecycle\lifecycle-livedata\2.7.0\42ad14e1ee00719636e31a36e8cd50d7ce5c45c6\lifecycle-livedata-2.7.0.aar is not up-to-date because:
[        ]   No history is available.
[        ] Caching disabled for IdentityTransform: C:\Users\USER\.gradle\caches\modules-2\files-2.1\com.google.firebase\firebase-common\21.0.0\e18024afd3371be7db91e00a28e36d3d2d0f144\firebase-common-21.0.0.aar because:
[        ]   Build cache is disabled
[        ] IdentityTransform: C:\Users\USER\.gradle\caches\modules-2\files-2.1\com.google.firebase\firebase-common\21.0.0\e18024afd3371be7db91e00a28e36d3d2d0f144\firebase-common-21.0.0.aar is not up-to-date because:
[        ]   No history is available.
[        ] Transforming activity-1.8.1.aar (androidx.activity:activity:1.8.1) with AarToClassTransform
[        ] Caching disabled for AarToClassTransform: C:\Users\USER\.gradle\caches\modules-2\files-2.1\androidx.activity\activity\1.8.1\144ff894c8c32584ca9e99ebae0a2a28b294d371\activity-1.8.1.aar because:
[        ]   Build cache is disabled
[        ] AarToClassTransform: C:\Users\USER\.gradle\caches\modules-2\files-2.1\androidx.activity\activity\1.8.1\144ff894c8c32584ca9e99ebae0a2a28b294d371\activity-1.8.1.aar is not up-to-date because:
[        ]   No history is available.
[        ] Transforming flutter_embedding_release-1.0.0-1527ae0ec577a4ef50e65f6fefcfc1326707d9bf.jar (io.flutter:flutter_embedding_release:1.0.0-1527ae0ec577a4ef50e65f6fefcfc1326707d9bf) with IdentityTransform
[        ] Transforming lifecycle-livedata-core-ktx-2.7.0.aar (androidx.lifecycle:lifecycle-livedata-core-ktx:2.7.0) with AarToClassTransform
[        ] Transforming firebase-common-21.0.0.aar (com.google.firebase:firebase-common:21.0.0) with AarToClassTransform
[        ] Transforming loader-1.0.0.aar (androidx.loader:loader:1.0.0) with AarToClassTransform
[        ] Transforming lifecycle-livedata-2.7.0.aar (androidx.lifecycle:lifecycle-livedata:2.7.0) with AarToClassTransform
[        ] Caching disabled for AarToClassTransform: C:\Users\USER\.gradle\caches\modules-2\files-2.1\androidx.loader\loader\1.0.0\8af8b6cec0da85c207d03e15840e0722cbc71e70\loader-1.0.0.aar because:
[        ]   Build cache is disabled
[        ] AarToClassTransform: C:\Users\USER\.gradle\caches\modules-2\files-2.1\androidx.loader\loader\1.0.0\8af8b6cec0da85c207d03e15840e0722cbc71e70\loader-1.0.0.aar is not up-to-date because:
[        ]   No history is available.
[        ] Caching disabled for AarToClassTransform: C:\Users\USER\.gradle\caches\modules-2\files-2.1\androidx.lifecycle\lifecycle-livedata-core-ktx\2.7.0\746c75e5d0a819d11e255ad137083a51c746e953\lifecycle-livedata-core-ktx-2.7.0.aar because:
[        ]   Build cache is disabled
[        ] AarToClassTransform: C:\Users\USER\.gradle\caches\modules-2\files-2.1\androidx.lifecycle\lifecycle-livedata-core-ktx\2.7.0\746c75e5d0a819d11e255ad137083a51c746e953\lifecycle-livedata-core-ktx-2.7.0.aar is not up-to-date because:
[        ]   No history is available.
[        ] Caching disabled for AarToClassTransform: C:\Users\USER\.gradle\caches\modules-2\files-2.1\androidx.lifecycle\lifecycle-livedata\2.7.0\42ad14e1ee00719636e31a36e8cd50d7ce5c45c6\lifecycle-livedata-2.7.0.aar because:
[        ]   Build cache is disabled
[        ] AarToClassTransform: C:\Users\USER\.gradle\caches\modules-2\files-2.1\androidx.lifecycle\lifecycle-livedata\2.7.0\42ad14e1ee00719636e31a36e8cd50d7ce5c45c6\lifecycle-livedata-2.7.0.aar is not up-to-date because:
[        ]   No history is available.
[        ] Caching disabled for AarToClassTransform: C:\Users\USER\.gradle\caches\modules-2\files-2.1\com.google.firebase\firebase-common\21.0.0\e18024afd3371be7db91e00a28e36d3d2d0f144\firebase-common-21.0.0.aar because:
[        ]   Build cache is disabled
[        ] AarToClassTransform: C:\Users\USER\.gradle\caches\modules-2\files-2.1\com.google.firebase\firebase-common\21.0.0\e18024afd3371be7db91e00a28e36d3d2d0f144\firebase-common-21.0.0.aar is not up-to-date because:
[        ]   No history is available.
[  +84 ms] Transforming lifecycle-livedata-core-2.7.0.aar (androidx.lifecycle:lifecycle-livedata-core:2.7.0) with IdentityTransform
[        ] Transforming lifecycle-viewmodel-2.7.0.aar (androidx.lifecycle:lifecycle-viewmodel:2.7.0) with IdentityTransform
[        ] Caching disabled for IdentityTransform: C:\Users\USER\.gradle\caches\modules-2\files-2.1\androidx.lifecycle\lifecycle-livedata-core\2.7.0\d95c9c0b74a6b9882c416c688f6cf201dc416bed\lifecycle-livedata-core-2.7.0.aar because:
[        ]   Build cache is disabled
[        ] Transforming window-1.2.0.aar (androidx.window:window:1.2.0) with IdentityTransform
[        ] Transforming kotlinx-coroutines-android-1.7.1.jar (org.jetbrains.kotlinx:kotlinx-coroutines-android:1.7.1) with IdentityTransform
[        ] Transforming lifecycle-viewmodel-savedstate-2.7.0.aar (androidx.lifecycle:lifecycle-viewmodel-savedstate:2.7.0) with IdentityTransform
[        ] Transforming window-java-1.2.0.aar (androidx.window:window-java:1.2.0) with IdentityTransform
[        ] IdentityTransform: C:\Users\USER\.gradle\caches\modules-2\files-2.1\androidx.lifecycle\lifecycle-livedata-core\2.7.0\d95c9c0b74a6b9882c416c688f6cf201dc416bed\lifecycle-livedata-core-2.7.0.aar is not up-to-date because:
[        ]   No history is available.
[        ] Caching disabled for IdentityTransform: C:\Users\USER\.gradle\caches\modules-2\files-2.1\androidx.lifecycle\lifecycle-viewmodel\2.7.0\ea64fb2e504d200f2b7f03c76f51edd7e9ef62a9\lifecycle-viewmodel-2.7.0.aar because:
[        ]   Build cache is disabled
[        ] IdentityTransform: C:\Users\USER\.gradle\caches\modules-2\files-2.1\androidx.lifecycle\lifecycle-viewmodel\2.7.0\ea64fb2e504d200f2b7f03c76f51edd7e9ef62a9\lifecycle-viewmodel-2.7.0.aar is not up-to-date because:
[        ]   No history is available.
[        ] Caching disabled for IdentityTransform: C:\Users\USER\.gradle\caches\modules-2\files-2.1\org.jetbrains.kotlinx\kotlinx-coroutines-android\1.7.1\c2d86b569f10b7fc7e28d3f50c0eed97897d77a7\kotlinx-coroutines-android-1.7.1.jar because:
[        ]   Build cache is disabled
[        ] IdentityTransform: C:\Users\USER\.gradle\caches\modules-2\files-2.1\org.jetbrains.kotlinx\kotlinx-coroutines-android\1.7.1\c2d86b569f10b7fc7e28d3f50c0eed97897d77a7\kotlinx-coroutines-android-1.7.1.jar is not up-to-date because:
[        ]   No history is available.
[        ] Caching disabled for IdentityTransform: C:\Users\USER\.gradle\caches\modules-2\files-2.1\androidx.lifecycle\lifecycle-viewmodel-savedstate\2.7.0\1fa14bde5efb3a96fa4fb8ced995f7fdfe99dfd\lifecycle-viewmodel-savedstate-2.7.0.aar because:
[        ]   Build cache is disabled
[        ] IdentityTransform: C:\Users\USER\.gradle\caches\modules-2\files-2.1\androidx.lifecycle\lifecycle-viewmodel-savedstate\2.7.0\1fa14bde5efb3a96fa4fb8ced995f7fdfe99dfd\lifecycle-viewmodel-savedstate-2.7.0.aar is not up-to-date because:
[        ]   No history is available.
[        ] Transforming lifecycle-livedata-core-2.7.0.aar (androidx.lifecycle:lifecycle-livedata-core:2.7.0) with AarToClassTransform
[        ] Caching disabled for IdentityTransform: C:\Users\USER\.gradle\caches\modules-2\files-2.1\androidx.window\window\1.2.0\1d080d0a72684227bf6eb9af56264542708f8d16\window-1.2.0.aar because:
[        ]   Build cache is disabled
[        ] Caching disabled for AarToClassTransform: C:\Users\USER\.gradle\caches\modules-2\files-2.1\androidx.lifecycle\lifecycle-livedata-core\2.7.0\d95c9c0b74a6b9882c416c688f6cf201dc416bed\lifecycle-livedata-core-2.7.0.aar because:
[        ]   Build cache is disabled
[        ] IdentityTransform: C:\Users\USER\.gradle\caches\modules-2\files-2.1\androidx.window\window\1.2.0\1d080d0a72684227bf6eb9af56264542708f8d16\window-1.2.0.aar is not up-to-date because:
[        ]   No history is available.
[        ] AarToClassTransform: C:\Users\USER\.gradle\caches\modules-2\files-2.1\androidx.lifecycle\lifecycle-livedata-core\2.7.0\d95c9c0b74a6b9882c416c688f6cf201dc416bed\lifecycle-livedata-core-2.7.0.aar is not up-to-date because:
[   +1 ms]   No history is available.
[        ] Caching disabled for IdentityTransform: C:\Users\USER\.gradle\caches\modules-2\files-2.1\androidx.window\window-java\1.2.0\924d0a3ca93fac4acb32c6a972e9fa1e283f1f07\window-java-1.2.0.aar because:
[        ]   Build cache is disabled
[        ] IdentityTransform: C:\Users\USER\.gradle\caches\modules-2\files-2.1\androidx.window\window-java\1.2.0\924d0a3ca93fac4acb32c6a972e9fa1e283f1f07\window-java-1.2.0.aar is not up-to-date because:
[        ]   No history is available.
[        ] Transforming kotlinx-coroutines-android-1.7.1.jar (org.jetbrains.kotlinx:kotlinx-coroutines-android:1.7.1) with IdentityTransform
[        ] Transforming kotlinx-coroutines-core-jvm-1.7.1.jar (org.jetbrains.kotlinx:kotlinx-coroutines-core-jvm:1.7.1) with IdentityTransform
[        ] Transforming lifecycle-viewmodel-savedstate-2.7.0.aar (androidx.lifecycle:lifecycle-viewmodel-savedstate:2.7.0) with AarToClassTransform
[        ] Caching disabled for AarToClassTransform: C:\Users\USER\.gradle\caches\modules-2\files-2.1\androidx.lifecycle\lifecycle-viewmodel-savedstate\2.7.0\1fa14bde5efb3a96fa4fb8ced995f7fdfe99dfd\lifecycle-viewmodel-savedstate-2.7.0.aar because:
[        ]   Build cache is disabled
[        ] AarToClassTransform: C:\Users\USER\.gradle\caches\modules-2\files-2.1\androidx.lifecycle\lifecycle-viewmodel-savedstate\2.7.0\1fa14bde5efb3a96fa4fb8ced995f7fdfe99dfd\lifecycle-viewmodel-savedstate-2.7.0.aar is not up-to-date because:
[        ]   No history is available.
[        ] Caching disabled for IdentityTransform: C:\Users\USER\.gradle\caches\modules-2\files-2.1\org.jetbrains.kotlinx\kotlinx-coroutines-core-jvm\1.7.1\63a0779cf668e2a47d13fda7c3b0c4f8dc7762f4\kotlinx-coroutines-core-jvm-1.7.1.jar because:
[        ]   Build cache is disabled
[        ] IdentityTransform: C:\Users\USER\.gradle\caches\modules-2\files-2.1\org.jetbrains.kotlinx\kotlinx-coroutines-core-jvm\1.7.1\63a0779cf668e2a47d13fda7c3b0c4f8dc7762f4\kotlinx-coroutines-core-jvm-1.7.1.jar is not up-to-date because:
[        ]   No history is available.
[        ] Transforming kotlinx-coroutines-core-jvm-1.7.1.jar (org.jetbrains.kotlinx:kotlinx-coroutines-core-jvm:1.7.1) with IdentityTransform
[        ] Transforming window-java-1.2.0.aar (androidx.window:window-java:1.2.0) with AarToClassTransform
[        ] Transforming window-1.2.0.aar (androidx.window:window:1.2.0) with AarToClassTransform
[        ] Transforming play-services-tasks-18.1.0.aar (com.google.android.gms:play-services-tasks:18.1.0) with IdentityTransform
[        ] Caching disabled for AarToClassTransform: C:\Users\USER\.gradle\caches\modules-2\files-2.1\androidx.window\window-java\1.2.0\924d0a3ca93fac4acb32c6a972e9fa1e283f1f07\window-java-1.2.0.aar because:
[        ]   Build cache is disabled
[        ] AarToClassTransform: C:\Users\USER\.gradle\caches\modules-2\files-2.1\androidx.window\window-java\1.2.0\924d0a3ca93fac4acb32c6a972e9fa1e283f1f07\window-java-1.2.0.aar is not up-to-date because:
[        ]   No history is available.
[        ] Transforming play-services-basement-18.3.0.aar (com.google.android.gms:play-services-basement:18.3.0) with IdentityTransform
[        ] Transforming lifecycle-viewmodel-2.7.0.aar (androidx.lifecycle:lifecycle-viewmodel:2.7.0) with AarToClassTransform
[        ] Caching disabled for AarToClassTransform: C:\Users\USER\.gradle\caches\modules-2\files-2.1\androidx.window\window\1.2.0\1d080d0a72684227bf6eb9af56264542708f8d16\window-1.2.0.aar because:
[        ]   Build cache is disabled
[        ] AarToClassTransform: C:\Users\USER\.gradle\caches\modules-2\files-2.1\androidx.window\window\1.2.0\1d080d0a72684227bf6eb9af56264542708f8d16\window-1.2.0.aar is not up-to-date because:
[        ]   No history is available.
[        ] Caching disabled for IdentityTransform: C:\Users\USER\.gradle\caches\modules-2\files-2.1\com.google.android.gms\play-services-tasks\18.1.0\9841a7984efd142b88e8563a5f99131f24e22e1\play-services-tasks-18.1.0.aar because:
[        ]   Build cache is disabled
[        ] IdentityTransform: C:\Users\USER\.gradle\caches\modules-2\files-2.1\com.google.android.gms\play-services-tasks\18.1.0\9841a7984efd142b88e8563a5f99131f24e22e1\play-services-tasks-18.1.0.aar is not up-to-date because:
[        ]   No history is available.
[        ] Caching disabled for IdentityTransform: C:\Users\USER\.gradle\caches\modules-2\files-2.1\com.google.android.gms\play-services-basement\18.3.0\ac6d9f53fb09f9f0b6b2d3175a38d886e06bfccb\play-services-basement-18.3.0.aar because:
[        ]   Build cache is disabled
[        ] IdentityTransform: C:\Users\USER\.gradle\caches\modules-2\files-2.1\com.google.android.gms\play-services-basement\18.3.0\ac6d9f53fb09f9f0b6b2d3175a38d886e06bfccb\play-services-basement-18.3.0.aar is not up-to-date because:
[        ]   No history is available.
[        ] Caching disabled for AarToClassTransform: C:\Users\USER\.gradle\caches\modules-2\files-2.1\androidx.lifecycle\lifecycle-viewmodel\2.7.0\ea64fb2e504d200f2b7f03c76f51edd7e9ef62a9\lifecycle-viewmodel-2.7.0.aar because:
[        ]   Build cache is disabled
[        ] AarToClassTransform: C:\Users\USER\.gradle\caches\modules-2\files-2.1\androidx.lifecycle\lifecycle-viewmodel\2.7.0\ea64fb2e504d200f2b7f03c76f51edd7e9ef62a9\lifecycle-viewmodel-2.7.0.aar is not up-to-date because:
[        ]   No history is available.
[        ] Transforming play-services-basement-18.3.0.aar (com.google.android.gms:play-services-basement:18.3.0) with AarToClassTransform
[        ] Transforming play-services-tasks-18.1.0.aar (com.google.android.gms:play-services-tasks:18.1.0) with AarToClassTransform
[        ] Caching disabled for AarToClassTransform: C:\Users\USER\.gradle\caches\modules-2\files-2.1\com.google.android.gms\play-services-basement\18.3.0\ac6d9f53fb09f9f0b6b2d3175a38d886e06bfccb\play-services-basement-18.3.0.aar because:
[        ]   Build cache is disabled
[        ] AarToClassTransform: C:\Users\USER\.gradle\caches\modules-2\files-2.1\com.google.android.gms\play-services-basement\18.3.0\ac6d9f53fb09f9f0b6b2d3175a38d886e06bfccb\play-services-basement-18.3.0.aar is not up-to-date because:
[        ]   No history is available.
[        ] Caching disabled for AarToClassTransform: C:\Users\USER\.gradle\caches\modules-2\files-2.1\com.google.android.gms\play-services-tasks\18.1.0\9841a7984efd142b88e8563a5f99131f24e22e1\play-services-tasks-18.1.0.aar because:
[        ]   Build cache is disabled
[        ] AarToClassTransform: C:\Users\USER\.gradle\caches\modules-2\files-2.1\com.google.android.gms\play-services-tasks\18.1.0\9841a7984efd142b88e8563a5f99131f24e22e1\play-services-tasks-18.1.0.aar is not up-to-date because:
[        ]   No history is available.
[        ] Transforming fragment-1.7.1.aar (androidx.fragment:fragment:1.7.1) with IdentityTransform
[        ] Caching disabled for IdentityTransform: C:\Users\USER\.gradle\caches\modules-2\files-2.1\androidx.fragment\fragment\1.7.1\c7d4fcacda7c02f3b29e4d232f5f21cfa6aa7451\fragment-1.7.1.aar because:
[        ]   Build cache is disabled
[        ] IdentityTransform: C:\Users\USER\.gradle\caches\modules-2\files-2.1\androidx.fragment\fragment\1.7.1\c7d4fcacda7c02f3b29e4d232f5f21cfa6aa7451\fragment-1.7.1.aar is not up-to-date because:
[        ]   No history is available.
[        ] Transforming fragment-1.7.1.aar (androidx.fragment:fragment:1.7.1) with IdentityTransform
[        ] Transforming fragment-1.7.1.aar (androidx.fragment:fragment:1.7.1) with AarToClassTransform
[        ] Transforming fragment-1.7.1.aar (androidx.fragment:fragment:1.7.1) with AarToClassTransform
[        ] Transforming core-ktx-1.13.1.aar (androidx.core:core-ktx:1.13.1) with IdentityTransform
[        ] Caching disabled for AarToClassTransform: C:\Users\USER\.gradle\caches\modules-2\files-2.1\androidx.fragment\fragment\1.7.1\c7d4fcacda7c02f3b29e4d232f5f21cfa6aa7451\fragment-1.7.1.aar because:
[        ]   Build cache is disabled
[        ] AarToClassTransform: C:\Users\USER\.gradle\caches\modules-2\files-2.1\androidx.fragment\fragment\1.7.1\c7d4fcacda7c02f3b29e4d232f5f21cfa6aa7451\fragment-1.7.1.aar is not up-to-date because:
[        ]   No history is available.
[        ] Transforming viewpager-1.0.0.aar (androidx.viewpager:viewpager:1.0.0) with IdentityTransform
[        ] Caching disabled for IdentityTransform: C:\Users\USER\.gradle\caches\modules-2\files-2.1\androidx.core\core-ktx\1.13.1\f595b8c10fad9099f71a3c1fc6ded1c9b5010190\core-ktx-1.13.1.aar because:
[        ]   Build cache is disabled
[        ] IdentityTransform: C:\Users\USER\.gradle\caches\modules-2\files-2.1\androidx.core\core-ktx\1.13.1\f595b8c10fad9099f71a3c1fc6ded1c9b5010190\core-ktx-1.13.1.aar is not up-to-date because:
[        ]   No history is available.
[        ] Caching disabled for IdentityTransform: C:\Users\USER\.gradle\caches\modules-2\files-2.1\androidx.viewpager\viewpager\1.0.0\1f90e13820f96c2fb868f9674079a551678d68b2\viewpager-1.0.0.aar because:
[        ]   Build cache is disabled
[        ] IdentityTransform: C:\Users\USER\.gradle\caches\modules-2\files-2.1\androidx.viewpager\viewpager\1.0.0\1f90e13820f96c2fb868f9674079a551678d68b2\viewpager-1.0.0.aar is not up-to-date because:
[        ]   No history is available.
[        ] Transforming viewpager-1.0.0.aar (androidx.viewpager:viewpager:1.0.0) with AarToClassTransform
[  +76 ms] Caching disabled for AarToClassTransform: C:\Users\USER\.gradle\caches\modules-2\files-2.1\androidx.viewpager\viewpager\1.0.0\1f90e13820f96c2fb868f9674079a551678d68b2\viewpager-1.0.0.aar because:
[        ]   Build cache is disabled
[        ] AarToClassTransform: C:\Users\USER\.gradle\caches\modules-2\files-2.1\androidx.viewpager\viewpager\1.0.0\1f90e13820f96c2fb868f9674079a551678d68b2\viewpager-1.0.0.aar is not up-to-date because:
[        ]   No history is available.
[        ] Transforming core-ktx-1.13.1.aar (androidx.core:core-ktx:1.13.1) with AarToClassTransform
[        ] Transforming lifecycle-viewmodel-2.7.0.aar (androidx.lifecycle:lifecycle-viewmodel:2.7.0) with AarToClassTransform
[        ] Transforming customview-1.0.0.aar (androidx.customview:customview:1.0.0) with IdentityTransform
[        ] Caching disabled for IdentityTransform: C:\Users\USER\.gradle\caches\modules-2\files-2.1\androidx.customview\customview\1.0.0\30f5ff6075d112f8076e733b24410e68159735b6\customview-1.0.0.aar because:
[        ]   Build cache is disabled
[        ] IdentityTransform: C:\Users\USER\.gradle\caches\modules-2\files-2.1\androidx.customview\customview\1.0.0\30f5ff6075d112f8076e733b24410e68159735b6\customview-1.0.0.aar is not up-to-date because:
[        ]   No history is available.
[        ] Caching disabled for AarToClassTransform: C:\Users\USER\.gradle\caches\modules-2\files-2.1\androidx.core\core-ktx\1.13.1\f595b8c10fad9099f71a3c1fc6ded1c9b5010190\core-ktx-1.13.1.aar because:
[        ]   Build cache is disabled
[        ] AarToClassTransform: C:\Users\USER\.gradle\caches\modules-2\files-2.1\androidx.core\core-ktx\1.13.1\f595b8c10fad9099f71a3c1fc6ded1c9b5010190\core-ktx-1.13.1.aar is not up-to-date because:
[        ]   No history is available.
[        ] Transforming customview-1.0.0.aar (androidx.customview:customview:1.0.0) with AarToClassTransform
[        ] Caching disabled for AarToClassTransform: C:\Users\USER\.gradle\caches\modules-2\files-2.1\androidx.customview\customview\1.0.0\30f5ff6075d112f8076e733b24410e68159735b6\customview-1.0.0.aar because:
[        ]   Build cache is disabled
[        ] AarToClassTransform: C:\Users\USER\.gradle\caches\modules-2\files-2.1\androidx.customview\customview\1.0.0\30f5ff6075d112f8076e733b24410e68159735b6\customview-1.0.0.aar is not up-to-date because:
[        ]   No history is available.
[        ] Transforming core-1.13.1.aar (androidx.core:core:1.13.1) with IdentityTransform
[        ] Transforming core-1.13.1.aar (androidx.core:core:1.13.1) with IdentityTransform
[        ] Transforming core-1.13.1.aar (androidx.core:core:1.13.1) with IdentityTransform
[        ] Caching disabled for IdentityTransform: C:\Users\USER\.gradle\caches\modules-2\files-2.1\androidx.core\core\1.13.1\4606d420282fe1e5c8d5c4e647ec188e1045b7be\core-1.13.1.aar because:
[        ]   Build cache is disabled
[        ] IdentityTransform: C:\Users\USER\.gradle\caches\modules-2\files-2.1\androidx.core\core\1.13.1\4606d420282fe1e5c8d5c4e647ec188e1045b7be\core-1.13.1.aar is not up-to-date because:
[        ]   No history is available.
[        ] Transforming core-1.13.1.aar (androidx.core:core:1.13.1) with AarToClassTransform
[        ] Transforming core-1.13.1.aar (androidx.core:core:1.13.1) with AarToClassTransform
[        ] Transforming core-1.13.1.aar (androidx.core:core:1.13.1) with AarToClassTransform
[        ] Caching disabled for AarToClassTransform: C:\Users\USER\.gradle\caches\modules-2\files-2.1\androidx.core\core\1.13.1\4606d420282fe1e5c8d5c4e647ec188e1045b7be\core-1.13.1.aar because:
[        ]   Build cache is disabled
[        ] AarToClassTransform: C:\Users\USER\.gradle\caches\modules-2\files-2.1\androidx.core\core\1.13.1\4606d420282fe1e5c8d5c4e647ec188e1045b7be\core-1.13.1.aar is not up-to-date because:
[        ]   No history is available.
[ +190 ms] Transforming core-1.13.1.aar (androidx.core:core:1.13.1) with IdentityTransform
[        ] Transforming core-1.13.1.aar (androidx.core:core:1.13.1) with AarToClassTransform
[        ] Transforming core-1.13.1.aar (androidx.core:core:1.13.1) with IdentityTransform
[        ] Transforming core-1.13.1.aar (androidx.core:core:1.13.1) with AarToClassTransform
[        ] Transforming lifecycle-runtime-2.7.0.aar (androidx.lifecycle:lifecycle-runtime:2.7.0) with IdentityTransform
[        ] Transforming lifecycle-process-2.7.0.aar (androidx.lifecycle:lifecycle-process:2.7.0) with IdentityTransform
[        ] Caching disabled for IdentityTransform: C:\Users\USER\.gradle\caches\modules-2\files-2.1\androidx.lifecycle\lifecycle-runtime\2.7.0\e46d7c73ab6cb3e288f51a0ad96bf372e90ceb31\lifecycle-runtime-2.7.0.aar because:
[        ]   Build cache is disabled
[        ] IdentityTransform: C:\Users\USER\.gradle\caches\modules-2\files-2.1\androidx.lifecycle\lifecycle-runtime\2.7.0\e46d7c73ab6cb3e288f51a0ad96bf372e90ceb31\lifecycle-runtime-2.7.0.aar is not up-to-date because:
[        ]   No history is available.
[        ] Caching disabled for IdentityTransform: C:\Users\USER\.gradle\caches\modules-2\files-2.1\androidx.lifecycle\lifecycle-process\2.7.0\10fc9ecc045a9931724c43e710c55680a772d96a\lifecycle-process-2.7.0.aar because:
[        ]   Build cache is disabled
[        ] IdentityTransform: C:\Users\USER\.gradle\caches\modules-2\files-2.1\androidx.lifecycle\lifecycle-process\2.7.0\10fc9ecc045a9931724c43e710c55680a772d96a\lifecycle-process-2.7.0.aar is not up-to-date because:
[        ]   No history is available.
[        ] Transforming lifecycle-runtime-2.7.0.aar (androidx.lifecycle:lifecycle-runtime:2.7.0) with AarToClassTransform
[        ] Caching disabled for AarToClassTransform: C:\Users\USER\.gradle\caches\modules-2\files-2.1\androidx.lifecycle\lifecycle-runtime\2.7.0\e46d7c73ab6cb3e288f51a0ad96bf372e90ceb31\lifecycle-runtime-2.7.0.aar because:
[        ]   Build cache is disabled
[        ] AarToClassTransform: C:\Users\USER\.gradle\caches\modules-2\files-2.1\androidx.lifecycle\lifecycle-runtime\2.7.0\e46d7c73ab6cb3e288f51a0ad96bf372e90ceb31\lifecycle-runtime-2.7.0.aar is not up-to-date because:
[        ]   No history is available.
[ +194 ms] Transforming lifecycle-common-java8-2.7.0.jar (androidx.lifecycle:lifecycle-common-java8:2.7.0) with IdentityTransform
[        ] Transforming lifecycle-common-2.7.0.jar (androidx.lifecycle:lifecycle-common:2.7.0) with IdentityTransform
[        ] Transforming core-runtime-2.2.0.aar (androidx.arch.core:core-runtime:2.2.0) with IdentityTransform
[        ] Transforming core-common-2.2.0.jar (androidx.arch.core:core-common:2.2.0) with IdentityTransform
[        ] Transforming versionedparcelable-1.1.1.aar (androidx.versionedparcelable:versionedparcelable:1.1.1) with IdentityTransform
[        ] Caching disabled for IdentityTransform: C:\Users\USER\.gradle\caches\modules-2\files-2.1\androidx.lifecycle\lifecycle-common-java8\2.7.0\2ad14aed781c4a73ed4dbb421966d408a0a06686\lifecycle-common-java8-2.7.0.jar because:
[        ]   Build cache is disabled
[        ] IdentityTransform: C:\Users\USER\.gradle\caches\modules-2\files-2.1\androidx.lifecycle\lifecycle-common-java8\2.7.0\2ad14aed781c4a73ed4dbb421966d408a0a06686\lifecycle-common-java8-2.7.0.jar is not up-to-date because:
[        ]   No history is available.
[        ] Caching disabled for IdentityTransform: C:\Users\USER\.gradle\caches\modules-2\files-2.1\androidx.arch.core\core-common\2.2.0\5e1b8b81dfd5f52c56a8d53b18ca759c19a301f3\core-common-2.2.0.jar because:
[        ]   Build cache is disabled
[        ] IdentityTransform: C:\Users\USER\.gradle\caches\modules-2\files-2.1\androidx.arch.core\core-common\2.2.0\5e1b8b81dfd5f52c56a8d53b18ca759c19a301f3\core-common-2.2.0.jar is not up-to-date because:
[        ]   No history is available.
[        ] Caching disabled for IdentityTransform: C:\Users\USER\.gradle\caches\modules-2\files-2.1\androidx.arch.core\core-runtime\2.2.0\39705982680d78556b679ef9d5400d4f17509b0b\core-runtime-2.2.0.aar because:
[        ]   Build cache is disabled
[        ] IdentityTransform: C:\Users\USER\.gradle\caches\modules-2\files-2.1\androidx.arch.core\core-runtime\2.2.0\39705982680d78556b679ef9d5400d4f17509b0b\core-runtime-2.2.0.aar is not up-to-date because:
[        ]   No history is available.
[        ] Caching disabled for IdentityTransform: C:\Users\USER\.gradle\caches\modules-2\files-2.1\androidx.lifecycle\lifecycle-common\2.7.0\85334205d65cca70ed0109c3acbd29e22a2d9cb1\lifecycle-common-2.7.0.jar because:
[        ]   Build cache is disabled
[        ] IdentityTransform: C:\Users\USER\.gradle\caches\modules-2\files-2.1\androidx.lifecycle\lifecycle-common\2.7.0\85334205d65cca70ed0109c3acbd29e22a2d9cb1\lifecycle-common-2.7.0.jar is not up-to-date because:
[        ]   No history is available.
[        ] Transforming core-common-2.2.0.jar (androidx.arch.core:core-common:2.2.0) with IdentityTransform
[        ] Transforming lifecycle-common-java8-2.7.0.jar (androidx.lifecycle:lifecycle-common-java8:2.7.0) with IdentityTransform
[        ] Transforming collection-1.1.0.jar (androidx.collection:collection:1.1.0) with IdentityTransform
[        ] Transforming savedstate-1.2.1.aar (androidx.savedstate:savedstate:1.2.1) with IdentityTransform
[        ] Caching disabled for IdentityTransform: C:\Users\USER\.gradle\caches\modules-2\files-2.1\androidx.savedstate\savedstate\1.2.1\e364fc9dec32aa569d855f85864e50250318a093\savedstate-1.2.1.aar because:
[        ]   Build cache is disabled
[        ] Caching disabled for IdentityTransform: C:\Users\USER\.gradle\caches\modules-2\files-2.1\androidx.collection\collection\1.1.0\1f27220b47669781457de0d600849a5de0e89909\collection-1.1.0.jar because:
[        ]   Build cache is disabled
[        ] IdentityTransform: C:\Users\USER\.gradle\caches\modules-2\files-2.1\androidx.savedstate\savedstate\1.2.1\e364fc9dec32aa569d855f85864e50250318a093\savedstate-1.2.1.aar is not up-to-date because:
[        ]   No history is available.
[        ] IdentityTransform: C:\Users\USER\.gradle\caches\modules-2\files-2.1\androidx.collection\collection\1.1.0\1f27220b47669781457de0d600849a5de0e89909\collection-1.1.0.jar is not up-to-date because:
[        ]   No history is available.
[        ] Caching disabled for IdentityTransform: C:\Users\USER\.gradle\caches\modules-2\files-2.1\androidx.versionedparcelable\versionedparcelable\1.1.1\18e18071e7715679e0593c570217edeb5ca48b9e\versionedparcelable-1.1.1.aar because:
[        ]   Build cache is disabled
[        ] IdentityTransform: C:\Users\USER\.gradle\caches\modules-2\files-2.1\androidx.versionedparcelable\versionedparcelable\1.1.1\18e18071e7715679e0593c570217edeb5ca48b9e\versionedparcelable-1.1.1.aar is not up-to-date because:
[        ]   No history is available.
[        ] Transforming collection-1.1.0.jar (androidx.collection:collection:1.1.0) with IdentityTransform
[        ] Transforming annotation-jvm-1.8.0.jar (androidx.annotation:annotation-jvm:1.8.0) with IdentityTransform
[        ] Transforming savedstate-1.2.1.aar (androidx.savedstate:savedstate:1.2.1) with AarToClassTransform
[        ] Caching disabled for IdentityTransform: C:\Users\USER\.gradle\caches\modules-2\files-2.1\androidx.annotation\annotation-jvm\1.8.0\b8a16fe526014b7941c1debaccaf9c5153692dbb\annotation-jvm-1.8.0.jar because:
[        ]   Build cache is disabled
[        ] IdentityTransform: C:\Users\USER\.gradle\caches\modules-2\files-2.1\androidx.annotation\annotation-jvm\1.8.0\b8a16fe526014b7941c1debaccaf9c5153692dbb\annotation-jvm-1.8.0.jar is not up-to-date because:
[        ]   No history is available.
[        ] Caching disabled for AarToClassTransform: C:\Users\USER\.gradle\caches\modules-2\files-2.1\androidx.savedstate\savedstate\1.2.1\e364fc9dec32aa569d855f85864e50250318a093\savedstate-1.2.1.aar because:
[        ]   Build cache is disabled
[        ] AarToClassTransform: C:\Users\USER\.gradle\caches\modules-2\files-2.1\androidx.savedstate\savedstate\1.2.1\e364fc9dec32aa569d855f85864e50250318a093\savedstate-1.2.1.aar is not up-to-date because:
[        ]   No history is available.
[        ] Transforming lifecycle-common-2.7.0.jar (androidx.lifecycle:lifecycle-common:2.7.0) with IdentityTransform
[        ] Transforming kotlin-stdlib-jdk8-1.8.20.jar (org.jetbrains.kotlin:kotlin-stdlib-jdk8:1.8.20) with IdentityTransform
[        ] Transforming versionedparcelable-1.1.1.aar (androidx.versionedparcelable:versionedparcelable:1.1.1) with AarToClassTransform
[        ] Transforming annotation-jvm-1.8.0.jar (androidx.annotation:annotation-jvm:1.8.0) with IdentityTransform
[        ] Transforming annotation-experimental-1.4.0.aar (androidx.annotation:annotation-experimental:1.4.0) with IdentityTransform
[        ] Caching disabled for IdentityTransform: C:\Users\USER\.gradle\caches\modules-2\files-2.1\org.jetbrains.kotlin\kotlin-stdlib-jdk8\1.8.20\73576ddf378c5b4f1f6b449fe6b119b8183fc078\kotlin-stdlib-jdk8-1.8.20.jar because:
[        ]   Build cache is disabled
[        ] IdentityTransform: C:\Users\USER\.gradle\caches\modules-2\files-2.1\org.jetbrains.kotlin\kotlin-stdlib-jdk8\1.8.20\73576ddf378c5b4f1f6b449fe6b119b8183fc078\kotlin-stdlib-jdk8-1.8.20.jar is not up-to-date because:
[        ]   No history is available.
[        ] Caching disabled for IdentityTransform: C:\Users\USER\.gradle\caches\modules-2\files-2.1\androidx.annotation\annotation-experimental\1.4.0\c7a2038d831d0cfbfb9a440890b287c2e839ecf\annotation-experimental-1.4.0.aar because:
[        ]   Build cache is disabled
[        ] Caching disabled for AarToClassTransform: C:\Users\USER\.gradle\caches\modules-2\files-2.1\androidx.versionedparcelable\versionedparcelable\1.1.1\18e18071e7715679e0593c570217edeb5ca48b9e\versionedparcelable-1.1.1.aar because:
[        ]   Build cache is disabled
[        ] IdentityTransform: C:\Users\USER\.gradle\caches\modules-2\files-2.1\androidx.annotation\annotation-experimental\1.4.0\c7a2038d831d0cfbfb9a440890b287c2e839ecf\annotation-experimental-1.4.0.aar is not up-to-date because:
[        ]   No history is available.
[        ] AarToClassTransform: C:\Users\USER\.gradle\caches\modules-2\files-2.1\androidx.versionedparcelable\versionedparcelable\1.1.1\18e18071e7715679e0593c570217edeb5ca48b9e\versionedparcelable-1.1.1.aar is not up-to-date because:
[   +1 ms]   No history is available.
[        ] Transforming annotation-experimental-1.4.0.aar (androidx.annotation:annotation-experimental:1.4.0) with AarToClassTransform
[        ] Transforming kotlin-stdlib-jdk7-1.8.20.jar (org.jetbrains.kotlin:kotlin-stdlib-jdk7:1.8.20) with IdentityTransform
[        ] Caching disabled for AarToClassTransform: C:\Users\USER\.gradle\caches\modules-2\files-2.1\androidx.annotation\annotation-experimental\1.4.0\c7a2038d831d0cfbfb9a440890b287c2e839ecf\annotation-experimental-1.4.0.aar because:
[        ]   Build cache is disabled
[        ] AarToClassTransform: C:\Users\USER\.gradle\caches\modules-2\files-2.1\androidx.annotation\annotation-experimental\1.4.0\c7a2038d831d0cfbfb9a440890b287c2e839ecf\annotation-experimental-1.4.0.aar is not up-to-date because:
[        ]   No history is available.
[        ] Caching disabled for IdentityTransform: C:\Users\USER\.gradle\caches\modules-2\files-2.1\org.jetbrains.kotlin\kotlin-stdlib-jdk7\1.8.20\3aa51faf20aae8b31e1a4bc54f8370673d7b7df4\kotlin-stdlib-jdk7-1.8.20.jar because:
[        ]   Build cache is disabled
[        ] IdentityTransform: C:\Users\USER\.gradle\caches\modules-2\files-2.1\org.jetbrains.kotlin\kotlin-stdlib-jdk7\1.8.20\3aa51faf20aae8b31e1a4bc54f8370673d7b7df4\kotlin-stdlib-jdk7-1.8.20.jar is not up-to-date because:
[        ]   No history is available.
[        ] Transforming kotlin-stdlib-jdk8-1.8.20.jar (org.jetbrains.kotlin:kotlin-stdlib-jdk8:1.8.20) with IdentityTransform
[        ] Transforming kotlin-stdlib-jdk7-1.8.20.jar (org.jetbrains.kotlin:kotlin-stdlib-jdk7:1.8.20) with IdentityTransform
[        ] Transforming kotlin-stdlib-1.8.22.jar (org.jetbrains.kotlin:kotlin-stdlib:1.8.22) with IdentityTransform
[        ] Caching disabled for IdentityTransform: C:\Users\USER\.gradle\caches\modules-2\files-2.1\org.jetbrains\annotations\23.0.0\8cc20c07506ec18e0834947b84a864bfc094484e\annotations-23.0.0.jar because:
[        ]   Build cache is disabled
[        ] IdentityTransform: C:\Users\USER\.gradle\caches\modules-2\files-2.1\org.jetbrains\annotations\23.0.0\8cc20c07506ec18e0834947b84a864bfc094484e\annotations-23.0.0.jar is not up-to-date because:
[        ]   No history is available.
[        ] Transforming startup-runtime-1.1.1.aar (androidx.startup:startup-runtime:1.1.1) with IdentityTransform
[        ] Transforming kotlin-stdlib-common-1.8.22.jar (org.jetbrains.kotlin:kotlin-stdlib-common:1.8.22) with IdentityTransform
[        ] Transforming annotations-23.0.0.jar (org.jetbrains:annotations:23.0.0) with IdentityTransform
[        ] Transforming tracing-1.2.0.aar (androidx.tracing:tracing:1.2.0) with IdentityTransform
[        ] Caching disabled for IdentityTransform: C:\Users\USER\.gradle\caches\modules-2\files-2.1\androidx.startup\startup-runtime\1.1.1\9d4ba67056aff98b69eadc1477c19a1e67cb9470\startup-runtime-1.1.1.aar because:
[        ]   Build cache is disabled
[        ] IdentityTransform: C:\Users\USER\.gradle\caches\modules-2\files-2.1\androidx.startup\startup-runtime\1.1.1\9d4ba67056aff98b69eadc1477c19a1e67cb9470\startup-runtime-1.1.1.aar is not up-to-date because:
[        ]   No history is available.
[        ] Caching disabled for IdentityTransform: C:\Users\USER\.gradle\caches\modules-2\files-2.1\org.jetbrains.kotlin\kotlin-stdlib-common\1.8.22\1a8e3601703ae14bb58757ea6b2d8e8e5935a586\kotlin-stdlib-common-1.8.22.jar because:
[        ]   Build cache is disabled
[        ] IdentityTransform: C:\Users\USER\.gradle\caches\modules-2\files-2.1\org.jetbrains.kotlin\kotlin-stdlib-common\1.8.22\1a8e3601703ae14bb58757ea6b2d8e8e5935a586\kotlin-stdlib-common-1.8.22.jar is not up-to-date because:
[        ]   No history is available.
[        ] Caching disabled for IdentityTransform: C:\Users\USER\.gradle\caches\modules-2\files-2.1\androidx.tracing\tracing\1.2.0\a6ac2cc501278fdc99c56b428548e0cd1e9300f7\tracing-1.2.0.aar because:
[        ]   Build cache is disabled
[        ] IdentityTransform: C:\Users\USER\.gradle\caches\modules-2\files-2.1\androidx.tracing\tracing\1.2.0\a6ac2cc501278fdc99c56b428548e0cd1e9300f7\tracing-1.2.0.aar is not up-to-date because:
[        ]   No history is available.
[        ] Transforming firebase-components-18.0.0.aar (com.google.firebase:firebase-components:18.0.0) with IdentityTransform
[   +8 ms] Caching disabled for IdentityTransform: C:\Users\USER\.gradle\caches\modules-2\files-2.1\org.jetbrains.kotlin\kotlin-stdlib\1.8.22\636bf8b320e7627482771bbac9ed7246773c02bd\kotlin-stdlib-1.8.22.jar because:
[        ]   Build cache is disabled
[        ] IdentityTransform: C:\Users\USER\.gradle\caches\modules-2\files-2.1\org.jetbrains.kotlin\kotlin-stdlib\1.8.22\636bf8b320e7627482771bbac9ed7246773c02bd\kotlin-stdlib-1.8.22.jar is not up-to-date because:
[        ]   No history is available.
[        ] Caching disabled for IdentityTransform: C:\Users\USER\.gradle\caches\modules-2\files-2.1\com.google.firebase\firebase-components\18.0.0\bb3038eb5d7807378715a14e92745c387bdad239\firebase-components-18.0.0.aar because:
[        ]   Build cache is disabled
[   +1 ms] IdentityTransform: C:\Users\USER\.gradle\caches\modules-2\files-2.1\com.google.firebase\firebase-components\18.0.0\bb3038eb5d7807378715a14e92745c387bdad239\firebase-components-18.0.0.aar is not up-to-date because:
[        ]   No history is available.
[        ] Transforming startup-runtime-1.1.1.aar (androidx.startup:startup-runtime:1.1.1) with AarToClassTransform
[        ] Caching disabled for AarToClassTransform: C:\Users\USER\.gradle\caches\modules-2\files-2.1\androidx.startup\startup-runtime\1.1.1\9d4ba67056aff98b69eadc1477c19a1e67cb9470\startup-runtime-1.1.1.aar because:
[        ]   Build cache is disabled
[        ] AarToClassTransform: C:\Users\USER\.gradle\caches\modules-2\files-2.1\androidx.startup\startup-runtime\1.1.1\9d4ba67056aff98b69eadc1477c19a1e67cb9470\startup-runtime-1.1.1.aar is not up-to-date because:
[        ]   No history is available.
[        ] Transforming kotlin-stdlib-common-1.8.22.jar (org.jetbrains.kotlin:kotlin-stdlib-common:1.8.22) with IdentityTransform
[        ] Transforming tracing-1.2.0.aar (androidx.tracing:tracing:1.2.0) with AarToClassTransform
[        ] Transforming kotlin-stdlib-1.8.22.jar (org.jetbrains.kotlin:kotlin-stdlib:1.8.22) with IdentityTransform
[        ] Transforming firebase-components-18.0.0.aar (com.google.firebase:firebase-components:18.0.0) with AarToClassTransform
[        ] Caching disabled for IdentityTransform: C:\Users\USER\.gradle\caches\modules-2\files-2.1\javax.inject\javax.inject\1\6975da39a7040257bd51d21a231b76c915872d38\javax.inject-1.jar because:
[        ]   Build cache is disabled
[        ] IdentityTransform: C:\Users\USER\.gradle\caches\modules-2\files-2.1\javax.inject\javax.inject\1\6975da39a7040257bd51d21a231b76c915872d38\javax.inject-1.jar is not up-to-date because:
[        ]   No history is available.
[        ] Caching disabled for AarToClassTransform: C:\Users\USER\.gradle\caches\modules-2\files-2.1\com.google.firebase\firebase-components\18.0.0\bb3038eb5d7807378715a14e92745c387bdad239\firebase-components-18.0.0.aar because:
[        ]   Build cache is disabled
[        ] Transforming relinker-1.4.5.aar (com.getkeepsafe.relinker:relinker:1.4.5) with IdentityTransform
[        ] AarToClassTransform: C:\Users\USER\.gradle\caches\modules-2\files-2.1\com.google.firebase\firebase-components\18.0.0\bb3038eb5d7807378715a14e92745c387bdad239\firebase-components-18.0.0.aar is not up-to-date because:
[        ]   No history is available.
[        ] Caching disabled for IdentityTransform: C:\Users\USER\.gradle\caches\modules-2\files-2.1\com.getkeepsafe.relinker\relinker\1.4.5\222d7b0624248da9336bbfccff8a129e3e280ce8\relinker-1.4.5.aar because:
[        ]   Build cache is disabled
[        ] IdentityTransform: C:\Users\USER\.gradle\caches\modules-2\files-2.1\com.getkeepsafe.relinker\relinker\1.4.5\222d7b0624248da9336bbfccff8a129e3e280ce8\relinker-1.4.5.aar is not up-to-date because:
[        ]   No history is available.
[        ] Transforming javax.inject-1.jar (javax.inject:javax.inject:1) with IdentityTransform
[        ] Transforming relinker-1.4.5.aar (com.getkeepsafe.relinker:relinker:1.4.5) with AarToClassTransform
[        ] Caching disabled for AarToClassTransform: C:\Users\USER\.gradle\caches\modules-2\files-2.1\com.getkeepsafe.relinker\relinker\1.4.5\222d7b0624248da9336bbfccff8a129e3e280ce8\relinker-1.4.5.aar because:
[        ]   Build cache is disabled
[        ] AarToClassTransform: C:\Users\USER\.gradle\caches\modules-2\files-2.1\com.getkeepsafe.relinker\relinker\1.4.5\222d7b0624248da9336bbfccff8a129e3e280ce8\relinker-1.4.5.aar is not up-to-date because:
[        ]   No history is available.
[        ] Transforming core-runtime-2.2.0.aar (androidx.arch.core:core-runtime:2.2.0) with AarToClassTransform
[        ] Caching disabled for AarToClassTransform: C:\Users\USER\.gradle\caches\modules-2\files-2.1\androidx.arch.core\core-runtime\2.2.0\39705982680d78556b679ef9d5400d4f17509b0b\core-runtime-2.2.0.aar because:
[        ]   Build cache is disabled
[        ] AarToClassTransform: C:\Users\USER\.gradle\caches\modules-2\files-2.1\androidx.arch.core\core-runtime\2.2.0\39705982680d78556b679ef9d5400d4f17509b0b\core-runtime-2.2.0.aar is not up-to-date because:
[        ]   No history is available.
[        ] Caching disabled for AarToClassTransform: C:\Users\USER\.gradle\caches\modules-2\files-2.1\androidx.tracing\tracing\1.2.0\a6ac2cc501278fdc99c56b428548e0cd1e9300f7\tracing-1.2.0.aar because:
[        ]   Build cache is disabled
[        ] Transforming lifecycle-process-2.7.0.aar (androidx.lifecycle:lifecycle-process:2.7.0) with AarToClassTransform
[        ] AarToClassTransform: C:\Users\USER\.gradle\caches\modules-2\files-2.1\androidx.tracing\tracing\1.2.0\a6ac2cc501278fdc99c56b428548e0cd1e9300f7\tracing-1.2.0.aar is not up-to-date because:
[        ]   No history is available.
[        ] Caching disabled for AarToClassTransform: C:\Users\USER\.gradle\caches\modules-2\files-2.1\androidx.lifecycle\lifecycle-process\2.7.0\10fc9ecc045a9931724c43e710c55680a772d96a\lifecycle-process-2.7.0.aar because:
[        ]   Build cache is disabled
[        ] AarToClassTransform: C:\Users\USER\.gradle\caches\modules-2\files-2.1\androidx.lifecycle\lifecycle-process\2.7.0\10fc9ecc045a9931724c43e710c55680a772d96a\lifecycle-process-2.7.0.aar is not up-to-date because:
[        ]   No history is available.
[ +232 ms] Downloading https://repo.maven.apache.org/maven2/org/jetbrains/kotlinx/kotlinx-coroutines-play-services/1.7.1/kotlinx-coroutines-play-services-1.7.1.jar to C:\Users\USER\.gradle\.tmp\gradle_download5907091612483313663bin
[        ] Transforming kotlinx-coroutines-play-services-1.7.1.jar (org.jetbrains.kotlinx:kotlinx-coroutines-play-services:1.7.1) with IdentityTransform
[        ] Caching disabled for IdentityTransform: C:\Users\USER\.gradle\caches\modules-2\files-2.1\org.jetbrains.kotlinx\kotlinx-coroutines-play-services\1.7.1\6333bad6f256e2ca7bc2908f586be7161a41618c\kotlinx-coroutines-play-services-1.7.1.jar because:
[        ]   Build cache is disabled
[        ] IdentityTransform: C:\Users\USER\.gradle\caches\modules-2\files-2.1\org.jetbrains.kotlinx\kotlinx-coroutines-play-services\1.7.1\6333bad6f256e2ca7bc2908f586be7161a41618c\kotlinx-coroutines-play-services-1.7.1.jar is not up-to-date because:
[        ]   No history is available.
[        ] Transforming kotlinx-coroutines-play-services-1.7.1.jar (org.jetbrains.kotlinx:kotlinx-coroutines-play-services:1.7.1) with IdentityTransform
[ +807 ms] Found locally available resource with matching checksum: [https://dl.google.com/dl/android/maven2/com/google/firebase/firebase-annotations/16.2.0/firebase-annotations-16.2.0.jar, C:\Users\USER\.gradle\caches\modules-2\files-2.1\com.google.firebase\firebase-annotations\16.2.0\ba0806703ca285d03fa9c888b5868f101134a501\firebase-annotations-16.2.0.jar]
[        ] Transforming firebase-annotations-16.2.0.jar (com.google.firebase:firebase-annotations:16.2.0) with IdentityTransform
[        ] Caching disabled for IdentityTransform: C:\Users\USER\.gradle\caches\modules-2\files-2.1\com.google.firebase\firebase-annotations\16.2.0\ba0806703ca285d03fa9c888b5868f101134a501\firebase-annotations-16.2.0.jar because:
[        ]   Build cache is disabled
[        ] IdentityTransform: C:\Users\USER\.gradle\caches\modules-2\files-2.1\com.google.firebase\firebase-annotations\16.2.0\ba0806703ca285d03fa9c888b5868f101134a501\firebase-annotations-16.2.0.jar is not up-to-date because:
[        ]   No history is available.
[  +94 ms] Transforming firebase-annotations-16.2.0.jar (com.google.firebase:firebase-annotations:16.2.0) with IdentityTransform
[+2489 ms] Transforming core-for-system-modules.jar with JdkImageTransform
[ +110 ms] Invalidating in-memory cache of C:\Users\USER\.gradle\caches\journal-1\file-access.bin
[ +199 ms] Caching disabled for JdkImageTransform: C:\Users\USER\AppData\Local\Android\sdk\platforms\android-34\core-for-system-modules.jar because:
[        ]   Build cache is disabled
[        ] JdkImageTransform: C:\Users\USER\AppData\Local\Android\sdk\platforms\android-34\core-for-system-modules.jar is not up-to-date because:
[        ]   No history is available.
[  +93 ms] Starting process 'command 'C:\Program Files\Android\Android Studio\jbr\bin\jlink.exe''. Working directory: C:\Users\USER\AppData\Local\Pub\Cache\hosted\pub.dev\firebase_core-3.15.2\android Command: C:\Program Files\Android\Android Studio\jbr\bin\jlink.exe --version
[ +107 ms] Successfully started process 'command 'C:\Program Files\Android\Android Studio\jbr\bin\jlink.exe''
[+3306 ms] Starting process 'command 'C:\Program Files\Android\Android Studio\jbr\bin\javac.exe''. Working directory: C:\Users\USER\AppData\Local\Pub\Cache\hosted\pub.dev\firebase_core-3.15.2\android Command: C:\Program Files\Android\Android Studio\jbr\bin\javac.exe --system=none --patch-module=java.base=C:\Users\USER\AppData\Local\Android\sdk\platforms\android-34\core-for-system-modules.jar -d C:\Users\USER\.gradle\caches\transforms-3\28ff5db10bf282c357d419f4ef59949e\transformed\output\temp C:\Users\USER\.gradle\caches\transforms-3\28ff5db10bf282c357d419f4ef59949e\transformed\output\temp\module-info.java
[  +90 ms] Successfully started process 'command 'C:\Program Files\Android\Android Studio\jbr\bin\javac.exe''
[+6306 ms] Starting process 'command 'C:\Program Files\Android\Android Studio\jbr\bin\jmod.exe''. Working directory: C:\Users\USER\AppData\Local\Pub\Cache\hosted\pub.dev\firebase_core-3.15.2\android Command: C:\Program Files\Android\Android Studio\jbr\bin\jmod.exe create --module-version 21 --target-platform android --class-path C:\Users\USER\.gradle\caches\transforms-3\28ff5db10bf282c357d419f4ef59949e\transformed\output\temp\module.jar C:\Users\USER\.gradle\caches\transforms-3\28ff5db10bf282c357d419f4ef59949e\transformed\output\temp\jmod\java.base.jmod
[  +97 ms] Successfully started process 'command 'C:\Program Files\Android\Android Studio\jbr\bin\jmod.exe''
[+4901 ms] Starting process 'command 'C:\Program Files\Android\Android Studio\jbr\bin\jlink.exe''. Working directory: C:\Users\USER\AppData\Local\Pub\Cache\hosted\pub.dev\firebase_core-3.15.2\android Command: C:\Program Files\Android\Android Studio\jbr\bin\jlink.exe --module-path C:\Users\USER\.gradle\caches\transforms-3\28ff5db10bf282c357d419f4ef59949e\transformed\output\temp\jmod --add-modules java.base --output C:\Users\USER\.gradle\caches\transforms-3\28ff5db10bf282c357d419f4ef59949e\transformed\output\jdkImage --disable-plugin system-modules
[  +98 ms] Successfully started process 'command 'C:\Program Files\Android\Android Studio\jbr\bin\jlink.exe''
[+2390 ms] Error: jdk.tools.jlink.plugin.PluginException: ModuleTarget is malformed: platformString missing delimiter: android
[        ] Invalidating in-memory cache of C:\Users\USER\.gradle\caches\8.5\fileHashes\fileHashes.bin
[        ] Invalidating in-memory cache of C:\Users\USER\.gradle\caches\8.5\fileHashes\resourceHashesCache.bin
[        ] > Task :firebase_core:compileReleaseJavaWithJavac FAILED
[ +109 ms] w: Detected multiple Kotlin daemon sessions at kotlin\sessions
[  +90 ms] Could not execute [report metric STATISTICS_COLLECT_METRICS_OVERHEAD]
[        ] Could not execute [report metric STATISTICS_COLLECT_METRICS_OVERHEAD]
[        ] Could not execute [report metric STATISTICS_COLLECT_METRICS_OVERHEAD]
[        ] FAILURE: Build failed with an exception.
[        ] * What went wrong:
[        ] Execution failed for task ':firebase_core:compileReleaseJavaWithJavac'.
[        ] > Could not resolve all files for configuration ':firebase_core:androidJdkImage'.
[        ]    > Failed to transform core-for-system-modules.jar to match attributes {artifactType=_internal_android_jdk_image, org.gradle.libraryelements=jar, org.gradle.usage=java-runtime}.
[        ]       > Execution failed for JdkImageTransform: C:\Users\USER\AppData\Local\Android\sdk\platforms\android-34\core-for-system-modules.jar.
[        ]          > Error while executing process C:\Program Files\Android\Android Studio\jbr\bin\jlink.exe with arguments {--module-path C:\Users\USER\.gradle\caches\transforms-3\28ff5db10bf282c357d419f4ef59949e\transformed\output\temp\jmod --add-modules java.base --output C:\Users\USER\.gradle\caches\transforms-3\28ff5db10bf282c357d419f4ef59949e\transformed\output\jdkImage --disable-plugin system-modules}
[        ] * Try:
[        ] > Run with --debug option to get more log output.
[        ] > Run with --scan to get full insights.
[        ] > Get more help at https://help.gradle.org.
[        ] * Exception is:
[        ] org.gradle.api.tasks.TaskExecutionException: Execution failed for task ':firebase_core:compileReleaseJavaWithJavac'.
[        ] 	at org.gradle.api.internal.tasks.execution.CatchExceptionTaskExecuter.execute(CatchExceptionTaskExecuter.java:38)
[        ] 	at org.gradle.api.internal.tasks.execution.EventFiringTaskExecuter$1.executeTask(EventFiringTaskExecuter.java:77)
[        ] 	at org.gradle.api.internal.tasks.execution.EventFiringTaskExecuter$1.call(EventFiringTaskExecuter.java:55)
[        ] 	at org.gradle.api.internal.tasks.execution.EventFiringTaskExecuter$1.call(EventFiringTaskExecuter.java:52)
[        ] 	at org.gradle.internal.operations.DefaultBuildOperationRunner$CallableBuildOperationWorker.execute(DefaultBuildOperationRunner.java:204)
[        ] 	at org.gradle.internal.operations.DefaultBuildOperationRunner$CallableBuildOperationWorker.execute(DefaultBuildOperationRunner.java:199)
[        ] 	at org.gradle.internal.operations.DefaultBuildOperationRunner$2.execute(DefaultBuildOperationRunner.java:66)
[        ] 	at org.gradle.internal.operations.DefaultBuildOperationRunner$2.execute(DefaultBuildOperationRunner.java:59)
[        ] 	at org.gradle.internal.operations.DefaultBuildOperationRunner.execute(DefaultBuildOperationRunner.java:157)
[        ] 	at org.gradle.internal.operations.DefaultBuildOperationRunner.execute(DefaultBuildOperationRunner.java:59)
[        ] 	at org.gradle.internal.operations.DefaultBuildOperationRunner.call(DefaultBuildOperationRunner.java:53)
[        ] 	at org.gradle.internal.operations.DefaultBuildOperationExecutor.call(DefaultBuildOperationExecutor.java:73)
[        ] 	at org.gradle.api.internal.tasks.execution.EventFiringTaskExecuter.execute(EventFiringTaskExecuter.java:52)
[        ] 	at org.gradle.execution.plan.LocalTaskNodeExecutor.execute(LocalTaskNodeExecutor.java:42)
[        ] 	at org.gradle.execution.taskgraph.DefaultTaskExecutionGraph$InvokeNodeExecutorsAction.execute(DefaultTaskExecutionGraph.java:331)
[        ] 	at org.gradle.execution.taskgraph.DefaultTaskExecutionGraph$InvokeNodeExecutorsAction.execute(DefaultTaskExecutionGraph.java:318)
[        ] 	at org.gradle.execution.taskgraph.DefaultTaskExecutionGraph$BuildOperationAwareExecutionAction.lambda$execute$0(DefaultTaskExecutionGraph.java:314)
[        ] 	at org.gradle.internal.operations.CurrentBuildOperationRef.with(CurrentBuildOperationRef.java:80)
[        ] 	at org.gradle.execution.taskgraph.DefaultTaskExecutionGraph$BuildOperationAwareExecutionAction.execute(DefaultTaskExecutionGraph.java:314)
[        ] 	at org.gradle.execution.taskgraph.DefaultTaskExecutionGraph$BuildOperationAwareExecutionAction.execute(DefaultTaskExecutionGraph.java:303)
[        ] 	at org.gradle.execution.plan.DefaultPlanExecutor$ExecutorWorker.execute(DefaultPlanExecutor.java:463)
[        ] 	at org.gradle.execution.plan.DefaultPlanExecutor$ExecutorWorker.run(DefaultPlanExecutor.java:380)
[        ] 	at org.gradle.internal.concurrent.ExecutorPolicy$CatchAndRecordFailures.onExecute(ExecutorPolicy.java:64)
[        ] 	at org.gradle.internal.concurrent.AbstractManagedExecutor$1.run(AbstractManagedExecutor.java:47)
[        ] 	at java.base/java.util.concurrent.ThreadPoolExecutor.runWorker(Unknown Source)
[        ] 	at java.base/java.util.concurrent.ThreadPoolExecutor$Worker.run(Unknown Source)
[        ] 	at java.base/java.lang.Thread.run(Unknown Source)
[        ] Caused by: org.gradle.api.internal.artifacts.ivyservice.DefaultLenientConfiguration$ArtifactResolveException: Could not resolve all files for configuration ':firebase_core:androidJdkImage'.
[        ] 	at org.gradle.api.internal.artifacts.ResolveExceptionContextualizer.mapFailure(ResolveExceptionContextualizer.java:81)
[        ] 	at org.gradle.api.internal.artifacts.ResolveExceptionContextualizer.mapFailures(ResolveExceptionContextualizer.java:60)
[        ] 	at org.gradle.api.internal.artifacts.configurations.DefaultConfiguration$DefaultResolutionHost.mapFailure(DefaultConfiguration.java:2310)
[        ] 	at org.gradle.api.internal.artifacts.configurations.ResolutionHost.rethrowFailure(ResolutionHost.java:30)
[        ] 	at org.gradle.api.internal.artifacts.configurations.ResolutionBackedFileCollection.maybeThrowResolutionFailures(ResolutionBackedFileCollection.java:84)
[        ] 	at org.gradle.api.internal.artifacts.configurations.ResolutionBackedFileCollection.visitContents(ResolutionBackedFileCollection.java:74)
[        ] 	at org.gradle.api.internal.file.AbstractFileCollection.getFiles(AbstractFileCollection.java:123)
[        ] 	at org.gradle.api.internal.file.AbstractFileCollection$FileCollectionElementsFactory.create(AbstractFileCollection.java:224)
[        ] 	at org.gradle.api.internal.file.AbstractFileCollection$FileCollectionElementsFactory.create(AbstractFileCollection.java:212)
[        ] 	at org.gradle.api.internal.provider.BuildableBackedProvider.calculateOwnValue(BuildableBackedProvider.java:81)
[        ] 	at org.gradle.api.internal.provider.AbstractMinimalProvider.calculateValue(AbstractMinimalProvider.java:115)
[        ] 	at org.gradle.api.internal.provider.TransformBackedProvider.calculateOwnValue(TransformBackedProvider.java:82)
[        ] 	at org.gradle.api.internal.provider.AbstractMinimalProvider.getOrNull(AbstractMinimalProvider.java:105)
[        ] 	at org.gradle.api.internal.provider.ProviderResolutionStrategy$1.resolve(ProviderResolutionStrategy.java:27)
[        ] 	at org.gradle.api.internal.file.collections.ProviderBackedFileCollection.visitChildren(ProviderBackedFileCollection.java:64)
[        ] 	at org.gradle.api.internal.file.CompositeFileCollection.visitContents(CompositeFileCollection.java:113)
[        ] 	at org.gradle.api.internal.file.AbstractFileCollection.visitStructure(AbstractFileCollection.java:359)
[        ] 	at org.gradle.api.internal.file.CompositeFileCollection.lambda$visitContents$0(CompositeFileCollection.java:113)
[        ] 	at org.gradle.api.internal.file.collections.UnpackingVisitor.add(UnpackingVisitor.java:77)
[        ] 	at org.gradle.api.internal.file.collections.UnpackingVisitor.add(UnpackingVisitor.java:92)
[        ] 	at org.gradle.api.internal.file.DefaultFileCollectionFactory$ResolvingFileCollection.visitChildren(DefaultFileCollectionFactory.java:285)
[        ] 	at org.gradle.api.internal.file.CompositeFileCollection.visitContents(CompositeFileCollection.java:113)
[        ] 	at org.gradle.api.internal.file.AbstractFileCollection.visitStructure(AbstractFileCollection.java:359)
[        ] 	at org.gradle.api.internal.file.CompositeFileCollection.lambda$visitContents$0(CompositeFileCollection.java:113)
[        ] 	at org.gradle.api.internal.tasks.PropertyFileCollection.visitChildren(PropertyFileCollection.java:48)
[        ] 	at org.gradle.api.internal.file.CompositeFileCollection.visitContents(CompositeFileCollection.java:113)
[        ] 	at org.gradle.api.internal.file.AbstractFileCollection.visitStructure(AbstractFileCollection.java:359)
[        ] 	at org.gradle.internal.fingerprint.impl.DefaultFileCollectionSnapshotter.snapshot(DefaultFileCollectionSnapshotter.java:47)
[        ] 	at org.gradle.internal.execution.impl.DefaultInputFingerprinter$InputCollectingVisitor.visitInputFileProperty(DefaultInputFingerprinter.java:133)
[        ] 	at org.gradle.api.internal.tasks.execution.TaskExecution.visitRegularInputs(TaskExecution.java:328)
[        ] 	at org.gradle.internal.execution.impl.DefaultInputFingerprinter.fingerprintInputProperties(DefaultInputFingerprinter.java:63)
[        ] 	at org.gradle.internal.execution.steps.CaptureStateBeforeExecutionStep.captureExecutionStateWithOutputs(CaptureStateBeforeExecutionStep.java:123)
[  +48 ms] 	at org.gradle.internal.execution.steps.CaptureStateBeforeExecutionStep.lambda$captureExecutionState$1(CaptureStateBeforeExecutionStep.java:82)
[   +1 ms] 	at org.gradle.internal.execution.steps.BuildOperationStep$1.call(BuildOperationStep.java:37)
[        ] 	at org.gradle.internal.operations.DefaultBuildOperationRunner$CallableBuildOperationWorker.execute(DefaultBuildOperationRunner.java:204)
[        ] 	at org.gradle.internal.operations.DefaultBuildOperationRunner$CallableBuildOperationWorker.execute(DefaultBuildOperationRunner.java:199)
[        ] 	at org.gradle.internal.operations.DefaultBuildOperationRunner$2.execute(DefaultBuildOperationRunner.java:66)
[  +11 ms] 	at org.gradle.internal.operations.DefaultBuildOperationRunner$2.execute(DefaultBuildOperationRunner.java:59)
[        ] 	at org.gradle.internal.operations.DefaultBuildOperationRunner.execute(DefaultBuildOperationRunner.java:157)
[        ] 	at org.gradle.internal.operations.DefaultBuildOperationRunner.execute(DefaultBuildOperationRunner.java:59)
[        ] 	at org.gradle.internal.operations.DefaultBuildOperationRunner.call(DefaultBuildOperationRunner.java:53)
[        ] 	at org.gradle.internal.operations.DefaultBuildOperationExecutor.call(DefaultBuildOperationExecutor.java:73)
[        ] 	at org.gradle.internal.execution.steps.BuildOperationStep.operation(BuildOperationStep.java:34)
[        ] 	at org.gradle.internal.execution.steps.CaptureStateBeforeExecutionStep.captureExecutionState(CaptureStateBeforeExecutionStep.java:76)
[        ] 	at org.gradle.internal.execution.steps.CaptureStateBeforeExecutionStep.lambda$execute$0(CaptureStateBeforeExecutionStep.java:70)
[        ] 	at java.base/java.util.Optional.map(Unknown Source)
[        ] 	at org.gradle.internal.execution.steps.CaptureStateBeforeExecutionStep.execute(CaptureStateBeforeExecutionStep.java:70)
[        ] 	at org.gradle.internal.execution.steps.CaptureStateBeforeExecutionStep.execute(CaptureStateBeforeExecutionStep.java:45)
[        ] 	at org.gradle.internal.execution.steps.SkipEmptyWorkStep.executeWithNonEmptySources(SkipEmptyWorkStep.java:177)
[        ] 	at org.gradle.internal.execution.steps.SkipEmptyWorkStep.execute(SkipEmptyWorkStep.java:86)
[        ] 	at org.gradle.internal.execution.steps.SkipEmptyWorkStep.execute(SkipEmptyWorkStep.java:53)
[        ] 	at org.gradle.internal.execution.steps.RemoveUntrackedExecutionStateStep.execute(RemoveUntrackedExecutionStateStep.java:32)
[        ] 	at org.gradle.internal.execution.steps.RemoveUntrackedExecutionStateStep.execute(RemoveUntrackedExecutionStateStep.java:21)
[        ] 	at org.gradle.internal.execution.steps.legacy.MarkSnapshottingInputsStartedStep.execute(MarkSnapshottingInputsStartedStep.java:38)
[        ] 	at org.gradle.internal.execution.steps.LoadPreviousExecutionStateStep.execute(LoadPreviousExecutionStateStep.java:36)
[        ] 	at org.gradle.internal.execution.steps.LoadPreviousExecutionStateStep.execute(LoadPreviousExecutionStateStep.java:23)
[        ] 	at org.gradle.internal.execution.steps.CleanupStaleOutputsStep.execute(CleanupStaleOutputsStep.java:75)
[        ] 	at org.gradle.internal.execution.steps.CleanupStaleOutputsStep.execute(CleanupStaleOutputsStep.java:41)
[        ] 	at org.gradle.internal.execution.steps.ExecuteWorkBuildOperationFiringStep.lambda$execute$2(ExecuteWorkBuildOperationFiringStep.java:66)
[        ] 	at java.base/java.util.Optional.orElseGet(Unknown Source)
[        ] 	at org.gradle.internal.execution.steps.ExecuteWorkBuildOperationFiringStep.execute(ExecuteWorkBuildOperationFiringStep.java:66)
[        ] 	at org.gradle.internal.execution.steps.ExecuteWorkBuildOperationFiringStep.execute(ExecuteWorkBuildOperationFiringStep.java:38)
[        ] 	at org.gradle.internal.execution.steps.AssignWorkspaceStep.lambda$execute$0(AssignWorkspaceStep.java:32)
[        ] 	at org.gradle.api.internal.tasks.execution.TaskExecution$4.withWorkspace(TaskExecution.java:293)
[        ] 	at org.gradle.internal.execution.steps.AssignWorkspaceStep.execute(AssignWorkspaceStep.java:30)
[        ] 	at org.gradle.internal.execution.steps.AssignWorkspaceStep.execute(AssignWorkspaceStep.java:21)
[        ] 	at org.gradle.internal.execution.steps.IdentityCacheStep.execute(IdentityCacheStep.java:37)
[        ] 	at org.gradle.internal.execution.steps.IdentityCacheStep.execute(IdentityCacheStep.java:27)
[        ] 	at org.gradle.internal.execution.steps.IdentifyStep.execute(IdentifyStep.java:47)
[        ] 	at org.gradle.internal.execution.steps.IdentifyStep.execute(IdentifyStep.java:34)
[        ] 	at org.gradle.internal.execution.impl.DefaultExecutionEngine$1.execute(DefaultExecutionEngine.java:64)
[        ] 	at org.gradle.api.internal.tasks.execution.ExecuteActionsTaskExecuter.executeIfValid(ExecuteActionsTaskExecuter.java:145)
[        ] 	at org.gradle.api.internal.tasks.execution.ExecuteActionsTaskExecuter.execute(ExecuteActionsTaskExecuter.java:134)
[        ] 	at org.gradle.api.internal.tasks.execution.FinalizePropertiesTaskExecuter.execute(FinalizePropertiesTaskExecuter.java:46)
[        ] 	at org.gradle.api.internal.tasks.execution.ResolveTaskExecutionModeExecuter.execute(ResolveTaskExecutionModeExecuter.java:51)
[        ] 	at org.gradle.api.internal.tasks.execution.SkipTaskWithNoActionsExecuter.execute(SkipTaskWithNoActionsExecuter.java:57)
[        ] 	at org.gradle.api.internal.tasks.execution.SkipOnlyIfTaskExecuter.execute(SkipOnlyIfTaskExecuter.java:74)
[        ] 	at org.gradle.api.internal.tasks.execution.CatchExceptionTaskExecuter.execute(CatchExceptionTaskExecuter.java:36)
[        ] 	at org.gradle.api.internal.tasks.execution.EventFiringTaskExecuter$1.executeTask(EventFiringTaskExecuter.java:77)
[        ] 	at org.gradle.api.internal.tasks.execution.EventFiringTaskExecuter$1.call(EventFiringTaskExecuter.java:55)
[        ] 	at org.gradle.api.internal.tasks.execution.EventFiringTaskExecuter$1.call(EventFiringTaskExecuter.java:52)
[        ] 	at org.gradle.internal.operations.DefaultBuildOperationRunner$CallableBuildOperationWorker.execute(DefaultBuildOperationRunner.java:204)
[        ] 	at org.gradle.internal.operations.DefaultBuildOperationRunner$CallableBuildOperationWorker.execute(DefaultBuildOperationRunner.java:199)
[        ] 	at org.gradle.internal.operations.DefaultBuildOperationRunner$2.execute(DefaultBuildOperationRunner.java:66)
[        ] 	at org.gradle.internal.operations.DefaultBuildOperationRunner$2.execute(DefaultBuildOperationRunner.java:59)
[        ] 	at org.gradle.internal.operations.DefaultBuildOperationRunner.execute(DefaultBuildOperationRunner.java:157)
[        ] 	at org.gradle.internal.operations.DefaultBuildOperationRunner.execute(DefaultBuildOperationRunner.java:59)
[        ] 	at org.gradle.internal.operations.DefaultBuildOperationRunner.call(DefaultBuildOperationRunner.java:53)
[        ] 	at org.gradle.internal.operations.DefaultBuildOperationExecutor.call(DefaultBuildOperationExecutor.java:73)
[        ] 	at org.gradle.api.internal.tasks.execution.EventFiringTaskExecuter.execute(EventFiringTaskExecuter.java:52)
[        ] 	at org.gradle.execution.plan.LocalTaskNodeExecutor.execute(LocalTaskNodeExecutor.java:42)
[        ] 	at org.gradle.execution.taskgraph.DefaultTaskExecutionGraph$InvokeNodeExecutorsAction.execute(DefaultTaskExecutionGraph.java:331)
[        ] 	at org.gradle.execution.taskgraph.DefaultTaskExecutionGraph$InvokeNodeExecutorsAction.execute(DefaultTaskExecutionGraph.java:318)
[        ] 	at org.gradle.execution.taskgraph.DefaultTaskExecutionGraph$BuildOperationAwareExecutionAction.lambda$execute$0(DefaultTaskExecutionGraph.java:314)
[   +2 ms] 	at org.gradle.internal.operations.CurrentBuildOperationRef.with(CurrentBuildOperationRef.java:80)
[        ] 	at org.gradle.execution.taskgraph.DefaultTaskExecutionGraph$BuildOperationAwareExecutionAction.execute(DefaultTaskExecutionGraph.java:314)
[        ] 	at org.gradle.execution.taskgraph.DefaultTaskExecutionGraph$BuildOperationAwareExecutionAction.execute(DefaultTaskExecutionGraph.java:303)
[        ] 	at org.gradle.execution.plan.DefaultPlanExecutor$ExecutorWorker.execute(DefaultPlanExecutor.java:463)
[        ] 	at org.gradle.execution.plan.DefaultPlanExecutor$ExecutorWorker.run(DefaultPlanExecutor.java:380)
[        ] 	at org.gradle.internal.concurrent.ExecutorPolicy$CatchAndRecordFailures.onExecute(ExecutorPolicy.java:64)
[        ] 	at org.gradle.internal.concurrent.AbstractManagedExecutor$1.run(AbstractManagedExecutor.java:47)
[        ] 	at java.base/java.util.concurrent.ThreadPoolExecutor.runWorker(Unknown Source)
[        ] 	at java.base/java.util.concurrent.ThreadPoolExecutor$Worker.run(Unknown Source)
[        ] 	at java.base/java.lang.Thread.run(Unknown Source)
[   +2 ms] Caused by: org.gradle.api.internal.artifacts.transform.TransformException: Failed to transform core-for-system-modules.jar to match attributes {artifactType=_internal_android_jdk_image, org.gradle.libraryelements=jar, org.gradle.usage=java-runtime}.
[        ] 	at org.gradle.api.internal.artifacts.transform.TransformingAsyncArtifactListener$TransformedArtifact.lambda$visit$4(TransformingAsyncArtifactListener.java:243)
[        ] 	at org.gradle.internal.Try$Failure.ifSuccessfulOrElse(Try.java:282)
[        ] 	at org.gradle.api.internal.artifacts.transform.TransformingAsyncArtifactListener$TransformedArtifact.visit(TransformingAsyncArtifactListener.java:235)
[        ] 	at org.gradle.api.internal.artifacts.ivyservice.resolveengine.artifact.ParallelResolveArtifactSet$VisitingSet$StartVisitAction.visitResults(ParallelResolveArtifactSet.java:100)
[        ] 	at org.gradle.api.internal.artifacts.ivyservice.resolveengine.artifact.ParallelResolveArtifactSet$VisitingSet.visit(ParallelResolveArtifactSet.java:69)
[        ] 	at org.gradle.api.internal.artifacts.ivyservice.DefaultLenientConfiguration.visitArtifacts(DefaultLenientConfiguration.java:298)
[        ] 	at org.gradle.api.internal.artifacts.ivyservice.DefaultLenientConfiguration.access$600(DefaultLenientConfiguration.java:76)
[        ] 	at org.gradle.api.internal.artifacts.ivyservice.DefaultLenientConfiguration$3.run(DefaultLenientConfiguration.java:245)
[        ] 	at org.gradle.internal.operations.DefaultBuildOperationRunner$1.execute(DefaultBuildOperationRunner.java:29)
[        ] 	at org.gradle.internal.operations.DefaultBuildOperationRunner$1.execute(DefaultBuildOperationRunner.java:26)
[        ] 	at org.gradle.internal.operations.DefaultBuildOperationRunner$2.execute(DefaultBuildOperationRunner.java:66)
[   +1 ms] 	at org.gradle.internal.operations.DefaultBuildOperationRunner$2.execute(DefaultBuildOperationRunner.java:59)
[        ] 	at org.gradle.internal.operations.DefaultBuildOperationRunner.execute(DefaultBuildOperationRunner.java:157)
[        ] 	at org.gradle.internal.operations.DefaultBuildOperationRunner.execute(DefaultBuildOperationRunner.java:59)
[        ] 	at org.gradle.internal.operations.DefaultBuildOperationRunner.run(DefaultBuildOperationRunner.java:47)
[        ] 	at org.gradle.internal.operations.DefaultBuildOperationExecutor.run(DefaultBuildOperationExecutor.java:68)
[        ] 	at org.gradle.api.internal.artifacts.ivyservice.DefaultLenientConfiguration.visitArtifactsWithBuildOperation(DefaultLenientConfiguration.java:242)
[        ] 	at org.gradle.api.internal.artifacts.ivyservice.DefaultLenientConfiguration.access$300(DefaultLenientConfiguration.java:76)
[        ] 	at org.gradle.api.internal.artifacts.ivyservice.DefaultLenientConfiguration$2.lambda$visitArtifacts$0(DefaultLenientConfiguration.java:159)
[        ] 	at org.gradle.internal.work.DefaultWorkerLeaseService.runAsUnmanagedWorkerThread(DefaultWorkerLeaseService.java:140)
[        ] 	at org.gradle.api.internal.artifacts.ivyservice.DefaultLenientConfiguration$2.visitArtifacts(DefaultLenientConfiguration.java:159)
[        ] 	at org.gradle.api.internal.artifacts.ivyservice.resolveengine.artifact.SelectedArtifactSet.visitFiles(SelectedArtifactSet.java:34)
[        ] 	at org.gradle.api.internal.artifacts.configurations.ResolutionBackedFileCollection.visitContents(ResolutionBackedFileCollection.java:73)
[        ] 	at org.gradle.api.internal.file.AbstractFileCollection.getFiles(AbstractFileCollection.java:123)
[        ] 	at org.gradle.api.internal.file.AbstractFileCollection$FileCollectionElementsFactory.create(AbstractFileCollection.java:224)
[   +1 ms] 	at org.gradle.api.internal.file.AbstractFileCollection$FileCollectionElementsFactory.create(AbstractFileCollection.java:212)
[        ] 	at org.gradle.api.internal.provider.BuildableBackedProvider.calculateOwnValue(BuildableBackedProvider.java:81)
[        ] 	at org.gradle.api.internal.provider.AbstractMinimalProvider.calculateValue(AbstractMinimalProvider.java:115)
[        ] 	at org.gradle.api.internal.provider.TransformBackedProvider.calculateOwnValue(TransformBackedProvider.java:82)
[        ] 	at org.gradle.api.internal.provider.AbstractMinimalProvider.getOrNull(AbstractMinimalProvider.java:105)
[        ] 	at org.gradle.api.internal.provider.ProviderResolutionStrategy$1.resolve(ProviderResolutionStrategy.java:27)
[        ] 	at org.gradle.api.internal.file.collections.ProviderBackedFileCollection.visitChildren(ProviderBackedFileCollection.java:64)
[        ] 	at org.gradle.api.internal.file.CompositeFileCollection.visitContents(CompositeFileCollection.java:113)
[        ] 	at org.gradle.api.internal.file.AbstractFileCollection.visitStructure(AbstractFileCollection.java:359)
[        ] 	at org.gradle.api.internal.file.CompositeFileCollection.lambda$visitContents$0(CompositeFileCollection.java:113)
[        ] 	at org.gradle.api.internal.file.collections.UnpackingVisitor.add(UnpackingVisitor.java:77)
[        ] 	at org.gradle.api.internal.file.collections.UnpackingVisitor.add(UnpackingVisitor.java:92)
[        ] 	at org.gradle.api.internal.file.DefaultFileCollectionFactory$ResolvingFileCollection.visitChildren(DefaultFileCollectionFactory.java:285)
[        ] 	at org.gradle.api.internal.file.CompositeFileCollection.visitContents(CompositeFileCollection.java:113)
[        ] 	at org.gradle.api.internal.file.AbstractFileCollection.visitStructure(AbstractFileCollection.java:359)
[        ] 	at org.gradle.api.internal.file.CompositeFileCollection.lambda$visitContents$0(CompositeFileCollection.java:113)
[        ] 	at org.gradle.api.internal.tasks.PropertyFileCollection.visitChildren(PropertyFileCollection.java:48)
[        ] 	at org.gradle.api.internal.file.CompositeFileCollection.visitContents(CompositeFileCollection.java:113)
[        ] 	at org.gradle.api.internal.file.AbstractFileCollection.visitStructure(AbstractFileCollection.java:359)
[        ] 	at org.gradle.internal.fingerprint.impl.DefaultFileCollectionSnapshotter.snapshot(DefaultFileCollectionSnapshotter.java:47)
[        ] 	at org.gradle.internal.execution.impl.DefaultInputFingerprinter$InputCollectingVisitor.visitInputFileProperty(DefaultInputFingerprinter.java:133)
[        ] 	at org.gradle.api.internal.tasks.execution.TaskExecution.visitRegularInputs(TaskExecution.java:328)
[        ] 	at org.gradle.internal.execution.impl.DefaultInputFingerprinter.fingerprintInputProperties(DefaultInputFingerprinter.java:63)
[        ] 	at org.gradle.internal.execution.steps.CaptureStateBeforeExecutionStep.captureExecutionStateWithOutputs(CaptureStateBeforeExecutionStep.java:123)
[        ] 	at org.gradle.internal.execution.steps.CaptureStateBeforeExecutionStep.lambda$captureExecutionState$1(CaptureStateBeforeExecutionStep.java:82)
[        ] 	at org.gradle.internal.execution.steps.BuildOperationStep$1.call(BuildOperationStep.java:37)
[        ] 	at org.gradle.internal.operations.DefaultBuildOperationRunner$CallableBuildOperationWorker.execute(DefaultBuildOperationRunner.java:204)
[        ] 	at org.gradle.internal.operations.DefaultBuildOperationRunner$CallableBuildOperationWorker.execute(DefaultBuildOperationRunner.java:199)
[        ] 	at org.gradle.internal.operations.DefaultBuildOperationRunner$2.execute(DefaultBuildOperationRunner.java:66)
[        ] 	at org.gradle.internal.operations.DefaultBuildOperationRunner$2.execute(DefaultBuildOperationRunner.java:59)
[        ] 	at org.gradle.internal.operations.DefaultBuildOperationRunner.execute(DefaultBuildOperationRunner.java:157)
[        ] 	at org.gradle.internal.operations.DefaultBuildOperationRunner.execute(DefaultBuildOperationRunner.java:59)
[        ] 	at org.gradle.internal.operations.DefaultBuildOperationRunner.call(DefaultBuildOperationRunner.java:53)
[        ] 	at org.gradle.internal.operations.DefaultBuildOperationExecutor.call(DefaultBuildOperationExecutor.java:73)
[        ] 	at org.gradle.internal.execution.steps.BuildOperationStep.operation(BuildOperationStep.java:34)
[        ] 	at org.gradle.internal.execution.steps.CaptureStateBeforeExecutionStep.captureExecutionState(CaptureStateBeforeExecutionStep.java:76)
[        ] 	at org.gradle.internal.execution.steps.CaptureStateBeforeExecutionStep.lambda$execute$0(CaptureStateBeforeExecutionStep.java:70)
[        ] 	at java.base/java.util.Optional.map(Unknown Source)
[        ] 	at org.gradle.internal.execution.steps.CaptureStateBeforeExecutionStep.execute(CaptureStateBeforeExecutionStep.java:70)
[        ] 	at org.gradle.internal.execution.steps.CaptureStateBeforeExecutionStep.execute(CaptureStateBeforeExecutionStep.java:45)
[        ] 	at org.gradle.internal.execution.steps.SkipEmptyWorkStep.executeWithNonEmptySources(SkipEmptyWorkStep.java:177)
[        ] 	at org.gradle.internal.execution.steps.SkipEmptyWorkStep.execute(SkipEmptyWorkStep.java:86)
[        ] 	at org.gradle.internal.execution.steps.SkipEmptyWorkStep.execute(SkipEmptyWorkStep.java:53)
[        ] 	at org.gradle.internal.execution.steps.RemoveUntrackedExecutionStateStep.execute(RemoveUntrackedExecutionStateStep.java:32)
[        ] 	at org.gradle.internal.execution.steps.RemoveUntrackedExecutionStateStep.execute(RemoveUntrackedExecutionStateStep.java:21)
[        ] 	at org.gradle.internal.execution.steps.legacy.MarkSnapshottingInputsStartedStep.execute(MarkSnapshottingInputsStartedStep.java:38)
[        ] 	at org.gradle.internal.execution.steps.LoadPreviousExecutionStateStep.execute(LoadPreviousExecutionStateStep.java:36)
[        ] 	at org.gradle.internal.execution.steps.LoadPreviousExecutionStateStep.execute(LoadPreviousExecutionStateStep.java:23)
[   +1 ms] 	at org.gradle.internal.execution.steps.CleanupStaleOutputsStep.execute(CleanupStaleOutputsStep.java:75)
[        ] 	at org.gradle.internal.execution.steps.CleanupStaleOutputsStep.execute(CleanupStaleOutputsStep.java:41)
[        ] 	at org.gradle.internal.execution.steps.ExecuteWorkBuildOperationFiringStep.lambda$execute$2(ExecuteWorkBuildOperationFiringStep.java:66)
[        ] 	at java.base/java.util.Optional.orElseGet(Unknown Source)
[        ] 	at org.gradle.internal.execution.steps.ExecuteWorkBuildOperationFiringStep.execute(ExecuteWorkBuildOperationFiringStep.java:66)
[        ] 	at org.gradle.internal.execution.steps.ExecuteWorkBuildOperationFiringStep.execute(ExecuteWorkBuildOperationFiringStep.java:38)
[  +13 ms] 	at org.gradle.internal.execution.steps.AssignWorkspaceStep.lambda$execute$0(AssignWorkspaceStep.java:32)
[        ] 	at org.gradle.api.internal.tasks.execution.TaskExecution$4.withWorkspace(TaskExecution.java:293)
[        ] 	at org.gradle.internal.execution.steps.AssignWorkspaceStep.execute(AssignWorkspaceStep.java:30)
[        ] 	at org.gradle.internal.execution.steps.AssignWorkspaceStep.execute(AssignWorkspaceStep.java:21)
[        ] 	at org.gradle.internal.execution.steps.IdentityCacheStep.execute(IdentityCacheStep.java:37)
[        ] 	at org.gradle.internal.execution.steps.IdentityCacheStep.execute(IdentityCacheStep.java:27)
[        ] 	at org.gradle.internal.execution.steps.IdentifyStep.execute(IdentifyStep.java:47)
[   +1 ms] 	at org.gradle.internal.execution.steps.IdentifyStep.execute(IdentifyStep.java:34)
[        ] 	at org.gradle.internal.execution.impl.DefaultExecutionEngine$1.execute(DefaultExecutionEngine.java:64)
[        ] 	at org.gradle.api.internal.tasks.execution.ExecuteActionsTaskExecuter.executeIfValid(ExecuteActionsTaskExecuter.java:145)
[        ] 	at org.gradle.api.internal.tasks.execution.ExecuteActionsTaskExecuter.execute(ExecuteActionsTaskExecuter.java:134)
[        ] 	at org.gradle.api.internal.tasks.execution.FinalizePropertiesTaskExecuter.execute(FinalizePropertiesTaskExecuter.java:46)
[        ] 	at org.gradle.api.internal.tasks.execution.ResolveTaskExecutionModeExecuter.execute(ResolveTaskExecutionModeExecuter.java:51)
[        ] 	at org.gradle.api.internal.tasks.execution.SkipTaskWithNoActionsExecuter.execute(SkipTaskWithNoActionsExecuter.java:57)
[        ] 	at org.gradle.api.internal.tasks.execution.SkipOnlyIfTaskExecuter.execute(SkipOnlyIfTaskExecuter.java:74)
[        ] 	at org.gradle.api.internal.tasks.execution.CatchExceptionTaskExecuter.execute(CatchExceptionTaskExecuter.java:36)
[        ] 	at org.gradle.api.internal.tasks.execution.EventFiringTaskExecuter$1.executeTask(EventFiringTaskExecuter.java:77)
[        ] 	at org.gradle.api.internal.tasks.execution.EventFiringTaskExecuter$1.call(EventFiringTaskExecuter.java:55)
[        ] 	at org.gradle.api.internal.tasks.execution.EventFiringTaskExecuter$1.call(EventFiringTaskExecuter.java:52)
[        ] 	at org.gradle.internal.operations.DefaultBuildOperationRunner$CallableBuildOperationWorker.execute(DefaultBuildOperationRunner.java:204)
[        ] 	at org.gradle.internal.operations.DefaultBuildOperationRunner$CallableBuildOperationWorker.execute(DefaultBuildOperationRunner.java:199)
[        ] 	at org.gradle.internal.operations.DefaultBuildOperationRunner$2.execute(DefaultBuildOperationRunner.java:66)
[  +11 ms] 	at org.gradle.internal.operations.DefaultBuildOperationRunner$2.execute(DefaultBuildOperationRunner.java:59)
[        ] 	at org.gradle.internal.operations.DefaultBuildOperationRunner.execute(DefaultBuildOperationRunner.java:157)
[        ] 	at org.gradle.internal.operations.DefaultBuildOperationRunner.execute(DefaultBuildOperationRunner.java:59)
[ +163 ms] 	at org.gradle.internal.operations.DefaultBuildOperationRunner.call(DefaultBuildOperationRunner.java:53)
[        ] 	at org.gradle.internal.operations.DefaultBuildOperationExecutor.call(DefaultBuildOperationExecutor.java:73)
[        ] 	at org.gradle.api.internal.tasks.execution.EventFiringTaskExecuter.execute(EventFiringTaskExecuter.java:52)
[        ] 	at org.gradle.execution.plan.LocalTaskNodeExecutor.execute(LocalTaskNodeExecutor.java:42)
[        ] 	at org.gradle.execution.taskgraph.DefaultTaskExecutionGraph$InvokeNodeExecutorsAction.execute(DefaultTaskExecutionGraph.java:331)
[        ] 	at org.gradle.execution.taskgraph.DefaultTaskExecutionGraph$InvokeNodeExecutorsAction.execute(DefaultTaskExecutionGraph.java:318)
[        ] 	at org.gradle.execution.taskgraph.DefaultTaskExecutionGraph$BuildOperationAwareExecutionAction.lambda$execute$0(DefaultTaskExecutionGraph.java:314)
[        ] 	at org.gradle.internal.operations.CurrentBuildOperationRef.with(CurrentBuildOperationRef.java:80)
[        ] 	at org.gradle.execution.taskgraph.DefaultTaskExecutionGraph$BuildOperationAwareExecutionAction.execute(DefaultTaskExecutionGraph.java:314)
[        ] 	at org.gradle.execution.taskgraph.DefaultTaskExecutionGraph$BuildOperationAwareExecutionAction.execute(DefaultTaskExecutionGraph.java:303)
[        ] 	at org.gradle.execution.plan.DefaultPlanExecutor$ExecutorWorker.execute(DefaultPlanExecutor.java:463)
[        ] 	at org.gradle.execution.plan.DefaultPlanExecutor$ExecutorWorker.run(DefaultPlanExecutor.java:380)
[        ] 	at org.gradle.internal.concurrent.ExecutorPolicy$CatchAndRecordFailures.onExecute(ExecutorPolicy.java:64)
[        ] 	at org.gradle.internal.concurrent.AbstractManagedExecutor$1.run(AbstractManagedExecutor.java:47)
[        ] 	at java.base/java.util.concurrent.ThreadPoolExecutor.runWorker(Unknown Source)
[        ] 	at java.base/java.util.concurrent.ThreadPoolExecutor$Worker.run(Unknown Source)
[        ] 	at java.base/java.lang.Thread.run(Unknown Source)
[  +38 ms] Caused by: org.gradle.api.internal.artifacts.transform.TransformException: Execution failed for JdkImageTransform: C:\Users\USER\AppData\Local\Android\sdk\platforms\android-34\core-for-system-modules.jar.
[        ] 	at org.gradle.api.internal.artifacts.transform.DefaultTransformInvocationFactory.lambda$createInvocation$1(DefaultTransformInvocationFactory.java:116)
[        ] 	at org.gradle.internal.Try$Failure.mapFailure(Try.java:273)
[        ] 	at org.gradle.api.internal.artifacts.transform.DefaultTransformInvocationFactory.lambda$createInvocation$2(DefaultTransformInvocationFactory.java:116)
[        ] 	at org.gradle.internal.Deferrable$1.applyAndRequireNonNull(Deferrable.java:63)
[        ] 	at org.gradle.internal.Deferrable$1.completeAndGet(Deferrable.java:59)
[        ] 	at org.gradle.internal.Deferrable$1.completeAndGet(Deferrable.java:59)
[        ] 	at org.gradle.api.internal.artifacts.transform.TransformingAsyncArtifactListener$TransformedArtifact.finalizeValue(TransformingAsyncArtifactListener.java:209)
[        ] 	at org.gradle.api.internal.artifacts.transform.TransformingAsyncArtifactListener$TransformedArtifact.run(TransformingAsyncArtifactListener.java:147)
[        ] 	at org.gradle.internal.operations.DefaultBuildOperationRunner$2.execute(DefaultBuildOperationRunner.java:66)
[        ] 	at org.gradle.internal.operations.DefaultBuildOperationRunner$2.execute(DefaultBuildOperationRunner.java:59)
[        ] 	at org.gradle.internal.operations.DefaultBuildOperationRunner.execute(DefaultBuildOperationRunner.java:157)
[        ] 	at org.gradle.internal.operations.DefaultBuildOperationRunner.execute(DefaultBuildOperationRunner.java:59)
[        ] 	at org.gradle.internal.operations.DefaultBuildOperationExecutor$QueueWorker.execute(DefaultBuildOperationExecutor.java:238)
[        ] 	at org.gradle.internal.operations.DefaultBuildOperationQueue$WorkerRunnable.runOperation(DefaultBuildOperationQueue.java:272)
[        ] 	at org.gradle.internal.operations.DefaultBuildOperationQueue$WorkerRunnable.doRunBatch(DefaultBuildOperationQueue.java:253)
[        ] 	at org.gradle.internal.operations.DefaultBuildOperationQueue$WorkerRunnable.lambda$runBatch$0(DefaultBuildOperationQueue.java:238)
[        ] 	at org.gradle.internal.resources.AbstractResourceLockRegistry.whileDisallowingLockChanges(AbstractResourceLockRegistry.java:50)
[        ] 	at org.gradle.internal.work.DefaultWorkerLeaseService.whileDisallowingProjectLockChanges(DefaultWorkerLeaseService.java:236)
[        ] 	at org.gradle.internal.operations.DefaultBuildOperationQueue$WorkerRunnable.lambda$runBatch$1(DefaultBuildOperationQueue.java:238)
[        ] 	at org.gradle.internal.work.DefaultWorkerLeaseService.runAsWorkerThread(DefaultWorkerLeaseService.java:126)
[        ] 	at org.gradle.internal.operations.DefaultBuildOperationQueue$WorkerRunnable.runBatch(DefaultBuildOperationQueue.java:224)
[        ] 	at org.gradle.internal.operations.DefaultBuildOperationQueue$WorkerRunnable.run(DefaultBuildOperationQueue.java:192)
[        ] 	at org.gradle.internal.operations.DefaultBuildOperationQueue.waitForCompletion(DefaultBuildOperationQueue.java:105)
[        ] 	at org.gradle.internal.operations.DefaultBuildOperationExecutor.executeInParallel(DefaultBuildOperationExecutor.java:143)
[        ] 	at org.gradle.internal.operations.DefaultBuildOperationExecutor.runAll(DefaultBuildOperationExecutor.java:102)
[        ] 	at org.gradle.api.internal.artifacts.ivyservice.resolveengine.artifact.ParallelResolveArtifactSet$VisitingSet.visit(ParallelResolveArtifactSet.java:66)
[        ] 	... 116 more
[   +2 ms] Caused by: org.gradle.internal.operations.BuildOperationInvocationException: Error while executing process C:\Program Files\Android\Android Studio\jbr\bin\jlink.exe with arguments {--module-path C:\Users\USER\.gradle\caches\transforms-3\28ff5db10bf282c357d419f4ef59949e\transformed\output\temp\jmod --add-modules java.base --output C:\Users\USER\.gradle\caches\transforms-3\28ff5db10bf282c357d419f4ef59949e\transformed\output\jdkImage --disable-plugin system-modules}
[        ] 	at org.gradle.internal.operations.DefaultBuildOperationRunner.throwAsBuildOperationInvocationException(DefaultBuildOperationRunner.java:192)
[        ] 	at org.gradle.internal.operations.DefaultBuildOperationRunner.access$100(DefaultBuildOperationRunner.java:24)
[        ] 	at org.gradle.internal.operations.DefaultBuildOperationRunner$2.execute(DefaultBuildOperationRunner.java:75)
[        ] 	at org.gradle.internal.operations.DefaultBuildOperationRunner$2.execute(DefaultBuildOperationRunner.java:59)
[        ] 	at org.gradle.internal.operations.DefaultBuildOperationRunner.execute(DefaultBuildOperationRunner.java:157)
[        ] 	at org.gradle.internal.operations.DefaultBuildOperationRunner.execute(DefaultBuildOperationRunner.java:59)
[        ] 	at org.gradle.internal.operations.DefaultBuildOperationRunner.call(DefaultBuildOperationRunner.java:53)
[        ] 	at org.gradle.internal.operations.DefaultBuildOperationExecutor.call(DefaultBuildOperationExecutor.java:73)
[  +34 ms] 	at org.gradle.api.internal.artifacts.transform.AbstractTransformExecution.executeWithinTransformerListener(AbstractTransformExecution.java:132)
[        ] 	at org.gradle.api.internal.artifacts.transform.AbstractTransformExecution.execute(AbstractTransformExecution.java:125)
[        ] 	at org.gradle.internal.execution.steps.ExecuteStep.executeInternal(ExecuteStep.java:105)
[        ] 	at org.gradle.internal.execution.steps.ExecuteStep.access$000(ExecuteStep.java:44)
[        ] 	at org.gradle.internal.execution.steps.ExecuteStep$1.call(ExecuteStep.java:59)
[        ] 	at org.gradle.internal.execution.steps.ExecuteStep$1.call(ExecuteStep.java:56)
[        ] 	at org.gradle.internal.operations.DefaultBuildOperationRunner$CallableBuildOperationWorker.execute(DefaultBuildOperationRunner.java:204)
[        ] 	at org.gradle.internal.operations.DefaultBuildOperationRunner$CallableBuildOperationWorker.execute(DefaultBuildOperationRunner.java:199)
[        ] 	at org.gradle.internal.operations.DefaultBuildOperationRunner$2.execute(DefaultBuildOperationRunner.java:66)
[        ] 	at org.gradle.internal.operations.DefaultBuildOperationRunner$2.execute(DefaultBuildOperationRunner.java:59)
[   +6 ms] 	at org.gradle.internal.operations.DefaultBuildOperationRunner.execute(DefaultBuildOperationRunner.java:157)
[        ] 	at org.gradle.internal.operations.DefaultBuildOperationRunner.execute(DefaultBuildOperationRunner.java:59)
[        ] 	at org.gradle.internal.operations.DefaultBuildOperationRunner.call(DefaultBuildOperationRunner.java:53)
[        ] 	at org.gradle.internal.operations.DefaultBuildOperationExecutor.call(DefaultBuildOperationExecutor.java:73)
[        ] 	at org.gradle.internal.execution.steps.ExecuteStep.execute(ExecuteStep.java:56)
[        ] 	at org.gradle.internal.execution.steps.ExecuteStep.execute(ExecuteStep.java:44)
[        ] 	at org.gradle.internal.execution.steps.RemovePreviousOutputsStep.execute(RemovePreviousOutputsStep.java:67)
[        ] 	at org.gradle.internal.execution.steps.RemovePreviousOutputsStep.execute(RemovePreviousOutputsStep.java:37)
[        ] 	at org.gradle.internal.execution.steps.CancelExecutionStep.execute(CancelExecutionStep.java:41)
[        ] 	at org.gradle.internal.execution.steps.TimeoutStep.executeWithoutTimeout(TimeoutStep.java:74)
[        ] 	at org.gradle.internal.execution.steps.TimeoutStep.execute(TimeoutStep.java:55)
[   +1 ms] 	at org.gradle.internal.execution.steps.CreateOutputsStep.execute(CreateOutputsStep.java:50)
[        ] 	at org.gradle.internal.execution.steps.CreateOutputsStep.execute(CreateOutputsStep.java:28)
[        ] 	at org.gradle.internal.execution.steps.CaptureStateAfterExecutionStep.executeDelegateBroadcastingChanges(CaptureStateAfterExecutionStep.java:100)
[        ] 	at org.gradle.internal.execution.steps.CaptureStateAfterExecutionStep.execute(CaptureStateAfterExecutionStep.java:72)
[        ] 	at org.gradle.internal.execution.steps.CaptureStateAfterExecutionStep.execute(CaptureStateAfterExecutionStep.java:50)
[        ] 	at org.gradle.internal.execution.steps.ResolveInputChangesStep.execute(ResolveInputChangesStep.java:40)
[        ] 	at org.gradle.internal.execution.steps.ResolveInputChangesStep.execute(ResolveInputChangesStep.java:29)
[        ] 	at org.gradle.internal.execution.steps.BuildCacheStep.executeWithoutCache(BuildCacheStep.java:179)
[        ] 	at org.gradle.internal.execution.steps.BuildCacheStep.lambda$execute$1(BuildCacheStep.java:70)
[        ] 	at org.gradle.internal.Either$Right.fold(Either.java:175)
[   +4 ms] 	at org.gradle.internal.execution.caching.CachingState.fold(CachingState.java:59)
[        ] 	at org.gradle.internal.execution.steps.BuildCacheStep.execute(BuildCacheStep.java:68)
[        ] 	at org.gradle.internal.execution.steps.BuildCacheStep.execute(BuildCacheStep.java:46)
[        ] 	at org.gradle.internal.execution.steps.StoreExecutionStateStep.execute(StoreExecutionStateStep.java:36)
[        ] 	at org.gradle.internal.execution.steps.StoreExecutionStateStep.execute(StoreExecutionStateStep.java:25)
[   +2 ms] 	at org.gradle.internal.execution.steps.RecordOutputsStep.execute(RecordOutputsStep.java:36)
[        ] 	at org.gradle.internal.execution.steps.RecordOutputsStep.execute(RecordOutputsStep.java:22)
[        ] 	at org.gradle.internal.execution.steps.SkipUpToDateStep.executeBecause(SkipUpToDateStep.java:91)
[        ] 	at org.gradle.internal.execution.steps.SkipUpToDateStep.lambda$execute$2(SkipUpToDateStep.java:55)
[        ] 	at java.base/java.util.Optional.orElseGet(Unknown Source)
[        ] 	at org.gradle.internal.execution.steps.SkipUpToDateStep.execute(SkipUpToDateStep.java:55)
[        ] 	at org.gradle.internal.execution.steps.SkipUpToDateStep.execute(SkipUpToDateStep.java:37)
[        ] 	at org.gradle.internal.execution.steps.ResolveChangesStep.execute(ResolveChangesStep.java:65)
[        ] 	at org.gradle.internal.execution.steps.ResolveChangesStep.execute(ResolveChangesStep.java:36)
[        ] 	at org.gradle.internal.execution.steps.legacy.MarkSnapshottingInputsFinishedStep.execute(MarkSnapshottingInputsFinishedStep.java:37)
[        ] 	at org.gradle.internal.execution.steps.legacy.MarkSnapshottingInputsFinishedStep.execute(MarkSnapshottingInputsFinishedStep.java:27)
[        ] 	at org.gradle.internal.execution.steps.ResolveCachingStateStep.execute(ResolveCachingStateStep.java:76)
[        ] 	at org.gradle.internal.execution.steps.ResolveCachingStateStep.execute(ResolveCachingStateStep.java:37)
[        ] 	at org.gradle.internal.execution.steps.ValidateStep.execute(ValidateStep.java:108)
[        ] 	at org.gradle.internal.execution.steps.ValidateStep.execute(ValidateStep.java:55)
[        ] 	at org.gradle.internal.execution.steps.CaptureStateBeforeExecutionStep.execute(CaptureStateBeforeExecutionStep.java:71)
[        ] 	at org.gradle.internal.execution.steps.CaptureStateBeforeExecutionStep.execute(CaptureStateBeforeExecutionStep.java:45)
[        ] 	at org.gradle.internal.execution.steps.SkipEmptyWorkStep.executeWithNonEmptySources(SkipEmptyWorkStep.java:177)
[        ] 	at org.gradle.internal.execution.steps.SkipEmptyWorkStep.execute(SkipEmptyWorkStep.java:81)
[        ] 	at org.gradle.internal.execution.steps.SkipEmptyWorkStep.execute(SkipEmptyWorkStep.java:53)
[        ] 	at org.gradle.internal.execution.steps.RemoveUntrackedExecutionStateStep.execute(RemoveUntrackedExecutionStateStep.java:32)
[        ] 	at org.gradle.internal.execution.steps.RemoveUntrackedExecutionStateStep.execute(RemoveUntrackedExecutionStateStep.java:21)
[        ] 	at org.gradle.internal.execution.steps.legacy.MarkSnapshottingInputsStartedStep.execute(MarkSnapshottingInputsStartedStep.java:38)
[        ] 	at org.gradle.internal.execution.steps.LoadPreviousExecutionStateStep.execute(LoadPreviousExecutionStateStep.java:36)
[        ] 	at org.gradle.internal.execution.steps.LoadPreviousExecutionStateStep.execute(LoadPreviousExecutionStateStep.java:23)
[        ] 	at org.gradle.internal.execution.steps.CleanupStaleOutputsStep.execute(CleanupStaleOutputsStep.java:75)
[        ] 	at org.gradle.internal.execution.steps.CleanupStaleOutputsStep.execute(CleanupStaleOutputsStep.java:41)
[        ] 	at org.gradle.internal.execution.steps.ExecuteWorkBuildOperationFiringStep.lambda$execute$0(ExecuteWorkBuildOperationFiringStep.java:52)
[        ] 	at org.gradle.internal.execution.steps.BuildOperationStep$1.call(BuildOperationStep.java:37)
[        ] 	at org.gradle.internal.operations.DefaultBuildOperationRunner$CallableBuildOperationWorker.execute(DefaultBuildOperationRunner.java:204)
[        ] 	at org.gradle.internal.operations.DefaultBuildOperationRunner$CallableBuildOperationWorker.execute(DefaultBuildOperationRunner.java:199)
[        ] 	at org.gradle.internal.operations.DefaultBuildOperationRunner$2.execute(DefaultBuildOperationRunner.java:66)
[        ] 	at org.gradle.internal.operations.DefaultBuildOperationRunner$2.execute(DefaultBuildOperationRunner.java:59)
[        ] 	at org.gradle.internal.operations.DefaultBuildOperationRunner.execute(DefaultBuildOperationRunner.java:157)
[        ] 	at org.gradle.internal.operations.DefaultBuildOperationRunner.execute(DefaultBuildOperationRunner.java:59)
[   +2 ms] 	at org.gradle.internal.operations.DefaultBuildOperationRunner.call(DefaultBuildOperationRunner.java:53)
[        ] 	at org.gradle.internal.operations.DefaultBuildOperationExecutor.call(DefaultBuildOperationExecutor.java:73)
[        ] 	at org.gradle.internal.execution.steps.BuildOperationStep.operation(BuildOperationStep.java:34)
[        ] 	at org.gradle.internal.execution.steps.ExecuteWorkBuildOperationFiringStep.lambda$execute$1(ExecuteWorkBuildOperationFiringStep.java:50)
[        ] 	at java.base/java.util.Optional.map(Unknown Source)
[        ] 	at org.gradle.internal.execution.steps.ExecuteWorkBuildOperationFiringStep.execute(ExecuteWorkBuildOperationFiringStep.java:50)
[        ] 	at org.gradle.internal.execution.steps.ExecuteWorkBuildOperationFiringStep.execute(ExecuteWorkBuildOperationFiringStep.java:38)
[        ] 	at org.gradle.internal.execution.steps.AssignWorkspaceStep.lambda$execute$0(AssignWorkspaceStep.java:32)
[        ] 	at org.gradle.internal.execution.workspace.impl.DefaultImmutableWorkspaceProvider.lambda$withWorkspace$3(DefaultImmutableWorkspaceProvider.java:140)
[        ] 	at org.gradle.cache.internal.LockOnDemandCrossProcessCacheAccess.withFileLock(LockOnDemandCrossProcessCacheAccess.java:90)
[        ] 	at org.gradle.cache.internal.DefaultCacheCoordinator.withFileLock(DefaultCacheCoordinator.java:219)
[        ] 	at org.gradle.cache.internal.DefaultPersistentDirectoryStore.withFileLock(DefaultPersistentDirectoryStore.java:179)
[        ] 	at org.gradle.cache.internal.DefaultCacheFactory$ReferenceTrackingCache.withFileLock(DefaultCacheFactory.java:214)
[        ] 	at org.gradle.internal.execution.workspace.impl.DefaultImmutableWorkspaceProvider.withWorkspace(DefaultImmutableWorkspaceProvider.java:137)
[        ] 	at org.gradle.internal.execution.steps.AssignWorkspaceStep.execute(AssignWorkspaceStep.java:30)
[        ] 	at org.gradle.internal.execution.steps.AssignWorkspaceStep.execute(AssignWorkspaceStep.java:21)
[        ] 	at org.gradle.internal.execution.steps.IdentityCacheStep.execute(IdentityCacheStep.java:37)
[        ] 	at org.gradle.internal.execution.steps.IdentityCacheStep.lambda$executeDeferred$0(IdentityCacheStep.java:49)
[        ] 	at org.gradle.cache.Cache.lambda$get$0(Cache.java:31)
[        ] 	at java.base/java.util.concurrent.ConcurrentHashMap.computeIfAbsent(Unknown Source)
[        ] 	at org.gradle.cache.ManualEvictionInMemoryCache.get(ManualEvictionInMemoryCache.java:30)
[        ] 	at org.gradle.cache.internal.DefaultCrossBuildInMemoryCacheFactory$CrossBuildCacheRetainingDataFromPreviousBuild.get(DefaultCrossBuildInMemoryCacheFactory.java:255)
[        ] 	at org.gradle.cache.Cache.get(Cache.java:31)
[        ] 	at org.gradle.internal.execution.steps.IdentityCacheStep.lambda$executeDeferred$1(IdentityCacheStep.java:47)
[        ] 	at org.gradle.internal.Deferrable$3.completeAndGet(Deferrable.java:117)
[        ] 	... 138 more
[        ] Caused by: com.android.ide.common.process.ProcessException: Error while executing process C:\Program Files\Android\Android Studio\jbr\bin\jlink.exe with arguments {--module-path C:\Users\USER\.gradle\caches\transforms-3\28ff5db10bf282c357d419f4ef59949e\transformed\output\temp\jmod --add-modules java.base --output C:\Users\USER\.gradle\caches\transforms-3\28ff5db10bf282c357d419f4ef59949e\transformed\output\jdkImage --disable-plugin system-modules}
[        ] 	at com.android.build.gradle.internal.process.GradleProcessResult.buildProcessException(GradleProcessResult.java:73)
[        ] 	at com.android.build.gradle.internal.process.GradleProcessResult.assertNormalExitValue(GradleProcessResult.java:48)
[        ] 	at com.android.build.gradle.internal.dependency.JdkTools.linkJmodsIntoJdkImage(JdkImageTransformDelegate.kt:253)
[        ] 	at com.android.build.gradle.internal.dependency.JdkImageTransformDelegate.run(JdkImageTransformDelegate.kt:61)
[        ] 	at com.android.build.gradle.internal.dependency.JdkImageTransform.transform(JdkImageTransform.kt:81)
[        ] 	at org.gradle.api.internal.artifacts.transform.DefaultTransform.transform(DefaultTransform.java:279)
[        ] 	at org.gradle.api.internal.artifacts.transform.AbstractTransformExecution$2.call(AbstractTransformExecution.java:138)
[        ] 	at org.gradle.api.internal.artifacts.transform.AbstractTransformExecution$2.call(AbstractTransformExecution.java:132)
[        ] 	at org.gradle.internal.operations.DefaultBuildOperationRunner$CallableBuildOperationWorker.execute(DefaultBuildOperationRunner.java:204)
[        ] 	at org.gradle.internal.operations.DefaultBuildOperationRunner$CallableBuildOperationWorker.execute(DefaultBuildOperationRunner.java:199)
[        ] 	at org.gradle.internal.operations.DefaultBuildOperationRunner$2.execute(DefaultBuildOperationRunner.java:66)
[        ] 	... 239 more
[        ] Caused by: org.gradle.process.internal.ExecException: Process 'command 'C:\Program Files\Android\Android Studio\jbr\bin\jlink.exe'' finished with non-zero exit value 1
[        ] 	at org.gradle.process.internal.DefaultExecHandle$ExecResultImpl.assertNormalExitValue(DefaultExecHandle.java:431)
[        ] 	at com.android.build.gradle.internal.process.GradleProcessResult.assertNormalExitValue(GradleProcessResult.java:46)
[        ] 	... 248 more
[        ] BUILD FAILED in 3m 37s
[        ] 31 actionable tasks: 31 executed
[        ] Watched directory hierarchies: [C:\FlutterVersions\flutter\packages\flutter_tools\gradle]
[+1473 ms] Running Gradle task 'assembleRelease'... (completed in 219.8s)
[  +88 ms] 
            Flutter Fix 
            [!] This is likely due to a known bug in Android Gradle Plugin (AGP) versions less than 8.2.1,   
            when                                                                                             
              1. setting a value for SourceCompatibility and                                                 
              2. using Java 21 or above.                                                                     
            To fix this error, please upgrade your AGP version to at least 8.2.1. The version of AGP that    
            your project uses is likely defined in:                                                          
            C:\Users\USER\Desktop\giga\flota_mobile\android\settings.gradle.kts,                             
            in the 'plugins' closure (by the number following "com.android.application").                    
             Alternatively, if your project was created with an older version of the templates, it is likely 
            in the buildscript.dependencies closure of the top-level build.gradle:                           
            C:\Users\USER\Desktop\giga\flota_mobile\android\build.gradle.kts,                                
            as the number following "com.android.tools.build:gradle:".                                       
                                                                                                             
            For more information, see:                                                                       
            https://issuetracker.google.com/issues/294137077                                                 
            https://github.com/flutter/flutter/issues/156304                                                 
           

[ +102 ms] "flutter apk" took 222,045ms.
[ +524 ms] Gradle task assembleRelease failed with exit code 1
[   +1 ms] 
           #0      throwToolExit (package:flutter_tools/src/base/common.dart:34:3)
           #1      AndroidGradleBuilder.buildGradleApp (package:flutter_tools/src/android/gradle.dart:592:7)
           <asynchronous suspension>
           #2      AndroidGradleBuilder.buildApk (package:flutter_tools/src/android/gradle.dart:234:5)
           <asynchronous suspension>
           #3      BuildApkCommand.runCommand (package:flutter_tools/src/commands/build_apk.dart:131:5)
           <asynchronous suspension>
           #4      FlutterCommand.run.<anonymous closure> (package:flutter_tools/src/runner/flutter_command.dart:1559:27)
           <asynchronous suspension>
           #5      AppContext.run.<anonymous closure> (package:flutter_tools/src/base/context.dart:154:19)
           <asynchronous suspension>
           #6      CommandRunner.runCommand (package:args/command_runner.dart:212:13)
           <asynchronous suspension>
           #7      FlutterCommandRunner.runCommand.<anonymous closure> (package:flutter_tools/src/runner/flutter_command_runner.dart:487:9)
           <asynchronous suspension>
           #8      AppContext.run.<anonymous closure> (package:flutter_tools/src/base/context.dart:154:19)
           <asynchronous suspension>
           #9      FlutterCommandRunner.runCommand (package:flutter_tools/src/runner/flutter_command_runner.dart:422:5)
           <asynchronous suspension>
           #10     run.<anonymous closure>.<anonymous closure> (package:flutter_tools/runner.dart:104:11)
           <asynchronous suspension>
           #11     AppContext.run.<anonymous closure> (package:flutter_tools/src/base/context.dart:154:19)
           <asynchronous suspension>
           #12     main (package:flutter_tools/executable.dart:103:3)
           <asynchronous suspension>


[   +1 ms] Running 1 shutdown hook
[   +8 ms] Shutdown hooks complete
[ +284 ms] exiting with code 1
