Resolving dependencies...
Downloading packages...
  _fe_analyzer_shared 91.0.0 (93.0.0 available)
  _flutterfire_internals 1.3.59 (1.3.66 available)
  analyzer 8.4.1 (10.0.1 available)
  characters 1.4.0 (1.4.1 available)
  cloud_firestore 5.6.12 (6.1.2 available)
  cloud_firestore_platform_interface 6.6.12 (7.0.6 available)
  cloud_firestore_web 4.4.12 (5.1.2 available)
  code_assets 0.19.10 (1.0.0 available)
  firebase_auth 5.7.0 (6.1.4 available)
  firebase_auth_platform_interface 7.7.3 (8.1.6 available)
  firebase_auth_web 5.15.3 (6.1.2 available)
  firebase_core 3.15.2 (4.4.0 available)
  firebase_core_web 2.24.1 (3.4.0 available)
  firebase_messaging 15.2.10 (16.1.1 available)
  firebase_messaging_platform_interface 4.6.10 (4.7.6 available)
  firebase_messaging_web 3.10.10 (4.1.2 available)
  flutter_local_notifications 18.0.1 (19.5.0 available)
  flutter_local_notifications_linux 5.0.0 (6.0.0 available)
  flutter_local_notifications_platform_interface 8.0.0 (9.1.0 available)
  geocoding_platform_interface 3.2.0 (5.0.0 available)
  hooks 0.20.5 (1.0.0 available)
  http 0.13.6 (1.6.0 available)
  http_interceptor 1.0.2 (2.0.0 available)
  matcher 0.12.17 (0.12.18 available)
  material_color_utilities 0.11.1 (0.13.0 available)
  meta 1.17.0 (1.18.0 available)
  native_toolchain_c 0.17.2 (0.17.4 available)
  test 1.26.3 (1.29.0 available)
  test_api 0.7.7 (0.7.9 available)
  test_core 0.6.12 (0.6.15 available)
  timezone 0.9.4 (0.11.0 available)
Got dependencies!
31 packages have newer versions incompatible with dependency constraints.
Try `flutter pub outdated` for more information.
Running Gradle task 'assembleRelease'...                        

FAILURE: Build failed with an exception.

* What went wrong:
Could not resolve all files for configuration 'classpath'.
> Could not download gradle-8.7.3.jar (com.android.tools.build:gradle:8.7.3)
   > Could not get resource 'https://dl.google.com/dl/android/maven2/com/android/tools/build/gradle/8.7.3/gradle-8.7.3.jar'.
      > Could not GET 'https://dl.google.com/dl/android/maven2/com/android/tools/build/gradle/8.7.3/gradle-8.7.3.jar'.
         > Got socket exception during request. It might be caused by SSL misconfiguration
            > Network is unreachable: getsockopt
> Could not download builder-8.7.3.jar (com.android.tools.build:builder:8.7.3)
   > Could not get resource 'https://dl.google.com/dl/android/maven2/com/android/tools/build/builder/8.7.3/builder-8.7.3.jar'.
      > Connection reset
> Could not download protos-31.7.3.jar (com.android.tools.analytics-library:protos:31.7.3)
   > Could not get resource 'https://dl.google.com/dl/android/maven2/com/android/tools/analytics-library/protos/31.7.3/protos-31.7.3.jar'.
      > Could not GET 'https://dl.google.com/dl/android/maven2/com/android/tools/analytics-library/protos/31.7.3/protos-31.7.3.jar'.
         > No such host is known (dl.google.com)

* Try:
> Run with --stacktrace option to get the stack trace.
> Run with --info or --debug option to get more log output.
> Run with --scan to get full insights.
> Get more help at https://help.gradle.org.

BUILD FAILED in 6m 8s
Running Gradle task 'assembleRelease'...                          369.9s
[!] Gradle threw an error while downloading artifacts from the network.
Retrying Gradle Build: #1, wait time: 100ms
Running Gradle task 'assembleRelease'...                        

FAILURE: Build failed with an exception.

* What went wrong:
Could not resolve all files for configuration 'classpath'.
> Could not download gradle-8.7.3.jar (com.android.tools.build:gradle:8.7.3)
   > Could not get resource 'https://dl.google.com/dl/android/maven2/com/android/tools/build/gradle/8.7.3/gradle-8.7.3.jar'.
      > Could not GET 'https://dl.google.com/dl/android/maven2/com/android/tools/build/gradle/8.7.3/gradle-8.7.3.jar'.
         > dl.google.com
> Could not download builder-8.7.3.jar (com.android.tools.build:builder:8.7.3)
   > Could not get resource 'https://dl.google.com/dl/android/maven2/com/android/tools/build/builder/8.7.3/builder-8.7.3.jar'.
      > Could not GET 'https://dl.google.com/dl/android/maven2/com/android/tools/build/builder/8.7.3/builder-8.7.3.jar'.
         > dl.google.com
> Could not download protos-31.7.3.jar (com.android.tools.analytics-library:protos:31.7.3)
   > Could not get resource 'https://dl.google.com/dl/android/maven2/com/android/tools/analytics-library/protos/31.7.3/protos-31.7.3.jar'.
      > Could not GET 'https://dl.google.com/dl/android/maven2/com/android/tools/analytics-library/protos/31.7.3/protos-31.7.3.jar'.
         > dl.google.com

* Try:
> Run with --stacktrace option to get the stack trace.
> Run with --info or --debug option to get more log output.
> Run with --scan to get full insights.
> Get more help at https://help.gradle.org.

BUILD FAILED in 7s
Running Gradle task 'assembleRelease'...                            8.4s
[!] Gradle threw an error while downloading artifacts from the network.
Gradle task assembleRelease failed with exit code 1
