Running Gradle task 'assembleRelease'...                        
Warning: Flutter support for your project's Gradle version (8.5.0) will soon be dropped. Please upgrade your Gradle version to a version of at least 8.7.0 soon.
Alternatively, use the flag "--android-skip-build-dependency-validation" to bypass this check.

Potential fix: Your project's gradle version is typically defined in the gradle wrapper file. By default, this can be found at C:\Users\USER\Desktop\giga\flota_mobile\android/gradle/wrapper/gradle-wrapper.properties. 
For more information, see https://docs.gradle.org/current/userguide/gradle_wrapper.html.

Warning: Flutter support for your project's Android Gradle Plugin version (Android Gradle Plugin version 8.2.1) will soon be dropped. Please upgrade your Android Gradle Plugin version to a version of at least Android Gradle Plugin version 8.6.0 soon.
Alternatively, use the flag "--android-skip-build-dependency-validation" to bypass this check.

Potential fix: Your project's AGP version is typically defined in the plugins block of the `settings.gradle` file (C:\Users\USER\Desktop\giga\flota_mobile\android/settings.gradle), by a plugin with the id of com.android.application. 
If you don't see a plugins block, your project was likely created with an older template version. In this case it is most likely defined in the top-level build.gradle file (C:\Users\USER\Desktop\giga\flota_mobile\android/build.gradle) by the following line in the dependencies block of the buildscript: "classpath 'com.android.tools.build:gradle:<version>'".

Warning: SDK processing. This version only understands SDK XML versions up to 3 but an SDK XML file of version 4 was encountered. This can happen if you use versions of Android Studio and the command-line tools that were released at different times.
Font asset "MaterialIcons-Regular.otf" was tree-shaken, reducing it from 1645184 to 25412 bytes (98.5% reduction). Tree-shaking can be disabled by providing the --no-tree-shake-icons flag when building your app.
Font asset "CupertinoIcons.ttf" was tree-shaken, reducing it from 257628 to 848 bytes (99.7% reduction). Tree-shaking can be disabled by providing the --no-tree-shake-icons flag when building your app.
warning: [options] source value 8 is obsolete and will be removed in a future release
warning: [options] target value 8 is obsolete and will be removed in a future release
warning: [options] To suppress warnings about obsolete options, use -Xlint:-options.
3 warnings
warning: [options] source value 8 is obsolete and will be removed in a future release
warning: [options] target value 8 is obsolete and will be removed in a future release
warning: [options] To suppress warnings about obsolete options, use -Xlint:-options.
Note: C:\Users\USER\AppData\Local\Pub\Cache\hosted\pub.dev\cloud_firestore-4.15.8\android\src\main\java\io\flutter\plugins\firebase\firestore\FlutterFirebaseFirestorePlugin.java uses or overrides a deprecated API.
Note: Recompile with -Xlint:deprecation for details.
Note: Some input files use unchecked or unsafe operations.
Note: Recompile with -Xlint:unchecked for details.
3 warnings
warning: [options] source value 8 is obsolete and will be removed in a future release
warning: [options] target value 8 is obsolete and will be removed in a future release
warning: [options] To suppress warnings about obsolete options, use -Xlint:-options.
Note: Some input files use or override a deprecated API.
Note: Recompile with -Xlint:deprecation for details.
3 warnings
warning: [options] source value 8 is obsolete and will be removed in a future release
warning: [options] target value 8 is obsolete and will be removed in a future release
warning: [options] To suppress warnings about obsolete options, use -Xlint:-options.
Note: Some input files use or override a deprecated API.
Note: Recompile with -Xlint:deprecation for details.
Note: C:\Users\USER\AppData\Local\Pub\Cache\hosted\pub.dev\firebase_messaging-14.7.19\android\src\main\java\io\flutter\plugins\firebase\messaging\FlutterFirebaseMessagingPlugin.java uses unchecked or unsafe operations.
Note: Recompile with -Xlint:unchecked for details.
3 warnings
warning: [options] source value 8 is obsolete and will be removed in a future release
warning: [options] target value 8 is obsolete and will be removed in a future release
warning: [options] To suppress warnings about obsolete options, use -Xlint:-options.
3 warnings
warning: [options] source value 8 is obsolete and will be removed in a future release
warning: [options] target value 8 is obsolete and will be removed in a future release
warning: [options] To suppress warnings about obsolete options, use -Xlint:-options.
3 warnings
warning: [options] source value 8 is obsolete and will be removed in a future release
warning: [options] target value 8 is obsolete and will be removed in a future release
warning: [options] To suppress warnings about obsolete options, use -Xlint:-options.
3 warnings
warning: [options] source value 8 is obsolete and will be removed in a future release
warning: [options] target value 8 is obsolete and will be removed in a future release
warning: [options] To suppress warnings about obsolete options, use -Xlint:-options.
3 warnings
warning: [options] source value 8 is obsolete and will be removed in a future release
warning: [options] target value 8 is obsolete and will be removed in a future release
warning: [options] To suppress warnings about obsolete options, use -Xlint:-options.
3 warnings
Note: Some input files use or override a deprecated API.
Note: Recompile with -Xlint:deprecation for details.
e: file:///C:/Users/USER/Desktop/giga/flota_mobile/build/shared_preferences_android/.transforms/e1ffb2020c6429e6c2934d637cffb293/transformed/out/jars/classes.jar!/META-INF/shared_preferences_android_release.kotlin_moduleModule was compiled with an incompatible version of Kotlin. The binary version of its metadata is 2.1.0, expected version is 1.9.0.
e: file:///C:/Users/USER/Desktop/giga/flota_mobile/build/stripe_android/.transforms/54bea77683587e8f4e9788b714f732f4/transformed/out/jars/classes.jar!/META-INF/stripe_android_release.kotlin_moduleModule was compiled with an incompatible version of Kotlin. The binary version of its metadata is 2.1.0, expected version is 1.9.0.
e: file:///C:/Users/USER/Desktop/giga/flota_mobile/build/package_info_plus/.transforms/8bb2f809ce00550bdfa043401b91eb17/transformed/out/jars/classes.jar!/META-INF/package_info_plus_release.kotlin_moduleModule was compiled with an incompatible version of Kotlin. The binary version of its metadata is 2.1.0, expected version is 1.9.0.
e: file:///C:/Users/USER/Desktop/giga/flota_mobile/build/share_plus/.transforms/74e336e91fdeba3f3cac13d78b98891e/transformed/out/jars/classes.jar!/META-INF/share_plus_release.kotlin_moduleModule was compiled with an incompatible version of Kotlin. The binary version of its metadata is 2.1.0, expected version is 1.9.0.
e: file:///C:/Users/USER/.gradle/caches/modules-2/files-2.1/org.jetbrains.kotlinx/kotlinx-coroutines-core-jvm/1.10.2/4a9f78ef49483748e2c129f3d124b8fa249dafbf/kotlinx-coroutines-core-jvm-1.10.2.jar!/META-INF/kotlinx-coroutines-core.kotlin_moduleModule was compiled with an incompatible version of Kotlin. The binary version of its metadata is 2.1.0, expected version is 1.9.0.
e: file:///C:/Users/USER/.gradle/caches/modules-2/files-2.1/org.jetbrains.kotlinx/kotlinx-coroutines-android/1.10.2/c8705d275d81f19e8afaf3ff9b5bf7a4b6b6c19b/kotlinx-coroutines-android-1.10.2.jar!/META-INF/kotlinx-coroutines-android.kotlin_moduleModule was compiled with an incompatible version of Kotlin. The binary version of its metadata is 2.1.0, expected version is 1.9.0.
e: file:///C:/Users/USER/.gradle/caches/modules-2/files-2.1/org.jetbrains.kotlin/kotlin-stdlib/2.2.20/5380b19fa1924399b62ce3a1faffebb2b4f82272/kotlin-stdlib-2.2.20.jar!/META-INF/kotlin-stdlib-jdk7.kotlin_moduleModule was compiled with an incompatible version of Kotlin. The binary version of its metadata is 2.2.0, expected version is 1.9.0.
e: file:///C:/Users/USER/.gradle/caches/modules-2/files-2.1/org.jetbrains.kotlin/kotlin-stdlib/2.2.20/5380b19fa1924399b62ce3a1faffebb2b4f82272/kotlin-stdlib-2.2.20.jar!/META-INF/kotlin-stdlib-jdk8.kotlin_moduleModule was compiled with an incompatible version of Kotlin. The binary version of its metadata is 2.2.0, expected version is 1.9.0.
e: file:///C:/Users/USER/.gradle/caches/modules-2/files-2.1/org.jetbrains.kotlin/kotlin-stdlib/2.2.20/5380b19fa1924399b62ce3a1faffebb2b4f82272/kotlin-stdlib-2.2.20.jar!/META-INF/kotlin-stdlib.kotlin_moduleModule was compiled with an incompatible version of Kotlin. The binary version of its metadata is 2.2.0, expected version is 1.9.0.
e: file:///C:/Users/USER/.gradle/caches/transforms-3/ab0edc832165eb2ba2af55a4a15809f9/transformed/android-maps-utils-3.19.1/jars/classes.jar!/META-INF/library_release.kotlin_moduleModule was compiled with an incompatible version of Kotlin. The binary version of its metadata is 2.2.0, expected version is 1.9.0.
e: file:///C:/Users/USER/.gradle/caches/modules-2/files-2.1/org.jetbrains.kotlinx/kotlinx-coroutines-core-jvm/1.10.2/4a9f78ef49483748e2c129f3d124b8fa249dafbf/kotlinx-coroutines-core-jvm-1.10.2.jar!/META-INF/kotlinx-coroutines-core.kotlin_moduleModule was compiled with an incompatible version of Kotlin. The binary version of its metadata is 2.1.0, expected version is 1.9.0.
e: file:///C:/Users/USER/.gradle/caches/modules-2/files-2.1/org.jetbrains.kotlinx/kotlinx-coroutines-android/1.10.2/c8705d275d81f19e8afaf3ff9b5bf7a4b6b6c19b/kotlinx-coroutines-android-1.10.2.jar!/META-INF/kotlinx-coroutines-android.kotlin_moduleModule was compiled with an incompatible version of Kotlin. The binary version of its metadata is 2.1.0, expected version is 1.9.0.
e: file:///C:/Users/USER/.gradle/caches/modules-2/files-2.1/org.jetbrains.kotlin/kotlin-stdlib/2.2.20/5380b19fa1924399b62ce3a1faffebb2b4f82272/kotlin-stdlib-2.2.20.jar!/META-INF/kotlin-stdlib-jdk7.kotlin_moduleModule was compiled with an incompatible version of Kotlin. The binary version of its metadata is 2.2.0, expected version is 1.9.0.
e: file:///C:/Users/USER/.gradle/caches/modules-2/files-2.1/org.jetbrains.kotlin/kotlin-stdlib/2.2.20/5380b19fa1924399b62ce3a1faffebb2b4f82272/kotlin-stdlib-2.2.20.jar!/META-INF/kotlin-stdlib-jdk8.kotlin_moduleModule was compiled with an incompatible version of Kotlin. The binary version of its metadata is 2.2.0, expected version is 1.9.0.
e: file:///C:/Users/USER/.gradle/caches/modules-2/files-2.1/org.jetbrains.kotlin/kotlin-stdlib/2.2.20/5380b19fa1924399b62ce3a1faffebb2b4f82272/kotlin-stdlib-2.2.20.jar!/META-INF/kotlin-stdlib.kotlin_moduleModule was compiled with an incompatible version of Kotlin. The binary version of its metadata is 2.2.0, expected version is 1.9.0.
e: file:///C:/Users/USER/Desktop/giga/flota_mobile/build/package_info_plus/tmp/kotlin-classes/release/META-INF/package_info_plus_release.kotlin_moduleModule was compiled with an incompatible version of Kotlin. The binary version of its metadata is 2.1.0, expected version is 1.9.0.
e: file:///C:/Users/USER/Desktop/giga/flota_mobile/build/share_plus/tmp/kotlin-classes/release/META-INF/share_plus_release.kotlin_moduleModule was compiled with an incompatible version of Kotlin. The binary version of its metadata is 2.1.0, expected version is 1.9.0.
e: file:///C:/Users/USER/.gradle/caches/modules-2/files-2.1/org.jetbrains.kotlin/kotlin-stdlib/2.1.0/85f8b81009cda5890e54ba67d64b5e599c645020/kotlin-stdlib-2.1.0.jar!/META-INF/kotlin-stdlib-jdk7.kotlin_moduleModule was compiled with an incompatible version of Kotlin. The binary version of its metadata is 2.1.0, expected version is 1.9.0.
e: file:///C:/Users/USER/.gradle/caches/modules-2/files-2.1/org.jetbrains.kotlin/kotlin-stdlib/2.1.0/85f8b81009cda5890e54ba67d64b5e599c645020/kotlin-stdlib-2.1.0.jar!/META-INF/kotlin-stdlib-jdk8.kotlin_moduleModule was compiled with an incompatible version of Kotlin. The binary version of its metadata is 2.1.0, expected version is 1.9.0.
e: file:///C:/Users/USER/.gradle/caches/modules-2/files-2.1/org.jetbrains.kotlin/kotlin-stdlib/2.1.0/85f8b81009cda5890e54ba67d64b5e599c645020/kotlin-stdlib-2.1.0.jar!/META-INF/kotlin-stdlib.kotlin_moduleModule was compiled with an incompatible version of Kotlin. The binary version of its metadata is 2.1.0, expected version is 1.9.0.
e: file:///C:/Users/USER/Desktop/giga/flota_mobile/build/shared_preferences_android/tmp/kotlin-classes/release/META-INF/shared_preferences_android_release.kotlin_moduleModule was compiled with an incompatible version of Kotlin. The binary version of its metadata is 2.1.0, expected version is 1.9.0.

FAILURE: Build failed with an exception.

* What went wrong:
Execution failed for task ':app:configureCMakeRelease[arm64-v8a]'.
> [CXX1429] error when building with cmake using C:\FlutterVersions\flutter\packages\flutter_tools\gradle\src\main\scripts\CMakeLists.txt: Not searching for unused variables given on the command line.
  Not searching for unused variables given on the command line.
  -- The C compiler identification is Clang 19.0.1
  -- The C compiler identification is Clang 19.0.1
  -- The CXX compiler identification is Clang 19.0.1
  -- The CXX compiler identification is Clang 19.0.1
  -- Detecting C compiler ABI info
  -- Detecting C compiler ABI info
  -- Detecting C compiler ABI info - failed
  -- Check for working C compiler: C:/Users/USER/AppData/Local/Android/Sdk/ndk/28.2.13676358/toolchains/llvm/prebuilt/windows-x86_64/bin/clang.exe
  -- Detecting C compiler ABI info - failed
  -- Check for working C compiler: C:/Users/USER/AppData/Local/Android/Sdk/ndk/28.2.13676358/toolchains/llvm/prebuilt/windows-x86_64/bin/clang.exe
  -- Check for working C compiler: C:/Users/USER/AppData/Local/Android/Sdk/ndk/28.2.13676358/toolchains/llvm/prebuilt/windows-x86_64/bin/clang.exe - broken
  -- Configuring incomplete, errors occurred!
  See also "C:/Users/USER/Desktop/giga/flota_mobile/build/.cxx/release/4l1o5e37/arm64-v8a/CMakeFiles/CMakeOutput.log".
  See also "C:/Users/USER/Desktop/giga/flota_mobile/build/.cxx/release/4l1o5e37/arm64-v8a/CMakeFiles/CMakeError.log".

  C++ build system [configure] failed while executing:
      @echo off
      "C:\\Users\\USER\\AppData\\Local\\Android\\sdk\\cmake\\3.22.1\\bin\\cmake.exe" ^
        "-HC:\\FlutterVersions\\flutter\\packages\\flutter_tools\\gradle\\src\\main\\scripts" ^
        "-DCMAKE_SYSTEM_NAME=Android" ^
        "-DCMAKE_EXPORT_COMPILE_COMMANDS=ON" ^
        "-DCMAKE_SYSTEM_VERSION=24" ^
        "-DANDROID_PLATFORM=android-24" ^
        "-DANDROID_ABI=arm64-v8a" ^
        "-DCMAKE_ANDROID_ARCH_ABI=arm64-v8a" ^
        "-DANDROID_NDK=C:\\Users\\USER\\AppData\\Local\\Android\\sdk\\ndk\\28.2.13676358" ^
        "-DCMAKE_ANDROID_NDK=C:\\Users\\USER\\AppData\\Local\\Android\\sdk\\ndk\\28.2.13676358" ^
        "-DCMAKE_TOOLCHAIN_FILE=C:\\Users\\USER\\AppData\\Local\\Android\\sdk\\ndk\\28.2.13676358\\build\\cmake\\android.toolchain.cmake" ^
        "-DCMAKE_MAKE_PROGRAM=C:\\Users\\USER\\AppData\\Local\\Android\\sdk\\cmake\\3.22.1\\bin\\ninja.exe" ^
        "-DCMAKE_LIBRARY_OUTPUT_DIRECTORY=C:\\Users\\USER\\Desktop\\giga\\flota_mobile\\build\\app\\intermediates\\cxx\\release\\4l1o5e37\\obj\\arm64-v8a" ^
        "-DCMAKE_RUNTIME_OUTPUT_DIRECTORY=C:\\Users\\USER\\Desktop\\giga\\flota_mobile\\build\\app\\intermediates\\cxx\\release\\4l1o5e37\\obj\\arm64-v8a" ^
        "-BC:\\Users\\USER\\Desktop\\giga\\flota_mobile\\build\\.cxx\\release\\4l1o5e37\\arm64-v8a" ^
        -GNinja ^
        -Wno-dev ^
        --no-warn-unused-cli ^
        "-DCMAKE_BUILD_TYPE=release"
    from C:\Users\USER\Desktop\giga\flota_mobile\android\app
  CMake Error at C:/Users/USER/AppData/Local/Android/Sdk/cmake/3.22.1/share/cmake-3.22/Modules/CMakeDetermineCompilerId.cmake:828 (file):
    file STRINGS file
    "C:/Users/USER/Desktop/giga/flota_mobile/build/.cxx/release/4l1o5e37/arm64-v8a/CMakeFiles/3.22.1-g37088a8-dirty/CompilerIdCXX/CMakeCXXCompilerId-59967cd8.o.tmp"
    cannot be read.
  Call Stack (most recent call first):
    C:/Users/USER/AppData/Local/Android/Sdk/cmake/3.22.1/share/cmake-3.22/Modules/CMakeDetermineCompilerId.cmake:11 (CMAKE_DETERMINE_COMPILER_ID_CHECK)
    C:/Users/USER/AppData/Local/Android/Sdk/cmake/3.22.1/share/cmake-3.22/Modules/CMakeDetermineCompilerId.cmake:59 (__determine_compiler_id_test)
    C:/Users/USER/AppData/Local/Android/Sdk/cmake/3.22.1/share/cmake-3.22/Modules/CMakeDetermineCXXCompiler.cmake:120 (CMAKE_DETERMINE_COMPILER_ID)
    CMakeLists.txt


  CMake Error at C:/Users/USER/AppData/Local/Android/Sdk/cmake/3.22.1/share/cmake-3.22/Modules/CMakeDetermineCompilerId.cmake:926 (file):
    file failed to open for reading (Permission denied):

      C:/Users/USER/Desktop/giga/flota_mobile/build/.cxx/release/4l1o5e37/arm64-v8a/CMakeFiles/3.22.1-g37088a8-dirty/CompilerIdCXX/CMakeCXXCompilerId-59967cd8.o.tmp
  Call Stack (most recent call first):
    C:/Users/USER/AppData/Local/Android/Sdk/cmake/3.22.1/share/cmake-3.22/Modules/CMakeDetermineCompilerId.cmake:11 (CMAKE_DETERMINE_COMPILER_ID_CHECK)
    C:/Users/USER/AppData/Local/Android/Sdk/cmake/3.22.1/share/cmake-3.22/Modules/CMakeDetermineCompilerId.cmake:59 (__determine_compiler_id_test)
    C:/Users/USER/AppData/Local/Android/Sdk/cmake/3.22.1/share/cmake-3.22/Modules/CMakeDetermineCXXCompiler.cmake:120 (CMAKE_DETERMINE_COMPILER_ID)
    CMakeLists.txt


  CMake Error at C:/Users/USER/AppData/Local/Android/Sdk/cmake/3.22.1/share/cmake-3.22/Modules/CMakeDetermineCompilerId.cmake:929 (string):
    string begin index: 1 is out of range 0 - 0
  Call Stack (most recent call first):
    C:/Users/USER/AppData/Local/Android/Sdk/cmake/3.22.1/share/cmake-3.22/Modules/CMakeDetermineCompilerId.cmake:11 (CMAKE_DETERMINE_COMPILER_ID_CHECK)
    C:/Users/USER/AppData/Local/Android/Sdk/cmake/3.22.1/share/cmake-3.22/Modules/CMakeDetermineCompilerId.cmake:59 (__determine_compiler_id_test)
    C:/Users/USER/AppData/Local/Android/Sdk/cmake/3.22.1/share/cmake-3.22/Modules/CMakeDetermineCXXCompiler.cmake:120 (CMAKE_DETERMINE_COMPILER_ID)
    CMakeLists.txt


  CMake Error at C:/Users/USER/AppData/Local/Android/Sdk/cmake/3.22.1/share/cmake-3.22/Modules/CMakeDetermineCompilerId.cmake:937 (math):
    math cannot parse the expression: " * 16 + ": syntax error, unexpected
    exp_TIMES (2).
  Call Stack (most recent call first):
    C:/Users/USER/AppData/Local/Android/Sdk/cmake/3.22.1/share/cmake-3.22/Modules/CMakeDetermineCompilerId.cmake:11 (CMAKE_DETERMINE_COMPILER_ID_CHECK)
    C:/Users/USER/AppData/Local/Android/Sdk/cmake/3.22.1/share/cmake-3.22/Modules/CMakeDetermineCompilerId.cmake:59 (__determine_compiler_id_test)
    C:/Users/USER/AppData/Local/Android/Sdk/cmake/3.22.1/share/cmake-3.22/Modules/CMakeDetermineCXXCompiler.cmake:120 (CMAKE_DETERMINE_COMPILER_ID)
    CMakeLists.txt


  CMake Error at C:/Users/USER/AppData/Local/Android/Sdk/cmake/3.22.1/share/cmake-3.22/Modules/CMakeDetermineCompilerId.cmake:939 (file):
    file failed to open for reading (No such file or directory):

      C:/Users/USER/Desktop/giga/flota_mobile/build/.cxx/release/4l1o5e37/arm64-v8a/CMakeFiles/3.22.1-g37088a8-dirty/CompilerIdCXX/CMakeCXXCompilerId-59967cd8.o.tmp
  Call Stack (most recent call first):
    C:/Users/USER/AppData/Local/Android/Sdk/cmake/3.22.1/share/cmake-3.22/Modules/CMakeDetermineCompilerId.cmake:11 (CMAKE_DETERMINE_COMPILER_ID_CHECK)
    C:/Users/USER/AppData/Local/Android/Sdk/cmake/3.22.1/share/cmake-3.22/Modules/CMakeDetermineCompilerId.cmake:59 (__determine_compiler_id_test)
    C:/Users/USER/AppData/Local/Android/Sdk/cmake/3.22.1/share/cmake-3.22/Modules/CMakeDetermineCXXCompiler.cmake:120 (CMAKE_DETERMINE_COMPILER_ID)
    CMakeLists.txt


  CMake Error at C:/Users/USER/AppData/Local/Android/Sdk/cmake/3.22.1/share/cmake-3.22/Modules/CMakeTestCCompiler.cmake:69 (message):
    The C compiler

      "C:/Users/USER/AppData/Local/Android/Sdk/ndk/28.2.13676358/toolchains/llvm/prebuilt/windows-x86_64/bin/clang.exe"

    is not able to compile a simple test program.

    It fails with the following output:

      Change Dir: C:/Users/USER/Desktop/giga/flota_mobile/build/.cxx/release/4l1o5e37/arm64-v8a/CMakeFiles/CMakeTmp

      Run Build Command(s):C:\Users\USER\AppData\Local\Android\sdk\cmake\3.22.1\bin\ninja.exe cmTC_802fe && ninja: error: unknown target 'cmTC_802fe'





    CMake will not be able to correctly generate this project.
  Call Stack (most recent call first):
    CMakeLists.txt : com.android.ide.common.process.ProcessException: Not searching for unused variables given on the command line.
  Not searching for unused variables given on the command line.
  -- The C compiler identification is Clang 19.0.1
  -- The C compiler identification is Clang 19.0.1
  -- The CXX compiler identification is Clang 19.0.1
  -- The CXX compiler identification is Clang 19.0.1
  -- Detecting C compiler ABI info
  -- Detecting C compiler ABI info
  -- Detecting C compiler ABI info - failed
  -- Check for working C compiler: C:/Users/USER/AppData/Local/Android/Sdk/ndk/28.2.13676358/toolchains/llvm/prebuilt/windows-x86_64/bin/clang.exe
  -- Detecting C compiler ABI info - failed
  -- Check for working C compiler: C:/Users/USER/AppData/Local/Android/Sdk/ndk/28.2.13676358/toolchains/llvm/prebuilt/windows-x86_64/bin/clang.exe
  -- Check for working C compiler: C:/Users/USER/AppData/Local/Android/Sdk/ndk/28.2.13676358/toolchains/llvm/prebuilt/windows-x86_64/bin/clang.exe - broken
  -- Configuring incomplete, errors occurred!
  See also "C:/Users/USER/Desktop/giga/flota_mobile/build/.cxx/release/4l1o5e37/arm64-v8a/CMakeFiles/CMakeOutput.log".
  See also "C:/Users/USER/Desktop/giga/flota_mobile/build/.cxx/release/4l1o5e37/arm64-v8a/CMakeFiles/CMakeError.log".

  C++ build system [configure] failed while executing:
      @echo off
      "C:\\Users\\USER\\AppData\\Local\\Android\\sdk\\cmake\\3.22.1\\bin\\cmake.exe" ^
        "-HC:\\FlutterVersions\\flutter\\packages\\flutter_tools\\gradle\\src\\main\\scripts" ^
        "-DCMAKE_SYSTEM_NAME=Android" ^
        "-DCMAKE_EXPORT_COMPILE_COMMANDS=ON" ^
        "-DCMAKE_SYSTEM_VERSION=24" ^
        "-DANDROID_PLATFORM=android-24" ^
        "-DANDROID_ABI=arm64-v8a" ^
        "-DCMAKE_ANDROID_ARCH_ABI=arm64-v8a" ^
        "-DANDROID_NDK=C:\\Users\\USER\\AppData\\Local\\Android\\sdk\\ndk\\28.2.13676358" ^
        "-DCMAKE_ANDROID_NDK=C:\\Users\\USER\\AppData\\Local\\Android\\sdk\\ndk\\28.2.13676358" ^
        "-DCMAKE_TOOLCHAIN_FILE=C:\\Users\\USER\\AppData\\Local\\Android\\sdk\\ndk\\28.2.13676358\\build\\cmake\\android.toolchain.cmake" ^
        "-DCMAKE_MAKE_PROGRAM=C:\\Users\\USER\\AppData\\Local\\Android\\sdk\\cmake\\3.22.1\\bin\\ninja.exe" ^
        "-DCMAKE_LIBRARY_OUTPUT_DIRECTORY=C:\\Users\\USER\\Desktop\\giga\\flota_mobile\\build\\app\\intermediates\\cxx\\release\\4l1o5e37\\obj\\arm64-v8a" ^
        "-DCMAKE_RUNTIME_OUTPUT_DIRECTORY=C:\\Users\\USER\\Desktop\\giga\\flota_mobile\\build\\app\\intermediates\\cxx\\release\\4l1o5e37\\obj\\arm64-v8a" ^
        "-BC:\\Users\\USER\\Desktop\\giga\\flota_mobile\\build\\.cxx\\release\\4l1o5e37\\arm64-v8a" ^
        -GNinja ^
        -Wno-dev ^
        --no-warn-unused-cli ^
        "-DCMAKE_BUILD_TYPE=release"
    from C:\Users\USER\Desktop\giga\flota_mobile\android\app
  CMake Error at C:/Users/USER/AppData/Local/Android/Sdk/cmake/3.22.1/share/cmake-3.22/Modules/CMakeDetermineCompilerId.cmake:828 (file):
    file STRINGS file
    "C:/Users/USER/Desktop/giga/flota_mobile/build/.cxx/release/4l1o5e37/arm64-v8a/CMakeFiles/3.22.1-g37088a8-dirty/CompilerIdCXX/CMakeCXXCompilerId-59967cd8.o.tmp"
    cannot be read.
  Call Stack (most recent call first):
    C:/Users/USER/AppData/Local/Android/Sdk/cmake/3.22.1/share/cmake-3.22/Modules/CMakeDetermineCompilerId.cmake:11 (CMAKE_DETERMINE_COMPILER_ID_CHECK)
    C:/Users/USER/AppData/Local/Android/Sdk/cmake/3.22.1/share/cmake-3.22/Modules/CMakeDetermineCompilerId.cmake:59 (__determine_compiler_id_test)
    C:/Users/USER/AppData/Local/Android/Sdk/cmake/3.22.1/share/cmake-3.22/Modules/CMakeDetermineCXXCompiler.cmake:120 (CMAKE_DETERMINE_COMPILER_ID)
    CMakeLists.txt


  CMake Error at C:/Users/USER/AppData/Local/Android/Sdk/cmake/3.22.1/share/cmake-3.22/Modules/CMakeDetermineCompilerId.cmake:926 (file):
    file failed to open for reading (Permission denied):

      C:/Users/USER/Desktop/giga/flota_mobile/build/.cxx/release/4l1o5e37/arm64-v8a/CMakeFiles/3.22.1-g37088a8-dirty/CompilerIdCXX/CMakeCXXCompilerId-59967cd8.o.tmp
  Call Stack (most recent call first):
    C:/Users/USER/AppData/Local/Android/Sdk/cmake/3.22.1/share/cmake-3.22/Modules/CMakeDetermineCompilerId.cmake:11 (CMAKE_DETERMINE_COMPILER_ID_CHECK)
    C:/Users/USER/AppData/Local/Android/Sdk/cmake/3.22.1/share/cmake-3.22/Modules/CMakeDetermineCompilerId.cmake:59 (__determine_compiler_id_test)
    C:/Users/USER/AppData/Local/Android/Sdk/cmake/3.22.1/share/cmake-3.22/Modules/CMakeDetermineCXXCompiler.cmake:120 (CMAKE_DETERMINE_COMPILER_ID)
    CMakeLists.txt


  CMake Error at C:/Users/USER/AppData/Local/Android/Sdk/cmake/3.22.1/share/cmake-3.22/Modules/CMakeDetermineCompilerId.cmake:929 (string):
    string begin index: 1 is out of range 0 - 0
  Call Stack (most recent call first):
    C:/Users/USER/AppData/Local/Android/Sdk/cmake/3.22.1/share/cmake-3.22/Modules/CMakeDetermineCompilerId.cmake:11 (CMAKE_DETERMINE_COMPILER_ID_CHECK)
    C:/Users/USER/AppData/Local/Android/Sdk/cmake/3.22.1/share/cmake-3.22/Modules/CMakeDetermineCompilerId.cmake:59 (__determine_compiler_id_test)
    C:/Users/USER/AppData/Local/Android/Sdk/cmake/3.22.1/share/cmake-3.22/Modules/CMakeDetermineCXXCompiler.cmake:120 (CMAKE_DETERMINE_COMPILER_ID)
    CMakeLists.txt


  CMake Error at C:/Users/USER/AppData/Local/Android/Sdk/cmake/3.22.1/share/cmake-3.22/Modules/CMakeDetermineCompilerId.cmake:937 (math):
    math cannot parse the expression: " * 16 + ": syntax error, unexpected
    exp_TIMES (2).
  Call Stack (most recent call first):
    C:/Users/USER/AppData/Local/Android/Sdk/cmake/3.22.1/share/cmake-3.22/Modules/CMakeDetermineCompilerId.cmake:11 (CMAKE_DETERMINE_COMPILER_ID_CHECK)
    C:/Users/USER/AppData/Local/Android/Sdk/cmake/3.22.1/share/cmake-3.22/Modules/CMakeDetermineCompilerId.cmake:59 (__determine_compiler_id_test)
    C:/Users/USER/AppData/Local/Android/Sdk/cmake/3.22.1/share/cmake-3.22/Modules/CMakeDetermineCXXCompiler.cmake:120 (CMAKE_DETERMINE_COMPILER_ID)
    CMakeLists.txt


  CMake Error at C:/Users/USER/AppData/Local/Android/Sdk/cmake/3.22.1/share/cmake-3.22/Modules/CMakeDetermineCompilerId.cmake:939 (file):
    file failed to open for reading (No such file or directory):

      C:/Users/USER/Desktop/giga/flota_mobile/build/.cxx/release/4l1o5e37/arm64-v8a/CMakeFiles/3.22.1-g37088a8-dirty/CompilerIdCXX/CMakeCXXCompilerId-59967cd8.o.tmp
  Call Stack (most recent call first):
    C:/Users/USER/AppData/Local/Android/Sdk/cmake/3.22.1/share/cmake-3.22/Modules/CMakeDetermineCompilerId.cmake:11 (CMAKE_DETERMINE_COMPILER_ID_CHECK)
    C:/Users/USER/AppData/Local/Android/Sdk/cmake/3.22.1/share/cmake-3.22/Modules/CMakeDetermineCompilerId.cmake:59 (__determine_compiler_id_test)
    C:/Users/USER/AppData/Local/Android/Sdk/cmake/3.22.1/share/cmake-3.22/Modules/CMakeDetermineCXXCompiler.cmake:120 (CMAKE_DETERMINE_COMPILER_ID)
    CMakeLists.txt


  CMake Error at C:/Users/USER/AppData/Local/Android/Sdk/cmake/3.22.1/share/cmake-3.22/Modules/CMakeTestCCompiler.cmake:69 (message):
    The C compiler

      "C:/Users/USER/AppData/Local/Android/Sdk/ndk/28.2.13676358/toolchains/llvm/prebuilt/windows-x86_64/bin/clang.exe"

    is not able to compile a simple test program.

    It fails with the following output:

      Change Dir: C:/Users/USER/Desktop/giga/flota_mobile/build/.cxx/release/4l1o5e37/arm64-v8a/CMakeFiles/CMakeTmp

      Run Build Command(s):C:\Users\USER\AppData\Local\Android\sdk\cmake\3.22.1\bin\ninja.exe cmTC_802fe && ninja: error: unknown target 'cmTC_802fe'





    CMake will not be able to correctly generate this project.
  Call Stack (most recent call first):
    CMakeLists.txt
  	at com.android.build.gradle.internal.cxx.process.ExecuteProcessKt.execute(ExecuteProcess.kt:288)
  	at com.android.build.gradle.internal.cxx.process.ExecuteProcessKt$executeProcess$1.invoke(ExecuteProcess.kt:108)
  	at com.android.build.gradle.internal.cxx.process.ExecuteProcessKt$executeProcess$1.invoke(ExecuteProcess.kt:106)
  	at com.android.build.gradle.internal.cxx.timing.TimingEnvironmentKt.time(TimingEnvironment.kt:32)
  	at com.android.build.gradle.internal.cxx.process.ExecuteProcessKt.executeProcess(ExecuteProcess.kt:106)
  	at com.android.build.gradle.internal.cxx.process.ExecuteProcessKt.executeProcess$default(ExecuteProcess.kt:85)
  	at com.android.build.gradle.tasks.CmakeQueryMetadataGenerator.executeProcess(CmakeFileApiMetadataGenerator.kt:59)
  	at com.android.build.gradle.tasks.ExternalNativeJsonGenerator$configureOneAbi$1$1$3.invoke(ExternalNativeJsonGenerator.kt:246)
  	at com.android.build.gradle.tasks.ExternalNativeJsonGenerator$configureOneAbi$1$1$3.invoke(ExternalNativeJsonGenerator.kt:246)
  	at com.android.build.gradle.internal.cxx.timing.TimingEnvironmentKt.time(TimingEnvironment.kt:32)
  	at com.android.build.gradle.tasks.ExternalNativeJsonGenerator.configureOneAbi(ExternalNativeJsonGenerator.kt:246)
  	at com.android.build.gradle.tasks.ExternalNativeJsonGenerator.configure(ExternalNativeJsonGenerator.kt:112)
  	at com.android.build.gradle.tasks.ExternalNativeBuildJsonTask.doTaskAction(ExternalNativeBuildJsonTask.kt:90)
  	at com.android.build.gradle.internal.tasks.UnsafeOutputsTask$taskAction$$inlined$recordTaskAction$1.invoke(BaseTask.kt:65)
  	at com.android.build.gradle.internal.tasks.Blocks.recordSpan(Blocks.java:51)
  	at com.android.build.gradle.internal.tasks.UnsafeOutputsTask.taskAction(UnsafeOutputsTask.kt:63)
  	at java.base/jdk.internal.reflect.DirectMethodHandleAccessor.invoke(Unknown Source)
  	at java.base/java.lang.reflect.Method.invoke(Unknown Source)
  	at org.gradle.internal.reflect.JavaMethod.invoke(JavaMethod.java:125)
  	at org.gradle.api.internal.project.taskfactory.StandardTaskAction.doExecute(StandardTaskAction.java:58)
  	at org.gradle.api.internal.project.taskfactory.StandardTaskAction.execute(StandardTaskAction.java:51)
  	at org.gradle.api.internal.project.taskfactory.StandardTaskAction.execute(StandardTaskAction.java:29)
  	at org.gradle.api.internal.tasks.execution.TaskExecution$3.run(TaskExecution.java:248)
  	at org.gradle.internal.operations.DefaultBuildOperationRunner$1.execute(DefaultBuildOperationRunner.java:29)
  	at org.gradle.internal.operations.DefaultBuildOperationRunner$1.execute(DefaultBuildOperationRunner.java:26)
  	at org.gradle.internal.operations.DefaultBuildOperationRunner$2.execute(DefaultBuildOperationRunner.java:66)
  	at org.gradle.internal.operations.DefaultBuildOperationRunner$2.execute(DefaultBuildOperationRunner.java:59)
  	at org.gradle.internal.operations.DefaultBuildOperationRunner.execute(DefaultBuildOperationRunner.java:157)
  	at org.gradle.internal.operations.DefaultBuildOperationRunner.execute(DefaultBuildOperationRunner.java:59)
  	at org.gradle.internal.operations.DefaultBuildOperationRunner.run(DefaultBuildOperationRunner.java:47)
  	at org.gradle.internal.operations.DefaultBuildOperationExecutor.run(DefaultBuildOperationExecutor.java:68)
  	at org.gradle.api.internal.tasks.execution.TaskExecution.executeAction(TaskExecution.java:233)
  	at org.gradle.api.internal.tasks.execution.TaskExecution.executeActions(TaskExecution.java:216)
  	at org.gradle.api.internal.tasks.execution.TaskExecution.executeWithPreviousOutputFiles(TaskExecution.java:199)
  	at org.gradle.api.internal.tasks.execution.TaskExecution.execute(TaskExecution.java:166)
  	at org.gradle.internal.execution.steps.ExecuteStep.executeInternal(ExecuteStep.java:105)
  	at org.gradle.internal.execution.steps.ExecuteStep.access$000(ExecuteStep.java:44)
  	at org.gradle.internal.execution.steps.ExecuteStep$1.call(ExecuteStep.java:59)
  	at org.gradle.internal.execution.steps.ExecuteStep$1.call(ExecuteStep.java:56)
  	at org.gradle.internal.operations.DefaultBuildOperationRunner$CallableBuildOperationWorker.execute(DefaultBuildOperationRunner.java:204)
  	at org.gradle.internal.operations.DefaultBuildOperationRunner$CallableBuildOperationWorker.execute(DefaultBuildOperationRunner.java:199)
  	at org.gradle.internal.operations.DefaultBuildOperationRunner$2.execute(DefaultBuildOperationRunner.java:66)
  	at org.gradle.internal.operations.DefaultBuildOperationRunner$2.execute(DefaultBuildOperationRunner.java:59)
  	at org.gradle.internal.operations.DefaultBuildOperationRunner.execute(DefaultBuildOperationRunner.java:157)
  	at org.gradle.internal.operations.DefaultBuildOperationRunner.execute(DefaultBuildOperationRunner.java:59)
  	at org.gradle.internal.operations.DefaultBuildOperationRunner.call(DefaultBuildOperationRunner.java:53)
  	at org.gradle.internal.operations.DefaultBuildOperationExecutor.call(DefaultBuildOperationExecutor.java:73)
  	at org.gradle.internal.execution.steps.ExecuteStep.execute(ExecuteStep.java:56)
  	at org.gradle.internal.execution.steps.ExecuteStep.execute(ExecuteStep.java:44)
  	at org.gradle.internal.execution.steps.RemovePreviousOutputsStep.execute(RemovePreviousOutputsStep.java:67)
  	at org.gradle.internal.execution.steps.RemovePreviousOutputsStep.execute(RemovePreviousOutputsStep.java:37)
  	at org.gradle.internal.execution.steps.CancelExecutionStep.execute(CancelExecutionStep.java:41)
  	at org.gradle.internal.execution.steps.TimeoutStep.executeWithoutTimeout(TimeoutStep.java:74)
  	at org.gradle.internal.execution.steps.TimeoutStep.execute(TimeoutStep.java:55)
  	at org.gradle.internal.execution.steps.CreateOutputsStep.execute(CreateOutputsStep.java:50)
  	at org.gradle.internal.execution.steps.CreateOutputsStep.execute(CreateOutputsStep.java:28)
  	at org.gradle.internal.execution.steps.CaptureStateAfterExecutionStep.executeDelegateBroadcastingChanges(CaptureStateAfterExecutionStep.java:100)
  	at org.gradle.internal.execution.steps.CaptureStateAfterExecutionStep.execute(CaptureStateAfterExecutionStep.java:72)
  	at org.gradle.internal.execution.steps.CaptureStateAfterExecutionStep.execute(CaptureStateAfterExecutionStep.java:50)
  	at org.gradle.internal.execution.steps.ResolveInputChangesStep.execute(ResolveInputChangesStep.java:40)
  	at org.gradle.internal.execution.steps.ResolveInputChangesStep.execute(ResolveInputChangesStep.java:29)
  	at org.gradle.internal.execution.steps.BuildCacheStep.executeWithoutCache(BuildCacheStep.java:179)
  	at org.gradle.internal.execution.steps.BuildCacheStep.lambda$execute$1(BuildCacheStep.java:70)
  	at org.gradle.internal.Either$Right.fold(Either.java:175)
  	at org.gradle.internal.execution.caching.CachingState.fold(CachingState.java:59)
  	at org.gradle.internal.execution.steps.BuildCacheStep.execute(BuildCacheStep.java:68)
  	at org.gradle.internal.execution.steps.BuildCacheStep.execute(BuildCacheStep.java:46)
  	at org.gradle.internal.execution.steps.StoreExecutionStateStep.execute(StoreExecutionStateStep.java:36)
  	at org.gradle.internal.execution.steps.StoreExecutionStateStep.execute(StoreExecutionStateStep.java:25)
  	at org.gradle.internal.execution.steps.RecordOutputsStep.execute(RecordOutputsStep.java:36)
  	at org.gradle.internal.execution.steps.RecordOutputsStep.execute(RecordOutputsStep.java:22)
  	at org.gradle.internal.execution.steps.SkipUpToDateStep.executeBecause(SkipUpToDateStep.java:91)
  	at org.gradle.internal.execution.steps.SkipUpToDateStep.lambda$execute$2(SkipUpToDateStep.java:55)
  	at java.base/java.util.Optional.orElseGet(Unknown Source)
  	at org.gradle.internal.execution.steps.SkipUpToDateStep.execute(SkipUpToDateStep.java:55)
  	at org.gradle.internal.execution.steps.SkipUpToDateStep.execute(SkipUpToDateStep.java:37)
  	at org.gradle.internal.execution.steps.ResolveChangesStep.execute(ResolveChangesStep.java:65)
  	at org.gradle.internal.execution.steps.ResolveChangesStep.execute(ResolveChangesStep.java:36)
  	at org.gradle.internal.execution.steps.legacy.MarkSnapshottingInputsFinishedStep.execute(MarkSnapshottingInputsFinishedStep.java:37)
  	at org.gradle.internal.execution.steps.legacy.MarkSnapshottingInputsFinishedStep.execute(MarkSnapshottingInputsFinishedStep.java:27)
  	at org.gradle.internal.execution.steps.ResolveCachingStateStep.execute(ResolveCachingStateStep.java:76)
  	at org.gradle.internal.execution.steps.ResolveCachingStateStep.execute(ResolveCachingStateStep.java:37)
  	at org.gradle.internal.execution.steps.ValidateStep.execute(ValidateStep.java:108)
  	at org.gradle.internal.execution.steps.ValidateStep.execute(ValidateStep.java:55)
  	at org.gradle.internal.execution.steps.CaptureStateBeforeExecutionStep.execute(CaptureStateBeforeExecutionStep.java:71)
  	at org.gradle.internal.execution.steps.CaptureStateBeforeExecutionStep.execute(CaptureStateBeforeExecutionStep.java:45)
  	at org.gradle.internal.execution.steps.SkipEmptyWorkStep.executeWithNonEmptySources(SkipEmptyWorkStep.java:177)
  	at org.gradle.internal.execution.steps.SkipEmptyWorkStep.execute(SkipEmptyWorkStep.java:81)
  	at org.gradle.internal.execution.steps.SkipEmptyWorkStep.execute(SkipEmptyWorkStep.java:53)
  	at org.gradle.internal.execution.steps.RemoveUntrackedExecutionStateStep.execute(RemoveUntrackedExecutionStateStep.java:32)
  	at org.gradle.internal.execution.steps.RemoveUntrackedExecutionStateStep.execute(RemoveUntrackedExecutionStateStep.java:21)
  	at org.gradle.internal.execution.steps.legacy.MarkSnapshottingInputsStartedStep.execute(MarkSnapshottingInputsStartedStep.java:38)
  	at org.gradle.internal.execution.steps.LoadPreviousExecutionStateStep.execute(LoadPreviousExecutionStateStep.java:36)
  	at org.gradle.internal.execution.steps.LoadPreviousExecutionStateStep.execute(LoadPreviousExecutionStateStep.java:23)
  	at org.gradle.internal.execution.steps.CleanupStaleOutputsStep.execute(CleanupStaleOutputsStep.java:75)
  	at org.gradle.internal.execution.steps.CleanupStaleOutputsStep.execute(CleanupStaleOutputsStep.java:41)
  	at org.gradle.internal.execution.steps.ExecuteWorkBuildOperationFiringStep.lambda$execute$2(ExecuteWorkBuildOperationFiringStep.java:66)
  	at java.base/java.util.Optional.orElseGet(Unknown Source)
  	at org.gradle.internal.execution.steps.ExecuteWorkBuildOperationFiringStep.execute(ExecuteWorkBuildOperationFiringStep.java:66)
  	at org.gradle.internal.execution.steps.ExecuteWorkBuildOperationFiringStep.execute(ExecuteWorkBuildOperationFiringStep.java:38)
  	at org.gradle.internal.execution.steps.AssignWorkspaceStep.lambda$execute$0(AssignWorkspaceStep.java:32)
  	at org.gradle.api.internal.tasks.execution.TaskExecution$4.withWorkspace(TaskExecution.java:293)
  	at org.gradle.internal.execution.steps.AssignWorkspaceStep.execute(AssignWorkspaceStep.java:30)
  	at org.gradle.internal.execution.steps.AssignWorkspaceStep.execute(AssignWorkspaceStep.java:21)
  	at org.gradle.internal.execution.steps.IdentityCacheStep.execute(IdentityCacheStep.java:37)
  	at org.gradle.internal.execution.steps.IdentityCacheStep.execute(IdentityCacheStep.java:27)
  	at org.gradle.internal.execution.steps.IdentifyStep.execute(IdentifyStep.java:47)
  	at org.gradle.internal.execution.steps.IdentifyStep.execute(IdentifyStep.java:34)
  	at org.gradle.internal.execution.impl.DefaultExecutionEngine$1.execute(DefaultExecutionEngine.java:64)
  	at org.gradle.api.internal.tasks.execution.ExecuteActionsTaskExecuter.executeIfValid(ExecuteActionsTaskExecuter.java:145)
  	at org.gradle.api.internal.tasks.execution.ExecuteActionsTaskExecuter.execute(ExecuteActionsTaskExecuter.java:134)
  	at org.gradle.api.internal.tasks.execution.FinalizePropertiesTaskExecuter.execute(FinalizePropertiesTaskExecuter.java:46)
  	at org.gradle.api.internal.tasks.execution.ResolveTaskExecutionModeExecuter.execute(ResolveTaskExecutionModeExecuter.java:51)
  	at org.gradle.api.internal.tasks.execution.SkipTaskWithNoActionsExecuter.execute(SkipTaskWithNoActionsExecuter.java:57)
  	at org.gradle.api.internal.tasks.execution.SkipOnlyIfTaskExecuter.execute(SkipOnlyIfTaskExecuter.java:74)
  	at org.gradle.api.internal.tasks.execution.CatchExceptionTaskExecuter.execute(CatchExceptionTaskExecuter.java:36)
  	at org.gradle.api.internal.tasks.execution.EventFiringTaskExecuter$1.executeTask(EventFiringTaskExecuter.java:77)
  	at org.gradle.api.internal.tasks.execution.EventFiringTaskExecuter$1.call(EventFiringTaskExecuter.java:55)
  	at org.gradle.api.internal.tasks.execution.EventFiringTaskExecuter$1.call(EventFiringTaskExecuter.java:52)
  	at org.gradle.internal.operations.DefaultBuildOperationRunner$CallableBuildOperationWorker.execute(DefaultBuildOperationRunner.java:204)
  	at org.gradle.internal.operations.DefaultBuildOperationRunner$CallableBuildOperationWorker.execute(DefaultBuildOperationRunner.java:199)
  	at org.gradle.internal.operations.DefaultBuildOperationRunner$2.execute(DefaultBuildOperationRunner.java:66)
  	at org.gradle.internal.operations.DefaultBuildOperationRunner$2.execute(DefaultBuildOperationRunner.java:59)
  	at org.gradle.internal.operations.DefaultBuildOperationRunner.execute(DefaultBuildOperationRunner.java:157)
  	at org.gradle.internal.operations.DefaultBuildOperationRunner.execute(DefaultBuildOperationRunner.java:59)
  	at org.gradle.internal.operations.DefaultBuildOperationRunner.call(DefaultBuildOperationRunner.java:53)
  	at org.gradle.internal.operations.DefaultBuildOperationExecutor.call(DefaultBuildOperationExecutor.java:73)
  	at org.gradle.api.internal.tasks.execution.EventFiringTaskExecuter.execute(EventFiringTaskExecuter.java:52)
  	at org.gradle.execution.plan.LocalTaskNodeExecutor.execute(LocalTaskNodeExecutor.java:42)
  	at org.gradle.execution.taskgraph.DefaultTaskExecutionGraph$InvokeNodeExecutorsAction.execute(DefaultTaskExecutionGraph.java:331)
  	at org.gradle.execution.taskgraph.DefaultTaskExecutionGraph$InvokeNodeExecutorsAction.execute(DefaultTaskExecutionGraph.java:318)
  	at org.gradle.execution.taskgraph.DefaultTaskExecutionGraph$BuildOperationAwareExecutionAction.lambda$execute$0(DefaultTaskExecutionGraph.java:314)
  	at org.gradle.internal.operations.CurrentBuildOperationRef.with(CurrentBuildOperationRef.java:80)
  	at org.gradle.execution.taskgraph.DefaultTaskExecutionGraph$BuildOperationAwareExecutionAction.execute(DefaultTaskExecutionGraph.java:314)
  	at org.gradle.execution.taskgraph.DefaultTaskExecutionGraph$BuildOperationAwareExecutionAction.execute(DefaultTaskExecutionGraph.java:303)
  	at org.gradle.execution.plan.DefaultPlanExecutor$ExecutorWorker.execute(DefaultPlanExecutor.java:463)
  	at org.gradle.execution.plan.DefaultPlanExecutor$ExecutorWorker.run(DefaultPlanExecutor.java:380)
  	at org.gradle.internal.concurrent.ExecutorPolicy$CatchAndRecordFailures.onExecute(ExecutorPolicy.java:64)
  	at org.gradle.internal.concurrent.AbstractManagedExecutor$1.run(AbstractManagedExecutor.java:47)
  	at java.base/java.util.concurrent.ThreadPoolExecutor.runWorker(Unknown Source)
  	at java.base/java.util.concurrent.ThreadPoolExecutor$Worker.run(Unknown Source)
  	at java.base/java.lang.Thread.run(Unknown Source)
  Caused by: com.android.ide.common.process.ProcessException: Error while executing process C:\Users\USER\AppData\Local\Android\sdk\cmake\3.22.1\bin\cmake.exe with arguments {-HC:\FlutterVersions\flutter\packages\flutter_tools\gradle\src\main\scripts -DCMAKE_SYSTEM_NAME=Android -DCMAKE_EXPORT_COMPILE_COMMANDS=ON -DCMAKE_SYSTEM_VERSION=24 -DANDROID_PLATFORM=android-24 -DANDROID_ABI=arm64-v8a -DCMAKE_ANDROID_ARCH_ABI=arm64-v8a -DANDROID_NDK=C:\Users\USER\AppData\Local\Android\sdk\ndk\28.2.13676358 -DCMAKE_ANDROID_NDK=C:\Users\USER\AppData\Local\Android\sdk\ndk\28.2.13676358 -DCMAKE_TOOLCHAIN_FILE=C:\Users\USER\AppData\Local\Android\sdk\ndk\28.2.13676358\build\cmake\android.toolchain.cmake -DCMAKE_MAKE_PROGRAM=C:\Users\USER\AppData\Local\Android\sdk\cmake\3.22.1\bin\ninja.exe -DCMAKE_LIBRARY_OUTPUT_DIRECTORY=C:\Users\USER\Desktop\giga\flota_mobile\build\app\intermediates\cxx\release\4l1o5e37\obj\arm64-v8a -DCMAKE_RUNTIME_OUTPUT_DIRECTORY=C:\Users\USER\Desktop\giga\flota_mobile\build\app\intermediates\cxx\release\4l1o5e37\obj\arm64-v8a -BC:\Users\USER\Desktop\giga\flota_mobile\build\.cxx\release\4l1o5e37\arm64-v8a -GNinja -Wno-dev --no-warn-unused-cli -DCMAKE_BUILD_TYPE=release}
  	at com.android.build.gradle.internal.process.GradleProcessResult.buildProcessException(GradleProcessResult.java:73)
  	at com.android.build.gradle.internal.process.GradleProcessResult.assertNormalExitValue(GradleProcessResult.java:48)
  	at com.android.build.gradle.internal.cxx.process.ExecuteProcessKt.execute(ExecuteProcess.kt:277)
  	... 141 more
  Caused by: org.gradle.process.internal.ExecException: Process 'command 'C:\Users\USER\AppData\Local\Android\sdk\cmake\3.22.1\bin\cmake.exe'' finished with non-zero exit value 1
  	at org.gradle.process.internal.DefaultExecHandle$ExecResultImpl.assertNormalExitValue(DefaultExecHandle.java:431)
  	at com.android.build.gradle.internal.process.GradleProcessResult.assertNormalExitValue(GradleProcessResult.java:46)
  	... 142 more


* Try:
> Run with --stacktrace option to get the stack trace.
> Run with --info or --debug option to get more log output.
> Run with --scan to get full insights.
> Get more help at https://help.gradle.org.

BUILD FAILED in 6m 51s
Running Gradle task 'assembleRelease'...                          413.0s

┌─ Flutter Fix ───────────────────────────────────────────────────────────────────────────────────┐
│ [!] Gradle does not have execution permission.                                                  │
│ You should change the ownership of the project directory to your user, or move the project to a │
│ directory with execute permissions.                                                             │
└─────────────────────────────────────────────────────────────────────────────────────────────────┘
Gradle task assembleRelease failed with exit code 1
