Resolving dependencies...
Downloading packages...
  _fe_analyzer_shared 91.0.0 (93.0.0 available)
  analyzer 8.4.1 (10.0.1 available)
  characters 1.4.0 (1.4.1 available)
  code_assets 0.19.10 (1.0.0 available)
  flutter_local_notifications 18.0.1 (19.5.0 available)
  flutter_local_notifications_linux 5.0.0 (6.0.0 available)
  flutter_local_notifications_platform_interface 8.0.0 (9.1.0 available)
  geocoding_platform_interface 3.2.0 (5.0.0 available)
  hooks 0.20.5 (1.0.0 available)
  http 0.13.6 (1.6.0 available)
  http_interceptor 1.0.2 (2.0.0 available)
  intl 0.17.0 (0.20.2 available)
  matcher 0.12.17 (0.12.18 available)
  material_color_utilities 0.11.1 (0.13.0 available)
  meta 1.17.0 (1.18.0 available)
  native_toolchain_c 0.17.2 (0.17.4 available)
  test 1.26.3 (1.29.0 available)
  test_api 0.7.7 (0.7.9 available)
  test_core 0.6.12 (0.6.15 available)
  timezone 0.9.4 (0.11.0 available)
Got dependencies!
20 packages have newer versions incompatible with dependency constraints.
Try `flutter pub outdated` for more information.
Running Gradle task 'assembleDebug'...                          

FAILURE: Build failed with an exception.

* What went wrong:
Execution failed for task ':gradle:compileKotlin'.
> Could not resolve all files for configuration ':gradle:compileClasspath'.
   > Could not resolve org.jetbrains.kotlin:kotlin-stdlib-jdk8:1.8.0.
     Required by:
         project :gradle
      > Could not resolve org.jetbrains.kotlin:kotlin-stdlib-jdk8:1.8.0.
         > Could not get resource 'https://repo.maven.apache.org/maven2/org/jetbrains/kotlin/kotlin-stdlib-jdk8/1.8.0/kotlin-stdlib-jdk8-1.8.0.pom'.
            > Could not HEAD 'https://repo.maven.apache.org/maven2/org/jetbrains/kotlin/kotlin-stdlib-jdk8/1.8.0/kotlin-stdlib-jdk8-1.8.0.pom'.
               > Received fatal alert: bad_record_mac
   > Could not resolve org.jetbrains.kotlin:kotlin-stdlib-jdk8:1.8.0.
     Required by:
         project :gradle > androidx.annotation:annotation-jvm:1.9.1 > org.jetbrains.kotlin:kotlin-stdlib:1.9.24
      > Could not resolve org.jetbrains.kotlin:kotlin-stdlib-jdk8:1.8.0.
         > Could not get resource 'https://repo.maven.apache.org/maven2/org/jetbrains/kotlin/kotlin-stdlib-jdk8/1.8.0/kotlin-stdlib-jdk8-1.8.0.pom'.
            > Could not HEAD 'https://repo.maven.apache.org/maven2/org/jetbrains/kotlin/kotlin-stdlib-jdk8/1.8.0/kotlin-stdlib-jdk8-1.8.0.pom'.
               > Received fatal alert: bad_record_mac
   > Could not resolve org.jetbrains.kotlin:kotlin-stdlib-jdk8:1.8.0.
     Required by:
         project :gradle > org.jetbrains.kotlinx:kotlinx-serialization-json:1.4.0 > org.jetbrains.kotlinx:kotlinx-serialization-json-jvm:1.4.0
         project :gradle > org.jetbrains.kotlinx:kotlinx-serialization-json:1.4.0 > org.jetbrains.kotlinx:kotlinx-serialization-json-jvm:1.4.0 > org.jetbrains.kotlinx:kotlinx-serialization-core:1.4.0 > org.jetbrains.kotlinx:kotlinx-serialization-core-jvm:1.4.0
      > Could not resolve org.jetbrains.kotlin:kotlin-stdlib-jdk8:1.8.0.
         > Could not get resource 'https://repo.maven.apache.org/maven2/org/jetbrains/kotlin/kotlin-stdlib-jdk8/1.8.0/kotlin-stdlib-jdk8-1.8.0.pom'.
            > Could not HEAD 'https://repo.maven.apache.org/maven2/org/jetbrains/kotlin/kotlin-stdlib-jdk8/1.8.0/kotlin-stdlib-jdk8-1.8.0.pom'.
               > Received fatal alert: bad_record_mac

* Try:
> Run with --stacktrace option to get the stack trace.
> Run with --info or --debug option to get more log output.
> Run with --scan to get full insights.

* Get more help at https://help.gradle.org

BUILD FAILED in 6m 42s
Running Gradle task 'assembleDebug'...                            403.7s
[!] Gradle threw an error while downloading artifacts from the network.
Retrying Gradle Build: #1, wait time: 100ms
Running Gradle task 'assembleDebug'...                          
e: file:///C:/FlutterVersions/flutter/packages/flutter_tools/gradle/src/main/kotlin/FlutterPlugin.kt:744:21 Unresolved reference: filePermissions
e: file:///C:/FlutterVersions/flutter/packages/flutter_tools/gradle/src/main/kotlin/FlutterPlugin.kt:745:25 Unresolved reference: user
e: file:///C:/FlutterVersions/flutter/packages/flutter_tools/gradle/src/main/kotlin/FlutterPlugin.kt:746:29 Unresolved reference: read
e: file:///C:/FlutterVersions/flutter/packages/flutter_tools/gradle/src/main/kotlin/FlutterPlugin.kt:747:29 Unresolved reference: write

FAILURE: Build failed with an exception.

* What went wrong:
Execution failed for task ':gradle:compileKotlin'.
> A failure occurred while executing org.jetbrains.kotlin.compilerRunner.GradleCompilerRunnerWithWorkers$GradleKotlinCompilerWorkAction
   > Compilation error. See log for more details

* Try:
> Run with --stacktrace option to get the stack trace.
> Run with --info or --debug option to get more log output.
> Run with --scan to get full insights.

* Get more help at https://help.gradle.org

BUILD FAILED in 58s
Running Gradle task 'assembleDebug'...                             59.7s
Gradle task assembleDebug failed with exit code 1
