[ +387 ms] Artifact Instance of 'MaterialFonts' is not required, skipping update.
[   +1 ms] Artifact Instance of 'GradleWrapper' is not required, skipping update.
[        ] Artifact Instance of 'AndroidGenSnapshotArtifacts' is not required, skipping update.
[        ] Artifact Instance of 'AndroidInternalBuildArtifacts' is not required, skipping update.
[        ] Artifact Instance of 'IOSEngineArtifacts' is not required, skipping update.
[        ] Artifact Instance of 'FlutterWebSdk' is not required, skipping update.
[   +2 ms] Artifact Instance of 'LegacyCanvasKitRemover' is not required, skipping update.
[   +1 ms] Artifact Instance of 'FlutterSdk' is not required, skipping update.
[        ] Artifact Instance of 'WindowsEngineArtifacts' is not required, skipping update.
[        ] Artifact Instance of 'MacOSEngineArtifacts' is not required, skipping update.
[        ] Artifact Instance of 'LinuxEngineArtifacts' is not required, skipping update.
[        ] Artifact Instance of 'LinuxFuchsiaSDKArtifacts' is not required, skipping update.
[        ] Artifact Instance of 'MacOSFuchsiaSDKArtifacts' is not required, skipping update.
[        ] Artifact Instance of 'FlutterRunnerSDKArtifacts' is not required, skipping update.
[        ] Artifact Instance of 'FlutterRunnerDebugSymbols' is not required, skipping update.
[        ] Artifact Instance of 'IosUsbArtifacts' is not required, skipping update.
[        ] Artifact Instance of 'IosUsbArtifacts' is not required, skipping update.
[        ] Artifact Instance of 'IosUsbArtifacts' is not required, skipping update.
[        ] Artifact Instance of 'IosUsbArtifacts' is not required, skipping update.
[        ] Artifact Instance of 'IosUsbArtifacts' is not required, skipping update.
[        ] Artifact Instance of 'IosUsbArtifacts' is not required, skipping update.
[        ] Artifact Instance of 'FontSubsetArtifacts' is not required, skipping update.
[        ] Artifact Instance of 'PubDependencies' is not required, skipping update.
[   +2 ms] executing: [C:\FlutterVersions\flutter/] git -c log.showSignature=false log HEAD -n 1 --pretty=format:%ad --date=iso
[ +129 ms] Exit code 0 from: git -c log.showSignature=false log HEAD -n 1 --pretty=format:%ad --date=iso
[        ] 2025-12-11 11:50:07 -0500
[  +22 ms] Artifact Instance of 'AndroidGenSnapshotArtifacts' is not required, skipping update.
[        ] Artifact Instance of 'AndroidInternalBuildArtifacts' is not required, skipping update.
[        ] Artifact Instance of 'IOSEngineArtifacts' is not required, skipping update.
[        ] Artifact Instance of 'FlutterWebSdk' is not required, skipping update.
[        ] Artifact Instance of 'FlutterEngineStamp' is not required, skipping update.
[        ] Artifact Instance of 'LegacyCanvasKitRemover' is not required, skipping update.
[   +4 ms] Artifact Instance of 'WindowsEngineArtifacts' is not required, skipping update.
[        ] Artifact Instance of 'MacOSEngineArtifacts' is not required, skipping update.
[        ] Artifact Instance of 'LinuxEngineArtifacts' is not required, skipping update.
[        ] Artifact Instance of 'LinuxFuchsiaSDKArtifacts' is not required, skipping update.
[        ] Artifact Instance of 'MacOSFuchsiaSDKArtifacts' is not required, skipping update.
[        ] Artifact Instance of 'FlutterRunnerSDKArtifacts' is not required, skipping update.
[        ] Artifact Instance of 'FlutterRunnerDebugSymbols' is not required, skipping update.
[  +88 ms] Artifact Instance of 'MaterialFonts' is not required, skipping update.
[        ] Artifact Instance of 'GradleWrapper' is not required, skipping update.
[   +5 ms] Artifact Instance of 'AndroidInternalBuildArtifacts' is not required, skipping update.
[        ] Artifact Instance of 'IOSEngineArtifacts' is not required, skipping update.
[        ] Artifact Instance of 'FlutterWebSdk' is not required, skipping update.
[        ] Artifact Instance of 'FlutterEngineStamp' is not required, skipping update.
[        ] Artifact Instance of 'LegacyCanvasKitRemover' is not required, skipping update.
[        ] Artifact Instance of 'FlutterSdk' is not required, skipping update.
[        ] Artifact Instance of 'WindowsEngineArtifacts' is not required, skipping update.
[        ] Artifact Instance of 'MacOSEngineArtifacts' is not required, skipping update.
[        ] Artifact Instance of 'LinuxEngineArtifacts' is not required, skipping update.
[        ] Artifact Instance of 'LinuxFuchsiaSDKArtifacts' is not required, skipping update.
[        ] Artifact Instance of 'MacOSFuchsiaSDKArtifacts' is not required, skipping update.
[        ] Artifact Instance of 'FlutterRunnerSDKArtifacts' is not required, skipping update.
[        ] Artifact Instance of 'FlutterRunnerDebugSymbols' is not required, skipping update.
[        ] Artifact Instance of 'IosUsbArtifacts' is not required, skipping update.
[        ] Artifact Instance of 'IosUsbArtifacts' is not required, skipping update.
[        ] Artifact Instance of 'IosUsbArtifacts' is not required, skipping update.
[        ] Artifact Instance of 'IosUsbArtifacts' is not required, skipping update.
[        ] Artifact Instance of 'IosUsbArtifacts' is not required, skipping update.
[        ] Artifact Instance of 'IosUsbArtifacts' is not required, skipping update.
[        ] Artifact Instance of 'FontSubsetArtifacts' is not required, skipping update.
[        ] Artifact Instance of 'PubDependencies' is not required, skipping update.
[ +134 ms] Skipping pub get: version match.
[ +203 ms] Found plugin google_maps_flutter at C:\Users\USER\AppData\Local\Pub\Cache\hosted\pub.dev\google_maps_flutter-2.14.0\
[   +9 ms] Found plugin google_maps_flutter_web at C:\Users\USER\AppData\Local\Pub\Cache\hosted\pub.dev\google_maps_flutter_web-0.5.14+3\
[  +24 ms] Found plugin google_maps_flutter_ios at C:\Users\USER\AppData\Local\Pub\Cache\hosted\pub.dev\google_maps_flutter_ios-2.16.1\
[   +5 ms] Found plugin google_maps_flutter_android at C:\Users\USER\AppData\Local\Pub\Cache\hosted\pub.dev\google_maps_flutter_android-2.18.9\
[   +4 ms] Found plugin flutter_plugin_android_lifecycle at C:\Users\USER\AppData\Local\Pub\Cache\hosted\pub.dev\flutter_plugin_android_lifecycle-2.0.33\
[   +6 ms] Found plugin geolocator at C:\Users\USER\AppData\Local\Pub\Cache\hosted\pub.dev\geolocator-14.0.2\
[   +4 ms] Found plugin geolocator_windows at C:\Users\USER\AppData\Local\Pub\Cache\hosted\pub.dev\geolocator_windows-0.2.5\
[   +7 ms] Found plugin geolocator_web at C:\Users\USER\AppData\Local\Pub\Cache\hosted\pub.dev\geolocator_web-4.1.3\
[   +3 ms] Found plugin geolocator_linux at C:\Users\USER\AppData\Local\Pub\Cache\hosted\pub.dev\geolocator_linux-0.2.4\
[   +5 ms] Found plugin package_info_plus at C:\Users\USER\AppData\Local\Pub\Cache\hosted\pub.dev\package_info_plus-9.0.0\
[  +53 ms] Found plugin geolocator_apple at C:\Users\USER\AppData\Local\Pub\Cache\hosted\pub.dev\geolocator_apple-2.3.13\
[   +7 ms] Found plugin geolocator_android at C:\Users\USER\AppData\Local\Pub\Cache\hosted\pub.dev\geolocator_android-5.0.2\
[  +16 ms] Found plugin geocoding at C:\Users\USER\AppData\Local\Pub\Cache\hosted\pub.dev\geocoding-4.0.0\
[   +7 ms] Found plugin geocoding_ios at C:\Users\USER\AppData\Local\Pub\Cache\hosted\pub.dev\geocoding_ios-3.1.0\
[   +4 ms] Found plugin geocoding_android at C:\Users\USER\AppData\Local\Pub\Cache\hosted\pub.dev\geocoding_android-4.0.1\
[   +4 ms] Found plugin flutter_secure_storage at C:\Users\USER\AppData\Local\Pub\Cache\hosted\pub.dev\flutter_secure_storage-10.0.0\
[   +3 ms] Found plugin flutter_secure_storage_windows at C:\Users\USER\AppData\Local\Pub\Cache\hosted\pub.dev\flutter_secure_storage_windows-4.1.0\
[   +4 ms] Found plugin path_provider at C:\Users\USER\AppData\Local\Pub\Cache\hosted\pub.dev\path_provider-2.1.5\
[   +3 ms] Found plugin path_provider_windows at C:\Users\USER\AppData\Local\Pub\Cache\hosted\pub.dev\path_provider_windows-2.3.0\
[   +7 ms] Found plugin path_provider_linux at C:\Users\USER\AppData\Local\Pub\Cache\hosted\pub.dev\path_provider_linux-2.2.1\
[   +3 ms] Found plugin path_provider_foundation at C:\Users\USER\AppData\Local\Pub\Cache\hosted\pub.dev\path_provider_foundation-2.6.0\
[  +21 ms] Found plugin path_provider_android at C:\Users\USER\AppData\Local\Pub\Cache\hosted\pub.dev\path_provider_android-2.2.22\
[   +5 ms] Found plugin flutter_secure_storage_web at C:\Users\USER\AppData\Local\Pub\Cache\hosted\pub.dev\flutter_secure_storage_web-2.1.0\
[   +2 ms] Found plugin flutter_secure_storage_linux at C:\Users\USER\AppData\Local\Pub\Cache\hosted\pub.dev\flutter_secure_storage_linux-3.0.0\
[   +2 ms] Found plugin flutter_secure_storage_darwin at C:\Users\USER\AppData\Local\Pub\Cache\hosted\pub.dev\flutter_secure_storage_darwin-0.2.0\
[  +61 ms] Found plugin flutter_paystack at C:\Users\USER\AppData\Local\Pub\Cache\hosted\pub.dev\flutter_paystack-1.0.7\
[   +5 ms] Found plugin flutter_local_notifications at C:\Users\USER\AppData\Local\Pub\Cache\hosted\pub.dev\flutter_local_notifications-18.0.1\
[   +7 ms] Found plugin flutter_local_notifications_linux at C:\Users\USER\AppData\Local\Pub\Cache\hosted\pub.dev\flutter_local_notifications_linux-5.0.0\
[   +3 ms] Found plugin firebase_messaging at C:\Users\USER\AppData\Local\Pub\Cache\hosted\pub.dev\firebase_messaging-16.1.1\
[   +3 ms] Found plugin firebase_messaging_web at C:\Users\USER\AppData\Local\Pub\Cache\hosted\pub.dev\firebase_messaging_web-4.1.2\
[   +4 ms] Found plugin firebase_core at C:\Users\USER\AppData\Local\Pub\Cache\hosted\pub.dev\firebase_core-4.4.0\
[   +2 ms] Found plugin firebase_core_web at C:\Users\USER\AppData\Local\Pub\Cache\hosted\pub.dev\firebase_core_web-3.4.0\
[ +128 ms] Found plugin google_maps_flutter at C:\Users\USER\AppData\Local\Pub\Cache\hosted\pub.dev\google_maps_flutter-2.14.0\
[   +2 ms] Found plugin google_maps_flutter_web at C:\Users\USER\AppData\Local\Pub\Cache\hosted\pub.dev\google_maps_flutter_web-0.5.14+3\
[  +17 ms] Found plugin google_maps_flutter_ios at C:\Users\USER\AppData\Local\Pub\Cache\hosted\pub.dev\google_maps_flutter_ios-2.16.1\
[   +2 ms] Found plugin google_maps_flutter_android at C:\Users\USER\AppData\Local\Pub\Cache\hosted\pub.dev\google_maps_flutter_android-2.18.9\
[   +2 ms] Found plugin flutter_plugin_android_lifecycle at C:\Users\USER\AppData\Local\Pub\Cache\hosted\pub.dev\flutter_plugin_android_lifecycle-2.0.33\
[   +4 ms] Found plugin geolocator at C:\Users\USER\AppData\Local\Pub\Cache\hosted\pub.dev\geolocator-14.0.2\
[   +2 ms] Found plugin geolocator_windows at C:\Users\USER\AppData\Local\Pub\Cache\hosted\pub.dev\geolocator_windows-0.2.5\
[   +3 ms] Found plugin geolocator_web at C:\Users\USER\AppData\Local\Pub\Cache\hosted\pub.dev\geolocator_web-4.1.3\
[   +2 ms] Found plugin geolocator_linux at C:\Users\USER\AppData\Local\Pub\Cache\hosted\pub.dev\geolocator_linux-0.2.4\
[   +2 ms] Found plugin package_info_plus at C:\Users\USER\AppData\Local\Pub\Cache\hosted\pub.dev\package_info_plus-9.0.0\
[  +22 ms] Found plugin geolocator_apple at C:\Users\USER\AppData\Local\Pub\Cache\hosted\pub.dev\geolocator_apple-2.3.13\
[   +2 ms] Found plugin geolocator_android at C:\Users\USER\AppData\Local\Pub\Cache\hosted\pub.dev\geolocator_android-5.0.2\
[   +7 ms] Found plugin geocoding at C:\Users\USER\AppData\Local\Pub\Cache\hosted\pub.dev\geocoding-4.0.0\
[   +4 ms] Found plugin geocoding_ios at C:\Users\USER\AppData\Local\Pub\Cache\hosted\pub.dev\geocoding_ios-3.1.0\
[   +2 ms] Found plugin geocoding_android at C:\Users\USER\AppData\Local\Pub\Cache\hosted\pub.dev\geocoding_android-4.0.1\
[   +2 ms] Found plugin flutter_secure_storage at C:\Users\USER\AppData\Local\Pub\Cache\hosted\pub.dev\flutter_secure_storage-10.0.0\
[   +2 ms] Found plugin flutter_secure_storage_windows at C:\Users\USER\AppData\Local\Pub\Cache\hosted\pub.dev\flutter_secure_storage_windows-4.1.0\
[   +2 ms] Found plugin path_provider at C:\Users\USER\AppData\Local\Pub\Cache\hosted\pub.dev\path_provider-2.1.5\
[   +2 ms] Found plugin path_provider_windows at C:\Users\USER\AppData\Local\Pub\Cache\hosted\pub.dev\path_provider_windows-2.3.0\
[   +6 ms] Found plugin path_provider_linux at C:\Users\USER\AppData\Local\Pub\Cache\hosted\pub.dev\path_provider_linux-2.2.1\
[   +2 ms] Found plugin path_provider_foundation at C:\Users\USER\AppData\Local\Pub\Cache\hosted\pub.dev\path_provider_foundation-2.6.0\
[  +19 ms] Found plugin path_provider_android at C:\Users\USER\AppData\Local\Pub\Cache\hosted\pub.dev\path_provider_android-2.2.22\
[   +3 ms] Found plugin flutter_secure_storage_web at C:\Users\USER\AppData\Local\Pub\Cache\hosted\pub.dev\flutter_secure_storage_web-2.1.0\
[   +2 ms] Found plugin flutter_secure_storage_linux at C:\Users\USER\AppData\Local\Pub\Cache\hosted\pub.dev\flutter_secure_storage_linux-3.0.0\
[   +2 ms] Found plugin flutter_secure_storage_darwin at C:\Users\USER\AppData\Local\Pub\Cache\hosted\pub.dev\flutter_secure_storage_darwin-0.2.0\
[  +50 ms] Found plugin flutter_paystack at C:\Users\USER\AppData\Local\Pub\Cache\hosted\pub.dev\flutter_paystack-1.0.7\
[   +3 ms] Found plugin flutter_local_notifications at C:\Users\USER\AppData\Local\Pub\Cache\hosted\pub.dev\flutter_local_notifications-18.0.1\
[   +5 ms] Found plugin flutter_local_notifications_linux at C:\Users\USER\AppData\Local\Pub\Cache\hosted\pub.dev\flutter_local_notifications_linux-5.0.0\
[   +2 ms] Found plugin firebase_messaging at C:\Users\USER\AppData\Local\Pub\Cache\hosted\pub.dev\firebase_messaging-16.1.1\
[   +2 ms] Found plugin firebase_messaging_web at C:\Users\USER\AppData\Local\Pub\Cache\hosted\pub.dev\firebase_messaging_web-4.1.2\
[   +4 ms] Found plugin firebase_core at C:\Users\USER\AppData\Local\Pub\Cache\hosted\pub.dev\firebase_core-4.4.0\
[   +2 ms] Found plugin firebase_core_web at C:\Users\USER\AppData\Local\Pub\Cache\hosted\pub.dev\firebase_core_web-3.4.0\
[  +25 ms] Skipping generating web_plugin_registrant.dart because it is up-to-date.
[  +66 ms] Found plugin google_maps_flutter at C:\Users\USER\AppData\Local\Pub\Cache\hosted\pub.dev\google_maps_flutter-2.14.0\
[   +2 ms] Found plugin google_maps_flutter_web at C:\Users\USER\AppData\Local\Pub\Cache\hosted\pub.dev\google_maps_flutter_web-0.5.14+3\
[  +14 ms] Found plugin google_maps_flutter_ios at C:\Users\USER\AppData\Local\Pub\Cache\hosted\pub.dev\google_maps_flutter_ios-2.16.1\
[   +2 ms] Found plugin google_maps_flutter_android at C:\Users\USER\AppData\Local\Pub\Cache\hosted\pub.dev\google_maps_flutter_android-2.18.9\
[   +2 ms] Found plugin flutter_plugin_android_lifecycle at C:\Users\USER\AppData\Local\Pub\Cache\hosted\pub.dev\flutter_plugin_android_lifecycle-2.0.33\
[   +3 ms] Found plugin geolocator at C:\Users\USER\AppData\Local\Pub\Cache\hosted\pub.dev\geolocator-14.0.2\
[   +3 ms] Found plugin geolocator_windows at C:\Users\USER\AppData\Local\Pub\Cache\hosted\pub.dev\geolocator_windows-0.2.5\
[   +3 ms] Found plugin geolocator_web at C:\Users\USER\AppData\Local\Pub\Cache\hosted\pub.dev\geolocator_web-4.1.3\
[   +1 ms] Found plugin geolocator_linux at C:\Users\USER\AppData\Local\Pub\Cache\hosted\pub.dev\geolocator_linux-0.2.4\
[   +2 ms] Found plugin package_info_plus at C:\Users\USER\AppData\Local\Pub\Cache\hosted\pub.dev\package_info_plus-9.0.0\
[  +17 ms] Found plugin geolocator_apple at C:\Users\USER\AppData\Local\Pub\Cache\hosted\pub.dev\geolocator_apple-2.3.13\
[   +2 ms] Found plugin geolocator_android at C:\Users\USER\AppData\Local\Pub\Cache\hosted\pub.dev\geolocator_android-5.0.2\
[   +7 ms] Found plugin geocoding at C:\Users\USER\AppData\Local\Pub\Cache\hosted\pub.dev\geocoding-4.0.0\
[   +3 ms] Found plugin geocoding_ios at C:\Users\USER\AppData\Local\Pub\Cache\hosted\pub.dev\geocoding_ios-3.1.0\
[   +2 ms] Found plugin geocoding_android at C:\Users\USER\AppData\Local\Pub\Cache\hosted\pub.dev\geocoding_android-4.0.1\
[   +2 ms] Found plugin flutter_secure_storage at C:\Users\USER\AppData\Local\Pub\Cache\hosted\pub.dev\flutter_secure_storage-10.0.0\
[   +2 ms] Found plugin flutter_secure_storage_windows at C:\Users\USER\AppData\Local\Pub\Cache\hosted\pub.dev\flutter_secure_storage_windows-4.1.0\
[   +2 ms] Found plugin path_provider at C:\Users\USER\AppData\Local\Pub\Cache\hosted\pub.dev\path_provider-2.1.5\
[   +4 ms] Found plugin path_provider_windows at C:\Users\USER\AppData\Local\Pub\Cache\hosted\pub.dev\path_provider_windows-2.3.0\
[   +6 ms] Found plugin path_provider_linux at C:\Users\USER\AppData\Local\Pub\Cache\hosted\pub.dev\path_provider_linux-2.2.1\
[   +2 ms] Found plugin path_provider_foundation at C:\Users\USER\AppData\Local\Pub\Cache\hosted\pub.dev\path_provider_foundation-2.6.0\
[  +16 ms] Found plugin path_provider_android at C:\Users\USER\AppData\Local\Pub\Cache\hosted\pub.dev\path_provider_android-2.2.22\
[   +3 ms] Found plugin flutter_secure_storage_web at C:\Users\USER\AppData\Local\Pub\Cache\hosted\pub.dev\flutter_secure_storage_web-2.1.0\
[   +1 ms] Found plugin flutter_secure_storage_linux at C:\Users\USER\AppData\Local\Pub\Cache\hosted\pub.dev\flutter_secure_storage_linux-3.0.0\
[   +2 ms] Found plugin flutter_secure_storage_darwin at C:\Users\USER\AppData\Local\Pub\Cache\hosted\pub.dev\flutter_secure_storage_darwin-0.2.0\
[  +44 ms] Found plugin flutter_paystack at C:\Users\USER\AppData\Local\Pub\Cache\hosted\pub.dev\flutter_paystack-1.0.7\
[   +4 ms] Found plugin flutter_local_notifications at C:\Users\USER\AppData\Local\Pub\Cache\hosted\pub.dev\flutter_local_notifications-18.0.1\
[   +5 ms] Found plugin flutter_local_notifications_linux at C:\Users\USER\AppData\Local\Pub\Cache\hosted\pub.dev\flutter_local_notifications_linux-5.0.0\
[   +2 ms] Found plugin firebase_messaging at C:\Users\USER\AppData\Local\Pub\Cache\hosted\pub.dev\firebase_messaging-16.1.1\
[   +2 ms] Found plugin firebase_messaging_web at C:\Users\USER\AppData\Local\Pub\Cache\hosted\pub.dev\firebase_messaging_web-4.1.2\
[   +3 ms] Found plugin firebase_core at C:\Users\USER\AppData\Local\Pub\Cache\hosted\pub.dev\firebase_core-4.4.0\
[   +2 ms] Found plugin firebase_core_web at C:\Users\USER\AppData\Local\Pub\Cache\hosted\pub.dev\firebase_core_web-3.4.0\
[  +18 ms] Generating C:\Users\USER\Desktop\giga\flota_mobile\android\app\src\main\java\io\flutter\plugins\GeneratedPluginRegistrant.java
[   +3 ms] Skipping generating GeneratedPluginRegistrant.java because it is up-to-date.
[  +11 ms] Skipping generating generated_plugin_registrant.h because it is up-to-date.
[   +2 ms] Skipping generating generated_plugin_registrant.cc because it is up-to-date.
[   +3 ms] Skipping generating generated_plugins.cmake because it is up-to-date.
[   +4 ms] Skipping generating generated_plugin_registrant.h because it is up-to-date.
[   +2 ms] Skipping generating generated_plugin_registrant.cc because it is up-to-date.
[   +4 ms] Skipping generating generated_plugins.cmake because it is up-to-date.
[   +6 ms] Skipping generating GeneratedPluginRegistrant.h because it is up-to-date.
[   +3 ms] Skipping generating GeneratedPluginRegistrant.m because it is up-to-date.
[   +3 ms] Skipping generating GeneratedPluginRegistrant.swift because it is up-to-date.
[ +384 ms] executing: C:\Program Files\Android\Android Studio\jbr\bin\java -version
[ +405 ms] Exit code 0 from: C:\Program Files\Android\Android Studio\jbr\bin\java -version
[        ] openjdk version "21.0.8" 2025-07-15
           OpenJDK Runtime Environment (build 21.0.8+-14196175-b1038.72)
           OpenJDK 64-Bit Server VM (build 21.0.8+-14196175-b1038.72, mixed mode)
[  +31 ms] Top-level Gradle build file not found, skipping migration of task "clean".
[   +6 ms] executing: C:\Program Files\Android\Android Studio\jbr\bin\java --version
[ +354 ms] Exit code 0 from: C:\Program Files\Android\Android Studio\jbr\bin\java --version
[        ] openjdk 21.0.8 2025-07-15
           OpenJDK Runtime Environment (build 21.0.8+-14196175-b1038.72)
           OpenJDK 64-Bit Server VM (build 21.0.8+-14196175-b1038.72, mixed mode)
[   +4 ms] Version of Java is different than impacted version, no migration attempted.
[  +31 ms] CMake project not found, skipping support Android 15 16k page size migration.
[   +9 ms] Using gradle from C:\Users\USER\Desktop\giga\flota_mobile\android\gradlew.bat.
[  +27 ms] LocalFile: 'C:\Users\USER\Desktop\giga\flota_mobile\android\build.gradle.kts' doesn't provide an AGP version. Checking settings.
[   +2 ms] LocalFile: 'C:\Users\USER\Desktop\giga\flota_mobile\android\settings.gradle.kts' provides AGP version: 8.1.1
[  +50 ms] Running Gradle task 'assembleDebug'...
[   +2 ms] executing: [C:\Users\USER\Desktop\giga\flota_mobile\android/] C:\Users\USER\Desktop\giga\flota_mobile\android\gradlew.bat --full-stacktrace --info -Pverbose=true -Ptarget-platform=android-arm,android-arm64,android-x64 -Ptarget=lib\main.dart -Pbase-application-name=android.app.Application -Pdart-defines=RkxVVFRFUl9WRVJTSU9OPTMuMzguNQ==,RkxVVFRFUl9DSEFOTkVMPXN0YWJsZQ==,RkxVVFRFUl9HSVRfVVJMPWh0dHBzOi8vZ2l0aHViLmNvbS9mbHV0dGVyL2ZsdXR0ZXIuZ2l0,RkxVVFRFUl9GUkFNRVdPUktfUkVWSVNJT049ZjZmZjE1MjlmZA==,RkxVVFRFUl9FTkdJTkVfUkVWSVNJT049MTUyN2FlMGVjNQ==,RkxVVFRFUl9EQVJUX1ZFUlNJT049My4xMC40 -Pdart-obfuscation=false -Ptrack-widget-creation=true -Ptree-shake-icons=false assembleDebug
[+120577 ms] Exception in thread "main" java.lang.RuntimeException: Timeout of 120000 reached waiting for exclusive access to file: C:\Users\USER\.gradle\wrapper\dists\gradle-8.3-all\6en3ugtfdg5xnpx44z4qbwgas\gradle-8.3-all.zip
[   +4 ms] 	at org.gradle.wrapper.ExclusiveFileAccessManager.access(ExclusiveFileAccessManager.java:61)
[        ] 	at org.gradle.wrapper.Install.createDist(Install.java:48)
[        ] 	at org.gradle.wrapper.WrapperExecutor.execute(WrapperExecutor.java:128)
[        ] 	at org.gradle.wrapper.GradleWrapperMain.main(GradleWrapperMain.java:61)
[  +53 ms] Running Gradle task 'assembleDebug'... (completed in 120.6s)
[  +41 ms] [!] Gradle threw an error while downloading artifacts from the network.
[        ] Retrying Gradle Build: #1, wait time: 100ms
[ +104 ms] LocalFile: 'C:\Users\USER\Desktop\giga\flota_mobile\android\build.gradle.kts' doesn't provide an AGP version. Checking settings.
[        ] LocalFile: 'C:\Users\USER\Desktop\giga\flota_mobile\android\settings.gradle.kts' provides AGP version: 8.1.1
[  +65 ms] Running Gradle task 'assembleDebug'...
[   +6 ms] executing: [C:\Users\USER\Desktop\giga\flota_mobile\android/] C:\Users\USER\Desktop\giga\flota_mobile\android\gradlew.bat --full-stacktrace --info -Pverbose=true -Ptarget-platform=android-arm,android-arm64,android-x64 -Ptarget=lib\main.dart -Pbase-application-name=android.app.Application -Pdart-defines=RkxVVFRFUl9WRVJTSU9OPTMuMzguNQ==,RkxVVFRFUl9DSEFOTkVMPXN0YWJsZQ==,RkxVVFRFUl9HSVRfVVJMPWh0dHBzOi8vZ2l0aHViLmNvbS9mbHV0dGVyL2ZsdXR0ZXIuZ2l0,RkxVVFRFUl9GUkFNRVdPUktfUkVWSVNJT049ZjZmZjE1MjlmZA==,RkxVVFRFUl9FTkdJTkVfUkVWSVNJT049MTUyN2FlMGVjNQ==,RkxVVFRFUl9EQVJUX1ZFUlNJT049My4xMC40 -Pdart-obfuscation=false -Ptrack-widget-creation=true -Ptree-shake-icons=false assembleDebug
[+120673 ms] Exception in thread "main" java.lang.RuntimeException: Timeout of 120000 reached waiting for exclusive access to file: C:\Users\USER\.gradle\wrapper\dists\gradle-8.3-all\6en3ugtfdg5xnpx44z4qbwgas\gradle-8.3-all.zip
[   +1 ms] 	at org.gradle.wrapper.ExclusiveFileAccessManager.access(ExclusiveFileAccessManager.java:61)
[        ] 	at org.gradle.wrapper.Install.createDist(Install.java:48)
[   +1 ms] 	at org.gradle.wrapper.WrapperExecutor.execute(WrapperExecutor.java:128)
[   +1 ms] 	at org.gradle.wrapper.GradleWrapperMain.main(GradleWrapperMain.java:61)
[  +85 ms] Running Gradle task 'assembleDebug'... (completed in 120.8s)
[  +97 ms] [!] Gradle threw an error while downloading artifacts from the network.
[ +181 ms] "flutter apk" took 244,638ms.
[ +175 ms] Gradle task assembleDebug failed with exit code 1
[        ] 
           #0      throwToolExit (package:flutter_tools/src/base/common.dart:34:3)
           #1      AndroidGradleBuilder.buildGradleApp (package:flutter_tools/src/android/gradle.dart:592:7)
           <asynchronous suspension>
           #2      AndroidGradleBuilder.buildApk (package:flutter_tools/src/android/gradle.dart:234:5)
           <asynchronous suspension>
           #3      BuildApkCommand.runCommand (package:flutter_tools/src/commands/build_apk.dart:131:5)
           <asynchronous suspension>
           #4      FlutterCommand.run.<anonymous closure> (package:flutter_tools/src/runner/flutter_command.dart:1559:27)
           <asynchronous suspension>
           #5      AppContext.run.<anonymous closure> (package:flutter_tools/src/base/context.dart:154:19)
           <asynchronous suspension>
           #6      CommandRunner.runCommand (package:args/command_runner.dart:212:13)
           <asynchronous suspension>
           #7      FlutterCommandRunner.runCommand.<anonymous closure> (package:flutter_tools/src/runner/flutter_command_runner.dart:487:9)
           <asynchronous suspension>
           #8      AppContext.run.<anonymous closure> (package:flutter_tools/src/base/context.dart:154:19)
           <asynchronous suspension>
           #9      FlutterCommandRunner.runCommand (package:flutter_tools/src/runner/flutter_command_runner.dart:422:5)
           <asynchronous suspension>
           #10     run.<anonymous closure>.<anonymous closure> (package:flutter_tools/runner.dart:104:11)
           <asynchronous suspension>
           #11     AppContext.run.<anonymous closure> (package:flutter_tools/src/base/context.dart:154:19)
           <asynchronous suspension>
           #12     main (package:flutter_tools/executable.dart:103:3)
           <asynchronous suspension>


[   +1 ms] Running 1 shutdown hook
[   +3 ms] Shutdown hooks complete
[ +273 ms] exiting with code 1
