Resolving dependencies...
Downloading packages...
  _fe_analyzer_shared 91.0.0 (93.0.0 available)
  analyzer 8.4.1 (10.0.1 available)
  characters 1.4.0 (1.4.1 available)
  code_assets 0.19.10 (1.0.0 available)
  flutter_local_notifications 18.0.1 (19.5.0 available)
  flutter_local_notifications_linux 5.0.0 (6.0.0 available)
  flutter_local_notifications_platform_interface 8.0.0 (9.1.0 available)
  geocoding_platform_interface 3.2.0 (5.0.0 available)
  hooks 0.20.5 (1.0.0 available)
  http 0.13.6 (1.6.0 available)
  http_interceptor 1.0.2 (2.0.0 available)
  intl 0.17.0 (0.20.2 available)
  matcher 0.12.17 (0.12.18 available)
  material_color_utilities 0.11.1 (0.13.0 available)
  meta 1.17.0 (1.18.0 available)
  native_toolchain_c 0.17.2 (0.17.4 available)
  test 1.26.3 (1.29.0 available)
  test_api 0.7.7 (0.7.9 available)
  test_core 0.6.12 (0.6.15 available)
  timezone 0.9.4 (0.11.0 available)
Got dependencies!
20 packages have newer versions incompatible with dependency constraints.
Try `flutter pub outdated` for more information.
Running Gradle task 'assembleDebug'...                          

FAILURE: Build failed with an exception.

* Where:
Build file 'C:\Users\USER\Desktop\giga\flota_mobile\android\build.gradle.kts' line: 19

* What went wrong:
A problem occurred configuring project ':app'.
> Could not create an instance of type com.android.build.api.variant.impl.ApplicationVariantImpl.
   > Namespace not specified. Specify a namespace in the module's build file: C:\Users\USER\Desktop\giga\flota_mobile\android\app\build.gradle.kts. See https://d.android.com/r/tools/upgrade-assistant/set-namespace for information about setting the namespace.

     If you've specified the package attribute in the source AndroidManifest.xml, you can use the AGP Upgrade Assistant to migrate to the namespace value in the build file. Refer to https://d.android.com/r/tools/upgrade-assistant/agp-upgrade-assistant for general information about using the AGP Upgrade Assistant.

* Try:
> Run with --stacktrace option to get the stack trace.
> Run with --info or --debug option to get more log output.
> Run with --scan to get full insights.
> Get more help at https://help.gradle.org.

BUILD FAILED in 15s
Running Gradle task 'assembleDebug'...                             15.7s
Gradle task assembleDebug failed with exit code 1
